[DEBUG] 2020-02-16 21:42:03.631 [main] IntegratorServiceImpl - Adding Integrator [org.hibernate.cfg.beanvalidation.BeanValidationIntegrator].
[DEBUG] 2020-02-16 21:42:03.634 [main] IntegratorServiceImpl - Adding Integrator [org.hibernate.secure.spi.JaccIntegrator].
[DEBUG] 2020-02-16 21:42:03.641 [main] IntegratorServiceImpl - Adding Integrator [org.hibernate.cache.internal.CollectionCacheInvalidator].
[INFO ] 2020-02-16 21:42:03.736 [main] Version - HHH000412: Hibernate Core {5.4.4.Final}
[DEBUG] 2020-02-16 21:42:03.739 [main] Environment - HHH000206: hibernate.properties not found
[DEBUG] 2020-02-16 21:42:04.086 [main] LocalXmlResourceResolver - Interpreting public/system identifier : [-//Hibernate/Hibernate Configuration DTD//EN] - [http://www.hibernate.org/dtd/hibernate-configuration-3.0.dtd]
[DEBUG] 2020-02-16 21:42:04.087 [main] LocalXmlResourceResolver - Recognized hibernate-configuration identifier; attempting to resolve on classpath under org/hibernate/
[DEBUG] 2020-02-16 21:42:04.100 [main] JaxbCfgProcessor - cfg.xml document did not define namespaces; wrapping in custom event reader to introduce namespace information
[DEBUG] 2020-02-16 21:42:04.558 [main] ServiceBinding - Overriding existing service binding [org.hibernate.secure.spi.JaccService]
[DEBUG] 2020-02-16 21:42:04.583 [main] RegionFactoryInitiator - Cannot default RegionFactory based on registered strategies as `[]` RegionFactory strategies were registered
[DEBUG] 2020-02-16 21:42:04.584 [main] RegionFactoryInitiator - Cache region factory : org.hibernate.cache.internal.NoCachingRegionFactory
[INFO ] 2020-02-16 21:42:04.610 [main] Version - HCANN000001: Hibernate Commons Annotations {5.1.0.Final}
[DEBUG] 2020-02-16 21:42:04.655 [main] BasicTypeRegistry - Adding type registration boolean -> org.hibernate.type.BooleanType@5a5c128
[DEBUG] 2020-02-16 21:42:04.656 [main] BasicTypeRegistry - Adding type registration boolean -> org.hibernate.type.BooleanType@5a5c128
[DEBUG] 2020-02-16 21:42:04.656 [main] BasicTypeRegistry - Adding type registration java.lang.Boolean -> org.hibernate.type.BooleanType@5a5c128
[DEBUG] 2020-02-16 21:42:04.657 [main] BasicTypeRegistry - Adding type registration numeric_boolean -> org.hibernate.type.NumericBooleanType@757194dc
[DEBUG] 2020-02-16 21:42:04.658 [main] BasicTypeRegistry - Adding type registration true_false -> org.hibernate.type.TrueFalseType@6dc1484
[DEBUG] 2020-02-16 21:42:04.659 [main] BasicTypeRegistry - Adding type registration yes_no -> org.hibernate.type.YesNoType@2375b321
[DEBUG] 2020-02-16 21:42:04.660 [main] BasicTypeRegistry - Adding type registration byte -> org.hibernate.type.ByteType@72ab05ed
[DEBUG] 2020-02-16 21:42:04.661 [main] BasicTypeRegistry - Adding type registration byte -> org.hibernate.type.ByteType@72ab05ed
[DEBUG] 2020-02-16 21:42:04.661 [main] BasicTypeRegistry - Adding type registration java.lang.Byte -> org.hibernate.type.ByteType@72ab05ed
[DEBUG] 2020-02-16 21:42:04.662 [main] BasicTypeRegistry - Adding type registration character -> org.hibernate.type.CharacterType@6b7d1df8
[DEBUG] 2020-02-16 21:42:04.663 [main] BasicTypeRegistry - Adding type registration char -> org.hibernate.type.CharacterType@6b7d1df8
[DEBUG] 2020-02-16 21:42:04.663 [main] BasicTypeRegistry - Adding type registration java.lang.Character -> org.hibernate.type.CharacterType@6b7d1df8
[DEBUG] 2020-02-16 21:42:04.664 [main] BasicTypeRegistry - Adding type registration short -> org.hibernate.type.ShortType@23eee4b8
[DEBUG] 2020-02-16 21:42:04.664 [main] BasicTypeRegistry - Adding type registration short -> org.hibernate.type.ShortType@23eee4b8
[DEBUG] 2020-02-16 21:42:04.664 [main] BasicTypeRegistry - Adding type registration java.lang.Short -> org.hibernate.type.ShortType@23eee4b8
[DEBUG] 2020-02-16 21:42:04.666 [main] BasicTypeRegistry - Adding type registration integer -> org.hibernate.type.IntegerType@23cd4ff2
[DEBUG] 2020-02-16 21:42:04.666 [main] BasicTypeRegistry - Adding type registration int -> org.hibernate.type.IntegerType@23cd4ff2
[DEBUG] 2020-02-16 21:42:04.666 [main] BasicTypeRegistry - Adding type registration java.lang.Integer -> org.hibernate.type.IntegerType@23cd4ff2
[DEBUG] 2020-02-16 21:42:04.667 [main] BasicTypeRegistry - Adding type registration long -> org.hibernate.type.LongType@12477988
[DEBUG] 2020-02-16 21:42:04.667 [main] BasicTypeRegistry - Adding type registration long -> org.hibernate.type.LongType@12477988
[DEBUG] 2020-02-16 21:42:04.667 [main] BasicTypeRegistry - Adding type registration java.lang.Long -> org.hibernate.type.LongType@12477988
[DEBUG] 2020-02-16 21:42:04.669 [main] BasicTypeRegistry - Adding type registration float -> org.hibernate.type.FloatType@22101c80
[DEBUG] 2020-02-16 21:42:04.669 [main] BasicTypeRegistry - Adding type registration float -> org.hibernate.type.FloatType@22101c80
[DEBUG] 2020-02-16 21:42:04.669 [main] BasicTypeRegistry - Adding type registration java.lang.Float -> org.hibernate.type.FloatType@22101c80
[DEBUG] 2020-02-16 21:42:04.670 [main] BasicTypeRegistry - Adding type registration double -> org.hibernate.type.DoubleType@267bbe1a
[DEBUG] 2020-02-16 21:42:04.671 [main] BasicTypeRegistry - Adding type registration double -> org.hibernate.type.DoubleType@267bbe1a
[DEBUG] 2020-02-16 21:42:04.671 [main] BasicTypeRegistry - Adding type registration java.lang.Double -> org.hibernate.type.DoubleType@267bbe1a
[DEBUG] 2020-02-16 21:42:04.672 [main] BasicTypeRegistry - Adding type registration big_decimal -> org.hibernate.type.BigDecimalType@60f2e0bd
[DEBUG] 2020-02-16 21:42:04.673 [main] BasicTypeRegistry - Adding type registration java.math.BigDecimal -> org.hibernate.type.BigDecimalType@60f2e0bd
[DEBUG] 2020-02-16 21:42:04.674 [main] BasicTypeRegistry - Adding type registration big_integer -> org.hibernate.type.BigIntegerType@53667cbe
[DEBUG] 2020-02-16 21:42:04.674 [main] BasicTypeRegistry - Adding type registration java.math.BigInteger -> org.hibernate.type.BigIntegerType@53667cbe
[DEBUG] 2020-02-16 21:42:04.675 [main] BasicTypeRegistry - Adding type registration string -> org.hibernate.type.StringType@577f9109
[DEBUG] 2020-02-16 21:42:04.675 [main] BasicTypeRegistry - Adding type registration java.lang.String -> org.hibernate.type.StringType@577f9109
[DEBUG] 2020-02-16 21:42:04.676 [main] BasicTypeRegistry - Adding type registration nstring -> org.hibernate.type.StringNVarcharType@5c41d037
[DEBUG] 2020-02-16 21:42:04.676 [main] BasicTypeRegistry - Adding type registration ncharacter -> org.hibernate.type.CharacterNCharType@1450078a
[DEBUG] 2020-02-16 21:42:04.677 [main] BasicTypeRegistry - Adding type registration url -> org.hibernate.type.UrlType@796d3c9f
[DEBUG] 2020-02-16 21:42:04.678 [main] BasicTypeRegistry - Adding type registration java.net.URL -> org.hibernate.type.UrlType@796d3c9f
[DEBUG] 2020-02-16 21:42:04.679 [main] BasicTypeRegistry - Adding type registration Duration -> org.hibernate.type.DurationType@64e1dd11
[DEBUG] 2020-02-16 21:42:04.679 [main] BasicTypeRegistry - Adding type registration java.time.Duration -> org.hibernate.type.DurationType@64e1dd11
[DEBUG] 2020-02-16 21:42:04.684 [main] BasicTypeRegistry - Adding type registration Instant -> org.hibernate.type.InstantType@4b6ac111
[DEBUG] 2020-02-16 21:42:04.684 [main] BasicTypeRegistry - Adding type registration java.time.Instant -> org.hibernate.type.InstantType@4b6ac111
[DEBUG] 2020-02-16 21:42:04.685 [main] BasicTypeRegistry - Adding type registration LocalDateTime -> org.hibernate.type.LocalDateTimeType@5491f68b
[DEBUG] 2020-02-16 21:42:04.685 [main] BasicTypeRegistry - Adding type registration java.time.LocalDateTime -> org.hibernate.type.LocalDateTimeType@5491f68b
[DEBUG] 2020-02-16 21:42:04.686 [main] BasicTypeRegistry - Adding type registration LocalDate -> org.hibernate.type.LocalDateType@54dcbb9f
[DEBUG] 2020-02-16 21:42:04.687 [main] BasicTypeRegistry - Adding type registration java.time.LocalDate -> org.hibernate.type.LocalDateType@54dcbb9f
[DEBUG] 2020-02-16 21:42:04.688 [main] BasicTypeRegistry - Adding type registration LocalTime -> org.hibernate.type.LocalTimeType@5f78de22
[DEBUG] 2020-02-16 21:42:04.688 [main] BasicTypeRegistry - Adding type registration java.time.LocalTime -> org.hibernate.type.LocalTimeType@5f78de22
[DEBUG] 2020-02-16 21:42:04.691 [main] BasicTypeRegistry - Adding type registration OffsetDateTime -> org.hibernate.type.OffsetDateTimeType@bcb09a6
[DEBUG] 2020-02-16 21:42:04.691 [main] BasicTypeRegistry - Adding type registration java.time.OffsetDateTime -> org.hibernate.type.OffsetDateTimeType@bcb09a6
[DEBUG] 2020-02-16 21:42:04.693 [main] BasicTypeRegistry - Adding type registration OffsetTime -> org.hibernate.type.OffsetTimeType@3b152928
[DEBUG] 2020-02-16 21:42:04.693 [main] BasicTypeRegistry - Adding type registration java.time.OffsetTime -> org.hibernate.type.OffsetTimeType@3b152928
[DEBUG] 2020-02-16 21:42:04.695 [main] BasicTypeRegistry - Adding type registration ZonedDateTime -> org.hibernate.type.ZonedDateTimeType@6331250e
[DEBUG] 2020-02-16 21:42:04.696 [main] BasicTypeRegistry - Adding type registration java.time.ZonedDateTime -> org.hibernate.type.ZonedDateTimeType@6331250e
[DEBUG] 2020-02-16 21:42:04.697 [main] BasicTypeRegistry - Adding type registration date -> org.hibernate.type.DateType@585c13de
[DEBUG] 2020-02-16 21:42:04.697 [main] BasicTypeRegistry - Adding type registration java.sql.Date -> org.hibernate.type.DateType@585c13de
[DEBUG] 2020-02-16 21:42:04.699 [main] BasicTypeRegistry - Adding type registration time -> org.hibernate.type.TimeType@77128dab
[DEBUG] 2020-02-16 21:42:04.699 [main] BasicTypeRegistry - Adding type registration java.sql.Time -> org.hibernate.type.TimeType@77128dab
[DEBUG] 2020-02-16 21:42:04.700 [main] BasicTypeRegistry - Adding type registration timestamp -> org.hibernate.type.TimestampType@61533ae
[DEBUG] 2020-02-16 21:42:04.700 [main] BasicTypeRegistry - Adding type registration java.sql.Timestamp -> org.hibernate.type.TimestampType@61533ae
[DEBUG] 2020-02-16 21:42:04.701 [main] BasicTypeRegistry - Adding type registration java.util.Date -> org.hibernate.type.TimestampType@61533ae
[DEBUG] 2020-02-16 21:42:04.703 [main] BasicTypeRegistry - Adding type registration dbtimestamp -> org.hibernate.type.DbTimestampType@6ad5923a
[DEBUG] 2020-02-16 21:42:04.704 [main] BasicTypeRegistry - Adding type registration calendar -> org.hibernate.type.CalendarType@4565a70a
[DEBUG] 2020-02-16 21:42:04.705 [main] BasicTypeRegistry - Adding type registration java.util.Calendar -> org.hibernate.type.CalendarType@4565a70a
[DEBUG] 2020-02-16 21:42:04.705 [main] BasicTypeRegistry - Adding type registration java.util.GregorianCalendar -> org.hibernate.type.CalendarType@4565a70a
[DEBUG] 2020-02-16 21:42:04.706 [main] BasicTypeRegistry - Adding type registration calendar_date -> org.hibernate.type.CalendarDateType@7b60c3e
[DEBUG] 2020-02-16 21:42:04.708 [main] BasicTypeRegistry - Adding type registration locale -> org.hibernate.type.LocaleType@2adddc06
[DEBUG] 2020-02-16 21:42:04.708 [main] BasicTypeRegistry - Adding type registration java.util.Locale -> org.hibernate.type.LocaleType@2adddc06
[DEBUG] 2020-02-16 21:42:04.710 [main] BasicTypeRegistry - Adding type registration currency -> org.hibernate.type.CurrencyType@6a714237
[DEBUG] 2020-02-16 21:42:04.710 [main] BasicTypeRegistry - Adding type registration java.util.Currency -> org.hibernate.type.CurrencyType@6a714237
[DEBUG] 2020-02-16 21:42:04.711 [main] BasicTypeRegistry - Adding type registration timezone -> org.hibernate.type.TimeZoneType@35c09b94
[DEBUG] 2020-02-16 21:42:04.712 [main] BasicTypeRegistry - Adding type registration java.util.TimeZone -> org.hibernate.type.TimeZoneType@35c09b94
[DEBUG] 2020-02-16 21:42:04.713 [main] BasicTypeRegistry - Adding type registration class -> org.hibernate.type.ClassType@17ae7628
[DEBUG] 2020-02-16 21:42:04.713 [main] BasicTypeRegistry - Adding type registration java.lang.Class -> org.hibernate.type.ClassType@17ae7628
[DEBUG] 2020-02-16 21:42:04.714 [main] BasicTypeRegistry - Adding type registration uuid-binary -> org.hibernate.type.UUIDBinaryType@286b39c2
[DEBUG] 2020-02-16 21:42:04.715 [main] BasicTypeRegistry - Adding type registration java.util.UUID -> org.hibernate.type.UUIDBinaryType@286b39c2
[DEBUG] 2020-02-16 21:42:04.715 [main] BasicTypeRegistry - Adding type registration uuid-char -> org.hibernate.type.UUIDCharType@6d467c87
[DEBUG] 2020-02-16 21:42:04.717 [main] BasicTypeRegistry - Adding type registration binary -> org.hibernate.type.BinaryType@682c1e93
[DEBUG] 2020-02-16 21:42:04.718 [main] BasicTypeRegistry - Adding type registration byte[] -> org.hibernate.type.BinaryType@682c1e93
[DEBUG] 2020-02-16 21:42:04.718 [main] BasicTypeRegistry - Adding type registration [B -> org.hibernate.type.BinaryType@682c1e93
[DEBUG] 2020-02-16 21:42:04.719 [main] BasicTypeRegistry - Adding type registration wrapper-binary -> org.hibernate.type.WrapperBinaryType@715fb77
[DEBUG] 2020-02-16 21:42:04.720 [main] BasicTypeRegistry - Adding type registration Byte[] -> org.hibernate.type.WrapperBinaryType@715fb77
[DEBUG] 2020-02-16 21:42:04.720 [main] BasicTypeRegistry - Adding type registration [Ljava.lang.Byte; -> org.hibernate.type.WrapperBinaryType@715fb77
[DEBUG] 2020-02-16 21:42:04.721 [main] BasicTypeRegistry - Adding type registration row_version -> org.hibernate.type.RowVersionType@1eea9d2d
[DEBUG] 2020-02-16 21:42:04.722 [main] BasicTypeRegistry - Adding type registration image -> org.hibernate.type.ImageType@7808fb9
[DEBUG] 2020-02-16 21:42:04.723 [main] BasicTypeRegistry - Adding type registration characters -> org.hibernate.type.CharArrayType@a567e72
[DEBUG] 2020-02-16 21:42:04.723 [main] BasicTypeRegistry - Adding type registration char[] -> org.hibernate.type.CharArrayType@a567e72
[DEBUG] 2020-02-16 21:42:04.724 [main] BasicTypeRegistry - Adding type registration [C -> org.hibernate.type.CharArrayType@a567e72
[DEBUG] 2020-02-16 21:42:04.725 [main] BasicTypeRegistry - Adding type registration wrapper-characters -> org.hibernate.type.CharacterArrayType@cda0432
[DEBUG] 2020-02-16 21:42:04.726 [main] BasicTypeRegistry - Adding type registration [Ljava.lang.Character; -> org.hibernate.type.CharacterArrayType@cda0432
[DEBUG] 2020-02-16 21:42:04.726 [main] BasicTypeRegistry - Adding type registration Character[] -> org.hibernate.type.CharacterArrayType@cda0432
[DEBUG] 2020-02-16 21:42:04.727 [main] BasicTypeRegistry - Adding type registration text -> org.hibernate.type.TextType@71a3a190
[DEBUG] 2020-02-16 21:42:04.728 [main] BasicTypeRegistry - Adding type registration ntext -> org.hibernate.type.NTextType@67ec8477
[DEBUG] 2020-02-16 21:42:04.730 [main] BasicTypeRegistry - Adding type registration blob -> org.hibernate.type.BlobType@3f36b447
[DEBUG] 2020-02-16 21:42:04.730 [main] BasicTypeRegistry - Adding type registration java.sql.Blob -> org.hibernate.type.BlobType@3f36b447
[DEBUG] 2020-02-16 21:42:04.735 [main] BasicTypeRegistry - Adding type registration materialized_blob -> org.hibernate.type.MaterializedBlobType@4a1c0752
[DEBUG] 2020-02-16 21:42:04.737 [main] BasicTypeRegistry - Adding type registration clob -> org.hibernate.type.ClobType@5d39f2d8
[DEBUG] 2020-02-16 21:42:04.737 [main] BasicTypeRegistry - Adding type registration java.sql.Clob -> org.hibernate.type.ClobType@5d39f2d8
[DEBUG] 2020-02-16 21:42:04.739 [main] BasicTypeRegistry - Adding type registration nclob -> org.hibernate.type.NClobType@1dab9dd6
[DEBUG] 2020-02-16 21:42:04.739 [main] BasicTypeRegistry - Adding type registration java.sql.NClob -> org.hibernate.type.NClobType@1dab9dd6
[DEBUG] 2020-02-16 21:42:04.740 [main] BasicTypeRegistry - Adding type registration materialized_clob -> org.hibernate.type.MaterializedClobType@4bff2185
[DEBUG] 2020-02-16 21:42:04.741 [main] BasicTypeRegistry - Adding type registration materialized_nclob -> org.hibernate.type.MaterializedNClobType@1d4664d7
[DEBUG] 2020-02-16 21:42:04.742 [main] BasicTypeRegistry - Adding type registration serializable -> org.hibernate.type.SerializableType@47b2e9e1
[DEBUG] 2020-02-16 21:42:04.746 [main] BasicTypeRegistry - Adding type registration object -> org.hibernate.type.ObjectType@1d782abe
[DEBUG] 2020-02-16 21:42:04.747 [main] BasicTypeRegistry - Adding type registration java.lang.Object -> org.hibernate.type.ObjectType@1d782abe
[DEBUG] 2020-02-16 21:42:04.747 [main] BasicTypeRegistry - Adding type registration imm_date -> org.hibernate.type.AdaptedImmutableType@7e8a46b7
[DEBUG] 2020-02-16 21:42:04.748 [main] BasicTypeRegistry - Adding type registration imm_time -> org.hibernate.type.AdaptedImmutableType@2fe88a09
[DEBUG] 2020-02-16 21:42:04.748 [main] BasicTypeRegistry - Adding type registration imm_timestamp -> org.hibernate.type.AdaptedImmutableType@1917d90f
[DEBUG] 2020-02-16 21:42:04.748 [main] BasicTypeRegistry - Adding type registration imm_dbtimestamp -> org.hibernate.type.AdaptedImmutableType@66bfd864
[DEBUG] 2020-02-16 21:42:04.748 [main] BasicTypeRegistry - Adding type registration imm_calendar -> org.hibernate.type.AdaptedImmutableType@4aac85fa
[DEBUG] 2020-02-16 21:42:04.749 [main] BasicTypeRegistry - Adding type registration imm_calendar_date -> org.hibernate.type.AdaptedImmutableType@21fff664
[DEBUG] 2020-02-16 21:42:04.749 [main] BasicTypeRegistry - Adding type registration imm_binary -> org.hibernate.type.AdaptedImmutableType@6079cf5
[DEBUG] 2020-02-16 21:42:04.749 [main] BasicTypeRegistry - Adding type registration imm_serializable -> org.hibernate.type.AdaptedImmutableType@1e6308a9
[DEBUG] 2020-02-16 21:42:04.795 [main] DefaultIdentifierGeneratorFactory - Registering IdentifierGenerator strategy [uuid2] -> [org.hibernate.id.UUIDGenerator]
[DEBUG] 2020-02-16 21:42:04.796 [main] DefaultIdentifierGeneratorFactory - Registering IdentifierGenerator strategy [guid] -> [org.hibernate.id.GUIDGenerator]
[DEBUG] 2020-02-16 21:42:04.797 [main] DefaultIdentifierGeneratorFactory - Registering IdentifierGenerator strategy [uuid] -> [org.hibernate.id.UUIDHexGenerator]
[DEBUG] 2020-02-16 21:42:04.797 [main] DefaultIdentifierGeneratorFactory - Registering IdentifierGenerator strategy [uuid.hex] -> [org.hibernate.id.UUIDHexGenerator]
[DEBUG] 2020-02-16 21:42:04.797 [main] DefaultIdentifierGeneratorFactory - Registering IdentifierGenerator strategy [assigned] -> [org.hibernate.id.Assigned]
[DEBUG] 2020-02-16 21:42:04.799 [main] DefaultIdentifierGeneratorFactory - Registering IdentifierGenerator strategy [identity] -> [org.hibernate.id.IdentityGenerator]
[DEBUG] 2020-02-16 21:42:04.799 [main] DefaultIdentifierGeneratorFactory - Registering IdentifierGenerator strategy [select] -> [org.hibernate.id.SelectGenerator]
[DEBUG] 2020-02-16 21:42:04.803 [main] DefaultIdentifierGeneratorFactory - Registering IdentifierGenerator strategy [sequence] -> [org.hibernate.id.enhanced.SequenceStyleGenerator]
[DEBUG] 2020-02-16 21:42:04.809 [main] DefaultIdentifierGeneratorFactory - Registering IdentifierGenerator strategy [seqhilo] -> [org.hibernate.id.SequenceHiLoGenerator]
[DEBUG] 2020-02-16 21:42:04.810 [main] DefaultIdentifierGeneratorFactory - Registering IdentifierGenerator strategy [increment] -> [org.hibernate.id.IncrementGenerator]
[DEBUG] 2020-02-16 21:42:04.810 [main] DefaultIdentifierGeneratorFactory - Registering IdentifierGenerator strategy [foreign] -> [org.hibernate.id.ForeignGenerator]
[DEBUG] 2020-02-16 21:42:04.810 [main] DefaultIdentifierGeneratorFactory - Registering IdentifierGenerator strategy [sequence-identity] -> [org.hibernate.id.SequenceIdentityGenerator]
[DEBUG] 2020-02-16 21:42:04.811 [main] DefaultIdentifierGeneratorFactory - Registering IdentifierGenerator strategy [enhanced-sequence] -> [org.hibernate.id.enhanced.SequenceStyleGenerator]
[DEBUG] 2020-02-16 21:42:04.811 [main] DefaultIdentifierGeneratorFactory - Registering IdentifierGenerator strategy [enhanced-table] -> [org.hibernate.id.enhanced.TableGenerator]
[INFO ] 2020-02-16 21:42:04.818 [main] C3P0ConnectionProvider - HHH010002: C3P0 using driver: com.mysql.cj.jdbc.Driver at URL: jdbc:mysql://localhost:3306/test_carb_conscious
[INFO ] 2020-02-16 21:42:04.819 [main] C3P0ConnectionProvider - HHH10001001: Connection properties: {password=****, user=root}
[INFO ] 2020-02-16 21:42:04.819 [main] C3P0ConnectionProvider - HHH10001003: Autocommit mode: false
[INFO ] 2020-02-16 21:42:04.981 [main] C3P0ConnectionProvider - HHH10001007: JDBC isolation level: <unknown>
[DEBUG] 2020-02-16 21:42:05.718 [main] JdbcEnvironmentInitiator - Database ->
       name : MySQL
    version : 8.0.16
      major : 8
      minor : 0
[DEBUG] 2020-02-16 21:42:05.718 [main] JdbcEnvironmentInitiator - Driver ->
       name : MySQL Connector/J
    version : mysql-connector-java-8.0.16 (Revision: 34cbc6bc61f72836e26327537a432d6db7c77de6)
      major : 8
      minor : 0
[DEBUG] 2020-02-16 21:42:05.718 [main] JdbcEnvironmentInitiator - JDBC version : 4.2
[INFO ] 2020-02-16 21:42:05.742 [main] Dialect - HHH000400: Using dialect: org.hibernate.dialect.MySQL8Dialect
[DEBUG] 2020-02-16 21:42:05.763 [main] IdentifierHelperBuilder - JDBC driver metadata reported database stores quoted identifiers in more than one case
[DEBUG] 2020-02-16 21:42:05.795 [main] IdentifierHelperBuilder - IdentifierCaseStrategy for both quoted and unquoted identifiers was set to the same strategy [MIXED]; that will likely lead to problems in schema update and validation if using quoted identifiers
[DEBUG] 2020-02-16 21:42:05.852 [main] Namespace - Created database namespace [logicalName=Name{catalog=null, schema=null}, physicalName=Name{catalog=null, schema=null}]
[DEBUG] 2020-02-16 21:42:05.856 [main] TypeConfiguration$Scope - Scoping TypeConfiguration [org.hibernate.type.spi.TypeConfiguration@148c7c4b] to MetadataBuildingContext [org.hibernate.boot.internal.MetadataBuildingContextRootImpl@2009f9b0]
[DEBUG] 2020-02-16 21:42:05.905 [main] AnnotationBinder - Binding entity from annotated class: com.mattanderson.carbConscious.entity.User
[DEBUG] 2020-02-16 21:42:05.938 [main] Ejb3Column - Binding column: Ejb3DiscriminatorColumn{logicalColumnName'DTYPE', discriminatorTypeName='string'}
[DEBUG] 2020-02-16 21:42:05.963 [main] EntityBinder - Import with entity name User
[DEBUG] 2020-02-16 21:42:05.968 [main] EntityBinder - Bind entity com.mattanderson.carbConscious.entity.User on table USERS
[DEBUG] 2020-02-16 21:42:06.058 [main] Ejb3Column - Binding column: Ejb3Column{table=org.hibernate.mapping.Table(USERS), mappingColumn=id, insertable=true, updatable=true, unique=false}
[DEBUG] 2020-02-16 21:42:06.064 [main] PropertyBinder - MetadataSourceProcessor property id with lazy=false
[DEBUG] 2020-02-16 21:42:06.076 [main] AbstractPropertyHolder - Attempting to locate auto-apply AttributeConverter for property [com.mattanderson.carbConscious.entity.User:id]
[DEBUG] 2020-02-16 21:42:06.079 [main] SimpleValueBinder - building SimpleValue for id
[DEBUG] 2020-02-16 21:42:06.082 [main] PropertyBinder - Building property id
[DEBUG] 2020-02-16 21:42:06.088 [main] BinderHelper - #makeIdGenerator(org.hibernate.mapping.SimpleValue([org.hibernate.mapping.Column(id)]), id, org.hibernate.id.enhanced.SequenceStyleGenerator, native, ...)
[DEBUG] 2020-02-16 21:42:06.090 [main] Ejb3Column - Binding column: Ejb3Column{table=org.hibernate.mapping.Table(USERS), mappingColumn=creation_datetime, insertable=true, updatable=true, unique=false}
[DEBUG] 2020-02-16 21:42:06.091 [main] PropertyBinder - MetadataSourceProcessor property creationDateTime with lazy=false
[DEBUG] 2020-02-16 21:42:06.092 [main] AbstractPropertyHolder - Attempting to locate auto-apply AttributeConverter for property [com.mattanderson.carbConscious.entity.User:creationDateTime]
[DEBUG] 2020-02-16 21:42:06.094 [main] SimpleValueBinder - building SimpleValue for creationDateTime
[DEBUG] 2020-02-16 21:42:06.095 [main] PropertyBinder - Building property creationDateTime
[DEBUG] 2020-02-16 21:42:06.096 [main] Ejb3Column - Binding column: Ejb3Column{table=org.hibernate.mapping.Table(USERS), mappingColumn=email, insertable=true, updatable=true, unique=false}
[DEBUG] 2020-02-16 21:42:06.096 [main] PropertyBinder - MetadataSourceProcessor property email with lazy=false
[DEBUG] 2020-02-16 21:42:06.096 [main] AbstractPropertyHolder - Attempting to locate auto-apply AttributeConverter for property [com.mattanderson.carbConscious.entity.User:email]
[DEBUG] 2020-02-16 21:42:06.096 [main] SimpleValueBinder - building SimpleValue for email
[DEBUG] 2020-02-16 21:42:06.097 [main] PropertyBinder - Building property email
[DEBUG] 2020-02-16 21:42:06.097 [main] Ejb3Column - Binding column: Ejb3Column{table=org.hibernate.mapping.Table(USERS), mappingColumn=first_name, insertable=true, updatable=true, unique=false}
[DEBUG] 2020-02-16 21:42:06.097 [main] PropertyBinder - MetadataSourceProcessor property firstName with lazy=false
[DEBUG] 2020-02-16 21:42:06.097 [main] AbstractPropertyHolder - Attempting to locate auto-apply AttributeConverter for property [com.mattanderson.carbConscious.entity.User:firstName]
[DEBUG] 2020-02-16 21:42:06.097 [main] SimpleValueBinder - building SimpleValue for firstName
[DEBUG] 2020-02-16 21:42:06.098 [main] PropertyBinder - Building property firstName
[DEBUG] 2020-02-16 21:42:06.098 [main] Ejb3Column - Binding column: Ejb3Column{table=org.hibernate.mapping.Table(USERS), mappingColumn=last_name, insertable=true, updatable=true, unique=false}
[DEBUG] 2020-02-16 21:42:06.098 [main] PropertyBinder - MetadataSourceProcessor property lastName with lazy=false
[DEBUG] 2020-02-16 21:42:06.098 [main] AbstractPropertyHolder - Attempting to locate auto-apply AttributeConverter for property [com.mattanderson.carbConscious.entity.User:lastName]
[DEBUG] 2020-02-16 21:42:06.098 [main] SimpleValueBinder - building SimpleValue for lastName
[DEBUG] 2020-02-16 21:42:06.099 [main] PropertyBinder - Building property lastName
[DEBUG] 2020-02-16 21:42:06.099 [main] Ejb3Column - Binding column: Ejb3Column{table=org.hibernate.mapping.Table(USERS), mappingColumn=password, insertable=true, updatable=true, unique=false}
[DEBUG] 2020-02-16 21:42:06.099 [main] PropertyBinder - MetadataSourceProcessor property password with lazy=false
[DEBUG] 2020-02-16 21:42:06.099 [main] AbstractPropertyHolder - Attempting to locate auto-apply AttributeConverter for property [com.mattanderson.carbConscious.entity.User:password]
[DEBUG] 2020-02-16 21:42:06.099 [main] SimpleValueBinder - building SimpleValue for password
[DEBUG] 2020-02-16 21:42:06.100 [main] PropertyBinder - Building property password
[DEBUG] 2020-02-16 21:42:06.102 [main] Ejb3Column - Binding column: Ejb3Column{table=org.hibernate.mapping.Table(USERS), mappingColumn=update_datetime, insertable=true, updatable=true, unique=false}
[DEBUG] 2020-02-16 21:42:06.102 [main] PropertyBinder - MetadataSourceProcessor property updateDateTime with lazy=false
[DEBUG] 2020-02-16 21:42:06.102 [main] AbstractPropertyHolder - Attempting to locate auto-apply AttributeConverter for property [com.mattanderson.carbConscious.entity.User:updateDateTime]
[DEBUG] 2020-02-16 21:42:06.102 [main] SimpleValueBinder - building SimpleValue for updateDateTime
[DEBUG] 2020-02-16 21:42:06.103 [main] PropertyBinder - Building property updateDateTime
[DEBUG] 2020-02-16 21:42:06.103 [main] Ejb3Column - Binding column: Ejb3Column{table=org.hibernate.mapping.Table(USERS), mappingColumn=user_name, insertable=true, updatable=true, unique=false}
[DEBUG] 2020-02-16 21:42:06.103 [main] PropertyBinder - MetadataSourceProcessor property userName with lazy=false
[DEBUG] 2020-02-16 21:42:06.103 [main] AbstractPropertyHolder - Attempting to locate auto-apply AttributeConverter for property [com.mattanderson.carbConscious.entity.User:userName]
[DEBUG] 2020-02-16 21:42:06.103 [main] SimpleValueBinder - building SimpleValue for userName
[DEBUG] 2020-02-16 21:42:06.104 [main] PropertyBinder - Building property userName
[DEBUG] 2020-02-16 21:42:06.107 [main] SimpleValueBinder - Starting fillSimpleValue for id
[DEBUG] 2020-02-16 21:42:06.107 [main] SimpleValueBinder - Starting fillSimpleValue for creationDateTime
[DEBUG] 2020-02-16 21:42:06.107 [main] SimpleValueBinder - Starting fillSimpleValue for email
[DEBUG] 2020-02-16 21:42:06.107 [main] SimpleValueBinder - Starting fillSimpleValue for firstName
[DEBUG] 2020-02-16 21:42:06.107 [main] SimpleValueBinder - Starting fillSimpleValue for lastName
[DEBUG] 2020-02-16 21:42:06.107 [main] SimpleValueBinder - Starting fillSimpleValue for password
[DEBUG] 2020-02-16 21:42:06.107 [main] SimpleValueBinder - Starting fillSimpleValue for updateDateTime
[DEBUG] 2020-02-16 21:42:06.107 [main] SimpleValueBinder - Starting fillSimpleValue for userName
[DEBUG] 2020-02-16 21:42:06.109 [main] PrimaryKey - Forcing column [id] to be non-null as it is part of the primary key for table [users]
[DEBUG] 2020-02-16 21:42:06.146 [main] SessionFactoryImpl - Building session factory
[DEBUG] 2020-02-16 21:42:06.148 [main] Settings - SessionFactory name : null
[DEBUG] 2020-02-16 21:42:06.148 [main] Settings - Automatic flush during beforeCompletion(): enabled
[DEBUG] 2020-02-16 21:42:06.148 [main] Settings - Automatic session close at end of transaction: disabled
[DEBUG] 2020-02-16 21:42:06.148 [main] Settings - Statistics: disabled
[DEBUG] 2020-02-16 21:42:06.148 [main] Settings - Deleted entity synthetic identifier rollback: disabled
[DEBUG] 2020-02-16 21:42:06.148 [main] Settings - Default entity-mode: pojo
[DEBUG] 2020-02-16 21:42:06.148 [main] Settings - Check Nullability in Core (should be disabled when Bean Validation is on): enabled
[DEBUG] 2020-02-16 21:42:06.148 [main] Settings - Allow initialization of lazy state outside session : disabled
[DEBUG] 2020-02-16 21:42:06.148 [main] Settings - Using BatchFetchStyle : LEGACY
[DEBUG] 2020-02-16 21:42:06.148 [main] Settings - Default batch fetch size: -1
[DEBUG] 2020-02-16 21:42:06.148 [main] Settings - Maximum outer join fetch depth: 2
[DEBUG] 2020-02-16 21:42:06.148 [main] Settings - Default null ordering: NONE
[DEBUG] 2020-02-16 21:42:06.148 [main] Settings - Order SQL updates by primary key: disabled
[DEBUG] 2020-02-16 21:42:06.148 [main] Settings - Order SQL inserts for batching: disabled
[DEBUG] 2020-02-16 21:42:06.149 [main] Settings - multi-tenancy strategy : NONE
[DEBUG] 2020-02-16 21:42:06.149 [main] Settings - JTA Track by Thread: enabled
[DEBUG] 2020-02-16 21:42:06.149 [main] Settings - Query language substitutions: {}
[DEBUG] 2020-02-16 21:42:06.149 [main] Settings - Named query checking : enabled
[DEBUG] 2020-02-16 21:42:06.149 [main] Settings - Second-level cache: disabled
[DEBUG] 2020-02-16 21:42:06.149 [main] Settings - Second-level query cache: disabled
[DEBUG] 2020-02-16 21:42:06.149 [main] Settings - Second-level query cache factory: null
[DEBUG] 2020-02-16 21:42:06.149 [main] Settings - Second-level cache region prefix: null
[DEBUG] 2020-02-16 21:42:06.149 [main] Settings - Optimize second-level cache for minimal puts: disabled
[DEBUG] 2020-02-16 21:42:06.149 [main] Settings - Structured second-level cache entries: disabled
[DEBUG] 2020-02-16 21:42:06.149 [main] Settings - Second-level cache direct-reference entries: disabled
[DEBUG] 2020-02-16 21:42:06.149 [main] Settings - Automatic eviction of collection cache: disabled
[DEBUG] 2020-02-16 21:42:06.149 [main] Settings - JDBC batch size: 15
[DEBUG] 2020-02-16 21:42:06.149 [main] Settings - JDBC batch updates for versioned data: enabled
[DEBUG] 2020-02-16 21:42:06.149 [main] Settings - Scrollable result sets: enabled
[DEBUG] 2020-02-16 21:42:06.149 [main] Settings - Wrap result sets: disabled
[DEBUG] 2020-02-16 21:42:06.149 [main] Settings - JDBC3 getGeneratedKeys(): enabled
[DEBUG] 2020-02-16 21:42:06.149 [main] Settings - JDBC result set fetch size: null
[DEBUG] 2020-02-16 21:42:06.150 [main] Settings - Connection release mode: AFTER_TRANSACTION
[DEBUG] 2020-02-16 21:42:06.150 [main] Settings - Generate SQL with comments: disabled
[DEBUG] 2020-02-16 21:42:06.150 [main] Settings - JPA compliance - query : 
[DEBUG] 2020-02-16 21:42:06.150 [main] Settings - JPA compliance - closed-handling : 
[DEBUG] 2020-02-16 21:42:06.150 [main] Settings - JPA compliance - lists : 
[DEBUG] 2020-02-16 21:42:06.150 [main] Settings - JPA compliance - transactions : 
[INFO ] 2020-02-16 21:42:06.209 [main] beans - HHH10005002: No explicit CDI BeanManager reference was passed to Hibernate, but CDI is available on the Hibernate ClassLoader.
[DEBUG] 2020-02-16 21:42:06.228 [main] SessionFactoryImpl - Session factory constructed with filter configurations : {}
[DEBUG] 2020-02-16 21:42:06.229 [main] SessionFactoryImpl - Instantiating session factory with properties: {sun.desktop=gnome, awt.toolkit=sun.awt.X11.XToolkit, java.specification.version=11, sun.cpu.isalist=, hibernate.c3p0.idle_test_period=3000, sun.jnu.encoding=UTF-8, hibernate.c3p0.min_size=5, java.class.path=/home/student/intellij/lib/idea_rt.jar:/home/student/intellij/plugins/junit/lib/junit5-rt.jar:/home/student/intellij/plugins/junit/lib/junit-rt.jar:/home/student/IdeaProjects/carbConscious/target/test-classes:/home/student/IdeaProjects/carbConscious/target/classes:/home/student/.m2/repository/org/junit/platform/junit-platform-runner/1.0.0/junit-platform-runner-1.0.0.jar:/home/student/.m2/repository/org/apiguardian/apiguardian-api/1.0.0/apiguardian-api-1.0.0.jar:/home/student/.m2/repository/org/junit/platform/junit-platform-launcher/1.0.0/junit-platform-launcher-1.0.0.jar:/home/student/.m2/repository/org/junit/platform/junit-platform-suite-api/1.0.0/junit-platform-suite-api-1.0.0.jar:/home/student/.m2/repository/org/junit/platform/junit-platform-commons/1.0.0/junit-platform-commons-1.0.0.jar:/home/student/.m2/repository/org/junit/vintage/junit-vintage-engine/4.12.0/junit-vintage-engine-4.12.0.jar:/home/student/.m2/repository/org/junit/platform/junit-platform-engine/1.0.0/junit-platform-engine-1.0.0.jar:/home/student/.m2/repository/org/opentest4j/opentest4j/1.0.0/opentest4j-1.0.0.jar:/home/student/.m2/repository/org/junit/jupiter/junit-jupiter-engine/5.0.0/junit-jupiter-engine-5.0.0.jar:/home/student/.m2/repository/org/junit/jupiter/junit-jupiter-api/5.0.0/junit-jupiter-api-5.0.0.jar:/home/student/.m2/repository/junit/junit/4.12/junit-4.12.jar:/home/student/.m2/repository/org/hamcrest/hamcrest-core/1.3/hamcrest-core-1.3.jar:/home/student/.m2/repository/javax/javaee-web-api/7.0/javaee-web-api-7.0.jar:/home/student/.m2/repository/mysql/mysql-connector-java/8.0.16/mysql-connector-java-8.0.16.jar:/home/student/.m2/repository/com/google/protobuf/protobuf-java/3.6.1/protobuf-java-3.6.1.jar:/home/student/.m2/repository/jstl/jstl/1.2/jstl-1.2.jar:/home/student/.m2/repository/org/apache/logging/log4j/log4j-api/2.10.0/log4j-api-2.10.0.jar:/home/student/.m2/repository/org/apache/logging/log4j/log4j-core/2.10.0/log4j-core-2.10.0.jar:/home/student/.m2/repository/org/hibernate/hibernate-core/5.4.4.Final/hibernate-core-5.4.4.Final.jar:/home/student/.m2/repository/org/jboss/logging/jboss-logging/3.3.2.Final/jboss-logging-3.3.2.Final.jar:/home/student/.m2/repository/javax/persistence/javax.persistence-api/2.2/javax.persistence-api-2.2.jar:/home/student/.m2/repository/org/javassist/javassist/3.24.0-GA/javassist-3.24.0-GA.jar:/home/student/.m2/repository/net/bytebuddy/byte-buddy/1.9.11/byte-buddy-1.9.11.jar:/home/student/.m2/repository/antlr/antlr/2.7.7/antlr-2.7.7.jar:/home/student/.m2/repository/org/jboss/spec/javax/transaction/jboss-transaction-api_1.2_spec/1.1.1.Final/jboss-transaction-api_1.2_spec-1.1.1.Final.jar:/home/student/.m2/repository/org/jboss/jandex/2.0.5.Final/jandex-2.0.5.Final.jar:/home/student/.m2/repository/com/fasterxml/classmate/1.3.4/classmate-1.3.4.jar:/home/student/.m2/repository/javax/activation/javax.activation-api/1.2.0/javax.activation-api-1.2.0.jar:/home/student/.m2/repository/org/dom4j/dom4j/2.1.1/dom4j-2.1.1.jar:/home/student/.m2/repository/org/hibernate/common/hibernate-commons-annotations/5.1.0.Final/hibernate-commons-annotations-5.1.0.Final.jar:/home/student/.m2/repository/javax/xml/bind/jaxb-api/2.3.1/jaxb-api-2.3.1.jar:/home/student/.m2/repository/org/glassfish/jaxb/jaxb-runtime/2.3.1/jaxb-runtime-2.3.1.jar:/home/student/.m2/repository/org/glassfish/jaxb/txw2/2.3.1/txw2-2.3.1.jar:/home/student/.m2/repository/com/sun/istack/istack-commons-runtime/3.0.7/istack-commons-runtime-3.0.7.jar:/home/student/.m2/repository/org/jvnet/staxex/stax-ex/1.8/stax-ex-1.8.jar:/home/student/.m2/repository/com/sun/xml/fastinfoset/FastInfoset/1.2.15/FastInfoset-1.2.15.jar:/home/student/.m2/repository/org/hibernate/hibernate-c3p0/5.4.4.Final/hibernate-c3p0-5.4.4.Final.jar:/home/student/.m2/repository/com/mchange/c3p0/0.9.5.3/c3p0-0.9.5.3.jar:/home/student/.m2/repository/com/mchange/mchange-commons-java/0.2.15/mchange-commons-java-0.2.15.jar:/home/student/.m2/repository/org/hibernate/hibernate-validator/5.4.1.Final/hibernate-validator-5.4.1.Final.jar:/home/student/.m2/repository/javax/validation/validation-api/1.1.0.Final/validation-api-1.1.0.Final.jar:/home/student/.m2/repository/org/hibernate/validator/hibernate-validator-annotation-processor/6.1.2.Final/hibernate-validator-annotation-processor-6.1.2.Final.jar, java.vm.vendor=Ubuntu, sun.arch.data.model=64, idea.test.cyclic.buffer.size=1048576, java.vendor.url=https://ubuntu.com/, user.timezone=America/Chicago, os.name=Linux, java.vm.specification.version=11, sun.java.launcher=SUN_STANDARD, user.country=US, sun.boot.library.path=/usr/lib/jvm/java-11-openjdk-amd64/lib, sun.java.command=com.intellij.rt.junit.JUnitStarter -ideVersion5 -junit5 com.mattanderson.carbConscious.persistence.UserDaoTest, jdk.debug=release, sun.cpu.endian=little, user.home=/home/student, hibernate.c3p0.max_statements=50, user.language=en, java.specification.vendor=Oracle Corporation, java.version.date=2020-01-14, java.home=/usr/lib/jvm/java-11-openjdk-amd64, file.separator=/, java.vm.compressedOopsMode=32-bit, line.separator=
, hibernate.c3p0.timeout=300, java.specification.name=Java Platform API Specification, java.vm.specification.vendor=Oracle Corporation, java.awt.graphicsenv=sun.awt.X11GraphicsEnvironment, connection.password=student, sun.management.compiler=HotSpot 64-Bit Tiered Compilers, hibernate.c3p0.max_size=20, java.runtime.version=11.0.6+10-post-Ubuntu-1ubuntu118.04.1, user.name=student, path.separator=:, hibernate.connection.username=****, os.version=5.3.0-28-generic, java.runtime.name=OpenJDK Runtime Environment, hibernate.connection.url=jdbc:mysql://localhost:3306/test_carb_conscious, file.encoding=UTF-8, java.vm.name=OpenJDK 64-Bit Server VM, hibernate.connection.driver_class=com.mysql.cj.jdbc.Driver, java.vendor.url.bug=https://bugs.launchpad.net/ubuntu/+source/openjdk-lts, java.io.tmpdir=/tmp, java.version=11.0.6, user.dir=/home/student/IdeaProjects/carbConscious, os.arch=amd64, connection.username=root, java.vm.specification.name=Java Virtual Machine Specification, java.awt.printerjob=sun.print.PSPrinterJob, hibernate.connection.password=****, sun.os.patch.level=unknown, connection.driver_class=com.mysql.cj.jdbc.Driver, hibernate.boot.CfgXmlAccessService.key=org.hibernate.boot.cfgxml.spi.LoadedConfig@512575e9, java.library.path=/usr/java/packages/lib:/usr/lib/x86_64-linux-gnu/jni:/lib/x86_64-linux-gnu:/usr/lib/x86_64-linux-gnu:/usr/lib/jni:/lib:/usr/lib, java.vendor=Ubuntu, java.vm.info=mixed mode, sharing, java.vm.version=11.0.6+10-post-Ubuntu-1ubuntu118.04.1, hibernate.bytecode.use_reflection_optimizer=false, sun.io.unicode.encoding=UnicodeLittle, connection.url=jdbc:mysql://localhost:3306/test_carb_conscious, java.class.version=55.0}
[INFO ] 2020-02-16 21:42:06.262 [main] Version - HV000001: Hibernate Validator 5.4.1.Final
[DEBUG] 2020-02-16 21:42:06.279 [main] DefaultTraversableResolver - Found javax.persistence.Persistence on classpath containing 'getPersistenceUtil'. Assuming JPA 2 environment. Trying to instantiate JPA aware TraversableResolver
[DEBUG] 2020-02-16 21:42:06.280 [main] DefaultTraversableResolver - Instantiated JPA aware TraversableResolver of type org.hibernate.validator.internal.engine.resolver.JPATraversableResolver.
[DEBUG] 2020-02-16 21:42:06.284 [main] ValidationXmlParser - Trying to load META-INF/validation.xml for XML based Validator configuration.
[DEBUG] 2020-02-16 21:42:06.286 [main] ResourceLoaderHelper - Trying to load META-INF/validation.xml via TCCL
[DEBUG] 2020-02-16 21:42:06.286 [main] ResourceLoaderHelper - Trying to load META-INF/validation.xml via Hibernate Validator's class loader
[DEBUG] 2020-02-16 21:42:06.286 [main] ValidationXmlParser - No META-INF/validation.xml found. Using annotation based configuration only.
[DEBUG] 2020-02-16 21:42:06.298 [main] TypeSafeActivator - Unable to acquire Bean Validation ValidatorFactory, skipping activation
[DEBUG] 2020-02-16 21:42:06.298 [main] JaccIntegrator - Skipping JACC integration as it was not enabled
[DEBUG] 2020-02-16 21:42:06.299 [main] SessionFactoryImpl - Instantiated session factory
[DEBUG] 2020-02-16 21:42:06.300 [main] TypeConfiguration$Scope - Scoping TypeConfiguration [org.hibernate.type.spi.TypeConfiguration@148c7c4b] to SessionFactoryImpl [org.hibernate.internal.SessionFactoryImpl@2503ec73]
[DEBUG] 2020-02-16 21:42:06.412 [main] ClassLoaderAccessImpl - Not known whether passed class name [com.mattanderson.carbConscious.entity.User] is safe
[DEBUG] 2020-02-16 21:42:06.413 [main] ClassLoaderAccessImpl - No temp ClassLoader provided; using live ClassLoader for loading potentially unsafe class : com.mattanderson.carbConscious.entity.User
[DEBUG] 2020-02-16 21:42:06.433 [main] ClassLoaderAccessImpl - Not known whether passed class name [com.mattanderson.carbConscious.entity.User] is safe
[DEBUG] 2020-02-16 21:42:06.433 [main] ClassLoaderAccessImpl - No temp ClassLoader provided; using live ClassLoader for loading potentially unsafe class : com.mattanderson.carbConscious.entity.User
[DEBUG] 2020-02-16 21:42:06.686 [main] AbstractEntityPersister - Static SQL for entity: com.mattanderson.carbConscious.entity.User
[DEBUG] 2020-02-16 21:42:06.686 [main] AbstractEntityPersister -  Version select: select id from USERS where id =?
[DEBUG] 2020-02-16 21:42:06.686 [main] AbstractEntityPersister -  Snapshot select: select user_.id, user_.creation_datetime as creation2_0_, user_.email as email3_0_, user_.first_name as first_na4_0_, user_.last_name as last_nam5_0_, user_.password as password6_0_, user_.update_datetime as update_d7_0_, user_.user_name as user_nam8_0_ from USERS user_ where user_.id=?
[DEBUG] 2020-02-16 21:42:06.686 [main] AbstractEntityPersister -  Insert 0: insert into USERS (creation_datetime, email, first_name, last_name, password, update_datetime, user_name, id) values (?, ?, ?, ?, ?, ?, ?, ?)
[DEBUG] 2020-02-16 21:42:06.687 [main] AbstractEntityPersister -  Update 0: update USERS set creation_datetime=?, email=?, first_name=?, last_name=?, password=?, update_datetime=?, user_name=? where id=?
[DEBUG] 2020-02-16 21:42:06.687 [main] AbstractEntityPersister -  Delete 0: delete from USERS where id=?
[DEBUG] 2020-02-16 21:42:06.687 [main] AbstractEntityPersister -  Identity insert: insert into USERS (creation_datetime, email, first_name, last_name, password, update_datetime, user_name) values (?, ?, ?, ?, ?, ?, ?)
[DEBUG] 2020-02-16 21:42:06.709 [main] QuerySpacesImpl - Adding QuerySpace : uid = <gen:0> -> org.hibernate.loader.plan.build.internal.spaces.EntityQuerySpaceImpl@2291d9a0]
[DEBUG] 2020-02-16 21:42:06.710 [main] MetamodelGraphWalker - Visiting attribute path : creationDateTime
[DEBUG] 2020-02-16 21:42:06.711 [main] MetamodelGraphWalker - Visiting attribute path : email
[DEBUG] 2020-02-16 21:42:06.711 [main] MetamodelGraphWalker - Visiting attribute path : firstName
[DEBUG] 2020-02-16 21:42:06.711 [main] MetamodelGraphWalker - Visiting attribute path : lastName
[DEBUG] 2020-02-16 21:42:06.711 [main] MetamodelGraphWalker - Visiting attribute path : password
[DEBUG] 2020-02-16 21:42:06.711 [main] MetamodelGraphWalker - Visiting attribute path : updateDateTime
[DEBUG] 2020-02-16 21:42:06.711 [main] MetamodelGraphWalker - Visiting attribute path : userName
[DEBUG] 2020-02-16 21:42:06.711 [main] FetchStyleLoadPlanBuildingAssociationVisitationStrategy - Building LoadPlan...
[DEBUG] 2020-02-16 21:42:06.724 [main] LoadQueryJoinAndFetchProcessor - processing queryspace <gen:0>
[DEBUG] 2020-02-16 21:42:06.728 [main] LoadPlanTreePrinter - LoadPlan(entity=com.mattanderson.carbConscious.entity.User)
    - Returns
       - EntityReturnImpl(entity=com.mattanderson.carbConscious.entity.User, querySpaceUid=<gen:0>, path=com.mattanderson.carbConscious.entity.User)
    - QuerySpaces
       - EntityQuerySpaceImpl(uid=<gen:0>, entity=com.mattanderson.carbConscious.entity.User)
          - SQL table alias mapping - user0_
          - alias suffix - 0_
          - suffixed key columns - {id1_0_0_}

[DEBUG] 2020-02-16 21:42:06.730 [main] EntityLoader - Static select for entity com.mattanderson.carbConscious.entity.User [NONE]: select user0_.id as id1_0_0_, user0_.creation_datetime as creation2_0_0_, user0_.email as email3_0_0_, user0_.first_name as first_na4_0_0_, user0_.last_name as last_nam5_0_0_, user0_.password as password6_0_0_, user0_.update_datetime as update_d7_0_0_, user0_.user_name as user_nam8_0_0_ from USERS user0_ where user0_.id=?
[DEBUG] 2020-02-16 21:42:06.731 [main] QuerySpacesImpl - Adding QuerySpace : uid = <gen:0> -> org.hibernate.loader.plan.build.internal.spaces.EntityQuerySpaceImpl@2ec99035]
[DEBUG] 2020-02-16 21:42:06.731 [main] MetamodelGraphWalker - Visiting attribute path : creationDateTime
[DEBUG] 2020-02-16 21:42:06.731 [main] MetamodelGraphWalker - Visiting attribute path : email
[DEBUG] 2020-02-16 21:42:06.731 [main] MetamodelGraphWalker - Visiting attribute path : firstName
[DEBUG] 2020-02-16 21:42:06.731 [main] MetamodelGraphWalker - Visiting attribute path : lastName
[DEBUG] 2020-02-16 21:42:06.731 [main] MetamodelGraphWalker - Visiting attribute path : password
[DEBUG] 2020-02-16 21:42:06.731 [main] MetamodelGraphWalker - Visiting attribute path : updateDateTime
[DEBUG] 2020-02-16 21:42:06.731 [main] MetamodelGraphWalker - Visiting attribute path : userName
[DEBUG] 2020-02-16 21:42:06.731 [main] FetchStyleLoadPlanBuildingAssociationVisitationStrategy - Building LoadPlan...
[DEBUG] 2020-02-16 21:42:06.731 [main] LoadQueryJoinAndFetchProcessor - processing queryspace <gen:0>
[DEBUG] 2020-02-16 21:42:06.732 [main] LoadPlanTreePrinter - LoadPlan(entity=com.mattanderson.carbConscious.entity.User)
    - Returns
       - EntityReturnImpl(entity=com.mattanderson.carbConscious.entity.User, querySpaceUid=<gen:0>, path=com.mattanderson.carbConscious.entity.User)
    - QuerySpaces
       - EntityQuerySpaceImpl(uid=<gen:0>, entity=com.mattanderson.carbConscious.entity.User)
          - SQL table alias mapping - user0_
          - alias suffix - 0_
          - suffixed key columns - {id1_0_0_}

[DEBUG] 2020-02-16 21:42:06.732 [main] EntityLoader - Static select for entity com.mattanderson.carbConscious.entity.User [READ]: select user0_.id as id1_0_0_, user0_.creation_datetime as creation2_0_0_, user0_.email as email3_0_0_, user0_.first_name as first_na4_0_0_, user0_.last_name as last_nam5_0_0_, user0_.password as password6_0_0_, user0_.update_datetime as update_d7_0_0_, user0_.user_name as user_nam8_0_0_ from USERS user0_ where user0_.id=?
[DEBUG] 2020-02-16 21:42:06.749 [main] Loader - Static select for action ACTION_MERGE on entity com.mattanderson.carbConscious.entity.User: select user0_.id as id1_0_0_, user0_.creation_datetime as creation2_0_0_, user0_.email as email3_0_0_, user0_.first_name as first_na4_0_0_, user0_.last_name as last_nam5_0_0_, user0_.password as password6_0_0_, user0_.update_datetime as update_d7_0_0_, user0_.user_name as user_nam8_0_0_ from USERS user0_ where user0_.id=?
[DEBUG] 2020-02-16 21:42:06.749 [main] Loader - Static select for action ACTION_REFRESH on entity com.mattanderson.carbConscious.entity.User: select user0_.id as id1_0_0_, user0_.creation_datetime as creation2_0_0_, user0_.email as email3_0_0_, user0_.first_name as first_na4_0_0_, user0_.last_name as last_nam5_0_0_, user0_.password as password6_0_0_, user0_.update_datetime as update_d7_0_0_, user0_.user_name as user_nam8_0_0_ from USERS user0_ where user0_.id=?
[DEBUG] 2020-02-16 21:42:06.778 [main] SchemaManagementToolCoordinator - No actions specified; doing nothing
[DEBUG] 2020-02-16 21:42:06.779 [main] JtaPlatformInitiator - No JtaPlatform was specified, checking resolver
[DEBUG] 2020-02-16 21:42:06.779 [main] JtaPlatformResolverInitiator - No JtaPlatformResolver was specified, using default [org.hibernate.engine.transaction.jta.platform.internal.StandardJtaPlatformResolver]
[DEBUG] 2020-02-16 21:42:06.785 [main] StandardJtaPlatformResolver - Could not resolve JtaPlatform, using default [org.hibernate.engine.transaction.jta.platform.internal.NoJtaPlatform]
[INFO ] 2020-02-16 21:42:06.785 [main] JtaPlatformInitiator - HHH000490: Using JtaPlatform implementation: [org.hibernate.engine.transaction.jta.platform.internal.NoJtaPlatform]
[DEBUG] 2020-02-16 21:42:06.786 [main] NamedQueryRepository - Checking 0 named HQL queries
[DEBUG] 2020-02-16 21:42:06.786 [main] NamedQueryRepository - Checking 0 named SQL queries
[DEBUG] 2020-02-16 21:42:06.789 [main] SessionFactoryRegistry - Initializing SessionFactoryRegistry : org.hibernate.internal.SessionFactoryRegistry@122635ef
[DEBUG] 2020-02-16 21:42:06.791 [main] SessionFactoryRegistry - Registering SessionFactory: 812e68d2-6e20-4cbc-8575-8a42a527edbd (<unnamed>)
[DEBUG] 2020-02-16 21:42:06.791 [main] SessionFactoryRegistry - Not binding SessionFactory to JNDI, no JNDI name configured
[DEBUG] 2020-02-16 21:42:06.966 [main] StatisticsInitiator - Statistics initialized [enabled=false]
[DEBUG] 2020-02-16 21:42:06.986 [main] SQL - select user0_.id as id1_0_0_, user0_.creation_datetime as creation2_0_0_, user0_.email as email3_0_0_, user0_.first_name as first_na4_0_0_, user0_.last_name as last_nam5_0_0_, user0_.password as password6_0_0_, user0_.update_datetime as update_d7_0_0_, user0_.user_name as user_nam8_0_0_ from USERS user0_ where user0_.id=?
[DEBUG] 2020-02-16 21:42:07.030 [main] ResultSetProcessorImpl - Starting ResultSet row #0
[DEBUG] 2020-02-16 21:42:07.032 [main] EntityReferenceInitializerImpl - On call to EntityIdentifierReaderImpl#resolve, EntityKey was already known; should only happen on root returns with an optional identifier specified
[DEBUG] 2020-02-16 21:42:07.047 [main] TwoPhaseLoad - Resolving attributes for [com.mattanderson.carbConscious.entity.User#1]
[DEBUG] 2020-02-16 21:42:07.047 [main] TwoPhaseLoad - Processing attribute `creationDateTime` : value = 2020-01-01T00:00
[DEBUG] 2020-02-16 21:42:07.048 [main] TwoPhaseLoad - Attribute (`creationDateTime`)  - enhanced for lazy-loading? - false
[DEBUG] 2020-02-16 21:42:07.048 [main] TwoPhaseLoad - Processing attribute `email` : value = matt@gmail.com
[DEBUG] 2020-02-16 21:42:07.048 [main] TwoPhaseLoad - Attribute (`email`)  - enhanced for lazy-loading? - false
[DEBUG] 2020-02-16 21:42:07.048 [main] TwoPhaseLoad - Processing attribute `firstName` : value = Matt
[DEBUG] 2020-02-16 21:42:07.048 [main] TwoPhaseLoad - Attribute (`firstName`)  - enhanced for lazy-loading? - false
[DEBUG] 2020-02-16 21:42:07.048 [main] TwoPhaseLoad - Processing attribute `lastName` : value = Anderson
[DEBUG] 2020-02-16 21:42:07.048 [main] TwoPhaseLoad - Attribute (`lastName`)  - enhanced for lazy-loading? - false
[DEBUG] 2020-02-16 21:42:07.048 [main] TwoPhaseLoad - Processing attribute `password` : value = testing
[DEBUG] 2020-02-16 21:42:07.048 [main] TwoPhaseLoad - Attribute (`password`)  - enhanced for lazy-loading? - false
[DEBUG] 2020-02-16 21:42:07.048 [main] TwoPhaseLoad - Processing attribute `updateDateTime` : value = 2020-01-02T00:00
[DEBUG] 2020-02-16 21:42:07.048 [main] TwoPhaseLoad - Attribute (`updateDateTime`)  - enhanced for lazy-loading? - false
[DEBUG] 2020-02-16 21:42:07.048 [main] TwoPhaseLoad - Processing attribute `userName` : value = mattanderson
[DEBUG] 2020-02-16 21:42:07.048 [main] TwoPhaseLoad - Attribute (`userName`)  - enhanced for lazy-loading? - false
[DEBUG] 2020-02-16 21:42:07.049 [main] TwoPhaseLoad - Done materializing entity [com.mattanderson.carbConscious.entity.User#1]
[DEBUG] 2020-02-16 21:42:07.055 [main] ResourceRegistryStandardImpl - HHH000387: ResultSet's statement was not registered
[DEBUG] 2020-02-16 21:42:07.056 [main] AbstractLoadPlanBasedEntityLoader - Done entity load : com.mattanderson.carbConscious.entity.User#1
[DEBUG] 2020-02-16 21:42:07.056 [main] LogicalConnectionManagedImpl - Initiating JDBC connection release from afterTransaction
[DEBUG] 2020-02-16 21:42:07.069 [main] TransactionImpl - On TransactionImpl creation, JpaCompliance#isJpaTransactionComplianceEnabled == false
[DEBUG] 2020-02-16 21:42:07.069 [main] TransactionImpl - begin
[DEBUG] 2020-02-16 21:42:07.084 [main] TransactionImpl - committing
[DEBUG] 2020-02-16 21:42:07.086 [main] AbstractFlushingEventListener - Processing flush-time cascades
[DEBUG] 2020-02-16 21:42:07.086 [main] AbstractFlushingEventListener - Dirty checking collections
[DEBUG] 2020-02-16 21:42:07.088 [main] AbstractFlushingEventListener - Flushed: 0 insertions, 0 updates, 1 deletions to 1 objects
[DEBUG] 2020-02-16 21:42:07.088 [main] AbstractFlushingEventListener - Flushed: 0 (re)creations, 0 updates, 0 removals to 0 collections
[DEBUG] 2020-02-16 21:42:07.089 [main] EntityPrinter - Listing entities:
[DEBUG] 2020-02-16 21:42:07.090 [main] EntityPrinter - com.mattanderson.carbConscious.entity.User{firstName=Matt, lastName=Anderson, password=testing, id=1, updateDateTime=2020-01-02T00:00, userName=mattanderson, email=matt@gmail.com, creationDateTime=2020-01-01T00:00}
[DEBUG] 2020-02-16 21:42:07.095 [main] SQL - delete from USERS where id=?
[DEBUG] 2020-02-16 21:42:07.104 [main] LogicalConnectionManagedImpl - Initiating JDBC connection release from afterTransaction
[DEBUG] 2020-02-16 21:42:07.110 [main] LogicalConnectionManagedImpl - Initiating JDBC connection release from afterTransaction
[DEBUG] 2020-02-16 21:42:07.110 [main] JdbcCoordinatorImpl - HHH000420: Closing un-released batch
[DEBUG] 2020-02-16 21:42:07.111 [main] SQL - select user0_.id as id1_0_0_, user0_.creation_datetime as creation2_0_0_, user0_.email as email3_0_0_, user0_.first_name as first_na4_0_0_, user0_.last_name as last_nam5_0_0_, user0_.password as password6_0_0_, user0_.update_datetime as update_d7_0_0_, user0_.user_name as user_nam8_0_0_ from USERS user0_ where user0_.id=?
[DEBUG] 2020-02-16 21:42:07.125 [main] ResourceRegistryStandardImpl - HHH000387: ResultSet's statement was not registered
[DEBUG] 2020-02-16 21:42:07.125 [main] AbstractLoadPlanBasedEntityLoader - Done entity load : com.mattanderson.carbConscious.entity.User#1
[DEBUG] 2020-02-16 21:42:07.125 [main] LogicalConnectionManagedImpl - Initiating JDBC connection release from afterTransaction
[DEBUG] 2020-02-16 21:42:07.409 [main] TransactionImpl - On TransactionImpl creation, JpaCompliance#isJpaTransactionComplianceEnabled == false
[DEBUG] 2020-02-16 21:42:07.410 [main] TransactionImpl - begin
[DEBUG] 2020-02-16 21:42:07.419 [main] TransactionImpl - committing
[DEBUG] 2020-02-16 21:42:07.419 [main] AbstractFlushingEventListener - Processing flush-time cascades
[DEBUG] 2020-02-16 21:42:07.419 [main] AbstractFlushingEventListener - Dirty checking collections
[DEBUG] 2020-02-16 21:42:07.424 [main] AbstractFlushingEventListener - Flushed: 0 insertions, 1 updates, 0 deletions to 1 objects
[DEBUG] 2020-02-16 21:42:07.431 [main] AbstractFlushingEventListener - Flushed: 0 (re)creations, 0 updates, 0 removals to 0 collections
[DEBUG] 2020-02-16 21:42:07.431 [main] EntityPrinter - Listing entities:
[DEBUG] 2020-02-16 21:42:07.432 [main] EntityPrinter - com.mattanderson.carbConscious.entity.User{firstName=Matt, lastName=Peterson, password=testing, id=1, updateDateTime=2020-01-02T00:00, userName=mattanderson, email=matt@gmail.com, creationDateTime=2020-01-01T00:00}
[DEBUG] 2020-02-16 21:42:07.432 [main] SQL - update USERS set creation_datetime=?, email=?, first_name=?, last_name=?, password=?, update_datetime=?, user_name=? where id=?
[DEBUG] 2020-02-16 21:42:07.464 [main] LogicalConnectionManagedImpl - Initiating JDBC connection release from afterTransaction
[DEBUG] 2020-02-16 21:42:07.467 [main] LogicalConnectionManagedImpl - Initiating JDBC connection release from afterTransaction
[DEBUG] 2020-02-16 21:42:07.469 [main] SQL - select user0_.id as id1_0_0_, user0_.creation_datetime as creation2_0_0_, user0_.email as email3_0_0_, user0_.first_name as first_na4_0_0_, user0_.last_name as last_nam5_0_0_, user0_.password as password6_0_0_, user0_.update_datetime as update_d7_0_0_, user0_.user_name as user_nam8_0_0_ from USERS user0_ where user0_.id=?
[DEBUG] 2020-02-16 21:42:07.480 [main] ResultSetProcessorImpl - Starting ResultSet row #0
[DEBUG] 2020-02-16 21:42:07.481 [main] EntityReferenceInitializerImpl - On call to EntityIdentifierReaderImpl#resolve, EntityKey was already known; should only happen on root returns with an optional identifier specified
[DEBUG] 2020-02-16 21:42:07.489 [main] TwoPhaseLoad - Resolving attributes for [com.mattanderson.carbConscious.entity.User#1]
[DEBUG] 2020-02-16 21:42:07.489 [main] TwoPhaseLoad - Processing attribute `creationDateTime` : value = 2020-01-01T00:00
[DEBUG] 2020-02-16 21:42:07.490 [main] TwoPhaseLoad - Attribute (`creationDateTime`)  - enhanced for lazy-loading? - false
[DEBUG] 2020-02-16 21:42:07.490 [main] TwoPhaseLoad - Processing attribute `email` : value = matt@gmail.com
[DEBUG] 2020-02-16 21:42:07.492 [main] TwoPhaseLoad - Attribute (`email`)  - enhanced for lazy-loading? - false
[DEBUG] 2020-02-16 21:42:07.492 [main] TwoPhaseLoad - Processing attribute `firstName` : value = Matt
[DEBUG] 2020-02-16 21:42:07.492 [main] TwoPhaseLoad - Attribute (`firstName`)  - enhanced for lazy-loading? - false
[DEBUG] 2020-02-16 21:42:07.492 [main] TwoPhaseLoad - Processing attribute `lastName` : value = Peterson
[DEBUG] 2020-02-16 21:42:07.492 [main] TwoPhaseLoad - Attribute (`lastName`)  - enhanced for lazy-loading? - false
[DEBUG] 2020-02-16 21:42:07.492 [main] TwoPhaseLoad - Processing attribute `password` : value = testing
[DEBUG] 2020-02-16 21:42:07.492 [main] TwoPhaseLoad - Attribute (`password`)  - enhanced for lazy-loading? - false
[DEBUG] 2020-02-16 21:42:07.492 [main] TwoPhaseLoad - Processing attribute `updateDateTime` : value = 2020-01-02T00:00
[DEBUG] 2020-02-16 21:42:07.492 [main] TwoPhaseLoad - Attribute (`updateDateTime`)  - enhanced for lazy-loading? - false
[DEBUG] 2020-02-16 21:42:07.492 [main] TwoPhaseLoad - Processing attribute `userName` : value = mattanderson
[DEBUG] 2020-02-16 21:42:07.492 [main] TwoPhaseLoad - Attribute (`userName`)  - enhanced for lazy-loading? - false
[DEBUG] 2020-02-16 21:42:07.492 [main] TwoPhaseLoad - Done materializing entity [com.mattanderson.carbConscious.entity.User#1]
[DEBUG] 2020-02-16 21:42:07.493 [main] ResourceRegistryStandardImpl - HHH000387: ResultSet's statement was not registered
[DEBUG] 2020-02-16 21:42:07.494 [main] AbstractLoadPlanBasedEntityLoader - Done entity load : com.mattanderson.carbConscious.entity.User#1
[DEBUG] 2020-02-16 21:42:07.494 [main] LogicalConnectionManagedImpl - Initiating JDBC connection release from afterTransaction
[DEBUG] 2020-02-16 21:42:07.719 [main] CriteriaQueryImpl - Rendered criteria query -> select generatedAlias0 from User as generatedAlias0 where generatedAlias0.userName=:param0
[DEBUG] 2020-02-16 21:42:07.745 [main] QueryTranslatorFactoryInitiator - QueryTranslatorFactory: org.hibernate.hql.internal.ast.ASTQueryTranslatorFactory@5a14e60d
[DEBUG] 2020-02-16 21:42:07.770 [main] QueryTranslatorImpl - parse() - HQL: select generatedAlias0 from com.mattanderson.carbConscious.entity.User as generatedAlias0 where generatedAlias0.userName=:param0
[DEBUG] 2020-02-16 21:42:07.776 [main] ErrorTracker - throwQueryException() : no errors
[DEBUG] 2020-02-16 21:42:07.784 [main] QueryTranslatorImpl - --- HQL AST ---
 \-[QUERY] Node: 'query'
    +-[SELECT_FROM] Node: 'SELECT_FROM'
    |  +-[FROM] Node: 'from'
    |  |  \-[RANGE] Node: 'RANGE'
    |  |     +-[DOT] Node: '.'
    |  |     |  +-[DOT] Node: '.'
    |  |     |  |  +-[DOT] Node: '.'
    |  |     |  |  |  +-[DOT] Node: '.'
    |  |     |  |  |  |  +-[IDENT] Node: 'com'
    |  |     |  |  |  |  \-[IDENT] Node: 'mattanderson'
    |  |     |  |  |  \-[IDENT] Node: 'carbConscious'
    |  |     |  |  \-[IDENT] Node: 'entity'
    |  |     |  \-[IDENT] Node: 'User'
    |  |     \-[ALIAS] Node: 'generatedAlias0'
    |  \-[SELECT] Node: 'select'
    |     \-[IDENT] Node: 'generatedAlias0'
    \-[WHERE] Node: 'where'
       \-[EQ] Node: '='
          +-[DOT] Node: '.'
          |  +-[IDENT] Node: 'generatedAlias0'
          |  \-[IDENT] Node: 'userName'
          \-[COLON] Node: ':'
             \-[IDENT] Node: 'param0'

[DEBUG] 2020-02-16 21:42:07.806 [main] HqlSqlBaseWalker - select << begin [level=1, statement=select]
[DEBUG] 2020-02-16 21:42:07.825 [main] FromElement - FromClause{level=1} : com.mattanderson.carbConscious.entity.User (generatedAlias0) -> user0_
[DEBUG] 2020-02-16 21:42:07.827 [main] FromReferenceNode - Resolved : generatedAlias0 -> user0_.id
[DEBUG] 2020-02-16 21:42:07.829 [main] FromReferenceNode - Resolved : generatedAlias0 -> user0_.id
[DEBUG] 2020-02-16 21:42:07.831 [main] DotNode - getDataType() : userName -> org.hibernate.type.StringType@577f9109
[DEBUG] 2020-02-16 21:42:07.831 [main] FromReferenceNode - Resolved : generatedAlias0.userName -> user0_.user_name
[DEBUG] 2020-02-16 21:42:07.833 [main] HqlSqlBaseWalker - select : finishing up [level=1, statement=select]
[DEBUG] 2020-02-16 21:42:07.833 [main] HqlSqlWalker - processQuery() :  ( SELECT ( {select clause} user0_.id ) ( FromClause{level=1} USERS user0_ ) ( where ( = ( user0_.user_name user0_.id userName ) ? ) ) )
[DEBUG] 2020-02-16 21:42:07.847 [main] JoinProcessor - Using FROM fragment [USERS user0_]
[DEBUG] 2020-02-16 21:42:07.848 [main] HqlSqlBaseWalker - select >> end [level=1, statement=select]
[DEBUG] 2020-02-16 21:42:07.849 [main] QueryTranslatorImpl - --- SQL AST ---
 \-[SELECT] QueryNode: 'SELECT'  querySpaces (USERS)
    +-[SELECT_CLAUSE] SelectClause: '{select clause}'
    |  +-[ALIAS_REF] IdentNode: 'user0_.id as id1_0_' {alias=generatedAlias0, className=com.mattanderson.carbConscious.entity.User, tableAlias=user0_}
    |  \-[SQL_TOKEN] SqlFragment: 'user0_.creation_datetime as creation2_0_, user0_.email as email3_0_, user0_.first_name as first_na4_0_, user0_.last_name as last_nam5_0_, user0_.password as password6_0_, user0_.update_datetime as update_d7_0_, user0_.user_name as user_nam8_0_'
    +-[FROM] FromClause: 'from' FromClause{level=1, fromElementCounter=1, fromElements=1, fromElementByClassAlias=[generatedAlias0], fromElementByTableAlias=[user0_], fromElementsByPath=[], collectionJoinFromElementsByPath=[], impliedElements=[]}
    |  \-[FROM_FRAGMENT] FromElement: 'USERS user0_' FromElement{explicit,not a collection join,not a fetch join,fetch non-lazy properties,classAlias=generatedAlias0,role=null,tableName=USERS,tableAlias=user0_,origin=null,columns={,className=com.mattanderson.carbConscious.entity.User}}
    \-[WHERE] SqlNode: 'where'
       \-[EQ] BinaryLogicOperatorNode: '='
          +-[DOT] DotNode: 'user0_.user_name' {propertyName=userName,dereferenceType=PRIMITIVE,getPropertyPath=userName,path=generatedAlias0.userName,tableAlias=user0_,className=com.mattanderson.carbConscious.entity.User,classAlias=generatedAlias0}
          |  +-[ALIAS_REF] IdentNode: 'user0_.id' {alias=generatedAlias0, className=com.mattanderson.carbConscious.entity.User, tableAlias=user0_}
          |  \-[IDENT] IdentNode: 'userName' {originalText=userName}
          \-[NAMED_PARAM] ParameterNode: '?' {name=param0, expectedType=org.hibernate.type.StringType@577f9109}

[DEBUG] 2020-02-16 21:42:07.849 [main] ErrorTracker - throwQueryException() : no errors
[DEBUG] 2020-02-16 21:42:07.856 [main] QueryTranslatorImpl - HQL: select generatedAlias0 from com.mattanderson.carbConscious.entity.User as generatedAlias0 where generatedAlias0.userName=:param0
[DEBUG] 2020-02-16 21:42:07.856 [main] QueryTranslatorImpl - SQL: select user0_.id as id1_0_, user0_.creation_datetime as creation2_0_, user0_.email as email3_0_, user0_.first_name as first_na4_0_, user0_.last_name as last_nam5_0_, user0_.password as password6_0_, user0_.update_datetime as update_d7_0_, user0_.user_name as user_nam8_0_ from USERS user0_ where user0_.user_name=?
[DEBUG] 2020-02-16 21:42:07.857 [main] ErrorTracker - throwQueryException() : no errors
[DEBUG] 2020-02-16 21:42:07.876 [main] SQL - select user0_.id as id1_0_, user0_.creation_datetime as creation2_0_, user0_.email as email3_0_, user0_.first_name as first_na4_0_, user0_.last_name as last_nam5_0_, user0_.password as password6_0_, user0_.update_datetime as update_d7_0_, user0_.user_name as user_nam8_0_ from USERS user0_ where user0_.user_name=?
[DEBUG] 2020-02-16 21:42:07.881 [main] Loader - Result set row: 0
[DEBUG] 2020-02-16 21:42:07.881 [main] Loader - Result row: EntityKey[com.mattanderson.carbConscious.entity.User#1]
[DEBUG] 2020-02-16 21:42:07.882 [main] TwoPhaseLoad - Resolving attributes for [com.mattanderson.carbConscious.entity.User#1]
[DEBUG] 2020-02-16 21:42:07.883 [main] TwoPhaseLoad - Processing attribute `creationDateTime` : value = 2020-01-01T00:00
[DEBUG] 2020-02-16 21:42:07.883 [main] TwoPhaseLoad - Attribute (`creationDateTime`)  - enhanced for lazy-loading? - false
[DEBUG] 2020-02-16 21:42:07.883 [main] TwoPhaseLoad - Processing attribute `email` : value = matt@gmail.com
[DEBUG] 2020-02-16 21:42:07.883 [main] TwoPhaseLoad - Attribute (`email`)  - enhanced for lazy-loading? - false
[DEBUG] 2020-02-16 21:42:07.883 [main] TwoPhaseLoad - Processing attribute `firstName` : value = Matt
[DEBUG] 2020-02-16 21:42:07.883 [main] TwoPhaseLoad - Attribute (`firstName`)  - enhanced for lazy-loading? - false
[DEBUG] 2020-02-16 21:42:07.883 [main] TwoPhaseLoad - Processing attribute `lastName` : value = Anderson
[DEBUG] 2020-02-16 21:42:07.883 [main] TwoPhaseLoad - Attribute (`lastName`)  - enhanced for lazy-loading? - false
[DEBUG] 2020-02-16 21:42:07.883 [main] TwoPhaseLoad - Processing attribute `password` : value = testing
[DEBUG] 2020-02-16 21:42:07.883 [main] TwoPhaseLoad - Attribute (`password`)  - enhanced for lazy-loading? - false
[DEBUG] 2020-02-16 21:42:07.883 [main] TwoPhaseLoad - Processing attribute `updateDateTime` : value = 2020-01-02T00:00
[DEBUG] 2020-02-16 21:42:07.883 [main] TwoPhaseLoad - Attribute (`updateDateTime`)  - enhanced for lazy-loading? - false
[DEBUG] 2020-02-16 21:42:07.883 [main] TwoPhaseLoad - Processing attribute `userName` : value = mattanderson
[DEBUG] 2020-02-16 21:42:07.883 [main] TwoPhaseLoad - Attribute (`userName`)  - enhanced for lazy-loading? - false
[DEBUG] 2020-02-16 21:42:07.883 [main] TwoPhaseLoad - Done materializing entity [com.mattanderson.carbConscious.entity.User#1]
[DEBUG] 2020-02-16 21:42:07.886 [main] LogicalConnectionManagedImpl - Initiating JDBC connection release from afterTransaction
[DEBUG] 2020-02-16 21:42:08.013 [main] SQL - select user0_.id as id1_0_0_, user0_.creation_datetime as creation2_0_0_, user0_.email as email3_0_0_, user0_.first_name as first_na4_0_0_, user0_.last_name as last_nam5_0_0_, user0_.password as password6_0_0_, user0_.update_datetime as update_d7_0_0_, user0_.user_name as user_nam8_0_0_ from USERS user0_ where user0_.id=?
[DEBUG] 2020-02-16 21:42:08.015 [main] ResultSetProcessorImpl - Starting ResultSet row #0
[DEBUG] 2020-02-16 21:42:08.015 [main] EntityReferenceInitializerImpl - On call to EntityIdentifierReaderImpl#resolve, EntityKey was already known; should only happen on root returns with an optional identifier specified
[DEBUG] 2020-02-16 21:42:08.016 [main] TwoPhaseLoad - Resolving attributes for [com.mattanderson.carbConscious.entity.User#1]
[DEBUG] 2020-02-16 21:42:08.016 [main] TwoPhaseLoad - Processing attribute `creationDateTime` : value = 2020-01-01T00:00
[DEBUG] 2020-02-16 21:42:08.016 [main] TwoPhaseLoad - Attribute (`creationDateTime`)  - enhanced for lazy-loading? - false
[DEBUG] 2020-02-16 21:42:08.016 [main] TwoPhaseLoad - Processing attribute `email` : value = matt@gmail.com
[DEBUG] 2020-02-16 21:42:08.016 [main] TwoPhaseLoad - Attribute (`email`)  - enhanced for lazy-loading? - false
[DEBUG] 2020-02-16 21:42:08.016 [main] TwoPhaseLoad - Processing attribute `firstName` : value = Matt
[DEBUG] 2020-02-16 21:42:08.016 [main] TwoPhaseLoad - Attribute (`firstName`)  - enhanced for lazy-loading? - false
[DEBUG] 2020-02-16 21:42:08.016 [main] TwoPhaseLoad - Processing attribute `lastName` : value = Anderson
[DEBUG] 2020-02-16 21:42:08.016 [main] TwoPhaseLoad - Attribute (`lastName`)  - enhanced for lazy-loading? - false
[DEBUG] 2020-02-16 21:42:08.017 [main] TwoPhaseLoad - Processing attribute `password` : value = testing
[DEBUG] 2020-02-16 21:42:08.017 [main] TwoPhaseLoad - Attribute (`password`)  - enhanced for lazy-loading? - false
[DEBUG] 2020-02-16 21:42:08.017 [main] TwoPhaseLoad - Processing attribute `updateDateTime` : value = 2020-01-02T00:00
[DEBUG] 2020-02-16 21:42:08.017 [main] TwoPhaseLoad - Attribute (`updateDateTime`)  - enhanced for lazy-loading? - false
[DEBUG] 2020-02-16 21:42:08.017 [main] TwoPhaseLoad - Processing attribute `userName` : value = mattanderson
[DEBUG] 2020-02-16 21:42:08.017 [main] TwoPhaseLoad - Attribute (`userName`)  - enhanced for lazy-loading? - false
[DEBUG] 2020-02-16 21:42:08.017 [main] TwoPhaseLoad - Done materializing entity [com.mattanderson.carbConscious.entity.User#1]
[DEBUG] 2020-02-16 21:42:08.017 [main] ResourceRegistryStandardImpl - HHH000387: ResultSet's statement was not registered
[DEBUG] 2020-02-16 21:42:08.017 [main] AbstractLoadPlanBasedEntityLoader - Done entity load : com.mattanderson.carbConscious.entity.User#1
[DEBUG] 2020-02-16 21:42:08.017 [main] LogicalConnectionManagedImpl - Initiating JDBC connection release from afterTransaction
[DEBUG] 2020-02-16 21:42:08.114 [main] TransactionImpl - On TransactionImpl creation, JpaCompliance#isJpaTransactionComplianceEnabled == false
[DEBUG] 2020-02-16 21:42:08.115 [main] TransactionImpl - begin
[DEBUG] 2020-02-16 21:42:08.121 [main] ActionQueue - Executing identity-insert immediately
[DEBUG] 2020-02-16 21:42:08.122 [main] SQL - insert into USERS (creation_datetime, email, first_name, last_name, password, update_datetime, user_name) values (?, ?, ?, ?, ?, ?, ?)
[DEBUG] 2020-02-16 21:42:08.129 [main] IdentifierGeneratorHelper - Natively generated identity: 15
[DEBUG] 2020-02-16 21:42:08.129 [main] ResourceRegistryStandardImpl - HHH000387: ResultSet's statement was not registered
[DEBUG] 2020-02-16 21:42:08.131 [main] TransactionImpl - committing
[DEBUG] 2020-02-16 21:42:08.131 [main] AbstractFlushingEventListener - Processing flush-time cascades
[DEBUG] 2020-02-16 21:42:08.131 [main] AbstractFlushingEventListener - Dirty checking collections
[DEBUG] 2020-02-16 21:42:08.131 [main] AbstractFlushingEventListener - Flushed: 0 insertions, 0 updates, 0 deletions to 1 objects
[DEBUG] 2020-02-16 21:42:08.131 [main] AbstractFlushingEventListener - Flushed: 0 (re)creations, 0 updates, 0 removals to 0 collections
[DEBUG] 2020-02-16 21:42:08.131 [main] EntityPrinter - Listing entities:
[DEBUG] 2020-02-16 21:42:08.131 [main] EntityPrinter - com.mattanderson.carbConscious.entity.User{firstName=Mike, lastName=Anderson, password=234(3L!, id=15, updateDateTime=2020-04-03T11:34, userName=mikeAnd23, email=mike@yahoo.com, creationDateTime=2020-03-23T10:53}
[DEBUG] 2020-02-16 21:42:08.134 [main] LogicalConnectionManagedImpl - Initiating JDBC connection release from afterTransaction
[DEBUG] 2020-02-16 21:42:08.135 [main] LogicalConnectionManagedImpl - Initiating JDBC connection release from afterTransaction
[DEBUG] 2020-02-16 21:42:08.136 [main] SQL - select user0_.id as id1_0_0_, user0_.creation_datetime as creation2_0_0_, user0_.email as email3_0_0_, user0_.first_name as first_na4_0_0_, user0_.last_name as last_nam5_0_0_, user0_.password as password6_0_0_, user0_.update_datetime as update_d7_0_0_, user0_.user_name as user_nam8_0_0_ from USERS user0_ where user0_.id=?
[DEBUG] 2020-02-16 21:42:08.138 [main] ResultSetProcessorImpl - Starting ResultSet row #0
[DEBUG] 2020-02-16 21:42:08.139 [main] EntityReferenceInitializerImpl - On call to EntityIdentifierReaderImpl#resolve, EntityKey was already known; should only happen on root returns with an optional identifier specified
[DEBUG] 2020-02-16 21:42:08.139 [main] TwoPhaseLoad - Resolving attributes for [com.mattanderson.carbConscious.entity.User#15]
[DEBUG] 2020-02-16 21:42:08.139 [main] TwoPhaseLoad - Processing attribute `creationDateTime` : value = 2020-03-23T10:53
[DEBUG] 2020-02-16 21:42:08.139 [main] TwoPhaseLoad - Attribute (`creationDateTime`)  - enhanced for lazy-loading? - false
[DEBUG] 2020-02-16 21:42:08.140 [main] TwoPhaseLoad - Processing attribute `email` : value = mike@yahoo.com
[DEBUG] 2020-02-16 21:42:08.140 [main] TwoPhaseLoad - Attribute (`email`)  - enhanced for lazy-loading? - false
[DEBUG] 2020-02-16 21:42:08.140 [main] TwoPhaseLoad - Processing attribute `firstName` : value = Mike
[DEBUG] 2020-02-16 21:42:08.140 [main] TwoPhaseLoad - Attribute (`firstName`)  - enhanced for lazy-loading? - false
[DEBUG] 2020-02-16 21:42:08.140 [main] TwoPhaseLoad - Processing attribute `lastName` : value = Anderson
[DEBUG] 2020-02-16 21:42:08.140 [main] TwoPhaseLoad - Attribute (`lastName`)  - enhanced for lazy-loading? - false
[DEBUG] 2020-02-16 21:42:08.140 [main] TwoPhaseLoad - Processing attribute `password` : value = 234(3L!
[DEBUG] 2020-02-16 21:42:08.140 [main] TwoPhaseLoad - Attribute (`password`)  - enhanced for lazy-loading? - false
[DEBUG] 2020-02-16 21:42:08.140 [main] TwoPhaseLoad - Processing attribute `updateDateTime` : value = 2020-04-03T11:34
[DEBUG] 2020-02-16 21:42:08.140 [main] TwoPhaseLoad - Attribute (`updateDateTime`)  - enhanced for lazy-loading? - false
[DEBUG] 2020-02-16 21:42:08.140 [main] TwoPhaseLoad - Processing attribute `userName` : value = mikeAnd23
[DEBUG] 2020-02-16 21:42:08.140 [main] TwoPhaseLoad - Attribute (`userName`)  - enhanced for lazy-loading? - false
[DEBUG] 2020-02-16 21:42:08.140 [main] TwoPhaseLoad - Done materializing entity [com.mattanderson.carbConscious.entity.User#15]
[DEBUG] 2020-02-16 21:42:08.140 [main] ResourceRegistryStandardImpl - HHH000387: ResultSet's statement was not registered
[DEBUG] 2020-02-16 21:42:08.141 [main] AbstractLoadPlanBasedEntityLoader - Done entity load : com.mattanderson.carbConscious.entity.User#15
[DEBUG] 2020-02-16 21:42:08.141 [main] LogicalConnectionManagedImpl - Initiating JDBC connection release from afterTransaction
