[DEBUG] 2020-02-23 14:05:52.413 [main] IntegratorServiceImpl - Adding Integrator [org.hibernate.cfg.beanvalidation.BeanValidationIntegrator].
[DEBUG] 2020-02-23 14:05:52.416 [main] IntegratorServiceImpl - Adding Integrator [org.hibernate.secure.spi.JaccIntegrator].
[DEBUG] 2020-02-23 14:05:52.421 [main] IntegratorServiceImpl - Adding Integrator [org.hibernate.cache.internal.CollectionCacheInvalidator].
[INFO ] 2020-02-23 14:05:52.568 [main] Version - HHH000412: Hibernate Core {5.4.4.Final}
[DEBUG] 2020-02-23 14:05:52.577 [main] Environment - HHH000206: hibernate.properties not found
[DEBUG] 2020-02-23 14:05:52.813 [main] LocalXmlResourceResolver - Interpreting public/system identifier : [-//Hibernate/Hibernate Configuration DTD//EN] - [http://www.hibernate.org/dtd/hibernate-configuration-3.0.dtd]
[DEBUG] 2020-02-23 14:05:52.815 [main] LocalXmlResourceResolver - Recognized hibernate-configuration identifier; attempting to resolve on classpath under org/hibernate/
[DEBUG] 2020-02-23 14:05:52.821 [main] JaxbCfgProcessor - cfg.xml document did not define namespaces; wrapping in custom event reader to introduce namespace information
[DEBUG] 2020-02-23 14:05:53.189 [main] ServiceBinding - Overriding existing service binding [org.hibernate.secure.spi.JaccService]
[DEBUG] 2020-02-23 14:05:53.219 [main] RegionFactoryInitiator - Cannot default RegionFactory based on registered strategies as `[]` RegionFactory strategies were registered
[DEBUG] 2020-02-23 14:05:53.222 [main] RegionFactoryInitiator - Cache region factory : org.hibernate.cache.internal.NoCachingRegionFactory
[INFO ] 2020-02-23 14:05:53.253 [main] Version - HCANN000001: Hibernate Commons Annotations {5.1.0.Final}
[DEBUG] 2020-02-23 14:05:53.286 [main] BasicTypeRegistry - Adding type registration boolean -> org.hibernate.type.BooleanType@5a5c128
[DEBUG] 2020-02-23 14:05:53.287 [main] BasicTypeRegistry - Adding type registration boolean -> org.hibernate.type.BooleanType@5a5c128
[DEBUG] 2020-02-23 14:05:53.287 [main] BasicTypeRegistry - Adding type registration java.lang.Boolean -> org.hibernate.type.BooleanType@5a5c128
[DEBUG] 2020-02-23 14:05:53.288 [main] BasicTypeRegistry - Adding type registration numeric_boolean -> org.hibernate.type.NumericBooleanType@757194dc
[DEBUG] 2020-02-23 14:05:53.288 [main] BasicTypeRegistry - Adding type registration true_false -> org.hibernate.type.TrueFalseType@6dc1484
[DEBUG] 2020-02-23 14:05:53.289 [main] BasicTypeRegistry - Adding type registration yes_no -> org.hibernate.type.YesNoType@2375b321
[DEBUG] 2020-02-23 14:05:53.291 [main] BasicTypeRegistry - Adding type registration byte -> org.hibernate.type.ByteType@72ab05ed
[DEBUG] 2020-02-23 14:05:53.291 [main] BasicTypeRegistry - Adding type registration byte -> org.hibernate.type.ByteType@72ab05ed
[DEBUG] 2020-02-23 14:05:53.291 [main] BasicTypeRegistry - Adding type registration java.lang.Byte -> org.hibernate.type.ByteType@72ab05ed
[DEBUG] 2020-02-23 14:05:53.292 [main] BasicTypeRegistry - Adding type registration character -> org.hibernate.type.CharacterType@6b7d1df8
[DEBUG] 2020-02-23 14:05:53.293 [main] BasicTypeRegistry - Adding type registration char -> org.hibernate.type.CharacterType@6b7d1df8
[DEBUG] 2020-02-23 14:05:53.293 [main] BasicTypeRegistry - Adding type registration java.lang.Character -> org.hibernate.type.CharacterType@6b7d1df8
[DEBUG] 2020-02-23 14:05:53.294 [main] BasicTypeRegistry - Adding type registration short -> org.hibernate.type.ShortType@23eee4b8
[DEBUG] 2020-02-23 14:05:53.294 [main] BasicTypeRegistry - Adding type registration short -> org.hibernate.type.ShortType@23eee4b8
[DEBUG] 2020-02-23 14:05:53.294 [main] BasicTypeRegistry - Adding type registration java.lang.Short -> org.hibernate.type.ShortType@23eee4b8
[DEBUG] 2020-02-23 14:05:53.295 [main] BasicTypeRegistry - Adding type registration integer -> org.hibernate.type.IntegerType@23cd4ff2
[DEBUG] 2020-02-23 14:05:53.295 [main] BasicTypeRegistry - Adding type registration int -> org.hibernate.type.IntegerType@23cd4ff2
[DEBUG] 2020-02-23 14:05:53.295 [main] BasicTypeRegistry - Adding type registration java.lang.Integer -> org.hibernate.type.IntegerType@23cd4ff2
[DEBUG] 2020-02-23 14:05:53.296 [main] BasicTypeRegistry - Adding type registration long -> org.hibernate.type.LongType@12477988
[DEBUG] 2020-02-23 14:05:53.296 [main] BasicTypeRegistry - Adding type registration long -> org.hibernate.type.LongType@12477988
[DEBUG] 2020-02-23 14:05:53.297 [main] BasicTypeRegistry - Adding type registration java.lang.Long -> org.hibernate.type.LongType@12477988
[DEBUG] 2020-02-23 14:05:53.297 [main] BasicTypeRegistry - Adding type registration float -> org.hibernate.type.FloatType@22101c80
[DEBUG] 2020-02-23 14:05:53.298 [main] BasicTypeRegistry - Adding type registration float -> org.hibernate.type.FloatType@22101c80
[DEBUG] 2020-02-23 14:05:53.298 [main] BasicTypeRegistry - Adding type registration java.lang.Float -> org.hibernate.type.FloatType@22101c80
[DEBUG] 2020-02-23 14:05:53.298 [main] BasicTypeRegistry - Adding type registration double -> org.hibernate.type.DoubleType@267bbe1a
[DEBUG] 2020-02-23 14:05:53.299 [main] BasicTypeRegistry - Adding type registration double -> org.hibernate.type.DoubleType@267bbe1a
[DEBUG] 2020-02-23 14:05:53.299 [main] BasicTypeRegistry - Adding type registration java.lang.Double -> org.hibernate.type.DoubleType@267bbe1a
[DEBUG] 2020-02-23 14:05:53.300 [main] BasicTypeRegistry - Adding type registration big_decimal -> org.hibernate.type.BigDecimalType@60f2e0bd
[DEBUG] 2020-02-23 14:05:53.300 [main] BasicTypeRegistry - Adding type registration java.math.BigDecimal -> org.hibernate.type.BigDecimalType@60f2e0bd
[DEBUG] 2020-02-23 14:05:53.301 [main] BasicTypeRegistry - Adding type registration big_integer -> org.hibernate.type.BigIntegerType@53667cbe
[DEBUG] 2020-02-23 14:05:53.301 [main] BasicTypeRegistry - Adding type registration java.math.BigInteger -> org.hibernate.type.BigIntegerType@53667cbe
[DEBUG] 2020-02-23 14:05:53.302 [main] BasicTypeRegistry - Adding type registration string -> org.hibernate.type.StringType@577f9109
[DEBUG] 2020-02-23 14:05:53.302 [main] BasicTypeRegistry - Adding type registration java.lang.String -> org.hibernate.type.StringType@577f9109
[DEBUG] 2020-02-23 14:05:53.303 [main] BasicTypeRegistry - Adding type registration nstring -> org.hibernate.type.StringNVarcharType@5c41d037
[DEBUG] 2020-02-23 14:05:53.303 [main] BasicTypeRegistry - Adding type registration ncharacter -> org.hibernate.type.CharacterNCharType@1450078a
[DEBUG] 2020-02-23 14:05:53.304 [main] BasicTypeRegistry - Adding type registration url -> org.hibernate.type.UrlType@796d3c9f
[DEBUG] 2020-02-23 14:05:53.304 [main] BasicTypeRegistry - Adding type registration java.net.URL -> org.hibernate.type.UrlType@796d3c9f
[DEBUG] 2020-02-23 14:05:53.305 [main] BasicTypeRegistry - Adding type registration Duration -> org.hibernate.type.DurationType@64e1dd11
[DEBUG] 2020-02-23 14:05:53.306 [main] BasicTypeRegistry - Adding type registration java.time.Duration -> org.hibernate.type.DurationType@64e1dd11
[DEBUG] 2020-02-23 14:05:53.310 [main] BasicTypeRegistry - Adding type registration Instant -> org.hibernate.type.InstantType@4b6ac111
[DEBUG] 2020-02-23 14:05:53.311 [main] BasicTypeRegistry - Adding type registration java.time.Instant -> org.hibernate.type.InstantType@4b6ac111
[DEBUG] 2020-02-23 14:05:53.312 [main] BasicTypeRegistry - Adding type registration LocalDateTime -> org.hibernate.type.LocalDateTimeType@5491f68b
[DEBUG] 2020-02-23 14:05:53.312 [main] BasicTypeRegistry - Adding type registration java.time.LocalDateTime -> org.hibernate.type.LocalDateTimeType@5491f68b
[DEBUG] 2020-02-23 14:05:53.314 [main] BasicTypeRegistry - Adding type registration LocalDate -> org.hibernate.type.LocalDateType@54dcbb9f
[DEBUG] 2020-02-23 14:05:53.314 [main] BasicTypeRegistry - Adding type registration java.time.LocalDate -> org.hibernate.type.LocalDateType@54dcbb9f
[DEBUG] 2020-02-23 14:05:53.315 [main] BasicTypeRegistry - Adding type registration LocalTime -> org.hibernate.type.LocalTimeType@5f78de22
[DEBUG] 2020-02-23 14:05:53.315 [main] BasicTypeRegistry - Adding type registration java.time.LocalTime -> org.hibernate.type.LocalTimeType@5f78de22
[DEBUG] 2020-02-23 14:05:53.316 [main] BasicTypeRegistry - Adding type registration OffsetDateTime -> org.hibernate.type.OffsetDateTimeType@bcb09a6
[DEBUG] 2020-02-23 14:05:53.317 [main] BasicTypeRegistry - Adding type registration java.time.OffsetDateTime -> org.hibernate.type.OffsetDateTimeType@bcb09a6
[DEBUG] 2020-02-23 14:05:53.318 [main] BasicTypeRegistry - Adding type registration OffsetTime -> org.hibernate.type.OffsetTimeType@3b152928
[DEBUG] 2020-02-23 14:05:53.318 [main] BasicTypeRegistry - Adding type registration java.time.OffsetTime -> org.hibernate.type.OffsetTimeType@3b152928
[DEBUG] 2020-02-23 14:05:53.319 [main] BasicTypeRegistry - Adding type registration ZonedDateTime -> org.hibernate.type.ZonedDateTimeType@6331250e
[DEBUG] 2020-02-23 14:05:53.319 [main] BasicTypeRegistry - Adding type registration java.time.ZonedDateTime -> org.hibernate.type.ZonedDateTimeType@6331250e
[DEBUG] 2020-02-23 14:05:53.321 [main] BasicTypeRegistry - Adding type registration date -> org.hibernate.type.DateType@585c13de
[DEBUG] 2020-02-23 14:05:53.321 [main] BasicTypeRegistry - Adding type registration java.sql.Date -> org.hibernate.type.DateType@585c13de
[DEBUG] 2020-02-23 14:05:53.322 [main] BasicTypeRegistry - Adding type registration time -> org.hibernate.type.TimeType@77128dab
[DEBUG] 2020-02-23 14:05:53.322 [main] BasicTypeRegistry - Adding type registration java.sql.Time -> org.hibernate.type.TimeType@77128dab
[DEBUG] 2020-02-23 14:05:53.323 [main] BasicTypeRegistry - Adding type registration timestamp -> org.hibernate.type.TimestampType@61533ae
[DEBUG] 2020-02-23 14:05:53.324 [main] BasicTypeRegistry - Adding type registration java.sql.Timestamp -> org.hibernate.type.TimestampType@61533ae
[DEBUG] 2020-02-23 14:05:53.324 [main] BasicTypeRegistry - Adding type registration java.util.Date -> org.hibernate.type.TimestampType@61533ae
[DEBUG] 2020-02-23 14:05:53.325 [main] BasicTypeRegistry - Adding type registration dbtimestamp -> org.hibernate.type.DbTimestampType@6ad5923a
[DEBUG] 2020-02-23 14:05:53.326 [main] BasicTypeRegistry - Adding type registration calendar -> org.hibernate.type.CalendarType@4565a70a
[DEBUG] 2020-02-23 14:05:53.326 [main] BasicTypeRegistry - Adding type registration java.util.Calendar -> org.hibernate.type.CalendarType@4565a70a
[DEBUG] 2020-02-23 14:05:53.326 [main] BasicTypeRegistry - Adding type registration java.util.GregorianCalendar -> org.hibernate.type.CalendarType@4565a70a
[DEBUG] 2020-02-23 14:05:53.327 [main] BasicTypeRegistry - Adding type registration calendar_date -> org.hibernate.type.CalendarDateType@7b60c3e
[DEBUG] 2020-02-23 14:05:53.328 [main] BasicTypeRegistry - Adding type registration locale -> org.hibernate.type.LocaleType@2adddc06
[DEBUG] 2020-02-23 14:05:53.328 [main] BasicTypeRegistry - Adding type registration java.util.Locale -> org.hibernate.type.LocaleType@2adddc06
[DEBUG] 2020-02-23 14:05:53.329 [main] BasicTypeRegistry - Adding type registration currency -> org.hibernate.type.CurrencyType@6a714237
[DEBUG] 2020-02-23 14:05:53.330 [main] BasicTypeRegistry - Adding type registration java.util.Currency -> org.hibernate.type.CurrencyType@6a714237
[DEBUG] 2020-02-23 14:05:53.331 [main] BasicTypeRegistry - Adding type registration timezone -> org.hibernate.type.TimeZoneType@35c09b94
[DEBUG] 2020-02-23 14:05:53.331 [main] BasicTypeRegistry - Adding type registration java.util.TimeZone -> org.hibernate.type.TimeZoneType@35c09b94
[DEBUG] 2020-02-23 14:05:53.331 [main] BasicTypeRegistry - Adding type registration class -> org.hibernate.type.ClassType@17ae7628
[DEBUG] 2020-02-23 14:05:53.332 [main] BasicTypeRegistry - Adding type registration java.lang.Class -> org.hibernate.type.ClassType@17ae7628
[DEBUG] 2020-02-23 14:05:53.333 [main] BasicTypeRegistry - Adding type registration uuid-binary -> org.hibernate.type.UUIDBinaryType@286b39c2
[DEBUG] 2020-02-23 14:05:53.333 [main] BasicTypeRegistry - Adding type registration java.util.UUID -> org.hibernate.type.UUIDBinaryType@286b39c2
[DEBUG] 2020-02-23 14:05:53.333 [main] BasicTypeRegistry - Adding type registration uuid-char -> org.hibernate.type.UUIDCharType@6d467c87
[DEBUG] 2020-02-23 14:05:53.334 [main] BasicTypeRegistry - Adding type registration binary -> org.hibernate.type.BinaryType@682c1e93
[DEBUG] 2020-02-23 14:05:53.334 [main] BasicTypeRegistry - Adding type registration byte[] -> org.hibernate.type.BinaryType@682c1e93
[DEBUG] 2020-02-23 14:05:53.335 [main] BasicTypeRegistry - Adding type registration [B -> org.hibernate.type.BinaryType@682c1e93
[DEBUG] 2020-02-23 14:05:53.336 [main] BasicTypeRegistry - Adding type registration wrapper-binary -> org.hibernate.type.WrapperBinaryType@715fb77
[DEBUG] 2020-02-23 14:05:53.336 [main] BasicTypeRegistry - Adding type registration Byte[] -> org.hibernate.type.WrapperBinaryType@715fb77
[DEBUG] 2020-02-23 14:05:53.336 [main] BasicTypeRegistry - Adding type registration [Ljava.lang.Byte; -> org.hibernate.type.WrapperBinaryType@715fb77
[DEBUG] 2020-02-23 14:05:53.338 [main] BasicTypeRegistry - Adding type registration row_version -> org.hibernate.type.RowVersionType@1eea9d2d
[DEBUG] 2020-02-23 14:05:53.338 [main] BasicTypeRegistry - Adding type registration image -> org.hibernate.type.ImageType@7808fb9
[DEBUG] 2020-02-23 14:05:53.339 [main] BasicTypeRegistry - Adding type registration characters -> org.hibernate.type.CharArrayType@a567e72
[DEBUG] 2020-02-23 14:05:53.339 [main] BasicTypeRegistry - Adding type registration char[] -> org.hibernate.type.CharArrayType@a567e72
[DEBUG] 2020-02-23 14:05:53.339 [main] BasicTypeRegistry - Adding type registration [C -> org.hibernate.type.CharArrayType@a567e72
[DEBUG] 2020-02-23 14:05:53.341 [main] BasicTypeRegistry - Adding type registration wrapper-characters -> org.hibernate.type.CharacterArrayType@cda0432
[DEBUG] 2020-02-23 14:05:53.341 [main] BasicTypeRegistry - Adding type registration [Ljava.lang.Character; -> org.hibernate.type.CharacterArrayType@cda0432
[DEBUG] 2020-02-23 14:05:53.341 [main] BasicTypeRegistry - Adding type registration Character[] -> org.hibernate.type.CharacterArrayType@cda0432
[DEBUG] 2020-02-23 14:05:53.341 [main] BasicTypeRegistry - Adding type registration text -> org.hibernate.type.TextType@71a3a190
[DEBUG] 2020-02-23 14:05:53.342 [main] BasicTypeRegistry - Adding type registration ntext -> org.hibernate.type.NTextType@67ec8477
[DEBUG] 2020-02-23 14:05:53.343 [main] BasicTypeRegistry - Adding type registration blob -> org.hibernate.type.BlobType@3f36b447
[DEBUG] 2020-02-23 14:05:53.343 [main] BasicTypeRegistry - Adding type registration java.sql.Blob -> org.hibernate.type.BlobType@3f36b447
[DEBUG] 2020-02-23 14:05:53.344 [main] BasicTypeRegistry - Adding type registration materialized_blob -> org.hibernate.type.MaterializedBlobType@4a1c0752
[DEBUG] 2020-02-23 14:05:53.345 [main] BasicTypeRegistry - Adding type registration clob -> org.hibernate.type.ClobType@5d39f2d8
[DEBUG] 2020-02-23 14:05:53.345 [main] BasicTypeRegistry - Adding type registration java.sql.Clob -> org.hibernate.type.ClobType@5d39f2d8
[DEBUG] 2020-02-23 14:05:53.346 [main] BasicTypeRegistry - Adding type registration nclob -> org.hibernate.type.NClobType@1dab9dd6
[DEBUG] 2020-02-23 14:05:53.347 [main] BasicTypeRegistry - Adding type registration java.sql.NClob -> org.hibernate.type.NClobType@1dab9dd6
[DEBUG] 2020-02-23 14:05:53.347 [main] BasicTypeRegistry - Adding type registration materialized_clob -> org.hibernate.type.MaterializedClobType@4bff2185
[DEBUG] 2020-02-23 14:05:53.347 [main] BasicTypeRegistry - Adding type registration materialized_nclob -> org.hibernate.type.MaterializedNClobType@1d4664d7
[DEBUG] 2020-02-23 14:05:53.349 [main] BasicTypeRegistry - Adding type registration serializable -> org.hibernate.type.SerializableType@47b2e9e1
[DEBUG] 2020-02-23 14:05:53.351 [main] BasicTypeRegistry - Adding type registration object -> org.hibernate.type.ObjectType@1d782abe
[DEBUG] 2020-02-23 14:05:53.352 [main] BasicTypeRegistry - Adding type registration java.lang.Object -> org.hibernate.type.ObjectType@1d782abe
[DEBUG] 2020-02-23 14:05:53.352 [main] BasicTypeRegistry - Adding type registration imm_date -> org.hibernate.type.AdaptedImmutableType@7e8a46b7
[DEBUG] 2020-02-23 14:05:53.352 [main] BasicTypeRegistry - Adding type registration imm_time -> org.hibernate.type.AdaptedImmutableType@2fe88a09
[DEBUG] 2020-02-23 14:05:53.352 [main] BasicTypeRegistry - Adding type registration imm_timestamp -> org.hibernate.type.AdaptedImmutableType@1917d90f
[DEBUG] 2020-02-23 14:05:53.353 [main] BasicTypeRegistry - Adding type registration imm_dbtimestamp -> org.hibernate.type.AdaptedImmutableType@66bfd864
[DEBUG] 2020-02-23 14:05:53.353 [main] BasicTypeRegistry - Adding type registration imm_calendar -> org.hibernate.type.AdaptedImmutableType@4aac85fa
[DEBUG] 2020-02-23 14:05:53.353 [main] BasicTypeRegistry - Adding type registration imm_calendar_date -> org.hibernate.type.AdaptedImmutableType@21fff664
[DEBUG] 2020-02-23 14:05:53.353 [main] BasicTypeRegistry - Adding type registration imm_binary -> org.hibernate.type.AdaptedImmutableType@6079cf5
[DEBUG] 2020-02-23 14:05:53.353 [main] BasicTypeRegistry - Adding type registration imm_serializable -> org.hibernate.type.AdaptedImmutableType@1e6308a9
[DEBUG] 2020-02-23 14:05:53.391 [main] DefaultIdentifierGeneratorFactory - Registering IdentifierGenerator strategy [uuid2] -> [org.hibernate.id.UUIDGenerator]
[DEBUG] 2020-02-23 14:05:53.396 [main] DefaultIdentifierGeneratorFactory - Registering IdentifierGenerator strategy [guid] -> [org.hibernate.id.GUIDGenerator]
[DEBUG] 2020-02-23 14:05:53.397 [main] DefaultIdentifierGeneratorFactory - Registering IdentifierGenerator strategy [uuid] -> [org.hibernate.id.UUIDHexGenerator]
[DEBUG] 2020-02-23 14:05:53.397 [main] DefaultIdentifierGeneratorFactory - Registering IdentifierGenerator strategy [uuid.hex] -> [org.hibernate.id.UUIDHexGenerator]
[DEBUG] 2020-02-23 14:05:53.398 [main] DefaultIdentifierGeneratorFactory - Registering IdentifierGenerator strategy [assigned] -> [org.hibernate.id.Assigned]
[DEBUG] 2020-02-23 14:05:53.399 [main] DefaultIdentifierGeneratorFactory - Registering IdentifierGenerator strategy [identity] -> [org.hibernate.id.IdentityGenerator]
[DEBUG] 2020-02-23 14:05:53.399 [main] DefaultIdentifierGeneratorFactory - Registering IdentifierGenerator strategy [select] -> [org.hibernate.id.SelectGenerator]
[DEBUG] 2020-02-23 14:05:53.400 [main] DefaultIdentifierGeneratorFactory - Registering IdentifierGenerator strategy [sequence] -> [org.hibernate.id.enhanced.SequenceStyleGenerator]
[DEBUG] 2020-02-23 14:05:53.401 [main] DefaultIdentifierGeneratorFactory - Registering IdentifierGenerator strategy [seqhilo] -> [org.hibernate.id.SequenceHiLoGenerator]
[DEBUG] 2020-02-23 14:05:53.402 [main] DefaultIdentifierGeneratorFactory - Registering IdentifierGenerator strategy [increment] -> [org.hibernate.id.IncrementGenerator]
[DEBUG] 2020-02-23 14:05:53.402 [main] DefaultIdentifierGeneratorFactory - Registering IdentifierGenerator strategy [foreign] -> [org.hibernate.id.ForeignGenerator]
[DEBUG] 2020-02-23 14:05:53.402 [main] DefaultIdentifierGeneratorFactory - Registering IdentifierGenerator strategy [sequence-identity] -> [org.hibernate.id.SequenceIdentityGenerator]
[DEBUG] 2020-02-23 14:05:53.402 [main] DefaultIdentifierGeneratorFactory - Registering IdentifierGenerator strategy [enhanced-sequence] -> [org.hibernate.id.enhanced.SequenceStyleGenerator]
[DEBUG] 2020-02-23 14:05:53.403 [main] DefaultIdentifierGeneratorFactory - Registering IdentifierGenerator strategy [enhanced-table] -> [org.hibernate.id.enhanced.TableGenerator]
[INFO ] 2020-02-23 14:05:53.409 [main] C3P0ConnectionProvider - HHH010002: C3P0 using driver: com.mysql.cj.jdbc.Driver at URL: jdbc:mysql://localhost:3306/test_carb_conscious
[INFO ] 2020-02-23 14:05:53.409 [main] C3P0ConnectionProvider - HHH10001001: Connection properties: {password=****, user=root}
[INFO ] 2020-02-23 14:05:53.409 [main] C3P0ConnectionProvider - HHH10001003: Autocommit mode: false
[INFO ] 2020-02-23 14:05:53.552 [main] C3P0ConnectionProvider - HHH10001007: JDBC isolation level: <unknown>
[DEBUG] 2020-02-23 14:05:54.263 [main] JdbcEnvironmentInitiator - Database ->
       name : MySQL
    version : 8.0.16
      major : 8
      minor : 0
[DEBUG] 2020-02-23 14:05:54.264 [main] JdbcEnvironmentInitiator - Driver ->
       name : MySQL Connector/J
    version : mysql-connector-java-8.0.16 (Revision: 34cbc6bc61f72836e26327537a432d6db7c77de6)
      major : 8
      minor : 0
[DEBUG] 2020-02-23 14:05:54.265 [main] JdbcEnvironmentInitiator - JDBC version : 4.2
[INFO ] 2020-02-23 14:05:54.292 [main] Dialect - HHH000400: Using dialect: org.hibernate.dialect.MySQL8Dialect
[DEBUG] 2020-02-23 14:05:54.310 [main] IdentifierHelperBuilder - JDBC driver metadata reported database stores quoted identifiers in more than one case
[DEBUG] 2020-02-23 14:05:54.331 [main] IdentifierHelperBuilder - IdentifierCaseStrategy for both quoted and unquoted identifiers was set to the same strategy [MIXED]; that will likely lead to problems in schema update and validation if using quoted identifiers
[DEBUG] 2020-02-23 14:05:54.387 [main] Namespace - Created database namespace [logicalName=Name{catalog=null, schema=null}, physicalName=Name{catalog=null, schema=null}]
[DEBUG] 2020-02-23 14:05:54.391 [main] TypeConfiguration$Scope - Scoping TypeConfiguration [org.hibernate.type.spi.TypeConfiguration@2009f9b0] to MetadataBuildingContext [org.hibernate.boot.internal.MetadataBuildingContextRootImpl@50d951e7]
[DEBUG] 2020-02-23 14:05:54.442 [main] AnnotationBinder - Binding entity from annotated class: com.mattanderson.carbConscious.entity.User
[DEBUG] 2020-02-23 14:05:54.472 [main] Ejb3Column - Binding column: Ejb3DiscriminatorColumn{logicalColumnName'DTYPE', discriminatorTypeName='string'}
[DEBUG] 2020-02-23 14:05:54.476 [main] EntityBinder - Import with entity name User
[DEBUG] 2020-02-23 14:05:54.483 [main] EntityBinder - Bind entity com.mattanderson.carbConscious.entity.User on table USERS
[DEBUG] 2020-02-23 14:05:54.568 [main] Ejb3Column - Binding column: Ejb3Column{table=org.hibernate.mapping.Table(USERS), mappingColumn=id, insertable=true, updatable=true, unique=false}
[DEBUG] 2020-02-23 14:05:54.581 [main] PropertyBinder - MetadataSourceProcessor property id with lazy=false
[DEBUG] 2020-02-23 14:05:54.585 [main] AbstractPropertyHolder - Attempting to locate auto-apply AttributeConverter for property [com.mattanderson.carbConscious.entity.User:id]
[DEBUG] 2020-02-23 14:05:54.588 [main] SimpleValueBinder - building SimpleValue for id
[DEBUG] 2020-02-23 14:05:54.593 [main] PropertyBinder - Building property id
[DEBUG] 2020-02-23 14:05:54.603 [main] BinderHelper - #makeIdGenerator(org.hibernate.mapping.SimpleValue([org.hibernate.mapping.Column(id)]), id, org.hibernate.id.enhanced.SequenceStyleGenerator, native, ...)
[DEBUG] 2020-02-23 14:05:54.606 [main] Ejb3Column - Binding column: Ejb3Column{table=org.hibernate.mapping.Table(USERS), mappingColumn=creation_datetime, insertable=true, updatable=true, unique=false}
[DEBUG] 2020-02-23 14:05:54.606 [main] PropertyBinder - MetadataSourceProcessor property creationDateTime with lazy=false
[DEBUG] 2020-02-23 14:05:54.606 [main] AbstractPropertyHolder - Attempting to locate auto-apply AttributeConverter for property [com.mattanderson.carbConscious.entity.User:creationDateTime]
[DEBUG] 2020-02-23 14:05:54.606 [main] SimpleValueBinder - building SimpleValue for creationDateTime
[DEBUG] 2020-02-23 14:05:54.607 [main] PropertyBinder - Building property creationDateTime
[DEBUG] 2020-02-23 14:05:54.607 [main] Ejb3Column - Binding column: Ejb3Column{table=org.hibernate.mapping.Table(USERS), mappingColumn=email, insertable=true, updatable=true, unique=false}
[DEBUG] 2020-02-23 14:05:54.607 [main] PropertyBinder - MetadataSourceProcessor property email with lazy=false
[DEBUG] 2020-02-23 14:05:54.608 [main] AbstractPropertyHolder - Attempting to locate auto-apply AttributeConverter for property [com.mattanderson.carbConscious.entity.User:email]
[DEBUG] 2020-02-23 14:05:54.608 [main] SimpleValueBinder - building SimpleValue for email
[DEBUG] 2020-02-23 14:05:54.608 [main] PropertyBinder - Building property email
[DEBUG] 2020-02-23 14:05:54.608 [main] Ejb3Column - Binding column: Ejb3Column{table=org.hibernate.mapping.Table(USERS), mappingColumn=first_name, insertable=true, updatable=true, unique=false}
[DEBUG] 2020-02-23 14:05:54.608 [main] PropertyBinder - MetadataSourceProcessor property firstName with lazy=false
[DEBUG] 2020-02-23 14:05:54.608 [main] AbstractPropertyHolder - Attempting to locate auto-apply AttributeConverter for property [com.mattanderson.carbConscious.entity.User:firstName]
[DEBUG] 2020-02-23 14:05:54.609 [main] SimpleValueBinder - building SimpleValue for firstName
[DEBUG] 2020-02-23 14:05:54.609 [main] PropertyBinder - Building property firstName
[DEBUG] 2020-02-23 14:05:54.609 [main] Ejb3Column - Binding column: Ejb3Column{table=org.hibernate.mapping.Table(USERS), mappingColumn=last_name, insertable=true, updatable=true, unique=false}
[DEBUG] 2020-02-23 14:05:54.609 [main] PropertyBinder - MetadataSourceProcessor property lastName with lazy=false
[DEBUG] 2020-02-23 14:05:54.609 [main] AbstractPropertyHolder - Attempting to locate auto-apply AttributeConverter for property [com.mattanderson.carbConscious.entity.User:lastName]
[DEBUG] 2020-02-23 14:05:54.609 [main] SimpleValueBinder - building SimpleValue for lastName
[DEBUG] 2020-02-23 14:05:54.610 [main] PropertyBinder - Building property lastName
[DEBUG] 2020-02-23 14:05:54.610 [main] Ejb3Column - Binding column: Ejb3Column{table=org.hibernate.mapping.Table(USERS), mappingColumn=password, insertable=true, updatable=true, unique=false}
[DEBUG] 2020-02-23 14:05:54.610 [main] PropertyBinder - MetadataSourceProcessor property password with lazy=false
[DEBUG] 2020-02-23 14:05:54.610 [main] AbstractPropertyHolder - Attempting to locate auto-apply AttributeConverter for property [com.mattanderson.carbConscious.entity.User:password]
[DEBUG] 2020-02-23 14:05:54.610 [main] SimpleValueBinder - building SimpleValue for password
[DEBUG] 2020-02-23 14:05:54.610 [main] PropertyBinder - Building property password
[DEBUG] 2020-02-23 14:05:54.613 [main] Ejb3Column - Binding column: Ejb3JoinColumn{logicalColumnName='null', referencedColumn='null', mappedBy='user'}
[DEBUG] 2020-02-23 14:05:54.614 [main] Ejb3Column - Binding column: Ejb3Column{table=org.hibernate.mapping.Table(USERS), mappingColumn=roles, insertable=true, updatable=true, unique=false}
[DEBUG] 2020-02-23 14:05:54.616 [main] Ejb3Column - Binding column: Ejb3Column{table=org.hibernate.mapping.Table(USERS), mappingColumn=null, insertable=true, updatable=true, unique=false}
[DEBUG] 2020-02-23 14:05:54.635 [main] Ejb3Column - Binding column: Ejb3Column{table=org.hibernate.mapping.Table(USERS), mappingColumn=element, insertable=true, updatable=true, unique=false}
[DEBUG] 2020-02-23 14:05:54.636 [main] Ejb3Column - Binding column: Ejb3Column{table=org.hibernate.mapping.Table(USERS), mappingColumn=roles_KEY, insertable=true, updatable=true, unique=false}
[DEBUG] 2020-02-23 14:05:54.638 [main] Ejb3Column - Binding column: Ejb3JoinColumn{logicalColumnName='roles_KEY', referencedColumn='null', mappedBy='null'}
[DEBUG] 2020-02-23 14:05:54.641 [main] Ejb3Column - Binding column: Ejb3JoinColumn{logicalColumnName='null', referencedColumn='null', mappedBy='user'}
[DEBUG] 2020-02-23 14:05:54.642 [main] Ejb3Column - Binding column: Ejb3JoinColumn{logicalColumnName='null', referencedColumn='null', mappedBy='user'}
[DEBUG] 2020-02-23 14:05:54.643 [main] CollectionBinder - Collection role: com.mattanderson.carbConscious.entity.User.roles
[DEBUG] 2020-02-23 14:05:54.651 [main] PropertyBinder - Building property roles
[DEBUG] 2020-02-23 14:05:54.655 [main] Ejb3Column - Binding column: Ejb3Column{table=org.hibernate.mapping.Table(USERS), mappingColumn=update_datetime, insertable=true, updatable=true, unique=false}
[DEBUG] 2020-02-23 14:05:54.656 [main] PropertyBinder - MetadataSourceProcessor property updateDateTime with lazy=false
[DEBUG] 2020-02-23 14:05:54.656 [main] AbstractPropertyHolder - Attempting to locate auto-apply AttributeConverter for property [com.mattanderson.carbConscious.entity.User:updateDateTime]
[DEBUG] 2020-02-23 14:05:54.656 [main] SimpleValueBinder - building SimpleValue for updateDateTime
[DEBUG] 2020-02-23 14:05:54.656 [main] PropertyBinder - Building property updateDateTime
[DEBUG] 2020-02-23 14:05:54.657 [main] Ejb3Column - Binding column: Ejb3Column{table=org.hibernate.mapping.Table(USERS), mappingColumn=user_name, insertable=true, updatable=true, unique=false}
[DEBUG] 2020-02-23 14:05:54.657 [main] PropertyBinder - MetadataSourceProcessor property userName with lazy=false
[DEBUG] 2020-02-23 14:05:54.657 [main] AbstractPropertyHolder - Attempting to locate auto-apply AttributeConverter for property [com.mattanderson.carbConscious.entity.User:userName]
[DEBUG] 2020-02-23 14:05:54.657 [main] SimpleValueBinder - building SimpleValue for userName
[DEBUG] 2020-02-23 14:05:54.657 [main] PropertyBinder - Building property userName
[DEBUG] 2020-02-23 14:05:54.662 [main] AnnotationBinder - Binding entity from annotated class: com.mattanderson.carbConscious.entity.UserRole
[DEBUG] 2020-02-23 14:05:54.662 [main] Ejb3Column - Binding column: Ejb3DiscriminatorColumn{logicalColumnName'DTYPE', discriminatorTypeName='string'}
[DEBUG] 2020-02-23 14:05:54.663 [main] EntityBinder - Import with entity name UserRole
[DEBUG] 2020-02-23 14:05:54.664 [main] EntityBinder - Bind entity com.mattanderson.carbConscious.entity.UserRole on table USER_ROLES
[DEBUG] 2020-02-23 14:05:54.672 [main] Ejb3Column - Binding column: Ejb3Column{table=org.hibernate.mapping.Table(USER_ROLES), mappingColumn=id, insertable=true, updatable=true, unique=false}
[DEBUG] 2020-02-23 14:05:54.672 [main] PropertyBinder - MetadataSourceProcessor property id with lazy=false
[DEBUG] 2020-02-23 14:05:54.672 [main] AbstractPropertyHolder - Attempting to locate auto-apply AttributeConverter for property [com.mattanderson.carbConscious.entity.UserRole:id]
[DEBUG] 2020-02-23 14:05:54.672 [main] SimpleValueBinder - building SimpleValue for id
[DEBUG] 2020-02-23 14:05:54.673 [main] PropertyBinder - Building property id
[DEBUG] 2020-02-23 14:05:54.673 [main] BinderHelper - #makeIdGenerator(org.hibernate.mapping.SimpleValue([org.hibernate.mapping.Column(id)]), id, org.hibernate.id.enhanced.SequenceStyleGenerator, native, ...)
[DEBUG] 2020-02-23 14:05:54.673 [main] Ejb3Column - Binding column: Ejb3Column{table=org.hibernate.mapping.Table(USER_ROLES), mappingColumn=creation_datetime, insertable=true, updatable=true, unique=false}
[DEBUG] 2020-02-23 14:05:54.674 [main] PropertyBinder - MetadataSourceProcessor property creationDateTime with lazy=false
[DEBUG] 2020-02-23 14:05:54.674 [main] AbstractPropertyHolder - Attempting to locate auto-apply AttributeConverter for property [com.mattanderson.carbConscious.entity.UserRole:creationDateTime]
[DEBUG] 2020-02-23 14:05:54.674 [main] SimpleValueBinder - building SimpleValue for creationDateTime
[DEBUG] 2020-02-23 14:05:54.675 [main] PropertyBinder - Building property creationDateTime
[DEBUG] 2020-02-23 14:05:54.675 [main] Ejb3Column - Binding column: Ejb3Column{table=org.hibernate.mapping.Table(USER_ROLES), mappingColumn=role_name, insertable=true, updatable=true, unique=false}
[DEBUG] 2020-02-23 14:05:54.676 [main] PropertyBinder - MetadataSourceProcessor property name with lazy=false
[DEBUG] 2020-02-23 14:05:54.677 [main] AbstractPropertyHolder - Attempting to locate auto-apply AttributeConverter for property [com.mattanderson.carbConscious.entity.UserRole:name]
[DEBUG] 2020-02-23 14:05:54.677 [main] SimpleValueBinder - building SimpleValue for name
[DEBUG] 2020-02-23 14:05:54.678 [main] PropertyBinder - Building property name
[DEBUG] 2020-02-23 14:05:54.678 [main] Ejb3Column - Binding column: Ejb3JoinColumn{logicalColumnName='user_name', referencedColumn='user_name', mappedBy=''}
[DEBUG] 2020-02-23 14:05:54.678 [main] Ejb3Column - Binding column: Ejb3Column{table=org.hibernate.mapping.Table(USER_ROLES), mappingColumn=user, insertable=true, updatable=true, unique=false}
[DEBUG] 2020-02-23 14:05:54.681 [main] PropertyBinder - Building property user
[DEBUG] 2020-02-23 14:05:54.686 [main] SimpleValueBinder - Starting fillSimpleValue for id
[DEBUG] 2020-02-23 14:05:54.686 [main] SimpleValueBinder - Starting fillSimpleValue for creationDateTime
[DEBUG] 2020-02-23 14:05:54.687 [main] SimpleValueBinder - Starting fillSimpleValue for email
[DEBUG] 2020-02-23 14:05:54.687 [main] SimpleValueBinder - Starting fillSimpleValue for firstName
[DEBUG] 2020-02-23 14:05:54.687 [main] SimpleValueBinder - Starting fillSimpleValue for lastName
[DEBUG] 2020-02-23 14:05:54.687 [main] SimpleValueBinder - Starting fillSimpleValue for password
[DEBUG] 2020-02-23 14:05:54.687 [main] SimpleValueBinder - Starting fillSimpleValue for updateDateTime
[DEBUG] 2020-02-23 14:05:54.687 [main] SimpleValueBinder - Starting fillSimpleValue for userName
[DEBUG] 2020-02-23 14:05:54.687 [main] SimpleValueBinder - Starting fillSimpleValue for id
[DEBUG] 2020-02-23 14:05:54.687 [main] SimpleValueBinder - Starting fillSimpleValue for creationDateTime
[DEBUG] 2020-02-23 14:05:54.688 [main] SimpleValueBinder - Starting fillSimpleValue for name
[DEBUG] 2020-02-23 14:05:54.702 [main] PrimaryKey - Forcing column [id] to be non-null as it is part of the primary key for table [users]
[DEBUG] 2020-02-23 14:05:54.702 [main] PrimaryKey - Forcing column [id] to be non-null as it is part of the primary key for table [user_roles]
[DEBUG] 2020-02-23 14:05:54.703 [main] CollectionSecondPass - Second pass for collection: com.mattanderson.carbConscious.entity.User.roles
[DEBUG] 2020-02-23 14:05:54.703 [main] CollectionBinder - Binding a OneToMany: com.mattanderson.carbConscious.entity.User.roles through a foreign key
[DEBUG] 2020-02-23 14:05:54.706 [main] CollectionBinder - Mapping collection: com.mattanderson.carbConscious.entity.User.roles -> USER_ROLES
[DEBUG] 2020-02-23 14:05:54.712 [main] TableBinder - Retrieving property com.mattanderson.carbConscious.entity.UserRole.user
[DEBUG] 2020-02-23 14:05:54.713 [main] CollectionSecondPass - Mapped collection key: user_name, one-to-many: com.mattanderson.carbConscious.entity.UserRole
[DEBUG] 2020-02-23 14:05:54.713 [main] InFlightMetadataCollectorImpl - Processing association property references
[DEBUG] 2020-02-23 14:05:54.713 [main] InFlightMetadataCollectorImpl - Resolving reference to class: com.mattanderson.carbConscious.entity.User
[DEBUG] 2020-02-23 14:05:54.719 [main] InFlightMetadataCollectorImpl - Processing association property references
[DEBUG] 2020-02-23 14:05:54.719 [main] InFlightMetadataCollectorImpl - Resolving reference to class: com.mattanderson.carbConscious.entity.User
[DEBUG] 2020-02-23 14:05:54.857 [main] SessionFactoryImpl - Building session factory
[DEBUG] 2020-02-23 14:05:54.859 [main] Settings - SessionFactory name : null
[DEBUG] 2020-02-23 14:05:54.859 [main] Settings - Automatic flush during beforeCompletion(): enabled
[DEBUG] 2020-02-23 14:05:54.859 [main] Settings - Automatic session close at end of transaction: disabled
[DEBUG] 2020-02-23 14:05:54.860 [main] Settings - Statistics: disabled
[DEBUG] 2020-02-23 14:05:54.860 [main] Settings - Deleted entity synthetic identifier rollback: disabled
[DEBUG] 2020-02-23 14:05:54.860 [main] Settings - Default entity-mode: pojo
[DEBUG] 2020-02-23 14:05:54.860 [main] Settings - Check Nullability in Core (should be disabled when Bean Validation is on): enabled
[DEBUG] 2020-02-23 14:05:54.860 [main] Settings - Allow initialization of lazy state outside session : disabled
[DEBUG] 2020-02-23 14:05:54.860 [main] Settings - Using BatchFetchStyle : LEGACY
[DEBUG] 2020-02-23 14:05:54.860 [main] Settings - Default batch fetch size: -1
[DEBUG] 2020-02-23 14:05:54.861 [main] Settings - Maximum outer join fetch depth: 2
[DEBUG] 2020-02-23 14:05:54.861 [main] Settings - Default null ordering: NONE
[DEBUG] 2020-02-23 14:05:54.861 [main] Settings - Order SQL updates by primary key: disabled
[DEBUG] 2020-02-23 14:05:54.861 [main] Settings - Order SQL inserts for batching: disabled
[DEBUG] 2020-02-23 14:05:54.861 [main] Settings - multi-tenancy strategy : NONE
[DEBUG] 2020-02-23 14:05:54.861 [main] Settings - JTA Track by Thread: enabled
[DEBUG] 2020-02-23 14:05:54.861 [main] Settings - Query language substitutions: {}
[DEBUG] 2020-02-23 14:05:54.862 [main] Settings - Named query checking : enabled
[DEBUG] 2020-02-23 14:05:54.862 [main] Settings - Second-level cache: disabled
[DEBUG] 2020-02-23 14:05:54.862 [main] Settings - Second-level query cache: disabled
[DEBUG] 2020-02-23 14:05:54.862 [main] Settings - Second-level query cache factory: null
[DEBUG] 2020-02-23 14:05:54.862 [main] Settings - Second-level cache region prefix: null
[DEBUG] 2020-02-23 14:05:54.862 [main] Settings - Optimize second-level cache for minimal puts: disabled
[DEBUG] 2020-02-23 14:05:54.862 [main] Settings - Structured second-level cache entries: disabled
[DEBUG] 2020-02-23 14:05:54.863 [main] Settings - Second-level cache direct-reference entries: disabled
[DEBUG] 2020-02-23 14:05:54.863 [main] Settings - Automatic eviction of collection cache: disabled
[DEBUG] 2020-02-23 14:05:54.863 [main] Settings - JDBC batch size: 15
[DEBUG] 2020-02-23 14:05:54.863 [main] Settings - JDBC batch updates for versioned data: enabled
[DEBUG] 2020-02-23 14:05:54.863 [main] Settings - Scrollable result sets: enabled
[DEBUG] 2020-02-23 14:05:54.863 [main] Settings - Wrap result sets: disabled
[DEBUG] 2020-02-23 14:05:54.863 [main] Settings - JDBC3 getGeneratedKeys(): enabled
[DEBUG] 2020-02-23 14:05:54.864 [main] Settings - JDBC result set fetch size: null
[DEBUG] 2020-02-23 14:05:54.864 [main] Settings - Connection release mode: AFTER_TRANSACTION
[DEBUG] 2020-02-23 14:05:54.864 [main] Settings - Generate SQL with comments: disabled
[DEBUG] 2020-02-23 14:05:54.864 [main] Settings - JPA compliance - query : 
[DEBUG] 2020-02-23 14:05:54.864 [main] Settings - JPA compliance - closed-handling : 
[DEBUG] 2020-02-23 14:05:54.864 [main] Settings - JPA compliance - lists : 
[DEBUG] 2020-02-23 14:05:54.864 [main] Settings - JPA compliance - transactions : 
[INFO ] 2020-02-23 14:05:54.973 [main] beans - HHH10005002: No explicit CDI BeanManager reference was passed to Hibernate, but CDI is available on the Hibernate ClassLoader.
[DEBUG] 2020-02-23 14:05:55.019 [main] SessionFactoryImpl - Session factory constructed with filter configurations : {}
[DEBUG] 2020-02-23 14:05:55.019 [main] SessionFactoryImpl - Instantiating session factory with properties: {sun.desktop=gnome, awt.toolkit=sun.awt.X11.XToolkit, java.specification.version=11, sun.cpu.isalist=, hibernate.c3p0.idle_test_period=3000, sun.jnu.encoding=UTF-8, hibernate.c3p0.min_size=5, java.class.path=/home/student/intellij/lib/idea_rt.jar:/home/student/intellij/plugins/junit/lib/junit5-rt.jar:/home/student/intellij/plugins/junit/lib/junit-rt.jar:/home/student/IdeaProjects/carbConscious/target/test-classes:/home/student/IdeaProjects/carbConscious/target/classes:/home/student/.m2/repository/org/junit/platform/junit-platform-runner/1.0.0/junit-platform-runner-1.0.0.jar:/home/student/.m2/repository/org/apiguardian/apiguardian-api/1.0.0/apiguardian-api-1.0.0.jar:/home/student/.m2/repository/org/junit/platform/junit-platform-launcher/1.0.0/junit-platform-launcher-1.0.0.jar:/home/student/.m2/repository/org/junit/platform/junit-platform-suite-api/1.0.0/junit-platform-suite-api-1.0.0.jar:/home/student/.m2/repository/org/junit/platform/junit-platform-commons/1.0.0/junit-platform-commons-1.0.0.jar:/home/student/.m2/repository/org/junit/vintage/junit-vintage-engine/4.12.0/junit-vintage-engine-4.12.0.jar:/home/student/.m2/repository/org/junit/platform/junit-platform-engine/1.0.0/junit-platform-engine-1.0.0.jar:/home/student/.m2/repository/org/opentest4j/opentest4j/1.0.0/opentest4j-1.0.0.jar:/home/student/.m2/repository/org/junit/jupiter/junit-jupiter-engine/5.0.0/junit-jupiter-engine-5.0.0.jar:/home/student/.m2/repository/org/junit/jupiter/junit-jupiter-api/5.0.0/junit-jupiter-api-5.0.0.jar:/home/student/.m2/repository/junit/junit/4.12/junit-4.12.jar:/home/student/.m2/repository/org/hamcrest/hamcrest-core/1.3/hamcrest-core-1.3.jar:/home/student/.m2/repository/javax/javaee-web-api/7.0/javaee-web-api-7.0.jar:/home/student/.m2/repository/mysql/mysql-connector-java/8.0.16/mysql-connector-java-8.0.16.jar:/home/student/.m2/repository/com/google/protobuf/protobuf-java/3.6.1/protobuf-java-3.6.1.jar:/home/student/.m2/repository/jstl/jstl/1.2/jstl-1.2.jar:/home/student/.m2/repository/org/apache/logging/log4j/log4j-api/2.10.0/log4j-api-2.10.0.jar:/home/student/.m2/repository/org/apache/logging/log4j/log4j-core/2.10.0/log4j-core-2.10.0.jar:/home/student/.m2/repository/org/hibernate/hibernate-core/5.4.4.Final/hibernate-core-5.4.4.Final.jar:/home/student/.m2/repository/org/jboss/logging/jboss-logging/3.3.2.Final/jboss-logging-3.3.2.Final.jar:/home/student/.m2/repository/javax/persistence/javax.persistence-api/2.2/javax.persistence-api-2.2.jar:/home/student/.m2/repository/org/javassist/javassist/3.24.0-GA/javassist-3.24.0-GA.jar:/home/student/.m2/repository/net/bytebuddy/byte-buddy/1.9.11/byte-buddy-1.9.11.jar:/home/student/.m2/repository/antlr/antlr/2.7.7/antlr-2.7.7.jar:/home/student/.m2/repository/org/jboss/spec/javax/transaction/jboss-transaction-api_1.2_spec/1.1.1.Final/jboss-transaction-api_1.2_spec-1.1.1.Final.jar:/home/student/.m2/repository/org/jboss/jandex/2.0.5.Final/jandex-2.0.5.Final.jar:/home/student/.m2/repository/com/fasterxml/classmate/1.3.4/classmate-1.3.4.jar:/home/student/.m2/repository/javax/activation/javax.activation-api/1.2.0/javax.activation-api-1.2.0.jar:/home/student/.m2/repository/org/dom4j/dom4j/2.1.1/dom4j-2.1.1.jar:/home/student/.m2/repository/org/hibernate/common/hibernate-commons-annotations/5.1.0.Final/hibernate-commons-annotations-5.1.0.Final.jar:/home/student/.m2/repository/javax/xml/bind/jaxb-api/2.3.1/jaxb-api-2.3.1.jar:/home/student/.m2/repository/org/glassfish/jaxb/jaxb-runtime/2.3.1/jaxb-runtime-2.3.1.jar:/home/student/.m2/repository/org/glassfish/jaxb/txw2/2.3.1/txw2-2.3.1.jar:/home/student/.m2/repository/com/sun/istack/istack-commons-runtime/3.0.7/istack-commons-runtime-3.0.7.jar:/home/student/.m2/repository/org/jvnet/staxex/stax-ex/1.8/stax-ex-1.8.jar:/home/student/.m2/repository/com/sun/xml/fastinfoset/FastInfoset/1.2.15/FastInfoset-1.2.15.jar:/home/student/.m2/repository/org/hibernate/hibernate-c3p0/5.4.4.Final/hibernate-c3p0-5.4.4.Final.jar:/home/student/.m2/repository/com/mchange/c3p0/0.9.5.3/c3p0-0.9.5.3.jar:/home/student/.m2/repository/com/mchange/mchange-commons-java/0.2.15/mchange-commons-java-0.2.15.jar:/home/student/.m2/repository/org/hibernate/hibernate-validator/5.4.1.Final/hibernate-validator-5.4.1.Final.jar:/home/student/.m2/repository/javax/validation/validation-api/1.1.0.Final/validation-api-1.1.0.Final.jar:/home/student/.m2/repository/org/hibernate/validator/hibernate-validator-annotation-processor/6.1.2.Final/hibernate-validator-annotation-processor-6.1.2.Final.jar, java.vm.vendor=Ubuntu, sun.arch.data.model=64, idea.test.cyclic.buffer.size=1048576, java.vendor.url=https://ubuntu.com/, user.timezone=America/Chicago, os.name=Linux, java.vm.specification.version=11, sun.java.launcher=SUN_STANDARD, user.country=US, sun.boot.library.path=/usr/lib/jvm/java-11-openjdk-amd64/lib, sun.java.command=com.intellij.rt.junit.JUnitStarter -ideVersion5 -junit5 com.mattanderson.carbConscious.persistence.UserRoleDaoTest,getAllSuccess, jdk.debug=release, sun.cpu.endian=little, user.home=/home/student, hibernate.c3p0.max_statements=50, user.language=en, java.specification.vendor=Oracle Corporation, java.version.date=2020-01-14, java.home=/usr/lib/jvm/java-11-openjdk-amd64, file.separator=/, java.vm.compressedOopsMode=32-bit, line.separator=
, hibernate.c3p0.timeout=300, java.specification.name=Java Platform API Specification, java.vm.specification.vendor=Oracle Corporation, java.awt.graphicsenv=sun.awt.X11GraphicsEnvironment, connection.password=student, sun.management.compiler=HotSpot 64-Bit Tiered Compilers, hibernate.c3p0.max_size=20, java.runtime.version=11.0.6+10-post-Ubuntu-1ubuntu118.04.1, user.name=student, path.separator=:, hibernate.connection.username=****, os.version=5.3.0-40-generic, java.runtime.name=OpenJDK Runtime Environment, hibernate.connection.url=jdbc:mysql://localhost:3306/test_carb_conscious, file.encoding=UTF-8, java.vm.name=OpenJDK 64-Bit Server VM, hibernate.connection.driver_class=com.mysql.cj.jdbc.Driver, java.vendor.url.bug=https://bugs.launchpad.net/ubuntu/+source/openjdk-lts, java.io.tmpdir=/tmp, java.version=11.0.6, user.dir=/home/student/IdeaProjects/carbConscious, os.arch=amd64, connection.username=root, java.vm.specification.name=Java Virtual Machine Specification, java.awt.printerjob=sun.print.PSPrinterJob, hibernate.connection.password=****, sun.os.patch.level=unknown, connection.driver_class=com.mysql.cj.jdbc.Driver, hibernate.boot.CfgXmlAccessService.key=org.hibernate.boot.cfgxml.spi.LoadedConfig@6f9c5048, java.library.path=/usr/java/packages/lib:/usr/lib/x86_64-linux-gnu/jni:/lib/x86_64-linux-gnu:/usr/lib/x86_64-linux-gnu:/usr/lib/jni:/lib:/usr/lib, java.vendor=Ubuntu, java.vm.info=mixed mode, sharing, java.vm.version=11.0.6+10-post-Ubuntu-1ubuntu118.04.1, hibernate.bytecode.use_reflection_optimizer=false, sun.io.unicode.encoding=UnicodeLittle, connection.url=jdbc:mysql://localhost:3306/test_carb_conscious, java.class.version=55.0}
[INFO ] 2020-02-23 14:05:55.060 [main] Version - HV000001: Hibernate Validator 5.4.1.Final
[DEBUG] 2020-02-23 14:05:55.080 [main] DefaultTraversableResolver - Found javax.persistence.Persistence on classpath containing 'getPersistenceUtil'. Assuming JPA 2 environment. Trying to instantiate JPA aware TraversableResolver
[DEBUG] 2020-02-23 14:05:55.082 [main] DefaultTraversableResolver - Instantiated JPA aware TraversableResolver of type org.hibernate.validator.internal.engine.resolver.JPATraversableResolver.
[DEBUG] 2020-02-23 14:05:55.087 [main] ValidationXmlParser - Trying to load META-INF/validation.xml for XML based Validator configuration.
[DEBUG] 2020-02-23 14:05:55.089 [main] ResourceLoaderHelper - Trying to load META-INF/validation.xml via TCCL
[DEBUG] 2020-02-23 14:05:55.090 [main] ResourceLoaderHelper - Trying to load META-INF/validation.xml via Hibernate Validator's class loader
[DEBUG] 2020-02-23 14:05:55.090 [main] ValidationXmlParser - No META-INF/validation.xml found. Using annotation based configuration only.
[DEBUG] 2020-02-23 14:05:55.106 [main] TypeSafeActivator - Unable to acquire Bean Validation ValidatorFactory, skipping activation
[DEBUG] 2020-02-23 14:05:55.106 [main] JaccIntegrator - Skipping JACC integration as it was not enabled
[DEBUG] 2020-02-23 14:05:55.107 [main] SessionFactoryImpl - Instantiated session factory
[DEBUG] 2020-02-23 14:05:55.108 [main] TypeConfiguration$Scope - Scoping TypeConfiguration [org.hibernate.type.spi.TypeConfiguration@2009f9b0] to SessionFactoryImpl [org.hibernate.internal.SessionFactoryImpl@73ae0257]
[DEBUG] 2020-02-23 14:05:55.176 [main] ClassLoaderAccessImpl - Not known whether passed class name [com.mattanderson.carbConscious.entity.UserRole] is safe
[DEBUG] 2020-02-23 14:05:55.178 [main] ClassLoaderAccessImpl - No temp ClassLoader provided; using live ClassLoader for loading potentially unsafe class : com.mattanderson.carbConscious.entity.UserRole
[DEBUG] 2020-02-23 14:05:55.201 [main] ClassLoaderAccessImpl - Not known whether passed class name [com.mattanderson.carbConscious.entity.UserRole] is safe
[DEBUG] 2020-02-23 14:05:55.201 [main] ClassLoaderAccessImpl - No temp ClassLoader provided; using live ClassLoader for loading potentially unsafe class : com.mattanderson.carbConscious.entity.UserRole
[DEBUG] 2020-02-23 14:05:55.428 [main] ClassLoaderAccessImpl - Not known whether passed class name [com.mattanderson.carbConscious.entity.User] is safe
[DEBUG] 2020-02-23 14:05:55.428 [main] ClassLoaderAccessImpl - No temp ClassLoader provided; using live ClassLoader for loading potentially unsafe class : com.mattanderson.carbConscious.entity.User
[DEBUG] 2020-02-23 14:05:55.431 [main] ClassLoaderAccessImpl - Not known whether passed class name [com.mattanderson.carbConscious.entity.User] is safe
[DEBUG] 2020-02-23 14:05:55.431 [main] ClassLoaderAccessImpl - No temp ClassLoader provided; using live ClassLoader for loading potentially unsafe class : com.mattanderson.carbConscious.entity.User
[DEBUG] 2020-02-23 14:05:55.486 [main] AbstractCollectionPersister - Static SQL for collection: com.mattanderson.carbConscious.entity.User.roles
[DEBUG] 2020-02-23 14:05:55.486 [main] AbstractCollectionPersister -  Row insert: update USER_ROLES set user_name=? where id=?
[DEBUG] 2020-02-23 14:05:55.486 [main] AbstractCollectionPersister -  Row update: update USER_ROLES set  where id=?
[DEBUG] 2020-02-23 14:05:55.487 [main] AbstractCollectionPersister -  Row delete: update USER_ROLES set user_name=null where user_name=? and id=?
[DEBUG] 2020-02-23 14:05:55.487 [main] AbstractCollectionPersister -  One-shot delete: update USER_ROLES set user_name=null where user_name=?
[DEBUG] 2020-02-23 14:05:55.490 [main] AbstractEntityPersister - Static SQL for entity: com.mattanderson.carbConscious.entity.UserRole
[DEBUG] 2020-02-23 14:05:55.490 [main] AbstractEntityPersister -  Version select: select id from USER_ROLES where id =?
[DEBUG] 2020-02-23 14:05:55.490 [main] AbstractEntityPersister -  Snapshot select: select userrole_.id, userrole_.creation_datetime as creation2_0_, userrole_.role_name as role_nam3_0_, userrole_.user_name as user_nam4_0_ from USER_ROLES userrole_ where userrole_.id=?
[DEBUG] 2020-02-23 14:05:55.490 [main] AbstractEntityPersister -  Insert 0: insert into USER_ROLES (creation_datetime, role_name, user_name, id) values (?, ?, ?, ?)
[DEBUG] 2020-02-23 14:05:55.491 [main] AbstractEntityPersister -  Update 0: update USER_ROLES set creation_datetime=?, role_name=?, user_name=? where id=?
[DEBUG] 2020-02-23 14:05:55.491 [main] AbstractEntityPersister -  Delete 0: delete from USER_ROLES where id=?
[DEBUG] 2020-02-23 14:05:55.491 [main] AbstractEntityPersister -  Identity insert: insert into USER_ROLES (creation_datetime, role_name, user_name) values (?, ?, ?)
[DEBUG] 2020-02-23 14:05:55.510 [main] QuerySpacesImpl - Adding QuerySpace : uid = <gen:0> -> org.hibernate.loader.plan.build.internal.spaces.EntityQuerySpaceImpl@28279a49]
[DEBUG] 2020-02-23 14:05:55.511 [main] MetamodelGraphWalker - Visiting attribute path : creationDateTime
[DEBUG] 2020-02-23 14:05:55.512 [main] MetamodelGraphWalker - Visiting attribute path : name
[DEBUG] 2020-02-23 14:05:55.512 [main] MetamodelGraphWalker - Visiting attribute path : user
[DEBUG] 2020-02-23 14:05:55.516 [main] QuerySpacesImpl - Adding QuerySpace : uid = <gen:1> -> org.hibernate.loader.plan.build.internal.spaces.EntityQuerySpaceImpl@11381415]
[DEBUG] 2020-02-23 14:05:55.518 [main] MetamodelGraphWalker - Visiting attribute path : user.creationDateTime
[DEBUG] 2020-02-23 14:05:55.518 [main] MetamodelGraphWalker - Visiting attribute path : user.email
[DEBUG] 2020-02-23 14:05:55.518 [main] MetamodelGraphWalker - Visiting attribute path : user.firstName
[DEBUG] 2020-02-23 14:05:55.518 [main] MetamodelGraphWalker - Visiting attribute path : user.lastName
[DEBUG] 2020-02-23 14:05:55.518 [main] MetamodelGraphWalker - Visiting attribute path : user.password
[DEBUG] 2020-02-23 14:05:55.518 [main] MetamodelGraphWalker - Visiting attribute path : user.roles
[DEBUG] 2020-02-23 14:05:55.518 [main] MetamodelGraphWalker - Property path deemed to be circular : user.roles
[DEBUG] 2020-02-23 14:05:55.519 [main] MetamodelGraphWalker - Visiting attribute path : user.updateDateTime
[DEBUG] 2020-02-23 14:05:55.519 [main] MetamodelGraphWalker - Visiting attribute path : user.userName
[DEBUG] 2020-02-23 14:05:55.519 [main] MetamodelGraphWalker - Visiting attribute path : user._com_mattanderson_carbConscious_entity_UserRole_user
[DEBUG] 2020-02-23 14:05:55.520 [main] QuerySpacesImpl - Adding QuerySpace : uid = <gen:2> -> org.hibernate.loader.plan.build.internal.spaces.CompositeQuerySpaceImpl@4872669f]
[DEBUG] 2020-02-23 14:05:55.522 [main] MetamodelGraphWalker - Visiting attribute path : user._com_mattanderson_carbConscious_entity_UserRole_user.userName
[DEBUG] 2020-02-23 14:05:55.523 [main] FetchStyleLoadPlanBuildingAssociationVisitationStrategy - Building LoadPlan...
[DEBUG] 2020-02-23 14:05:55.536 [main] LoadQueryJoinAndFetchProcessor - processing queryspace <gen:0>
[DEBUG] 2020-02-23 14:05:55.542 [main] LoadPlanTreePrinter - LoadPlan(entity=com.mattanderson.carbConscious.entity.UserRole)
    - Returns
       - EntityReturnImpl(entity=com.mattanderson.carbConscious.entity.UserRole, querySpaceUid=<gen:0>, path=com.mattanderson.carbConscious.entity.UserRole)
          - EntityAttributeFetchImpl(entity=com.mattanderson.carbConscious.entity.User, querySpaceUid=<gen:1>, path=com.mattanderson.carbConscious.entity.UserRole.user)
             - CompositeAttributeFetchImpl(composite=com.mattanderson.carbConscious.entity.User, querySpaceUid=<gen:2>, path=com.mattanderson.carbConscious.entity.UserRole.user._com_mattanderson_carbConscious_entity_UserRole_user)
    - QuerySpaces
       - EntityQuerySpaceImpl(uid=<gen:0>, entity=com.mattanderson.carbConscious.entity.UserRole)
          - SQL table alias mapping - userrole0_
          - alias suffix - 0_
          - suffixed key columns - {id1_0_0_}
          - JOIN (JoinDefinedByMetadata(user)) : <gen:0> -> <gen:1>
             - EntityQuerySpaceImpl(uid=<gen:1>, entity=com.mattanderson.carbConscious.entity.User)
                - SQL table alias mapping - user1_
                - alias suffix - 1_
                - suffixed key columns - {id1_1_1_}
                - JOIN (JoinDefinedByMetadata(_com_mattanderson_carbConscious_entity_UserRole_user)) : <gen:1> -> <gen:2>
                   - CompositeQuerySpaceImpl(uid=<gen:2>)
                      - SQL table alias mapping - user1_

[DEBUG] 2020-02-23 14:05:55.544 [main] EntityLoader - Static select for entity com.mattanderson.carbConscious.entity.UserRole [NONE]: select userrole0_.id as id1_0_0_, userrole0_.creation_datetime as creation2_0_0_, userrole0_.role_name as role_nam3_0_0_, userrole0_.user_name as user_nam4_0_0_, user1_.id as id1_1_1_, user1_.creation_datetime as creation2_1_1_, user1_.email as email3_1_1_, user1_.first_name as first_na4_1_1_, user1_.last_name as last_nam5_1_1_, user1_.password as password6_1_1_, user1_.update_datetime as update_d7_1_1_, user1_.user_name as user_nam8_1_1_ from USER_ROLES userrole0_ left outer join USERS user1_ on userrole0_.user_name=user1_.user_name where userrole0_.id=?
[DEBUG] 2020-02-23 14:05:55.544 [main] QuerySpacesImpl - Adding QuerySpace : uid = <gen:0> -> org.hibernate.loader.plan.build.internal.spaces.EntityQuerySpaceImpl@4a070cf0]
[DEBUG] 2020-02-23 14:05:55.545 [main] MetamodelGraphWalker - Visiting attribute path : creationDateTime
[DEBUG] 2020-02-23 14:05:55.545 [main] MetamodelGraphWalker - Visiting attribute path : name
[DEBUG] 2020-02-23 14:05:55.545 [main] MetamodelGraphWalker - Visiting attribute path : user
[DEBUG] 2020-02-23 14:05:55.545 [main] QuerySpacesImpl - Adding QuerySpace : uid = <gen:1> -> org.hibernate.loader.plan.build.internal.spaces.EntityQuerySpaceImpl@202d9236]
[DEBUG] 2020-02-23 14:05:55.545 [main] MetamodelGraphWalker - Visiting attribute path : user.creationDateTime
[DEBUG] 2020-02-23 14:05:55.545 [main] MetamodelGraphWalker - Visiting attribute path : user.email
[DEBUG] 2020-02-23 14:05:55.545 [main] MetamodelGraphWalker - Visiting attribute path : user.firstName
[DEBUG] 2020-02-23 14:05:55.545 [main] MetamodelGraphWalker - Visiting attribute path : user.lastName
[DEBUG] 2020-02-23 14:05:55.545 [main] MetamodelGraphWalker - Visiting attribute path : user.password
[DEBUG] 2020-02-23 14:05:55.545 [main] MetamodelGraphWalker - Visiting attribute path : user.roles
[DEBUG] 2020-02-23 14:05:55.545 [main] MetamodelGraphWalker - Property path deemed to be circular : user.roles
[DEBUG] 2020-02-23 14:05:55.546 [main] MetamodelGraphWalker - Visiting attribute path : user.updateDateTime
[DEBUG] 2020-02-23 14:05:55.546 [main] MetamodelGraphWalker - Visiting attribute path : user.userName
[DEBUG] 2020-02-23 14:05:55.546 [main] MetamodelGraphWalker - Visiting attribute path : user._com_mattanderson_carbConscious_entity_UserRole_user
[DEBUG] 2020-02-23 14:05:55.546 [main] QuerySpacesImpl - Adding QuerySpace : uid = <gen:2> -> org.hibernate.loader.plan.build.internal.spaces.CompositeQuerySpaceImpl@6d6ac396]
[DEBUG] 2020-02-23 14:05:55.546 [main] MetamodelGraphWalker - Visiting attribute path : user._com_mattanderson_carbConscious_entity_UserRole_user.userName
[DEBUG] 2020-02-23 14:05:55.546 [main] FetchStyleLoadPlanBuildingAssociationVisitationStrategy - Building LoadPlan...
[DEBUG] 2020-02-23 14:05:55.546 [main] LoadQueryJoinAndFetchProcessor - processing queryspace <gen:0>
[DEBUG] 2020-02-23 14:05:55.547 [main] LoadPlanTreePrinter - LoadPlan(entity=com.mattanderson.carbConscious.entity.UserRole)
    - Returns
       - EntityReturnImpl(entity=com.mattanderson.carbConscious.entity.UserRole, querySpaceUid=<gen:0>, path=com.mattanderson.carbConscious.entity.UserRole)
          - EntityAttributeFetchImpl(entity=com.mattanderson.carbConscious.entity.User, querySpaceUid=<gen:1>, path=com.mattanderson.carbConscious.entity.UserRole.user)
             - CompositeAttributeFetchImpl(composite=com.mattanderson.carbConscious.entity.User, querySpaceUid=<gen:2>, path=com.mattanderson.carbConscious.entity.UserRole.user._com_mattanderson_carbConscious_entity_UserRole_user)
    - QuerySpaces
       - EntityQuerySpaceImpl(uid=<gen:0>, entity=com.mattanderson.carbConscious.entity.UserRole)
          - SQL table alias mapping - userrole0_
          - alias suffix - 0_
          - suffixed key columns - {id1_0_0_}
          - JOIN (JoinDefinedByMetadata(user)) : <gen:0> -> <gen:1>
             - EntityQuerySpaceImpl(uid=<gen:1>, entity=com.mattanderson.carbConscious.entity.User)
                - SQL table alias mapping - user1_
                - alias suffix - 1_
                - suffixed key columns - {id1_1_1_}
                - JOIN (JoinDefinedByMetadata(_com_mattanderson_carbConscious_entity_UserRole_user)) : <gen:1> -> <gen:2>
                   - CompositeQuerySpaceImpl(uid=<gen:2>)
                      - SQL table alias mapping - user1_

[DEBUG] 2020-02-23 14:05:55.547 [main] EntityLoader - Static select for entity com.mattanderson.carbConscious.entity.UserRole [READ]: select userrole0_.id as id1_0_0_, userrole0_.creation_datetime as creation2_0_0_, userrole0_.role_name as role_nam3_0_0_, userrole0_.user_name as user_nam4_0_0_, user1_.id as id1_1_1_, user1_.creation_datetime as creation2_1_1_, user1_.email as email3_1_1_, user1_.first_name as first_na4_1_1_, user1_.last_name as last_nam5_1_1_, user1_.password as password6_1_1_, user1_.update_datetime as update_d7_1_1_, user1_.user_name as user_nam8_1_1_ from USER_ROLES userrole0_ left outer join USERS user1_ on userrole0_.user_name=user1_.user_name where userrole0_.id=?
[DEBUG] 2020-02-23 14:05:55.559 [main] Loader - Static select for action ACTION_MERGE on entity com.mattanderson.carbConscious.entity.UserRole: select userrole0_.id as id1_0_0_, userrole0_.creation_datetime as creation2_0_0_, userrole0_.role_name as role_nam3_0_0_, userrole0_.user_name as user_nam4_0_0_ from USER_ROLES userrole0_ where userrole0_.id=?
[DEBUG] 2020-02-23 14:05:55.560 [main] Loader - Static select for action ACTION_REFRESH on entity com.mattanderson.carbConscious.entity.UserRole: select userrole0_.id as id1_0_0_, userrole0_.creation_datetime as creation2_0_0_, userrole0_.role_name as role_nam3_0_0_, userrole0_.user_name as user_nam4_0_0_ from USER_ROLES userrole0_ where userrole0_.id=?
[DEBUG] 2020-02-23 14:05:55.560 [main] AbstractEntityPersister - Static SQL for entity: com.mattanderson.carbConscious.entity.User
[DEBUG] 2020-02-23 14:05:55.560 [main] AbstractEntityPersister -  Version select: select id from USERS where id =?
[DEBUG] 2020-02-23 14:05:55.561 [main] AbstractEntityPersister -  Snapshot select: select user_.id, user_.creation_datetime as creation2_1_, user_.email as email3_1_, user_.first_name as first_na4_1_, user_.last_name as last_nam5_1_, user_.password as password6_1_, user_.update_datetime as update_d7_1_, user_.user_name as user_nam8_1_ from USERS user_ where user_.id=?
[DEBUG] 2020-02-23 14:05:55.561 [main] AbstractEntityPersister -  Insert 0: insert into USERS (creation_datetime, email, first_name, last_name, password, update_datetime, user_name, id) values (?, ?, ?, ?, ?, ?, ?, ?)
[DEBUG] 2020-02-23 14:05:55.561 [main] AbstractEntityPersister -  Update 0: update USERS set creation_datetime=?, email=?, first_name=?, last_name=?, password=?, update_datetime=?, user_name=? where id=?
[DEBUG] 2020-02-23 14:05:55.561 [main] AbstractEntityPersister -  Delete 0: delete from USERS where id=?
[DEBUG] 2020-02-23 14:05:55.561 [main] AbstractEntityPersister -  Identity insert: insert into USERS (creation_datetime, email, first_name, last_name, password, update_datetime, user_name) values (?, ?, ?, ?, ?, ?, ?)
[DEBUG] 2020-02-23 14:05:55.561 [main] QuerySpacesImpl - Adding QuerySpace : uid = <gen:0> -> org.hibernate.loader.plan.build.internal.spaces.EntityQuerySpaceImpl@4f93bf0a]
[DEBUG] 2020-02-23 14:05:55.561 [main] MetamodelGraphWalker - Visiting attribute path : creationDateTime
[DEBUG] 2020-02-23 14:05:55.561 [main] MetamodelGraphWalker - Visiting attribute path : email
[DEBUG] 2020-02-23 14:05:55.561 [main] MetamodelGraphWalker - Visiting attribute path : firstName
[DEBUG] 2020-02-23 14:05:55.561 [main] MetamodelGraphWalker - Visiting attribute path : lastName
[DEBUG] 2020-02-23 14:05:55.561 [main] MetamodelGraphWalker - Visiting attribute path : password
[DEBUG] 2020-02-23 14:05:55.561 [main] MetamodelGraphWalker - Visiting attribute path : roles
[DEBUG] 2020-02-23 14:05:55.562 [main] QuerySpacesImpl - Adding QuerySpace : uid = <gen:1> -> org.hibernate.loader.plan.build.internal.spaces.CollectionQuerySpaceImpl@58833798]
[DEBUG] 2020-02-23 14:05:55.564 [main] QuerySpacesImpl - Adding QuerySpace : uid = <gen:2> -> org.hibernate.loader.plan.build.internal.spaces.EntityQuerySpaceImpl@16d07cf3]
[DEBUG] 2020-02-23 14:05:55.565 [main] MetamodelGraphWalker - Visiting attribute path : roles.creationDateTime
[DEBUG] 2020-02-23 14:05:55.565 [main] MetamodelGraphWalker - Visiting attribute path : roles.name
[DEBUG] 2020-02-23 14:05:55.565 [main] MetamodelGraphWalker - Visiting attribute path : roles.user
[DEBUG] 2020-02-23 14:05:55.565 [main] MetamodelGraphWalker - Property path deemed to be circular : roles.user
[DEBUG] 2020-02-23 14:05:55.566 [main] MetamodelGraphWalker - Visiting attribute path : updateDateTime
[DEBUG] 2020-02-23 14:05:55.566 [main] MetamodelGraphWalker - Visiting attribute path : userName
[DEBUG] 2020-02-23 14:05:55.566 [main] MetamodelGraphWalker - Visiting attribute path : _com_mattanderson_carbConscious_entity_UserRole_user
[DEBUG] 2020-02-23 14:05:55.566 [main] QuerySpacesImpl - Adding QuerySpace : uid = <gen:3> -> org.hibernate.loader.plan.build.internal.spaces.CompositeQuerySpaceImpl@392781e]
[DEBUG] 2020-02-23 14:05:55.567 [main] MetamodelGraphWalker - Visiting attribute path : _com_mattanderson_carbConscious_entity_UserRole_user.userName
[DEBUG] 2020-02-23 14:05:55.567 [main] FetchStyleLoadPlanBuildingAssociationVisitationStrategy - Building LoadPlan...
[DEBUG] 2020-02-23 14:05:55.567 [main] LoadQueryJoinAndFetchProcessor - processing queryspace <gen:0>
[DEBUG] 2020-02-23 14:05:55.570 [main] LoadPlanTreePrinter - LoadPlan(entity=com.mattanderson.carbConscious.entity.User)
    - Returns
       - EntityReturnImpl(entity=com.mattanderson.carbConscious.entity.User, querySpaceUid=<gen:0>, path=com.mattanderson.carbConscious.entity.User)
          - CollectionAttributeFetchImpl(collection=com.mattanderson.carbConscious.entity.User.roles, querySpaceUid=<gen:1>, path=com.mattanderson.carbConscious.entity.User.roles)
             - (collection element) CollectionFetchableElementEntityGraph(entity=com.mattanderson.carbConscious.entity.UserRole, querySpaceUid=<gen:2>, path=com.mattanderson.carbConscious.entity.User.roles.<elements>)
          - CompositeAttributeFetchImpl(composite=com.mattanderson.carbConscious.entity.User, querySpaceUid=<gen:3>, path=com.mattanderson.carbConscious.entity.User._com_mattanderson_carbConscious_entity_UserRole_user)
    - QuerySpaces
       - EntityQuerySpaceImpl(uid=<gen:0>, entity=com.mattanderson.carbConscious.entity.User)
          - SQL table alias mapping - user0_
          - alias suffix - 0_
          - suffixed key columns - {id1_1_0_}
          - JOIN (JoinDefinedByMetadata(roles)) : <gen:0> -> <gen:1>
             - CollectionQuerySpaceImpl(uid=<gen:1>, collection=com.mattanderson.carbConscious.entity.User.roles)
                - SQL table alias mapping - roles1_
                - alias suffix - 1_
                - suffixed key columns - {user_nam4_0_1_}
                - entity-element alias suffix - 2_
                - 2_entity-element suffixed key columns - id1_0_2_
                - JOIN (JoinDefinedByMetadata(elements)) : <gen:1> -> <gen:2>
                   - EntityQuerySpaceImpl(uid=<gen:2>, entity=com.mattanderson.carbConscious.entity.UserRole)
                      - SQL table alias mapping - roles1_
                      - alias suffix - 2_
                      - suffixed key columns - {id1_0_2_}
          - JOIN (JoinDefinedByMetadata(_com_mattanderson_carbConscious_entity_UserRole_user)) : <gen:0> -> <gen:3>
             - CompositeQuerySpaceImpl(uid=<gen:3>)
                - SQL table alias mapping - user0_

[DEBUG] 2020-02-23 14:05:55.571 [main] EntityLoader - Static select for entity com.mattanderson.carbConscious.entity.User [NONE]: select user0_.id as id1_1_0_, user0_.creation_datetime as creation2_1_0_, user0_.email as email3_1_0_, user0_.first_name as first_na4_1_0_, user0_.last_name as last_nam5_1_0_, user0_.password as password6_1_0_, user0_.update_datetime as update_d7_1_0_, user0_.user_name as user_nam8_1_0_, roles1_.user_name as user_nam4_0_1_, roles1_.id as id1_0_1_, roles1_.id as id1_0_2_, roles1_.creation_datetime as creation2_0_2_, roles1_.role_name as role_nam3_0_2_, roles1_.user_name as user_nam4_0_2_ from USERS user0_ left outer join USER_ROLES roles1_ on user0_.user_name=roles1_.user_name where user0_.id=?
[DEBUG] 2020-02-23 14:05:55.571 [main] QuerySpacesImpl - Adding QuerySpace : uid = <gen:0> -> org.hibernate.loader.plan.build.internal.spaces.EntityQuerySpaceImpl@3f9b7fe1]
[DEBUG] 2020-02-23 14:05:55.571 [main] MetamodelGraphWalker - Visiting attribute path : creationDateTime
[DEBUG] 2020-02-23 14:05:55.571 [main] MetamodelGraphWalker - Visiting attribute path : email
[DEBUG] 2020-02-23 14:05:55.571 [main] MetamodelGraphWalker - Visiting attribute path : firstName
[DEBUG] 2020-02-23 14:05:55.571 [main] MetamodelGraphWalker - Visiting attribute path : lastName
[DEBUG] 2020-02-23 14:05:55.571 [main] MetamodelGraphWalker - Visiting attribute path : password
[DEBUG] 2020-02-23 14:05:55.571 [main] MetamodelGraphWalker - Visiting attribute path : roles
[DEBUG] 2020-02-23 14:05:55.571 [main] QuerySpacesImpl - Adding QuerySpace : uid = <gen:1> -> org.hibernate.loader.plan.build.internal.spaces.CollectionQuerySpaceImpl@5fdfe8cf]
[DEBUG] 2020-02-23 14:05:55.571 [main] QuerySpacesImpl - Adding QuerySpace : uid = <gen:2> -> org.hibernate.loader.plan.build.internal.spaces.EntityQuerySpaceImpl@2a8b33ba]
[DEBUG] 2020-02-23 14:05:55.572 [main] MetamodelGraphWalker - Visiting attribute path : roles.creationDateTime
[DEBUG] 2020-02-23 14:05:55.572 [main] MetamodelGraphWalker - Visiting attribute path : roles.name
[DEBUG] 2020-02-23 14:05:55.572 [main] MetamodelGraphWalker - Visiting attribute path : roles.user
[DEBUG] 2020-02-23 14:05:55.572 [main] MetamodelGraphWalker - Property path deemed to be circular : roles.user
[DEBUG] 2020-02-23 14:05:55.572 [main] MetamodelGraphWalker - Visiting attribute path : updateDateTime
[DEBUG] 2020-02-23 14:05:55.572 [main] MetamodelGraphWalker - Visiting attribute path : userName
[DEBUG] 2020-02-23 14:05:55.572 [main] MetamodelGraphWalker - Visiting attribute path : _com_mattanderson_carbConscious_entity_UserRole_user
[DEBUG] 2020-02-23 14:05:55.572 [main] QuerySpacesImpl - Adding QuerySpace : uid = <gen:3> -> org.hibernate.loader.plan.build.internal.spaces.CompositeQuerySpaceImpl@ea7a4c3]
[DEBUG] 2020-02-23 14:05:55.572 [main] MetamodelGraphWalker - Visiting attribute path : _com_mattanderson_carbConscious_entity_UserRole_user.userName
[DEBUG] 2020-02-23 14:05:55.572 [main] FetchStyleLoadPlanBuildingAssociationVisitationStrategy - Building LoadPlan...
[DEBUG] 2020-02-23 14:05:55.573 [main] LoadQueryJoinAndFetchProcessor - processing queryspace <gen:0>
[DEBUG] 2020-02-23 14:05:55.574 [main] LoadPlanTreePrinter - LoadPlan(entity=com.mattanderson.carbConscious.entity.User)
    - Returns
       - EntityReturnImpl(entity=com.mattanderson.carbConscious.entity.User, querySpaceUid=<gen:0>, path=com.mattanderson.carbConscious.entity.User)
          - CollectionAttributeFetchImpl(collection=com.mattanderson.carbConscious.entity.User.roles, querySpaceUid=<gen:1>, path=com.mattanderson.carbConscious.entity.User.roles)
             - (collection element) CollectionFetchableElementEntityGraph(entity=com.mattanderson.carbConscious.entity.UserRole, querySpaceUid=<gen:2>, path=com.mattanderson.carbConscious.entity.User.roles.<elements>)
          - CompositeAttributeFetchImpl(composite=com.mattanderson.carbConscious.entity.User, querySpaceUid=<gen:3>, path=com.mattanderson.carbConscious.entity.User._com_mattanderson_carbConscious_entity_UserRole_user)
    - QuerySpaces
       - EntityQuerySpaceImpl(uid=<gen:0>, entity=com.mattanderson.carbConscious.entity.User)
          - SQL table alias mapping - user0_
          - alias suffix - 0_
          - suffixed key columns - {id1_1_0_}
          - JOIN (JoinDefinedByMetadata(roles)) : <gen:0> -> <gen:1>
             - CollectionQuerySpaceImpl(uid=<gen:1>, collection=com.mattanderson.carbConscious.entity.User.roles)
                - SQL table alias mapping - roles1_
                - alias suffix - 1_
                - suffixed key columns - {user_nam4_0_1_}
                - entity-element alias suffix - 2_
                - 2_entity-element suffixed key columns - id1_0_2_
                - JOIN (JoinDefinedByMetadata(elements)) : <gen:1> -> <gen:2>
                   - EntityQuerySpaceImpl(uid=<gen:2>, entity=com.mattanderson.carbConscious.entity.UserRole)
                      - SQL table alias mapping - roles1_
                      - alias suffix - 2_
                      - suffixed key columns - {id1_0_2_}
          - JOIN (JoinDefinedByMetadata(_com_mattanderson_carbConscious_entity_UserRole_user)) : <gen:0> -> <gen:3>
             - CompositeQuerySpaceImpl(uid=<gen:3>)
                - SQL table alias mapping - user0_

[DEBUG] 2020-02-23 14:05:55.574 [main] EntityLoader - Static select for entity com.mattanderson.carbConscious.entity.User [READ]: select user0_.id as id1_1_0_, user0_.creation_datetime as creation2_1_0_, user0_.email as email3_1_0_, user0_.first_name as first_na4_1_0_, user0_.last_name as last_nam5_1_0_, user0_.password as password6_1_0_, user0_.update_datetime as update_d7_1_0_, user0_.user_name as user_nam8_1_0_, roles1_.user_name as user_nam4_0_1_, roles1_.id as id1_0_1_, roles1_.id as id1_0_2_, roles1_.creation_datetime as creation2_0_2_, roles1_.role_name as role_nam3_0_2_, roles1_.user_name as user_nam4_0_2_ from USERS user0_ left outer join USER_ROLES roles1_ on user0_.user_name=roles1_.user_name where user0_.id=?
[DEBUG] 2020-02-23 14:05:55.575 [main] Loader - Static select for action ACTION_MERGE on entity com.mattanderson.carbConscious.entity.User: select user0_.id as id1_1_1_, user0_.creation_datetime as creation2_1_1_, user0_.email as email3_1_1_, user0_.first_name as first_na4_1_1_, user0_.last_name as last_nam5_1_1_, user0_.password as password6_1_1_, user0_.update_datetime as update_d7_1_1_, user0_.user_name as user_nam8_1_1_, roles1_.user_name as user_nam4_0_3_, roles1_.id as id1_0_3_, roles1_.id as id1_0_0_, roles1_.creation_datetime as creation2_0_0_, roles1_.role_name as role_nam3_0_0_, roles1_.user_name as user_nam4_0_0_ from USERS user0_ left outer join USER_ROLES roles1_ on user0_.user_name=roles1_.user_name where user0_.id=?
[DEBUG] 2020-02-23 14:05:55.576 [main] Loader - Static select for action ACTION_REFRESH on entity com.mattanderson.carbConscious.entity.User: select user0_.id as id1_1_1_, user0_.creation_datetime as creation2_1_1_, user0_.email as email3_1_1_, user0_.first_name as first_na4_1_1_, user0_.last_name as last_nam5_1_1_, user0_.password as password6_1_1_, user0_.update_datetime as update_d7_1_1_, user0_.user_name as user_nam8_1_1_, roles1_.user_name as user_nam4_0_3_, roles1_.id as id1_0_3_, roles1_.id as id1_0_0_, roles1_.creation_datetime as creation2_0_0_, roles1_.role_name as role_nam3_0_0_, roles1_.user_name as user_nam4_0_0_ from USERS user0_ left outer join USER_ROLES roles1_ on user0_.user_name=roles1_.user_name where user0_.id=?
[DEBUG] 2020-02-23 14:05:55.578 [main] Loader - Static select for entity com.mattanderson.carbConscious.entity.User [NONE]: select user0_.id as id1_1_1_, user0_.creation_datetime as creation2_1_1_, user0_.email as email3_1_1_, user0_.first_name as first_na4_1_1_, user0_.last_name as last_nam5_1_1_, user0_.password as password6_1_1_, user0_.update_datetime as update_d7_1_1_, user0_.user_name as user_nam8_1_1_, roles1_.user_name as user_nam4_0_3_, roles1_.id as id1_0_3_, roles1_.id as id1_0_0_, roles1_.creation_datetime as creation2_0_0_, roles1_.role_name as role_nam3_0_0_, roles1_.user_name as user_nam4_0_0_ from USERS user0_ left outer join USER_ROLES roles1_ on user0_.user_name=roles1_.user_name where user0_.user_name=?
[DEBUG] 2020-02-23 14:05:55.583 [main] QuerySpacesImpl - Adding QuerySpace : uid = <gen:0> -> org.hibernate.loader.plan.build.internal.spaces.CollectionQuerySpaceImpl@594131f2]
[DEBUG] 2020-02-23 14:05:55.583 [main] QuerySpacesImpl - Adding QuerySpace : uid = <gen:1> -> org.hibernate.loader.plan.build.internal.spaces.EntityQuerySpaceImpl@51d0ec6f]
[DEBUG] 2020-02-23 14:05:55.583 [main] MetamodelGraphWalker - Visiting attribute path : creationDateTime
[DEBUG] 2020-02-23 14:05:55.583 [main] MetamodelGraphWalker - Visiting attribute path : name
[DEBUG] 2020-02-23 14:05:55.584 [main] MetamodelGraphWalker - Visiting attribute path : user
[DEBUG] 2020-02-23 14:05:55.584 [main] MetamodelGraphWalker - Property path deemed to be circular : user
[DEBUG] 2020-02-23 14:05:55.584 [main] FetchStyleLoadPlanBuildingAssociationVisitationStrategy - Building LoadPlan...
[DEBUG] 2020-02-23 14:05:55.586 [main] LoadQueryJoinAndFetchProcessor - processing queryspace <gen:0>
[DEBUG] 2020-02-23 14:05:55.586 [main] LoadPlanTreePrinter - LoadPlan(collection=com.mattanderson.carbConscious.entity.User.roles)
    - Returns
       - CollectionReturnImpl(collection=com.mattanderson.carbConscious.entity.User.roles, querySpaceUid=<gen:0>, path=[com.mattanderson.carbConscious.entity.User.roles])
          - (collection element) CollectionFetchableElementEntityGraph(entity=com.mattanderson.carbConscious.entity.UserRole, querySpaceUid=<gen:1>, path=[com.mattanderson.carbConscious.entity.User.roles].<elements>)
    - QuerySpaces
       - CollectionQuerySpaceImpl(uid=<gen:0>, collection=com.mattanderson.carbConscious.entity.User.roles)
          - SQL table alias mapping - roles0_
          - alias suffix - 0_
          - suffixed key columns - {user_nam4_0_0_}
          - entity-element alias suffix - 1_
          - 1_entity-element suffixed key columns - id1_0_1_
          - JOIN (JoinDefinedByMetadata(elements)) : <gen:0> -> <gen:1>
             - EntityQuerySpaceImpl(uid=<gen:1>, entity=com.mattanderson.carbConscious.entity.UserRole)
                - SQL table alias mapping - roles0_
                - alias suffix - 1_
                - suffixed key columns - {id1_0_1_}

[DEBUG] 2020-02-23 14:05:55.587 [main] CollectionLoader - Static select for collection com.mattanderson.carbConscious.entity.User.roles: select roles0_.user_name as user_nam4_0_0_, roles0_.id as id1_0_0_, roles0_.id as id1_0_1_, roles0_.creation_datetime as creation2_0_1_, roles0_.role_name as role_nam3_0_1_, roles0_.user_name as user_nam4_0_1_ from USER_ROLES roles0_ where roles0_.user_name=?
[DEBUG] 2020-02-23 14:05:55.618 [main] SchemaManagementToolCoordinator - No actions specified; doing nothing
[DEBUG] 2020-02-23 14:05:55.619 [main] JtaPlatformInitiator - No JtaPlatform was specified, checking resolver
[DEBUG] 2020-02-23 14:05:55.619 [main] JtaPlatformResolverInitiator - No JtaPlatformResolver was specified, using default [org.hibernate.engine.transaction.jta.platform.internal.StandardJtaPlatformResolver]
[DEBUG] 2020-02-23 14:05:55.625 [main] StandardJtaPlatformResolver - Could not resolve JtaPlatform, using default [org.hibernate.engine.transaction.jta.platform.internal.NoJtaPlatform]
[INFO ] 2020-02-23 14:05:55.625 [main] JtaPlatformInitiator - HHH000490: Using JtaPlatform implementation: [org.hibernate.engine.transaction.jta.platform.internal.NoJtaPlatform]
[DEBUG] 2020-02-23 14:05:55.627 [main] NamedQueryRepository - Checking 0 named HQL queries
[DEBUG] 2020-02-23 14:05:55.627 [main] NamedQueryRepository - Checking 0 named SQL queries
[DEBUG] 2020-02-23 14:05:55.629 [main] SessionFactoryRegistry - Initializing SessionFactoryRegistry : org.hibernate.internal.SessionFactoryRegistry@5e0c4f21
[DEBUG] 2020-02-23 14:05:55.631 [main] SessionFactoryRegistry - Registering SessionFactory: 462de7c9-1933-4636-b8da-2f2dd0bae717 (<unnamed>)
[DEBUG] 2020-02-23 14:05:55.631 [main] SessionFactoryRegistry - Not binding SessionFactory to JNDI, no JNDI name configured
[DEBUG] 2020-02-23 14:05:55.817 [main] StatisticsInitiator - Statistics initialized [enabled=false]
[DEBUG] 2020-02-23 14:05:55.849 [main] CriteriaQueryImpl - Rendered criteria query -> select generatedAlias0 from UserRole as generatedAlias0
[DEBUG] 2020-02-23 14:05:55.877 [main] QueryTranslatorFactoryInitiator - QueryTranslatorFactory: org.hibernate.hql.internal.ast.ASTQueryTranslatorFactory@41e9f86
[DEBUG] 2020-02-23 14:05:55.907 [main] QueryTranslatorImpl - parse() - HQL: select generatedAlias0 from com.mattanderson.carbConscious.entity.UserRole as generatedAlias0
[DEBUG] 2020-02-23 14:05:55.912 [main] ErrorTracker - throwQueryException() : no errors
[DEBUG] 2020-02-23 14:05:55.920 [main] QueryTranslatorImpl - --- HQL AST ---
 \-[QUERY] Node: 'query'
    \-[SELECT_FROM] Node: 'SELECT_FROM'
       +-[FROM] Node: 'from'
       |  \-[RANGE] Node: 'RANGE'
       |     +-[DOT] Node: '.'
       |     |  +-[DOT] Node: '.'
       |     |  |  +-[DOT] Node: '.'
       |     |  |  |  +-[DOT] Node: '.'
       |     |  |  |  |  +-[IDENT] Node: 'com'
       |     |  |  |  |  \-[IDENT] Node: 'mattanderson'
       |     |  |  |  \-[IDENT] Node: 'carbConscious'
       |     |  |  \-[IDENT] Node: 'entity'
       |     |  \-[IDENT] Node: 'UserRole'
       |     \-[ALIAS] Node: 'generatedAlias0'
       \-[SELECT] Node: 'select'
          \-[IDENT] Node: 'generatedAlias0'

[DEBUG] 2020-02-23 14:05:55.936 [main] HqlSqlBaseWalker - select << begin [level=1, statement=select]
[DEBUG] 2020-02-23 14:05:55.950 [main] FromElement - FromClause{level=1} : com.mattanderson.carbConscious.entity.UserRole (generatedAlias0) -> userrole0_
[DEBUG] 2020-02-23 14:05:55.951 [main] FromReferenceNode - Resolved : generatedAlias0 -> userrole0_.id
[DEBUG] 2020-02-23 14:05:55.953 [main] HqlSqlBaseWalker - select : finishing up [level=1, statement=select]
[DEBUG] 2020-02-23 14:05:55.954 [main] HqlSqlWalker - processQuery() :  ( SELECT ( {select clause} userrole0_.id ) ( FromClause{level=1} USER_ROLES userrole0_ ) )
[DEBUG] 2020-02-23 14:05:55.961 [main] JoinProcessor - Using FROM fragment [USER_ROLES userrole0_]
[DEBUG] 2020-02-23 14:05:55.961 [main] HqlSqlBaseWalker - select >> end [level=1, statement=select]
[DEBUG] 2020-02-23 14:05:55.961 [main] QueryTranslatorImpl - --- SQL AST ---
 \-[SELECT] QueryNode: 'SELECT'  querySpaces (USER_ROLES)
    +-[SELECT_CLAUSE] SelectClause: '{select clause}'
    |  +-[ALIAS_REF] IdentNode: 'userrole0_.id as id1_0_' {alias=generatedAlias0, className=com.mattanderson.carbConscious.entity.UserRole, tableAlias=userrole0_}
    |  \-[SQL_TOKEN] SqlFragment: 'userrole0_.creation_datetime as creation2_0_, userrole0_.role_name as role_nam3_0_, userrole0_.user_name as user_nam4_0_'
    \-[FROM] FromClause: 'from' FromClause{level=1, fromElementCounter=1, fromElements=1, fromElementByClassAlias=[generatedAlias0], fromElementByTableAlias=[userrole0_], fromElementsByPath=[], collectionJoinFromElementsByPath=[], impliedElements=[]}
       \-[FROM_FRAGMENT] FromElement: 'USER_ROLES userrole0_' FromElement{explicit,not a collection join,not a fetch join,fetch non-lazy properties,classAlias=generatedAlias0,role=null,tableName=USER_ROLES,tableAlias=userrole0_,origin=null,columns={,className=com.mattanderson.carbConscious.entity.UserRole}}

[DEBUG] 2020-02-23 14:05:55.961 [main] ErrorTracker - throwQueryException() : no errors
[DEBUG] 2020-02-23 14:05:55.967 [main] QueryTranslatorImpl - HQL: select generatedAlias0 from com.mattanderson.carbConscious.entity.UserRole as generatedAlias0
[DEBUG] 2020-02-23 14:05:55.967 [main] QueryTranslatorImpl - SQL: select userrole0_.id as id1_0_, userrole0_.creation_datetime as creation2_0_, userrole0_.role_name as role_nam3_0_, userrole0_.user_name as user_nam4_0_ from USER_ROLES userrole0_
[DEBUG] 2020-02-23 14:05:55.967 [main] ErrorTracker - throwQueryException() : no errors
[DEBUG] 2020-02-23 14:05:55.980 [main] SQL - select userrole0_.id as id1_0_, userrole0_.creation_datetime as creation2_0_, userrole0_.role_name as role_nam3_0_, userrole0_.user_name as user_nam4_0_ from USER_ROLES userrole0_
[DEBUG] 2020-02-23 14:05:56.006 [main] Loader - Result set row: 0
[DEBUG] 2020-02-23 14:05:56.009 [main] Loader - Result row: EntityKey[com.mattanderson.carbConscious.entity.UserRole#1]
[DEBUG] 2020-02-23 14:05:56.018 [main] TwoPhaseLoad - Resolving attributes for [com.mattanderson.carbConscious.entity.UserRole#1]
[DEBUG] 2020-02-23 14:05:56.019 [main] TwoPhaseLoad - Processing attribute `creationDateTime` : value = 2020-01-01T00:00
[DEBUG] 2020-02-23 14:05:56.019 [main] TwoPhaseLoad - Attribute (`creationDateTime`)  - enhanced for lazy-loading? - false
[DEBUG] 2020-02-23 14:05:56.019 [main] TwoPhaseLoad - Processing attribute `name` : value = User
[DEBUG] 2020-02-23 14:05:56.019 [main] TwoPhaseLoad - Attribute (`name`)  - enhanced for lazy-loading? - false
[DEBUG] 2020-02-23 14:05:56.019 [main] TwoPhaseLoad - Processing attribute `user` : value = User{id=0, firstName='null', lastName='null', userName='mattanderson', email='null', password='null', creationDateTime=null, updateDateTime=null}
[DEBUG] 2020-02-23 14:05:56.061 [main] TwoPhaseLoad - Attribute (`user`)  - enhanced for lazy-loading? - false
[DEBUG] 2020-02-23 14:05:56.063 [main] Loader - Loading entity: [com.mattanderson.carbConscious.entity.User#component[userName]{userName=mattanderson}]
[DEBUG] 2020-02-23 14:05:56.063 [main] SQL - select user0_.id as id1_1_1_, user0_.creation_datetime as creation2_1_1_, user0_.email as email3_1_1_, user0_.first_name as first_na4_1_1_, user0_.last_name as last_nam5_1_1_, user0_.password as password6_1_1_, user0_.update_datetime as update_d7_1_1_, user0_.user_name as user_nam8_1_1_, roles1_.user_name as user_nam4_0_3_, roles1_.id as id1_0_3_, roles1_.id as id1_0_0_, roles1_.creation_datetime as creation2_0_0_, roles1_.role_name as role_nam3_0_0_, roles1_.user_name as user_nam4_0_0_ from USERS user0_ left outer join USER_ROLES roles1_ on user0_.user_name=roles1_.user_name where user0_.user_name=?
[DEBUG] 2020-02-23 14:05:56.068 [main] Loader - Result set row: 0
[DEBUG] 2020-02-23 14:05:56.068 [main] Loader - Result row: EntityKey[com.mattanderson.carbConscious.entity.UserRole#1], EntityKey[com.mattanderson.carbConscious.entity.User#1]
[DEBUG] 2020-02-23 14:05:56.069 [main] Loader - Found row of collection: [com.mattanderson.carbConscious.entity.User.roles#User{id=0, firstName='null', lastName='null', userName='mattanderson', email='null', password='null', creationDateTime=null, updateDateTime=null}]
[DEBUG] 2020-02-23 14:05:56.082 [main] TwoPhaseLoad - Resolving attributes for [com.mattanderson.carbConscious.entity.User#1]
[DEBUG] 2020-02-23 14:05:56.082 [main] TwoPhaseLoad - Processing attribute `creationDateTime` : value = 2020-01-01T00:00
[DEBUG] 2020-02-23 14:05:56.082 [main] TwoPhaseLoad - Attribute (`creationDateTime`)  - enhanced for lazy-loading? - false
[DEBUG] 2020-02-23 14:05:56.082 [main] TwoPhaseLoad - Processing attribute `email` : value = matt@gmail.com
[DEBUG] 2020-02-23 14:05:56.082 [main] TwoPhaseLoad - Attribute (`email`)  - enhanced for lazy-loading? - false
[DEBUG] 2020-02-23 14:05:56.082 [main] TwoPhaseLoad - Processing attribute `firstName` : value = Matt
[DEBUG] 2020-02-23 14:05:56.082 [main] TwoPhaseLoad - Attribute (`firstName`)  - enhanced for lazy-loading? - false
[DEBUG] 2020-02-23 14:05:56.082 [main] TwoPhaseLoad - Processing attribute `lastName` : value = Anderson
[DEBUG] 2020-02-23 14:05:56.082 [main] TwoPhaseLoad - Attribute (`lastName`)  - enhanced for lazy-loading? - false
[DEBUG] 2020-02-23 14:05:56.082 [main] TwoPhaseLoad - Processing attribute `password` : value = testing
[DEBUG] 2020-02-23 14:05:56.082 [main] TwoPhaseLoad - Attribute (`password`)  - enhanced for lazy-loading? - false
[DEBUG] 2020-02-23 14:05:56.082 [main] TwoPhaseLoad - Processing attribute `roles` : value = NOT NULL COLLECTION
[DEBUG] 2020-02-23 14:05:56.082 [main] TwoPhaseLoad - Attribute (`roles`)  - enhanced for lazy-loading? - false
[DEBUG] 2020-02-23 14:05:56.083 [main] TwoPhaseLoad - Processing attribute `updateDateTime` : value = 2020-01-02T00:00
[DEBUG] 2020-02-23 14:05:56.083 [main] TwoPhaseLoad - Attribute (`updateDateTime`)  - enhanced for lazy-loading? - false
[DEBUG] 2020-02-23 14:05:56.083 [main] TwoPhaseLoad - Processing attribute `userName` : value = mattanderson
[DEBUG] 2020-02-23 14:05:56.083 [main] TwoPhaseLoad - Attribute (`userName`)  - enhanced for lazy-loading? - false
[DEBUG] 2020-02-23 14:05:56.083 [main] TwoPhaseLoad - Processing attribute `_com_mattanderson_carbConscious_entity_UserRole_user` : value = [Ljava.lang.Object;@70be89ec
[DEBUG] 2020-02-23 14:05:56.083 [main] TwoPhaseLoad - Attribute (`_com_mattanderson_carbConscious_entity_UserRole_user`)  - enhanced for lazy-loading? - false
[DEBUG] 2020-02-23 14:05:56.084 [main] TwoPhaseLoad - Done materializing entity [com.mattanderson.carbConscious.entity.User#1]
[DEBUG] 2020-02-23 14:05:56.085 [main] CollectionLoadContext - 1 collections were found in result set for role: com.mattanderson.carbConscious.entity.User.roles
[DEBUG] 2020-02-23 14:05:56.088 [main] CollectionLoadContext - Collection fully initialized: [com.mattanderson.carbConscious.entity.User.roles#1]
[DEBUG] 2020-02-23 14:05:56.088 [main] CollectionLoadContext - 1 collections initialized for role: com.mattanderson.carbConscious.entity.User.roles
[DEBUG] 2020-02-23 14:05:56.089 [main] Loader - Done entity load
[DEBUG] 2020-02-23 14:05:56.089 [main] TwoPhaseLoad - Done materializing entity [com.mattanderson.carbConscious.entity.UserRole#1]
[DEBUG] 2020-02-23 14:05:56.091 [main] LogicalConnectionManagedImpl - Initiating JDBC connection release from afterTransaction
