[DEBUG] 2020-02-23 11:43:39.563 [main] IntegratorServiceImpl - Adding Integrator [org.hibernate.cfg.beanvalidation.BeanValidationIntegrator].
[DEBUG] 2020-02-23 11:43:39.567 [main] IntegratorServiceImpl - Adding Integrator [org.hibernate.secure.spi.JaccIntegrator].
[DEBUG] 2020-02-23 11:43:39.580 [main] IntegratorServiceImpl - Adding Integrator [org.hibernate.cache.internal.CollectionCacheInvalidator].
[INFO ] 2020-02-23 11:43:39.855 [main] Version - HHH000412: Hibernate Core {5.4.4.Final}
[DEBUG] 2020-02-23 11:43:39.870 [main] Environment - HHH000206: hibernate.properties not found
[DEBUG] 2020-02-23 11:43:40.264 [main] LocalXmlResourceResolver - Interpreting public/system identifier : [-//Hibernate/Hibernate Configuration DTD//EN] - [http://www.hibernate.org/dtd/hibernate-configuration-3.0.dtd]
[DEBUG] 2020-02-23 11:43:40.266 [main] LocalXmlResourceResolver - Recognized hibernate-configuration identifier; attempting to resolve on classpath under org/hibernate/
[DEBUG] 2020-02-23 11:43:40.273 [main] JaxbCfgProcessor - cfg.xml document did not define namespaces; wrapping in custom event reader to introduce namespace information
[DEBUG] 2020-02-23 11:43:40.697 [main] ServiceBinding - Overriding existing service binding [org.hibernate.secure.spi.JaccService]
[DEBUG] 2020-02-23 11:43:40.726 [main] RegionFactoryInitiator - Cannot default RegionFactory based on registered strategies as `[]` RegionFactory strategies were registered
[DEBUG] 2020-02-23 11:43:40.727 [main] RegionFactoryInitiator - Cache region factory : org.hibernate.cache.internal.NoCachingRegionFactory
[INFO ] 2020-02-23 11:43:40.752 [main] Version - HCANN000001: Hibernate Commons Annotations {5.1.0.Final}
[DEBUG] 2020-02-23 11:43:40.808 [main] BasicTypeRegistry - Adding type registration boolean -> org.hibernate.type.BooleanType@757194dc
[DEBUG] 2020-02-23 11:43:40.809 [main] BasicTypeRegistry - Adding type registration boolean -> org.hibernate.type.BooleanType@757194dc
[DEBUG] 2020-02-23 11:43:40.809 [main] BasicTypeRegistry - Adding type registration java.lang.Boolean -> org.hibernate.type.BooleanType@757194dc
[DEBUG] 2020-02-23 11:43:40.811 [main] BasicTypeRegistry - Adding type registration numeric_boolean -> org.hibernate.type.NumericBooleanType@6dc1484
[DEBUG] 2020-02-23 11:43:40.813 [main] BasicTypeRegistry - Adding type registration true_false -> org.hibernate.type.TrueFalseType@2375b321
[DEBUG] 2020-02-23 11:43:40.813 [main] BasicTypeRegistry - Adding type registration yes_no -> org.hibernate.type.YesNoType@4f449e8f
[DEBUG] 2020-02-23 11:43:40.816 [main] BasicTypeRegistry - Adding type registration byte -> org.hibernate.type.ByteType@3d7cc3cb
[DEBUG] 2020-02-23 11:43:40.817 [main] BasicTypeRegistry - Adding type registration byte -> org.hibernate.type.ByteType@3d7cc3cb
[DEBUG] 2020-02-23 11:43:40.818 [main] BasicTypeRegistry - Adding type registration java.lang.Byte -> org.hibernate.type.ByteType@3d7cc3cb
[DEBUG] 2020-02-23 11:43:40.824 [main] BasicTypeRegistry - Adding type registration character -> org.hibernate.type.CharacterType@4a183d02
[DEBUG] 2020-02-23 11:43:40.826 [main] BasicTypeRegistry - Adding type registration char -> org.hibernate.type.CharacterType@4a183d02
[DEBUG] 2020-02-23 11:43:40.827 [main] BasicTypeRegistry - Adding type registration java.lang.Character -> org.hibernate.type.CharacterType@4a183d02
[DEBUG] 2020-02-23 11:43:40.828 [main] BasicTypeRegistry - Adding type registration short -> org.hibernate.type.ShortType@40226788
[DEBUG] 2020-02-23 11:43:40.829 [main] BasicTypeRegistry - Adding type registration short -> org.hibernate.type.ShortType@40226788
[DEBUG] 2020-02-23 11:43:40.829 [main] BasicTypeRegistry - Adding type registration java.lang.Short -> org.hibernate.type.ShortType@40226788
[DEBUG] 2020-02-23 11:43:40.835 [main] BasicTypeRegistry - Adding type registration integer -> org.hibernate.type.IntegerType@9f6e406
[DEBUG] 2020-02-23 11:43:40.835 [main] BasicTypeRegistry - Adding type registration int -> org.hibernate.type.IntegerType@9f6e406
[DEBUG] 2020-02-23 11:43:40.835 [main] BasicTypeRegistry - Adding type registration java.lang.Integer -> org.hibernate.type.IntegerType@9f6e406
[DEBUG] 2020-02-23 11:43:40.837 [main] BasicTypeRegistry - Adding type registration long -> org.hibernate.type.LongType@1d01dfa5
[DEBUG] 2020-02-23 11:43:40.838 [main] BasicTypeRegistry - Adding type registration long -> org.hibernate.type.LongType@1d01dfa5
[DEBUG] 2020-02-23 11:43:40.838 [main] BasicTypeRegistry - Adding type registration java.lang.Long -> org.hibernate.type.LongType@1d01dfa5
[DEBUG] 2020-02-23 11:43:40.840 [main] BasicTypeRegistry - Adding type registration float -> org.hibernate.type.FloatType@5a4c638d
[DEBUG] 2020-02-23 11:43:40.840 [main] BasicTypeRegistry - Adding type registration float -> org.hibernate.type.FloatType@5a4c638d
[DEBUG] 2020-02-23 11:43:40.841 [main] BasicTypeRegistry - Adding type registration java.lang.Float -> org.hibernate.type.FloatType@5a4c638d
[DEBUG] 2020-02-23 11:43:40.842 [main] BasicTypeRegistry - Adding type registration double -> org.hibernate.type.DoubleType@2160e52a
[DEBUG] 2020-02-23 11:43:40.842 [main] BasicTypeRegistry - Adding type registration double -> org.hibernate.type.DoubleType@2160e52a
[DEBUG] 2020-02-23 11:43:40.844 [main] BasicTypeRegistry - Adding type registration java.lang.Double -> org.hibernate.type.DoubleType@2160e52a
[DEBUG] 2020-02-23 11:43:40.845 [main] BasicTypeRegistry - Adding type registration big_decimal -> org.hibernate.type.BigDecimalType@203dd56b
[DEBUG] 2020-02-23 11:43:40.845 [main] BasicTypeRegistry - Adding type registration java.math.BigDecimal -> org.hibernate.type.BigDecimalType@203dd56b
[DEBUG] 2020-02-23 11:43:40.850 [main] BasicTypeRegistry - Adding type registration big_integer -> org.hibernate.type.BigIntegerType@464a4442
[DEBUG] 2020-02-23 11:43:40.850 [main] BasicTypeRegistry - Adding type registration java.math.BigInteger -> org.hibernate.type.BigIntegerType@464a4442
[DEBUG] 2020-02-23 11:43:40.851 [main] BasicTypeRegistry - Adding type registration string -> org.hibernate.type.StringType@5c41d037
[DEBUG] 2020-02-23 11:43:40.852 [main] BasicTypeRegistry - Adding type registration java.lang.String -> org.hibernate.type.StringType@5c41d037
[DEBUG] 2020-02-23 11:43:40.852 [main] BasicTypeRegistry - Adding type registration nstring -> org.hibernate.type.StringNVarcharType@1450078a
[DEBUG] 2020-02-23 11:43:40.855 [main] BasicTypeRegistry - Adding type registration ncharacter -> org.hibernate.type.CharacterNCharType@2e1792e7
[DEBUG] 2020-02-23 11:43:40.857 [main] BasicTypeRegistry - Adding type registration url -> org.hibernate.type.UrlType@5eccd3b9
[DEBUG] 2020-02-23 11:43:40.858 [main] BasicTypeRegistry - Adding type registration java.net.URL -> org.hibernate.type.UrlType@5eccd3b9
[DEBUG] 2020-02-23 11:43:40.860 [main] BasicTypeRegistry - Adding type registration Duration -> org.hibernate.type.DurationType@7ed9ae94
[DEBUG] 2020-02-23 11:43:40.860 [main] BasicTypeRegistry - Adding type registration java.time.Duration -> org.hibernate.type.DurationType@7ed9ae94
[DEBUG] 2020-02-23 11:43:40.868 [main] BasicTypeRegistry - Adding type registration Instant -> org.hibernate.type.InstantType@7c9b78e3
[DEBUG] 2020-02-23 11:43:40.869 [main] BasicTypeRegistry - Adding type registration java.time.Instant -> org.hibernate.type.InstantType@7c9b78e3
[DEBUG] 2020-02-23 11:43:40.872 [main] BasicTypeRegistry - Adding type registration LocalDateTime -> org.hibernate.type.LocalDateTimeType@1ec7d8b3
[DEBUG] 2020-02-23 11:43:40.873 [main] BasicTypeRegistry - Adding type registration java.time.LocalDateTime -> org.hibernate.type.LocalDateTimeType@1ec7d8b3
[DEBUG] 2020-02-23 11:43:40.874 [main] BasicTypeRegistry - Adding type registration LocalDate -> org.hibernate.type.LocalDateType@585ac855
[DEBUG] 2020-02-23 11:43:40.875 [main] BasicTypeRegistry - Adding type registration java.time.LocalDate -> org.hibernate.type.LocalDateType@585ac855
[DEBUG] 2020-02-23 11:43:40.877 [main] BasicTypeRegistry - Adding type registration LocalTime -> org.hibernate.type.LocalTimeType@272a179c
[DEBUG] 2020-02-23 11:43:40.877 [main] BasicTypeRegistry - Adding type registration java.time.LocalTime -> org.hibernate.type.LocalTimeType@272a179c
[DEBUG] 2020-02-23 11:43:40.879 [main] BasicTypeRegistry - Adding type registration OffsetDateTime -> org.hibernate.type.OffsetDateTimeType@375b5b7f
[DEBUG] 2020-02-23 11:43:40.879 [main] BasicTypeRegistry - Adding type registration java.time.OffsetDateTime -> org.hibernate.type.OffsetDateTimeType@375b5b7f
[DEBUG] 2020-02-23 11:43:40.883 [main] BasicTypeRegistry - Adding type registration OffsetTime -> org.hibernate.type.OffsetTimeType@378bd86d
[DEBUG] 2020-02-23 11:43:40.883 [main] BasicTypeRegistry - Adding type registration java.time.OffsetTime -> org.hibernate.type.OffsetTimeType@378bd86d
[DEBUG] 2020-02-23 11:43:40.886 [main] BasicTypeRegistry - Adding type registration ZonedDateTime -> org.hibernate.type.ZonedDateTimeType@70325d20
[DEBUG] 2020-02-23 11:43:40.886 [main] BasicTypeRegistry - Adding type registration java.time.ZonedDateTime -> org.hibernate.type.ZonedDateTimeType@70325d20
[DEBUG] 2020-02-23 11:43:40.888 [main] BasicTypeRegistry - Adding type registration date -> org.hibernate.type.DateType@522b2631
[DEBUG] 2020-02-23 11:43:40.889 [main] BasicTypeRegistry - Adding type registration java.sql.Date -> org.hibernate.type.DateType@522b2631
[DEBUG] 2020-02-23 11:43:40.890 [main] BasicTypeRegistry - Adding type registration time -> org.hibernate.type.TimeType@6f012914
[DEBUG] 2020-02-23 11:43:40.891 [main] BasicTypeRegistry - Adding type registration java.sql.Time -> org.hibernate.type.TimeType@6f012914
[DEBUG] 2020-02-23 11:43:40.892 [main] BasicTypeRegistry - Adding type registration timestamp -> org.hibernate.type.TimestampType@6ad5923a
[DEBUG] 2020-02-23 11:43:40.893 [main] BasicTypeRegistry - Adding type registration java.sql.Timestamp -> org.hibernate.type.TimestampType@6ad5923a
[DEBUG] 2020-02-23 11:43:40.893 [main] BasicTypeRegistry - Adding type registration java.util.Date -> org.hibernate.type.TimestampType@6ad5923a
[DEBUG] 2020-02-23 11:43:40.896 [main] BasicTypeRegistry - Adding type registration dbtimestamp -> org.hibernate.type.DbTimestampType@1517f633
[DEBUG] 2020-02-23 11:43:40.897 [main] BasicTypeRegistry - Adding type registration calendar -> org.hibernate.type.CalendarType@599f571f
[DEBUG] 2020-02-23 11:43:40.898 [main] BasicTypeRegistry - Adding type registration java.util.Calendar -> org.hibernate.type.CalendarType@599f571f
[DEBUG] 2020-02-23 11:43:40.899 [main] BasicTypeRegistry - Adding type registration java.util.GregorianCalendar -> org.hibernate.type.CalendarType@599f571f
[DEBUG] 2020-02-23 11:43:40.901 [main] BasicTypeRegistry - Adding type registration calendar_date -> org.hibernate.type.CalendarDateType@710d7aff
[DEBUG] 2020-02-23 11:43:40.902 [main] BasicTypeRegistry - Adding type registration locale -> org.hibernate.type.LocaleType@36bc415e
[DEBUG] 2020-02-23 11:43:40.903 [main] BasicTypeRegistry - Adding type registration java.util.Locale -> org.hibernate.type.LocaleType@36bc415e
[DEBUG] 2020-02-23 11:43:40.906 [main] BasicTypeRegistry - Adding type registration currency -> org.hibernate.type.CurrencyType@4ebadd3d
[DEBUG] 2020-02-23 11:43:40.907 [main] BasicTypeRegistry - Adding type registration java.util.Currency -> org.hibernate.type.CurrencyType@4ebadd3d
[DEBUG] 2020-02-23 11:43:40.908 [main] BasicTypeRegistry - Adding type registration timezone -> org.hibernate.type.TimeZoneType@4a699efa
[DEBUG] 2020-02-23 11:43:40.909 [main] BasicTypeRegistry - Adding type registration java.util.TimeZone -> org.hibernate.type.TimeZoneType@4a699efa
[DEBUG] 2020-02-23 11:43:40.910 [main] BasicTypeRegistry - Adding type registration class -> org.hibernate.type.ClassType@66434cc8
[DEBUG] 2020-02-23 11:43:40.912 [main] BasicTypeRegistry - Adding type registration java.lang.Class -> org.hibernate.type.ClassType@66434cc8
[DEBUG] 2020-02-23 11:43:40.915 [main] BasicTypeRegistry - Adding type registration uuid-binary -> org.hibernate.type.UUIDBinaryType@6d467c87
[DEBUG] 2020-02-23 11:43:40.915 [main] BasicTypeRegistry - Adding type registration java.util.UUID -> org.hibernate.type.UUIDBinaryType@6d467c87
[DEBUG] 2020-02-23 11:43:40.916 [main] BasicTypeRegistry - Adding type registration uuid-char -> org.hibernate.type.UUIDCharType@2c779e5
[DEBUG] 2020-02-23 11:43:40.917 [main] BasicTypeRegistry - Adding type registration binary -> org.hibernate.type.BinaryType@5b78fdb1
[DEBUG] 2020-02-23 11:43:40.918 [main] BasicTypeRegistry - Adding type registration byte[] -> org.hibernate.type.BinaryType@5b78fdb1
[DEBUG] 2020-02-23 11:43:40.918 [main] BasicTypeRegistry - Adding type registration [B -> org.hibernate.type.BinaryType@5b78fdb1
[DEBUG] 2020-02-23 11:43:40.920 [main] BasicTypeRegistry - Adding type registration wrapper-binary -> org.hibernate.type.WrapperBinaryType@3e9803c2
[DEBUG] 2020-02-23 11:43:40.921 [main] BasicTypeRegistry - Adding type registration Byte[] -> org.hibernate.type.WrapperBinaryType@3e9803c2
[DEBUG] 2020-02-23 11:43:40.921 [main] BasicTypeRegistry - Adding type registration [Ljava.lang.Byte; -> org.hibernate.type.WrapperBinaryType@3e9803c2
[DEBUG] 2020-02-23 11:43:40.923 [main] BasicTypeRegistry - Adding type registration row_version -> org.hibernate.type.RowVersionType@7808fb9
[DEBUG] 2020-02-23 11:43:40.923 [main] BasicTypeRegistry - Adding type registration image -> org.hibernate.type.ImageType@6e6fce47
[DEBUG] 2020-02-23 11:43:40.924 [main] BasicTypeRegistry - Adding type registration characters -> org.hibernate.type.CharArrayType@72805168
[DEBUG] 2020-02-23 11:43:40.926 [main] BasicTypeRegistry - Adding type registration char[] -> org.hibernate.type.CharArrayType@72805168
[DEBUG] 2020-02-23 11:43:40.928 [main] BasicTypeRegistry - Adding type registration [C -> org.hibernate.type.CharArrayType@72805168
[DEBUG] 2020-02-23 11:43:40.930 [main] BasicTypeRegistry - Adding type registration wrapper-characters -> org.hibernate.type.CharacterArrayType@71a3a190
[DEBUG] 2020-02-23 11:43:40.930 [main] BasicTypeRegistry - Adding type registration [Ljava.lang.Character; -> org.hibernate.type.CharacterArrayType@71a3a190
[DEBUG] 2020-02-23 11:43:40.930 [main] BasicTypeRegistry - Adding type registration Character[] -> org.hibernate.type.CharacterArrayType@71a3a190
[DEBUG] 2020-02-23 11:43:40.931 [main] BasicTypeRegistry - Adding type registration text -> org.hibernate.type.TextType@67ec8477
[DEBUG] 2020-02-23 11:43:40.932 [main] BasicTypeRegistry - Adding type registration ntext -> org.hibernate.type.NTextType@34cf5a97
[DEBUG] 2020-02-23 11:43:40.935 [main] BasicTypeRegistry - Adding type registration blob -> org.hibernate.type.BlobType@4a1c0752
[DEBUG] 2020-02-23 11:43:40.936 [main] BasicTypeRegistry - Adding type registration java.sql.Blob -> org.hibernate.type.BlobType@4a1c0752
[DEBUG] 2020-02-23 11:43:40.937 [main] BasicTypeRegistry - Adding type registration materialized_blob -> org.hibernate.type.MaterializedBlobType@61d01788
[DEBUG] 2020-02-23 11:43:40.939 [main] BasicTypeRegistry - Adding type registration clob -> org.hibernate.type.ClobType@175acfb2
[DEBUG] 2020-02-23 11:43:40.939 [main] BasicTypeRegistry - Adding type registration java.sql.Clob -> org.hibernate.type.ClobType@175acfb2
[DEBUG] 2020-02-23 11:43:40.942 [main] BasicTypeRegistry - Adding type registration nclob -> org.hibernate.type.NClobType@4bff2185
[DEBUG] 2020-02-23 11:43:40.943 [main] BasicTypeRegistry - Adding type registration java.sql.NClob -> org.hibernate.type.NClobType@4bff2185
[DEBUG] 2020-02-23 11:43:40.944 [main] BasicTypeRegistry - Adding type registration materialized_clob -> org.hibernate.type.MaterializedClobType@1d4664d7
[DEBUG] 2020-02-23 11:43:40.945 [main] BasicTypeRegistry - Adding type registration materialized_nclob -> org.hibernate.type.MaterializedNClobType@6bcbf05b
[DEBUG] 2020-02-23 11:43:40.952 [main] BasicTypeRegistry - Adding type registration serializable -> org.hibernate.type.SerializableType@18a645fd
[DEBUG] 2020-02-23 11:43:40.956 [main] BasicTypeRegistry - Adding type registration object -> org.hibernate.type.ObjectType@7e8a46b7
[DEBUG] 2020-02-23 11:43:40.956 [main] BasicTypeRegistry - Adding type registration java.lang.Object -> org.hibernate.type.ObjectType@7e8a46b7
[DEBUG] 2020-02-23 11:43:40.957 [main] BasicTypeRegistry - Adding type registration imm_date -> org.hibernate.type.AdaptedImmutableType@4aac85fa
[DEBUG] 2020-02-23 11:43:40.957 [main] BasicTypeRegistry - Adding type registration imm_time -> org.hibernate.type.AdaptedImmutableType@21fff664
[DEBUG] 2020-02-23 11:43:40.957 [main] BasicTypeRegistry - Adding type registration imm_timestamp -> org.hibernate.type.AdaptedImmutableType@6079cf5
[DEBUG] 2020-02-23 11:43:40.957 [main] BasicTypeRegistry - Adding type registration imm_dbtimestamp -> org.hibernate.type.AdaptedImmutableType@1e6308a9
[DEBUG] 2020-02-23 11:43:40.957 [main] BasicTypeRegistry - Adding type registration imm_calendar -> org.hibernate.type.AdaptedImmutableType@30cecdca
[DEBUG] 2020-02-23 11:43:40.958 [main] BasicTypeRegistry - Adding type registration imm_calendar_date -> org.hibernate.type.AdaptedImmutableType@6edc4161
[DEBUG] 2020-02-23 11:43:40.958 [main] BasicTypeRegistry - Adding type registration imm_binary -> org.hibernate.type.AdaptedImmutableType@5486887b
[DEBUG] 2020-02-23 11:43:40.958 [main] BasicTypeRegistry - Adding type registration imm_serializable -> org.hibernate.type.AdaptedImmutableType@5226e402
[DEBUG] 2020-02-23 11:43:40.993 [main] DefaultIdentifierGeneratorFactory - Registering IdentifierGenerator strategy [uuid2] -> [org.hibernate.id.UUIDGenerator]
[DEBUG] 2020-02-23 11:43:40.994 [main] DefaultIdentifierGeneratorFactory - Registering IdentifierGenerator strategy [guid] -> [org.hibernate.id.GUIDGenerator]
[DEBUG] 2020-02-23 11:43:40.995 [main] DefaultIdentifierGeneratorFactory - Registering IdentifierGenerator strategy [uuid] -> [org.hibernate.id.UUIDHexGenerator]
[DEBUG] 2020-02-23 11:43:40.996 [main] DefaultIdentifierGeneratorFactory - Registering IdentifierGenerator strategy [uuid.hex] -> [org.hibernate.id.UUIDHexGenerator]
[DEBUG] 2020-02-23 11:43:40.996 [main] DefaultIdentifierGeneratorFactory - Registering IdentifierGenerator strategy [assigned] -> [org.hibernate.id.Assigned]
[DEBUG] 2020-02-23 11:43:40.998 [main] DefaultIdentifierGeneratorFactory - Registering IdentifierGenerator strategy [identity] -> [org.hibernate.id.IdentityGenerator]
[DEBUG] 2020-02-23 11:43:40.998 [main] DefaultIdentifierGeneratorFactory - Registering IdentifierGenerator strategy [select] -> [org.hibernate.id.SelectGenerator]
[DEBUG] 2020-02-23 11:43:41.021 [main] DefaultIdentifierGeneratorFactory - Registering IdentifierGenerator strategy [sequence] -> [org.hibernate.id.enhanced.SequenceStyleGenerator]
[DEBUG] 2020-02-23 11:43:41.023 [main] DefaultIdentifierGeneratorFactory - Registering IdentifierGenerator strategy [seqhilo] -> [org.hibernate.id.SequenceHiLoGenerator]
[DEBUG] 2020-02-23 11:43:41.024 [main] DefaultIdentifierGeneratorFactory - Registering IdentifierGenerator strategy [increment] -> [org.hibernate.id.IncrementGenerator]
[DEBUG] 2020-02-23 11:43:41.025 [main] DefaultIdentifierGeneratorFactory - Registering IdentifierGenerator strategy [foreign] -> [org.hibernate.id.ForeignGenerator]
[DEBUG] 2020-02-23 11:43:41.025 [main] DefaultIdentifierGeneratorFactory - Registering IdentifierGenerator strategy [sequence-identity] -> [org.hibernate.id.SequenceIdentityGenerator]
[DEBUG] 2020-02-23 11:43:41.025 [main] DefaultIdentifierGeneratorFactory - Registering IdentifierGenerator strategy [enhanced-sequence] -> [org.hibernate.id.enhanced.SequenceStyleGenerator]
[DEBUG] 2020-02-23 11:43:41.026 [main] DefaultIdentifierGeneratorFactory - Registering IdentifierGenerator strategy [enhanced-table] -> [org.hibernate.id.enhanced.TableGenerator]
[INFO ] 2020-02-23 11:43:41.044 [main] C3P0ConnectionProvider - HHH010002: C3P0 using driver: com.mysql.cj.jdbc.Driver at URL: jdbc:mysql://localhost:3306/test_carb_conscious
[INFO ] 2020-02-23 11:43:41.044 [main] C3P0ConnectionProvider - HHH10001001: Connection properties: {password=****, user=root}
[INFO ] 2020-02-23 11:43:41.045 [main] C3P0ConnectionProvider - HHH10001003: Autocommit mode: false
[INFO ] 2020-02-23 11:43:41.251 [main] C3P0ConnectionProvider - HHH10001007: JDBC isolation level: <unknown>
[DEBUG] 2020-02-23 11:43:42.030 [main] JdbcEnvironmentInitiator - Database ->
       name : MySQL
    version : 8.0.16
      major : 8
      minor : 0
[DEBUG] 2020-02-23 11:43:42.031 [main] JdbcEnvironmentInitiator - Driver ->
       name : MySQL Connector/J
    version : mysql-connector-java-8.0.16 (Revision: 34cbc6bc61f72836e26327537a432d6db7c77de6)
      major : 8
      minor : 0
[DEBUG] 2020-02-23 11:43:42.031 [main] JdbcEnvironmentInitiator - JDBC version : 4.2
[INFO ] 2020-02-23 11:43:42.090 [main] Dialect - HHH000400: Using dialect: org.hibernate.dialect.MySQL8Dialect
[DEBUG] 2020-02-23 11:43:42.111 [main] IdentifierHelperBuilder - JDBC driver metadata reported database stores quoted identifiers in more than one case
[DEBUG] 2020-02-23 11:43:42.141 [main] IdentifierHelperBuilder - IdentifierCaseStrategy for both quoted and unquoted identifiers was set to the same strategy [MIXED]; that will likely lead to problems in schema update and validation if using quoted identifiers
[DEBUG] 2020-02-23 11:43:42.182 [main] Namespace - Created database namespace [logicalName=Name{catalog=null, schema=null}, physicalName=Name{catalog=null, schema=null}]
[DEBUG] 2020-02-23 11:43:42.186 [main] TypeConfiguration$Scope - Scoping TypeConfiguration [org.hibernate.type.spi.TypeConfiguration@4eb45fec] to MetadataBuildingContext [org.hibernate.boot.internal.MetadataBuildingContextRootImpl@211febf3]
[DEBUG] 2020-02-23 11:43:42.247 [main] AnnotationBinder - Binding entity from annotated class: com.mattanderson.carbConscious.entity.User
[DEBUG] 2020-02-23 11:43:42.370 [main] Ejb3Column - Binding column: Ejb3DiscriminatorColumn{logicalColumnName'DTYPE', discriminatorTypeName='string'}
[DEBUG] 2020-02-23 11:43:42.377 [main] EntityBinder - Import with entity name User
[DEBUG] 2020-02-23 11:43:42.382 [main] EntityBinder - Bind entity com.mattanderson.carbConscious.entity.User on table USERS
[DEBUG] 2020-02-23 11:43:42.418 [main] Ejb3Column - Binding column: Ejb3Column{table=org.hibernate.mapping.Table(USERS), mappingColumn=id, insertable=true, updatable=true, unique=false}
[DEBUG] 2020-02-23 11:43:42.421 [main] PropertyBinder - MetadataSourceProcessor property id with lazy=false
[DEBUG] 2020-02-23 11:43:42.424 [main] AbstractPropertyHolder - Attempting to locate auto-apply AttributeConverter for property [com.mattanderson.carbConscious.entity.User:id]
[DEBUG] 2020-02-23 11:43:42.427 [main] SimpleValueBinder - building SimpleValue for id
[DEBUG] 2020-02-23 11:43:42.429 [main] PropertyBinder - Building property id
[DEBUG] 2020-02-23 11:43:42.433 [main] BinderHelper - #makeIdGenerator(org.hibernate.mapping.SimpleValue([org.hibernate.mapping.Column(id)]), id, org.hibernate.id.enhanced.SequenceStyleGenerator, native, ...)
[DEBUG] 2020-02-23 11:43:42.435 [main] Ejb3Column - Binding column: Ejb3Column{table=org.hibernate.mapping.Table(USERS), mappingColumn=creation_datetime, insertable=true, updatable=true, unique=false}
[DEBUG] 2020-02-23 11:43:42.435 [main] PropertyBinder - MetadataSourceProcessor property creationDateTime with lazy=false
[DEBUG] 2020-02-23 11:43:42.435 [main] AbstractPropertyHolder - Attempting to locate auto-apply AttributeConverter for property [com.mattanderson.carbConscious.entity.User:creationDateTime]
[DEBUG] 2020-02-23 11:43:42.435 [main] SimpleValueBinder - building SimpleValue for creationDateTime
[DEBUG] 2020-02-23 11:43:42.436 [main] PropertyBinder - Building property creationDateTime
[DEBUG] 2020-02-23 11:43:42.436 [main] Ejb3Column - Binding column: Ejb3Column{table=org.hibernate.mapping.Table(USERS), mappingColumn=email, insertable=true, updatable=true, unique=false}
[DEBUG] 2020-02-23 11:43:42.436 [main] PropertyBinder - MetadataSourceProcessor property email with lazy=false
[DEBUG] 2020-02-23 11:43:42.436 [main] AbstractPropertyHolder - Attempting to locate auto-apply AttributeConverter for property [com.mattanderson.carbConscious.entity.User:email]
[DEBUG] 2020-02-23 11:43:42.436 [main] SimpleValueBinder - building SimpleValue for email
[DEBUG] 2020-02-23 11:43:42.437 [main] PropertyBinder - Building property email
[DEBUG] 2020-02-23 11:43:42.437 [main] Ejb3Column - Binding column: Ejb3Column{table=org.hibernate.mapping.Table(USERS), mappingColumn=first_name, insertable=true, updatable=true, unique=false}
[DEBUG] 2020-02-23 11:43:42.437 [main] PropertyBinder - MetadataSourceProcessor property firstName with lazy=false
[DEBUG] 2020-02-23 11:43:42.437 [main] AbstractPropertyHolder - Attempting to locate auto-apply AttributeConverter for property [com.mattanderson.carbConscious.entity.User:firstName]
[DEBUG] 2020-02-23 11:43:42.437 [main] SimpleValueBinder - building SimpleValue for firstName
[DEBUG] 2020-02-23 11:43:42.437 [main] PropertyBinder - Building property firstName
[DEBUG] 2020-02-23 11:43:42.438 [main] Ejb3Column - Binding column: Ejb3Column{table=org.hibernate.mapping.Table(USERS), mappingColumn=last_name, insertable=true, updatable=true, unique=false}
[DEBUG] 2020-02-23 11:43:42.438 [main] PropertyBinder - MetadataSourceProcessor property lastName with lazy=false
[DEBUG] 2020-02-23 11:43:42.438 [main] AbstractPropertyHolder - Attempting to locate auto-apply AttributeConverter for property [com.mattanderson.carbConscious.entity.User:lastName]
[DEBUG] 2020-02-23 11:43:42.438 [main] SimpleValueBinder - building SimpleValue for lastName
[DEBUG] 2020-02-23 11:43:42.438 [main] PropertyBinder - Building property lastName
[DEBUG] 2020-02-23 11:43:42.438 [main] Ejb3Column - Binding column: Ejb3Column{table=org.hibernate.mapping.Table(USERS), mappingColumn=password, insertable=true, updatable=true, unique=false}
[DEBUG] 2020-02-23 11:43:42.439 [main] PropertyBinder - MetadataSourceProcessor property password with lazy=false
[DEBUG] 2020-02-23 11:43:42.439 [main] AbstractPropertyHolder - Attempting to locate auto-apply AttributeConverter for property [com.mattanderson.carbConscious.entity.User:password]
[DEBUG] 2020-02-23 11:43:42.439 [main] SimpleValueBinder - building SimpleValue for password
[DEBUG] 2020-02-23 11:43:42.439 [main] PropertyBinder - Building property password
[DEBUG] 2020-02-23 11:43:42.442 [main] Ejb3Column - Binding column: Ejb3JoinColumn{logicalColumnName='null', referencedColumn='null', mappedBy='user'}
[DEBUG] 2020-02-23 11:43:42.443 [main] Ejb3Column - Binding column: Ejb3Column{table=org.hibernate.mapping.Table(USERS), mappingColumn=roles, insertable=true, updatable=true, unique=false}
[DEBUG] 2020-02-23 11:43:42.445 [main] Ejb3Column - Binding column: Ejb3Column{table=org.hibernate.mapping.Table(USERS), mappingColumn=null, insertable=true, updatable=true, unique=false}
[DEBUG] 2020-02-23 11:43:42.454 [main] Ejb3Column - Binding column: Ejb3Column{table=org.hibernate.mapping.Table(USERS), mappingColumn=element, insertable=true, updatable=true, unique=false}
[DEBUG] 2020-02-23 11:43:42.454 [main] Ejb3Column - Binding column: Ejb3Column{table=org.hibernate.mapping.Table(USERS), mappingColumn=roles_KEY, insertable=true, updatable=true, unique=false}
[DEBUG] 2020-02-23 11:43:42.455 [main] Ejb3Column - Binding column: Ejb3JoinColumn{logicalColumnName='roles_KEY', referencedColumn='null', mappedBy='null'}
[DEBUG] 2020-02-23 11:43:42.456 [main] Ejb3Column - Binding column: Ejb3JoinColumn{logicalColumnName='null', referencedColumn='null', mappedBy='user'}
[DEBUG] 2020-02-23 11:43:42.457 [main] Ejb3Column - Binding column: Ejb3JoinColumn{logicalColumnName='null', referencedColumn='null', mappedBy='user'}
[DEBUG] 2020-02-23 11:43:42.457 [main] CollectionBinder - Collection role: com.mattanderson.carbConscious.entity.User.roles
[DEBUG] 2020-02-23 11:43:42.460 [main] PropertyBinder - Building property roles
[DEBUG] 2020-02-23 11:43:42.460 [main] Ejb3Column - Binding column: Ejb3Column{table=org.hibernate.mapping.Table(USERS), mappingColumn=update_datetime, insertable=true, updatable=true, unique=false}
[DEBUG] 2020-02-23 11:43:42.461 [main] PropertyBinder - MetadataSourceProcessor property updateDateTime with lazy=false
[DEBUG] 2020-02-23 11:43:42.461 [main] AbstractPropertyHolder - Attempting to locate auto-apply AttributeConverter for property [com.mattanderson.carbConscious.entity.User:updateDateTime]
[DEBUG] 2020-02-23 11:43:42.461 [main] SimpleValueBinder - building SimpleValue for updateDateTime
[DEBUG] 2020-02-23 11:43:42.461 [main] PropertyBinder - Building property updateDateTime
[DEBUG] 2020-02-23 11:43:42.461 [main] Ejb3Column - Binding column: Ejb3Column{table=org.hibernate.mapping.Table(USERS), mappingColumn=user_name, insertable=true, updatable=true, unique=false}
[DEBUG] 2020-02-23 11:43:42.461 [main] PropertyBinder - MetadataSourceProcessor property userName with lazy=false
[DEBUG] 2020-02-23 11:43:42.461 [main] AbstractPropertyHolder - Attempting to locate auto-apply AttributeConverter for property [com.mattanderson.carbConscious.entity.User:userName]
[DEBUG] 2020-02-23 11:43:42.461 [main] SimpleValueBinder - building SimpleValue for userName
[DEBUG] 2020-02-23 11:43:42.462 [main] PropertyBinder - Building property userName
[DEBUG] 2020-02-23 11:43:42.463 [main] AnnotationBinder - Binding entity from annotated class: com.mattanderson.carbConscious.entity.UserRole
[DEBUG] 2020-02-23 11:43:42.463 [main] Ejb3Column - Binding column: Ejb3DiscriminatorColumn{logicalColumnName'DTYPE', discriminatorTypeName='string'}
[DEBUG] 2020-02-23 11:43:42.463 [main] EntityBinder - Import with entity name UserRole
[DEBUG] 2020-02-23 11:43:42.464 [main] EntityBinder - Bind entity com.mattanderson.carbConscious.entity.UserRole on table USER_ROLES
[DEBUG] 2020-02-23 11:43:42.468 [main] Ejb3Column - Binding column: Ejb3Column{table=org.hibernate.mapping.Table(USER_ROLES), mappingColumn=id, insertable=true, updatable=true, unique=false}
[DEBUG] 2020-02-23 11:43:42.469 [main] PropertyBinder - MetadataSourceProcessor property id with lazy=false
[DEBUG] 2020-02-23 11:43:42.469 [main] AbstractPropertyHolder - Attempting to locate auto-apply AttributeConverter for property [com.mattanderson.carbConscious.entity.UserRole:id]
[DEBUG] 2020-02-23 11:43:42.469 [main] SimpleValueBinder - building SimpleValue for id
[DEBUG] 2020-02-23 11:43:42.469 [main] PropertyBinder - Building property id
[DEBUG] 2020-02-23 11:43:42.469 [main] BinderHelper - #makeIdGenerator(org.hibernate.mapping.SimpleValue([org.hibernate.mapping.Column(id)]), id, org.hibernate.id.enhanced.SequenceStyleGenerator, native, ...)
[DEBUG] 2020-02-23 11:43:42.470 [main] Ejb3Column - Binding column: Ejb3Column{table=org.hibernate.mapping.Table(USER_ROLES), mappingColumn=creation_datetime, insertable=true, updatable=true, unique=false}
[DEBUG] 2020-02-23 11:43:42.470 [main] PropertyBinder - MetadataSourceProcessor property creationDateTime with lazy=false
[DEBUG] 2020-02-23 11:43:42.470 [main] AbstractPropertyHolder - Attempting to locate auto-apply AttributeConverter for property [com.mattanderson.carbConscious.entity.UserRole:creationDateTime]
[DEBUG] 2020-02-23 11:43:42.470 [main] SimpleValueBinder - building SimpleValue for creationDateTime
[DEBUG] 2020-02-23 11:43:42.470 [main] PropertyBinder - Building property creationDateTime
[DEBUG] 2020-02-23 11:43:42.470 [main] Ejb3Column - Binding column: Ejb3Column{table=org.hibernate.mapping.Table(USER_ROLES), mappingColumn=role_name, insertable=true, updatable=true, unique=false}
[DEBUG] 2020-02-23 11:43:42.471 [main] PropertyBinder - MetadataSourceProcessor property name with lazy=false
[DEBUG] 2020-02-23 11:43:42.471 [main] AbstractPropertyHolder - Attempting to locate auto-apply AttributeConverter for property [com.mattanderson.carbConscious.entity.UserRole:name]
[DEBUG] 2020-02-23 11:43:42.471 [main] SimpleValueBinder - building SimpleValue for name
[DEBUG] 2020-02-23 11:43:42.471 [main] PropertyBinder - Building property name
[DEBUG] 2020-02-23 11:43:42.472 [main] Ejb3Column - Binding column: Ejb3JoinColumn{logicalColumnName='user_name', referencedColumn='user_name', mappedBy=''}
[DEBUG] 2020-02-23 11:43:42.472 [main] Ejb3Column - Binding column: Ejb3Column{table=org.hibernate.mapping.Table(USER_ROLES), mappingColumn=user, insertable=true, updatable=true, unique=false}
[DEBUG] 2020-02-23 11:43:42.474 [main] PropertyBinder - Building property user
[DEBUG] 2020-02-23 11:43:42.476 [main] SimpleValueBinder - Starting fillSimpleValue for id
[DEBUG] 2020-02-23 11:43:42.476 [main] SimpleValueBinder - Starting fillSimpleValue for creationDateTime
[DEBUG] 2020-02-23 11:43:42.476 [main] SimpleValueBinder - Starting fillSimpleValue for email
[DEBUG] 2020-02-23 11:43:42.476 [main] SimpleValueBinder - Starting fillSimpleValue for firstName
[DEBUG] 2020-02-23 11:43:42.476 [main] SimpleValueBinder - Starting fillSimpleValue for lastName
[DEBUG] 2020-02-23 11:43:42.476 [main] SimpleValueBinder - Starting fillSimpleValue for password
[DEBUG] 2020-02-23 11:43:42.476 [main] SimpleValueBinder - Starting fillSimpleValue for updateDateTime
[DEBUG] 2020-02-23 11:43:42.477 [main] SimpleValueBinder - Starting fillSimpleValue for userName
[DEBUG] 2020-02-23 11:43:42.477 [main] SimpleValueBinder - Starting fillSimpleValue for id
[DEBUG] 2020-02-23 11:43:42.477 [main] SimpleValueBinder - Starting fillSimpleValue for creationDateTime
[DEBUG] 2020-02-23 11:43:42.477 [main] SimpleValueBinder - Starting fillSimpleValue for name
[DEBUG] 2020-02-23 11:43:42.484 [main] PrimaryKey - Forcing column [id] to be non-null as it is part of the primary key for table [users]
[DEBUG] 2020-02-23 11:43:42.484 [main] PrimaryKey - Forcing column [id] to be non-null as it is part of the primary key for table [user_roles]
[DEBUG] 2020-02-23 11:43:42.484 [main] CollectionSecondPass - Second pass for collection: com.mattanderson.carbConscious.entity.User.roles
[DEBUG] 2020-02-23 11:43:42.484 [main] CollectionBinder - Binding a OneToMany: com.mattanderson.carbConscious.entity.User.roles through a foreign key
[DEBUG] 2020-02-23 11:43:42.485 [main] CollectionBinder - Mapping collection: com.mattanderson.carbConscious.entity.User.roles -> USER_ROLES
[DEBUG] 2020-02-23 11:43:42.486 [main] TableBinder - Retrieving property com.mattanderson.carbConscious.entity.UserRole.user
[DEBUG] 2020-02-23 11:43:42.487 [main] CollectionSecondPass - Mapped collection key: user_name, one-to-many: com.mattanderson.carbConscious.entity.UserRole
[DEBUG] 2020-02-23 11:43:42.487 [main] InFlightMetadataCollectorImpl - Processing association property references
[DEBUG] 2020-02-23 11:43:42.487 [main] InFlightMetadataCollectorImpl - Resolving reference to class: com.mattanderson.carbConscious.entity.User
[DEBUG] 2020-02-23 11:43:42.490 [main] InFlightMetadataCollectorImpl - Processing association property references
[DEBUG] 2020-02-23 11:43:42.490 [main] InFlightMetadataCollectorImpl - Resolving reference to class: com.mattanderson.carbConscious.entity.User
[DEBUG] 2020-02-23 11:43:42.546 [main] SessionFactoryImpl - Building session factory
[DEBUG] 2020-02-23 11:43:42.548 [main] Settings - SessionFactory name : null
[DEBUG] 2020-02-23 11:43:42.548 [main] Settings - Automatic flush during beforeCompletion(): enabled
[DEBUG] 2020-02-23 11:43:42.548 [main] Settings - Automatic session close at end of transaction: disabled
[DEBUG] 2020-02-23 11:43:42.548 [main] Settings - Statistics: disabled
[DEBUG] 2020-02-23 11:43:42.548 [main] Settings - Deleted entity synthetic identifier rollback: disabled
[DEBUG] 2020-02-23 11:43:42.548 [main] Settings - Default entity-mode: pojo
[DEBUG] 2020-02-23 11:43:42.548 [main] Settings - Check Nullability in Core (should be disabled when Bean Validation is on): enabled
[DEBUG] 2020-02-23 11:43:42.548 [main] Settings - Allow initialization of lazy state outside session : disabled
[DEBUG] 2020-02-23 11:43:42.549 [main] Settings - Using BatchFetchStyle : LEGACY
[DEBUG] 2020-02-23 11:43:42.549 [main] Settings - Default batch fetch size: -1
[DEBUG] 2020-02-23 11:43:42.549 [main] Settings - Maximum outer join fetch depth: 2
[DEBUG] 2020-02-23 11:43:42.549 [main] Settings - Default null ordering: NONE
[DEBUG] 2020-02-23 11:43:42.549 [main] Settings - Order SQL updates by primary key: disabled
[DEBUG] 2020-02-23 11:43:42.549 [main] Settings - Order SQL inserts for batching: disabled
[DEBUG] 2020-02-23 11:43:42.549 [main] Settings - multi-tenancy strategy : NONE
[DEBUG] 2020-02-23 11:43:42.549 [main] Settings - JTA Track by Thread: enabled
[DEBUG] 2020-02-23 11:43:42.549 [main] Settings - Query language substitutions: {}
[DEBUG] 2020-02-23 11:43:42.549 [main] Settings - Named query checking : enabled
[DEBUG] 2020-02-23 11:43:42.549 [main] Settings - Second-level cache: disabled
[DEBUG] 2020-02-23 11:43:42.549 [main] Settings - Second-level query cache: disabled
[DEBUG] 2020-02-23 11:43:42.549 [main] Settings - Second-level query cache factory: null
[DEBUG] 2020-02-23 11:43:42.549 [main] Settings - Second-level cache region prefix: null
[DEBUG] 2020-02-23 11:43:42.550 [main] Settings - Optimize second-level cache for minimal puts: disabled
[DEBUG] 2020-02-23 11:43:42.550 [main] Settings - Structured second-level cache entries: disabled
[DEBUG] 2020-02-23 11:43:42.550 [main] Settings - Second-level cache direct-reference entries: disabled
[DEBUG] 2020-02-23 11:43:42.550 [main] Settings - Automatic eviction of collection cache: disabled
[DEBUG] 2020-02-23 11:43:42.550 [main] Settings - JDBC batch size: 15
[DEBUG] 2020-02-23 11:43:42.550 [main] Settings - JDBC batch updates for versioned data: enabled
[DEBUG] 2020-02-23 11:43:42.550 [main] Settings - Scrollable result sets: enabled
[DEBUG] 2020-02-23 11:43:42.550 [main] Settings - Wrap result sets: disabled
[DEBUG] 2020-02-23 11:43:42.550 [main] Settings - JDBC3 getGeneratedKeys(): enabled
[DEBUG] 2020-02-23 11:43:42.551 [main] Settings - JDBC result set fetch size: null
[DEBUG] 2020-02-23 11:43:42.551 [main] Settings - Connection release mode: AFTER_TRANSACTION
[DEBUG] 2020-02-23 11:43:42.551 [main] Settings - Generate SQL with comments: disabled
[DEBUG] 2020-02-23 11:43:42.552 [main] Settings - JPA compliance - query : 
[DEBUG] 2020-02-23 11:43:42.552 [main] Settings - JPA compliance - closed-handling : 
[DEBUG] 2020-02-23 11:43:42.552 [main] Settings - JPA compliance - lists : 
[DEBUG] 2020-02-23 11:43:42.552 [main] Settings - JPA compliance - transactions : 
[INFO ] 2020-02-23 11:43:42.617 [main] beans - HHH10005002: No explicit CDI BeanManager reference was passed to Hibernate, but CDI is available on the Hibernate ClassLoader.
[DEBUG] 2020-02-23 11:43:42.639 [main] SessionFactoryImpl - Session factory constructed with filter configurations : {}
[DEBUG] 2020-02-23 11:43:42.639 [main] SessionFactoryImpl - Instantiating session factory with properties: {sun.desktop=gnome, awt.toolkit=sun.awt.X11.XToolkit, java.specification.version=11, sun.cpu.isalist=, hibernate.c3p0.idle_test_period=3000, sun.jnu.encoding=UTF-8, hibernate.c3p0.min_size=5, java.class.path=/home/student/intellij/lib/idea_rt.jar:/home/student/intellij/plugins/junit/lib/junit5-rt.jar:/home/student/intellij/plugins/junit/lib/junit-rt.jar:/home/student/IdeaProjects/carbConscious/target/test-classes:/home/student/IdeaProjects/carbConscious/target/classes:/home/student/.m2/repository/org/junit/platform/junit-platform-runner/1.0.0/junit-platform-runner-1.0.0.jar:/home/student/.m2/repository/org/apiguardian/apiguardian-api/1.0.0/apiguardian-api-1.0.0.jar:/home/student/.m2/repository/org/junit/platform/junit-platform-launcher/1.0.0/junit-platform-launcher-1.0.0.jar:/home/student/.m2/repository/org/junit/platform/junit-platform-suite-api/1.0.0/junit-platform-suite-api-1.0.0.jar:/home/student/.m2/repository/org/junit/platform/junit-platform-commons/1.0.0/junit-platform-commons-1.0.0.jar:/home/student/.m2/repository/org/junit/vintage/junit-vintage-engine/4.12.0/junit-vintage-engine-4.12.0.jar:/home/student/.m2/repository/org/junit/platform/junit-platform-engine/1.0.0/junit-platform-engine-1.0.0.jar:/home/student/.m2/repository/org/opentest4j/opentest4j/1.0.0/opentest4j-1.0.0.jar:/home/student/.m2/repository/org/junit/jupiter/junit-jupiter-engine/5.0.0/junit-jupiter-engine-5.0.0.jar:/home/student/.m2/repository/org/junit/jupiter/junit-jupiter-api/5.0.0/junit-jupiter-api-5.0.0.jar:/home/student/.m2/repository/junit/junit/4.12/junit-4.12.jar:/home/student/.m2/repository/org/hamcrest/hamcrest-core/1.3/hamcrest-core-1.3.jar:/home/student/.m2/repository/javax/javaee-web-api/7.0/javaee-web-api-7.0.jar:/home/student/.m2/repository/mysql/mysql-connector-java/8.0.16/mysql-connector-java-8.0.16.jar:/home/student/.m2/repository/com/google/protobuf/protobuf-java/3.6.1/protobuf-java-3.6.1.jar:/home/student/.m2/repository/jstl/jstl/1.2/jstl-1.2.jar:/home/student/.m2/repository/org/apache/logging/log4j/log4j-api/2.10.0/log4j-api-2.10.0.jar:/home/student/.m2/repository/org/apache/logging/log4j/log4j-core/2.10.0/log4j-core-2.10.0.jar:/home/student/.m2/repository/org/hibernate/hibernate-core/5.4.4.Final/hibernate-core-5.4.4.Final.jar:/home/student/.m2/repository/org/jboss/logging/jboss-logging/3.3.2.Final/jboss-logging-3.3.2.Final.jar:/home/student/.m2/repository/javax/persistence/javax.persistence-api/2.2/javax.persistence-api-2.2.jar:/home/student/.m2/repository/org/javassist/javassist/3.24.0-GA/javassist-3.24.0-GA.jar:/home/student/.m2/repository/net/bytebuddy/byte-buddy/1.9.11/byte-buddy-1.9.11.jar:/home/student/.m2/repository/antlr/antlr/2.7.7/antlr-2.7.7.jar:/home/student/.m2/repository/org/jboss/spec/javax/transaction/jboss-transaction-api_1.2_spec/1.1.1.Final/jboss-transaction-api_1.2_spec-1.1.1.Final.jar:/home/student/.m2/repository/org/jboss/jandex/2.0.5.Final/jandex-2.0.5.Final.jar:/home/student/.m2/repository/com/fasterxml/classmate/1.3.4/classmate-1.3.4.jar:/home/student/.m2/repository/javax/activation/javax.activation-api/1.2.0/javax.activation-api-1.2.0.jar:/home/student/.m2/repository/org/dom4j/dom4j/2.1.1/dom4j-2.1.1.jar:/home/student/.m2/repository/org/hibernate/common/hibernate-commons-annotations/5.1.0.Final/hibernate-commons-annotations-5.1.0.Final.jar:/home/student/.m2/repository/javax/xml/bind/jaxb-api/2.3.1/jaxb-api-2.3.1.jar:/home/student/.m2/repository/org/glassfish/jaxb/jaxb-runtime/2.3.1/jaxb-runtime-2.3.1.jar:/home/student/.m2/repository/org/glassfish/jaxb/txw2/2.3.1/txw2-2.3.1.jar:/home/student/.m2/repository/com/sun/istack/istack-commons-runtime/3.0.7/istack-commons-runtime-3.0.7.jar:/home/student/.m2/repository/org/jvnet/staxex/stax-ex/1.8/stax-ex-1.8.jar:/home/student/.m2/repository/com/sun/xml/fastinfoset/FastInfoset/1.2.15/FastInfoset-1.2.15.jar:/home/student/.m2/repository/org/hibernate/hibernate-c3p0/5.4.4.Final/hibernate-c3p0-5.4.4.Final.jar:/home/student/.m2/repository/com/mchange/c3p0/0.9.5.3/c3p0-0.9.5.3.jar:/home/student/.m2/repository/com/mchange/mchange-commons-java/0.2.15/mchange-commons-java-0.2.15.jar:/home/student/.m2/repository/org/hibernate/hibernate-validator/5.4.1.Final/hibernate-validator-5.4.1.Final.jar:/home/student/.m2/repository/javax/validation/validation-api/1.1.0.Final/validation-api-1.1.0.Final.jar:/home/student/.m2/repository/org/hibernate/validator/hibernate-validator-annotation-processor/6.1.2.Final/hibernate-validator-annotation-processor-6.1.2.Final.jar, java.vm.vendor=Ubuntu, sun.arch.data.model=64, idea.test.cyclic.buffer.size=1048576, java.vendor.url=https://ubuntu.com/, user.timezone=America/Chicago, os.name=Linux, java.vm.specification.version=11, sun.java.launcher=SUN_STANDARD, user.country=US, sun.boot.library.path=/usr/lib/jvm/java-11-openjdk-amd64/lib, sun.java.command=com.intellij.rt.junit.JUnitStarter -ideVersion5 -junit5 com.mattanderson.carbConscious.persistence.UserDaoTest,saveOrUpdateSuccess, jdk.debug=release, sun.cpu.endian=little, user.home=/home/student, hibernate.c3p0.max_statements=50, user.language=en, java.specification.vendor=Oracle Corporation, java.version.date=2020-01-14, java.home=/usr/lib/jvm/java-11-openjdk-amd64, file.separator=/, java.vm.compressedOopsMode=32-bit, line.separator=
, hibernate.c3p0.timeout=300, java.specification.name=Java Platform API Specification, java.vm.specification.vendor=Oracle Corporation, java.awt.graphicsenv=sun.awt.X11GraphicsEnvironment, connection.password=student, sun.management.compiler=HotSpot 64-Bit Tiered Compilers, hibernate.c3p0.max_size=20, java.runtime.version=11.0.6+10-post-Ubuntu-1ubuntu118.04.1, user.name=student, path.separator=:, hibernate.connection.username=****, os.version=5.3.0-40-generic, java.runtime.name=OpenJDK Runtime Environment, hibernate.connection.url=jdbc:mysql://localhost:3306/test_carb_conscious, file.encoding=UTF-8, java.vm.name=OpenJDK 64-Bit Server VM, hibernate.connection.driver_class=com.mysql.cj.jdbc.Driver, java.vendor.url.bug=https://bugs.launchpad.net/ubuntu/+source/openjdk-lts, java.io.tmpdir=/tmp, java.version=11.0.6, user.dir=/home/student/IdeaProjects/carbConscious, os.arch=amd64, connection.username=root, java.vm.specification.name=Java Virtual Machine Specification, java.awt.printerjob=sun.print.PSPrinterJob, hibernate.connection.password=****, sun.os.patch.level=unknown, connection.driver_class=com.mysql.cj.jdbc.Driver, hibernate.boot.CfgXmlAccessService.key=org.hibernate.boot.cfgxml.spi.LoadedConfig@767f6ee7, java.library.path=/usr/java/packages/lib:/usr/lib/x86_64-linux-gnu/jni:/lib/x86_64-linux-gnu:/usr/lib/x86_64-linux-gnu:/usr/lib/jni:/lib:/usr/lib, java.vendor=Ubuntu, java.vm.info=mixed mode, sharing, java.vm.version=11.0.6+10-post-Ubuntu-1ubuntu118.04.1, hibernate.bytecode.use_reflection_optimizer=false, sun.io.unicode.encoding=UnicodeLittle, connection.url=jdbc:mysql://localhost:3306/test_carb_conscious, java.class.version=55.0}
[INFO ] 2020-02-23 11:43:42.670 [main] Version - HV000001: Hibernate Validator 5.4.1.Final
[DEBUG] 2020-02-23 11:43:42.688 [main] DefaultTraversableResolver - Found javax.persistence.Persistence on classpath containing 'getPersistenceUtil'. Assuming JPA 2 environment. Trying to instantiate JPA aware TraversableResolver
[DEBUG] 2020-02-23 11:43:42.689 [main] DefaultTraversableResolver - Instantiated JPA aware TraversableResolver of type org.hibernate.validator.internal.engine.resolver.JPATraversableResolver.
[DEBUG] 2020-02-23 11:43:42.692 [main] ValidationXmlParser - Trying to load META-INF/validation.xml for XML based Validator configuration.
[DEBUG] 2020-02-23 11:43:42.694 [main] ResourceLoaderHelper - Trying to load META-INF/validation.xml via TCCL
[DEBUG] 2020-02-23 11:43:42.695 [main] ResourceLoaderHelper - Trying to load META-INF/validation.xml via Hibernate Validator's class loader
[DEBUG] 2020-02-23 11:43:42.695 [main] ValidationXmlParser - No META-INF/validation.xml found. Using annotation based configuration only.
[DEBUG] 2020-02-23 11:43:42.706 [main] TypeSafeActivator - Unable to acquire Bean Validation ValidatorFactory, skipping activation
[DEBUG] 2020-02-23 11:43:42.706 [main] JaccIntegrator - Skipping JACC integration as it was not enabled
[DEBUG] 2020-02-23 11:43:42.707 [main] SessionFactoryImpl - Instantiated session factory
[DEBUG] 2020-02-23 11:43:42.707 [main] TypeConfiguration$Scope - Scoping TypeConfiguration [org.hibernate.type.spi.TypeConfiguration@4eb45fec] to SessionFactoryImpl [org.hibernate.internal.SessionFactoryImpl@2629d5dc]
[DEBUG] 2020-02-23 11:43:42.779 [main] ClassLoaderAccessImpl - Not known whether passed class name [com.mattanderson.carbConscious.entity.UserRole] is safe
[DEBUG] 2020-02-23 11:43:42.780 [main] ClassLoaderAccessImpl - No temp ClassLoader provided; using live ClassLoader for loading potentially unsafe class : com.mattanderson.carbConscious.entity.UserRole
[DEBUG] 2020-02-23 11:43:42.801 [main] ClassLoaderAccessImpl - Not known whether passed class name [com.mattanderson.carbConscious.entity.UserRole] is safe
[DEBUG] 2020-02-23 11:43:42.801 [main] ClassLoaderAccessImpl - No temp ClassLoader provided; using live ClassLoader for loading potentially unsafe class : com.mattanderson.carbConscious.entity.UserRole
[DEBUG] 2020-02-23 11:43:43.069 [main] ClassLoaderAccessImpl - Not known whether passed class name [com.mattanderson.carbConscious.entity.User] is safe
[DEBUG] 2020-02-23 11:43:43.070 [main] ClassLoaderAccessImpl - No temp ClassLoader provided; using live ClassLoader for loading potentially unsafe class : com.mattanderson.carbConscious.entity.User
[DEBUG] 2020-02-23 11:43:43.077 [main] ClassLoaderAccessImpl - Not known whether passed class name [com.mattanderson.carbConscious.entity.User] is safe
[DEBUG] 2020-02-23 11:43:43.079 [main] ClassLoaderAccessImpl - No temp ClassLoader provided; using live ClassLoader for loading potentially unsafe class : com.mattanderson.carbConscious.entity.User
[DEBUG] 2020-02-23 11:43:43.138 [main] AbstractCollectionPersister - Static SQL for collection: com.mattanderson.carbConscious.entity.User.roles
[DEBUG] 2020-02-23 11:43:43.138 [main] AbstractCollectionPersister -  Row insert: update USER_ROLES set user_name=? where id=?
[DEBUG] 2020-02-23 11:43:43.138 [main] AbstractCollectionPersister -  Row update: update USER_ROLES set  where id=?
[DEBUG] 2020-02-23 11:43:43.138 [main] AbstractCollectionPersister -  Row delete: update USER_ROLES set user_name=null where user_name=? and id=?
[DEBUG] 2020-02-23 11:43:43.138 [main] AbstractCollectionPersister -  One-shot delete: update USER_ROLES set user_name=null where user_name=?
[DEBUG] 2020-02-23 11:43:43.143 [main] AbstractEntityPersister - Static SQL for entity: com.mattanderson.carbConscious.entity.UserRole
[DEBUG] 2020-02-23 11:43:43.143 [main] AbstractEntityPersister -  Version select: select id from USER_ROLES where id =?
[DEBUG] 2020-02-23 11:43:43.143 [main] AbstractEntityPersister -  Snapshot select: select userrole_.id, userrole_.creation_datetime as creation2_0_, userrole_.role_name as role_nam3_0_, userrole_.user_name as user_nam4_0_ from USER_ROLES userrole_ where userrole_.id=?
[DEBUG] 2020-02-23 11:43:43.143 [main] AbstractEntityPersister -  Insert 0: insert into USER_ROLES (creation_datetime, role_name, user_name, id) values (?, ?, ?, ?)
[DEBUG] 2020-02-23 11:43:43.143 [main] AbstractEntityPersister -  Update 0: update USER_ROLES set creation_datetime=?, role_name=?, user_name=? where id=?
[DEBUG] 2020-02-23 11:43:43.143 [main] AbstractEntityPersister -  Delete 0: delete from USER_ROLES where id=?
[DEBUG] 2020-02-23 11:43:43.143 [main] AbstractEntityPersister -  Identity insert: insert into USER_ROLES (creation_datetime, role_name, user_name) values (?, ?, ?)
[DEBUG] 2020-02-23 11:43:43.166 [main] QuerySpacesImpl - Adding QuerySpace : uid = <gen:0> -> org.hibernate.loader.plan.build.internal.spaces.EntityQuerySpaceImpl@575cabf0]
[DEBUG] 2020-02-23 11:43:43.167 [main] MetamodelGraphWalker - Visiting attribute path : creationDateTime
[DEBUG] 2020-02-23 11:43:43.167 [main] MetamodelGraphWalker - Visiting attribute path : name
[DEBUG] 2020-02-23 11:43:43.167 [main] MetamodelGraphWalker - Visiting attribute path : user
[DEBUG] 2020-02-23 11:43:43.171 [main] QuerySpacesImpl - Adding QuerySpace : uid = <gen:1> -> org.hibernate.loader.plan.build.internal.spaces.EntityQuerySpaceImpl@691124ee]
[DEBUG] 2020-02-23 11:43:43.173 [main] MetamodelGraphWalker - Visiting attribute path : user.creationDateTime
[DEBUG] 2020-02-23 11:43:43.173 [main] MetamodelGraphWalker - Visiting attribute path : user.email
[DEBUG] 2020-02-23 11:43:43.173 [main] MetamodelGraphWalker - Visiting attribute path : user.firstName
[DEBUG] 2020-02-23 11:43:43.173 [main] MetamodelGraphWalker - Visiting attribute path : user.lastName
[DEBUG] 2020-02-23 11:43:43.173 [main] MetamodelGraphWalker - Visiting attribute path : user.password
[DEBUG] 2020-02-23 11:43:43.173 [main] MetamodelGraphWalker - Visiting attribute path : user.roles
[DEBUG] 2020-02-23 11:43:43.174 [main] MetamodelGraphWalker - Property path deemed to be circular : user.roles
[DEBUG] 2020-02-23 11:43:43.174 [main] MetamodelGraphWalker - Visiting attribute path : user.updateDateTime
[DEBUG] 2020-02-23 11:43:43.174 [main] MetamodelGraphWalker - Visiting attribute path : user.userName
[DEBUG] 2020-02-23 11:43:43.174 [main] MetamodelGraphWalker - Visiting attribute path : user._com_mattanderson_carbConscious_entity_UserRole_user
[DEBUG] 2020-02-23 11:43:43.175 [main] QuerySpacesImpl - Adding QuerySpace : uid = <gen:2> -> org.hibernate.loader.plan.build.internal.spaces.CompositeQuerySpaceImpl@33f2cfda]
[DEBUG] 2020-02-23 11:43:43.177 [main] MetamodelGraphWalker - Visiting attribute path : user._com_mattanderson_carbConscious_entity_UserRole_user.userName
[DEBUG] 2020-02-23 11:43:43.177 [main] FetchStyleLoadPlanBuildingAssociationVisitationStrategy - Building LoadPlan...
[DEBUG] 2020-02-23 11:43:43.193 [main] LoadQueryJoinAndFetchProcessor - processing queryspace <gen:0>
[DEBUG] 2020-02-23 11:43:43.200 [main] LoadPlanTreePrinter - LoadPlan(entity=com.mattanderson.carbConscious.entity.UserRole)
    - Returns
       - EntityReturnImpl(entity=com.mattanderson.carbConscious.entity.UserRole, querySpaceUid=<gen:0>, path=com.mattanderson.carbConscious.entity.UserRole)
          - EntityAttributeFetchImpl(entity=com.mattanderson.carbConscious.entity.User, querySpaceUid=<gen:1>, path=com.mattanderson.carbConscious.entity.UserRole.user)
             - CompositeAttributeFetchImpl(composite=com.mattanderson.carbConscious.entity.User, querySpaceUid=<gen:2>, path=com.mattanderson.carbConscious.entity.UserRole.user._com_mattanderson_carbConscious_entity_UserRole_user)
    - QuerySpaces
       - EntityQuerySpaceImpl(uid=<gen:0>, entity=com.mattanderson.carbConscious.entity.UserRole)
          - SQL table alias mapping - userrole0_
          - alias suffix - 0_
          - suffixed key columns - {id1_0_0_}
          - JOIN (JoinDefinedByMetadata(user)) : <gen:0> -> <gen:1>
             - EntityQuerySpaceImpl(uid=<gen:1>, entity=com.mattanderson.carbConscious.entity.User)
                - SQL table alias mapping - user1_
                - alias suffix - 1_
                - suffixed key columns - {id1_1_1_}
                - JOIN (JoinDefinedByMetadata(_com_mattanderson_carbConscious_entity_UserRole_user)) : <gen:1> -> <gen:2>
                   - CompositeQuerySpaceImpl(uid=<gen:2>)
                      - SQL table alias mapping - user1_

[DEBUG] 2020-02-23 11:43:43.203 [main] EntityLoader - Static select for entity com.mattanderson.carbConscious.entity.UserRole [NONE]: select userrole0_.id as id1_0_0_, userrole0_.creation_datetime as creation2_0_0_, userrole0_.role_name as role_nam3_0_0_, userrole0_.user_name as user_nam4_0_0_, user1_.id as id1_1_1_, user1_.creation_datetime as creation2_1_1_, user1_.email as email3_1_1_, user1_.first_name as first_na4_1_1_, user1_.last_name as last_nam5_1_1_, user1_.password as password6_1_1_, user1_.update_datetime as update_d7_1_1_, user1_.user_name as user_nam8_1_1_ from USER_ROLES userrole0_ left outer join USERS user1_ on userrole0_.user_name=user1_.user_name where userrole0_.id=?
[DEBUG] 2020-02-23 11:43:43.204 [main] QuerySpacesImpl - Adding QuerySpace : uid = <gen:0> -> org.hibernate.loader.plan.build.internal.spaces.EntityQuerySpaceImpl@1f782c05]
[DEBUG] 2020-02-23 11:43:43.204 [main] MetamodelGraphWalker - Visiting attribute path : creationDateTime
[DEBUG] 2020-02-23 11:43:43.204 [main] MetamodelGraphWalker - Visiting attribute path : name
[DEBUG] 2020-02-23 11:43:43.204 [main] MetamodelGraphWalker - Visiting attribute path : user
[DEBUG] 2020-02-23 11:43:43.204 [main] QuerySpacesImpl - Adding QuerySpace : uid = <gen:1> -> org.hibernate.loader.plan.build.internal.spaces.EntityQuerySpaceImpl@432af457]
[DEBUG] 2020-02-23 11:43:43.205 [main] MetamodelGraphWalker - Visiting attribute path : user.creationDateTime
[DEBUG] 2020-02-23 11:43:43.205 [main] MetamodelGraphWalker - Visiting attribute path : user.email
[DEBUG] 2020-02-23 11:43:43.205 [main] MetamodelGraphWalker - Visiting attribute path : user.firstName
[DEBUG] 2020-02-23 11:43:43.205 [main] MetamodelGraphWalker - Visiting attribute path : user.lastName
[DEBUG] 2020-02-23 11:43:43.205 [main] MetamodelGraphWalker - Visiting attribute path : user.password
[DEBUG] 2020-02-23 11:43:43.205 [main] MetamodelGraphWalker - Visiting attribute path : user.roles
[DEBUG] 2020-02-23 11:43:43.205 [main] MetamodelGraphWalker - Property path deemed to be circular : user.roles
[DEBUG] 2020-02-23 11:43:43.205 [main] MetamodelGraphWalker - Visiting attribute path : user.updateDateTime
[DEBUG] 2020-02-23 11:43:43.205 [main] MetamodelGraphWalker - Visiting attribute path : user.userName
[DEBUG] 2020-02-23 11:43:43.205 [main] MetamodelGraphWalker - Visiting attribute path : user._com_mattanderson_carbConscious_entity_UserRole_user
[DEBUG] 2020-02-23 11:43:43.205 [main] QuerySpacesImpl - Adding QuerySpace : uid = <gen:2> -> org.hibernate.loader.plan.build.internal.spaces.CompositeQuerySpaceImpl@519c6fcc]
[DEBUG] 2020-02-23 11:43:43.205 [main] MetamodelGraphWalker - Visiting attribute path : user._com_mattanderson_carbConscious_entity_UserRole_user.userName
[DEBUG] 2020-02-23 11:43:43.206 [main] FetchStyleLoadPlanBuildingAssociationVisitationStrategy - Building LoadPlan...
[DEBUG] 2020-02-23 11:43:43.206 [main] LoadQueryJoinAndFetchProcessor - processing queryspace <gen:0>
[DEBUG] 2020-02-23 11:43:43.207 [main] LoadPlanTreePrinter - LoadPlan(entity=com.mattanderson.carbConscious.entity.UserRole)
    - Returns
       - EntityReturnImpl(entity=com.mattanderson.carbConscious.entity.UserRole, querySpaceUid=<gen:0>, path=com.mattanderson.carbConscious.entity.UserRole)
          - EntityAttributeFetchImpl(entity=com.mattanderson.carbConscious.entity.User, querySpaceUid=<gen:1>, path=com.mattanderson.carbConscious.entity.UserRole.user)
             - CompositeAttributeFetchImpl(composite=com.mattanderson.carbConscious.entity.User, querySpaceUid=<gen:2>, path=com.mattanderson.carbConscious.entity.UserRole.user._com_mattanderson_carbConscious_entity_UserRole_user)
    - QuerySpaces
       - EntityQuerySpaceImpl(uid=<gen:0>, entity=com.mattanderson.carbConscious.entity.UserRole)
          - SQL table alias mapping - userrole0_
          - alias suffix - 0_
          - suffixed key columns - {id1_0_0_}
          - JOIN (JoinDefinedByMetadata(user)) : <gen:0> -> <gen:1>
             - EntityQuerySpaceImpl(uid=<gen:1>, entity=com.mattanderson.carbConscious.entity.User)
                - SQL table alias mapping - user1_
                - alias suffix - 1_
                - suffixed key columns - {id1_1_1_}
                - JOIN (JoinDefinedByMetadata(_com_mattanderson_carbConscious_entity_UserRole_user)) : <gen:1> -> <gen:2>
                   - CompositeQuerySpaceImpl(uid=<gen:2>)
                      - SQL table alias mapping - user1_

[DEBUG] 2020-02-23 11:43:43.207 [main] EntityLoader - Static select for entity com.mattanderson.carbConscious.entity.UserRole [READ]: select userrole0_.id as id1_0_0_, userrole0_.creation_datetime as creation2_0_0_, userrole0_.role_name as role_nam3_0_0_, userrole0_.user_name as user_nam4_0_0_, user1_.id as id1_1_1_, user1_.creation_datetime as creation2_1_1_, user1_.email as email3_1_1_, user1_.first_name as first_na4_1_1_, user1_.last_name as last_nam5_1_1_, user1_.password as password6_1_1_, user1_.update_datetime as update_d7_1_1_, user1_.user_name as user_nam8_1_1_ from USER_ROLES userrole0_ left outer join USERS user1_ on userrole0_.user_name=user1_.user_name where userrole0_.id=?
[DEBUG] 2020-02-23 11:43:43.221 [main] Loader - Static select for action ACTION_MERGE on entity com.mattanderson.carbConscious.entity.UserRole: select userrole0_.id as id1_0_0_, userrole0_.creation_datetime as creation2_0_0_, userrole0_.role_name as role_nam3_0_0_, userrole0_.user_name as user_nam4_0_0_ from USER_ROLES userrole0_ where userrole0_.id=?
[DEBUG] 2020-02-23 11:43:43.221 [main] Loader - Static select for action ACTION_REFRESH on entity com.mattanderson.carbConscious.entity.UserRole: select userrole0_.id as id1_0_0_, userrole0_.creation_datetime as creation2_0_0_, userrole0_.role_name as role_nam3_0_0_, userrole0_.user_name as user_nam4_0_0_ from USER_ROLES userrole0_ where userrole0_.id=?
[DEBUG] 2020-02-23 11:43:43.222 [main] AbstractEntityPersister - Static SQL for entity: com.mattanderson.carbConscious.entity.User
[DEBUG] 2020-02-23 11:43:43.222 [main] AbstractEntityPersister -  Version select: select id from USERS where id =?
[DEBUG] 2020-02-23 11:43:43.222 [main] AbstractEntityPersister -  Snapshot select: select user_.id, user_.creation_datetime as creation2_1_, user_.email as email3_1_, user_.first_name as first_na4_1_, user_.last_name as last_nam5_1_, user_.password as password6_1_, user_.update_datetime as update_d7_1_, user_.user_name as user_nam8_1_ from USERS user_ where user_.id=?
[DEBUG] 2020-02-23 11:43:43.222 [main] AbstractEntityPersister -  Insert 0: insert into USERS (creation_datetime, email, first_name, last_name, password, update_datetime, user_name, id) values (?, ?, ?, ?, ?, ?, ?, ?)
[DEBUG] 2020-02-23 11:43:43.222 [main] AbstractEntityPersister -  Update 0: update USERS set creation_datetime=?, email=?, first_name=?, last_name=?, password=?, update_datetime=?, user_name=? where id=?
[DEBUG] 2020-02-23 11:43:43.222 [main] AbstractEntityPersister -  Delete 0: delete from USERS where id=?
[DEBUG] 2020-02-23 11:43:43.222 [main] AbstractEntityPersister -  Identity insert: insert into USERS (creation_datetime, email, first_name, last_name, password, update_datetime, user_name) values (?, ?, ?, ?, ?, ?, ?)
[DEBUG] 2020-02-23 11:43:43.222 [main] QuerySpacesImpl - Adding QuerySpace : uid = <gen:0> -> org.hibernate.loader.plan.build.internal.spaces.EntityQuerySpaceImpl@25b38203]
[DEBUG] 2020-02-23 11:43:43.223 [main] MetamodelGraphWalker - Visiting attribute path : creationDateTime
[DEBUG] 2020-02-23 11:43:43.223 [main] MetamodelGraphWalker - Visiting attribute path : email
[DEBUG] 2020-02-23 11:43:43.223 [main] MetamodelGraphWalker - Visiting attribute path : firstName
[DEBUG] 2020-02-23 11:43:43.223 [main] MetamodelGraphWalker - Visiting attribute path : lastName
[DEBUG] 2020-02-23 11:43:43.223 [main] MetamodelGraphWalker - Visiting attribute path : password
[DEBUG] 2020-02-23 11:43:43.223 [main] MetamodelGraphWalker - Visiting attribute path : roles
[DEBUG] 2020-02-23 11:43:43.224 [main] QuerySpacesImpl - Adding QuerySpace : uid = <gen:1> -> org.hibernate.loader.plan.build.internal.spaces.CollectionQuerySpaceImpl@64e7d698]
[DEBUG] 2020-02-23 11:43:43.225 [main] QuerySpacesImpl - Adding QuerySpace : uid = <gen:2> -> org.hibernate.loader.plan.build.internal.spaces.EntityQuerySpaceImpl@661d6bb6]
[DEBUG] 2020-02-23 11:43:43.227 [main] MetamodelGraphWalker - Visiting attribute path : roles.creationDateTime
[DEBUG] 2020-02-23 11:43:43.227 [main] MetamodelGraphWalker - Visiting attribute path : roles.name
[DEBUG] 2020-02-23 11:43:43.227 [main] MetamodelGraphWalker - Visiting attribute path : roles.user
[DEBUG] 2020-02-23 11:43:43.227 [main] MetamodelGraphWalker - Property path deemed to be circular : roles.user
[DEBUG] 2020-02-23 11:43:43.228 [main] MetamodelGraphWalker - Visiting attribute path : updateDateTime
[DEBUG] 2020-02-23 11:43:43.228 [main] MetamodelGraphWalker - Visiting attribute path : userName
[DEBUG] 2020-02-23 11:43:43.228 [main] MetamodelGraphWalker - Visiting attribute path : _com_mattanderson_carbConscious_entity_UserRole_user
[DEBUG] 2020-02-23 11:43:43.229 [main] QuerySpacesImpl - Adding QuerySpace : uid = <gen:3> -> org.hibernate.loader.plan.build.internal.spaces.CompositeQuerySpaceImpl@8e25d3f]
[DEBUG] 2020-02-23 11:43:43.229 [main] MetamodelGraphWalker - Visiting attribute path : _com_mattanderson_carbConscious_entity_UserRole_user.userName
[DEBUG] 2020-02-23 11:43:43.229 [main] FetchStyleLoadPlanBuildingAssociationVisitationStrategy - Building LoadPlan...
[DEBUG] 2020-02-23 11:43:43.229 [main] LoadQueryJoinAndFetchProcessor - processing queryspace <gen:0>
[DEBUG] 2020-02-23 11:43:43.233 [main] LoadPlanTreePrinter - LoadPlan(entity=com.mattanderson.carbConscious.entity.User)
    - Returns
       - EntityReturnImpl(entity=com.mattanderson.carbConscious.entity.User, querySpaceUid=<gen:0>, path=com.mattanderson.carbConscious.entity.User)
          - CollectionAttributeFetchImpl(collection=com.mattanderson.carbConscious.entity.User.roles, querySpaceUid=<gen:1>, path=com.mattanderson.carbConscious.entity.User.roles)
             - (collection element) CollectionFetchableElementEntityGraph(entity=com.mattanderson.carbConscious.entity.UserRole, querySpaceUid=<gen:2>, path=com.mattanderson.carbConscious.entity.User.roles.<elements>)
          - CompositeAttributeFetchImpl(composite=com.mattanderson.carbConscious.entity.User, querySpaceUid=<gen:3>, path=com.mattanderson.carbConscious.entity.User._com_mattanderson_carbConscious_entity_UserRole_user)
    - QuerySpaces
       - EntityQuerySpaceImpl(uid=<gen:0>, entity=com.mattanderson.carbConscious.entity.User)
          - SQL table alias mapping - user0_
          - alias suffix - 0_
          - suffixed key columns - {id1_1_0_}
          - JOIN (JoinDefinedByMetadata(roles)) : <gen:0> -> <gen:1>
             - CollectionQuerySpaceImpl(uid=<gen:1>, collection=com.mattanderson.carbConscious.entity.User.roles)
                - SQL table alias mapping - roles1_
                - alias suffix - 1_
                - suffixed key columns - {user_nam4_0_1_}
                - entity-element alias suffix - 2_
                - 2_entity-element suffixed key columns - id1_0_2_
                - JOIN (JoinDefinedByMetadata(elements)) : <gen:1> -> <gen:2>
                   - EntityQuerySpaceImpl(uid=<gen:2>, entity=com.mattanderson.carbConscious.entity.UserRole)
                      - SQL table alias mapping - roles1_
                      - alias suffix - 2_
                      - suffixed key columns - {id1_0_2_}
          - JOIN (JoinDefinedByMetadata(_com_mattanderson_carbConscious_entity_UserRole_user)) : <gen:0> -> <gen:3>
             - CompositeQuerySpaceImpl(uid=<gen:3>)
                - SQL table alias mapping - user0_

[DEBUG] 2020-02-23 11:43:43.233 [main] EntityLoader - Static select for entity com.mattanderson.carbConscious.entity.User [NONE]: select user0_.id as id1_1_0_, user0_.creation_datetime as creation2_1_0_, user0_.email as email3_1_0_, user0_.first_name as first_na4_1_0_, user0_.last_name as last_nam5_1_0_, user0_.password as password6_1_0_, user0_.update_datetime as update_d7_1_0_, user0_.user_name as user_nam8_1_0_, roles1_.user_name as user_nam4_0_1_, roles1_.id as id1_0_1_, roles1_.id as id1_0_2_, roles1_.creation_datetime as creation2_0_2_, roles1_.role_name as role_nam3_0_2_, roles1_.user_name as user_nam4_0_2_ from USERS user0_ left outer join USER_ROLES roles1_ on user0_.user_name=roles1_.user_name where user0_.id=?
[DEBUG] 2020-02-23 11:43:43.234 [main] QuerySpacesImpl - Adding QuerySpace : uid = <gen:0> -> org.hibernate.loader.plan.build.internal.spaces.EntityQuerySpaceImpl@2a8b33ba]
[DEBUG] 2020-02-23 11:43:43.234 [main] MetamodelGraphWalker - Visiting attribute path : creationDateTime
[DEBUG] 2020-02-23 11:43:43.234 [main] MetamodelGraphWalker - Visiting attribute path : email
[DEBUG] 2020-02-23 11:43:43.234 [main] MetamodelGraphWalker - Visiting attribute path : firstName
[DEBUG] 2020-02-23 11:43:43.234 [main] MetamodelGraphWalker - Visiting attribute path : lastName
[DEBUG] 2020-02-23 11:43:43.234 [main] MetamodelGraphWalker - Visiting attribute path : password
[DEBUG] 2020-02-23 11:43:43.234 [main] MetamodelGraphWalker - Visiting attribute path : roles
[DEBUG] 2020-02-23 11:43:43.234 [main] QuerySpacesImpl - Adding QuerySpace : uid = <gen:1> -> org.hibernate.loader.plan.build.internal.spaces.CollectionQuerySpaceImpl@2e1eb85f]
[DEBUG] 2020-02-23 11:43:43.234 [main] QuerySpacesImpl - Adding QuerySpace : uid = <gen:2> -> org.hibernate.loader.plan.build.internal.spaces.EntityQuerySpaceImpl@ea7a4c3]
[DEBUG] 2020-02-23 11:43:43.235 [main] MetamodelGraphWalker - Visiting attribute path : roles.creationDateTime
[DEBUG] 2020-02-23 11:43:43.235 [main] MetamodelGraphWalker - Visiting attribute path : roles.name
[DEBUG] 2020-02-23 11:43:43.235 [main] MetamodelGraphWalker - Visiting attribute path : roles.user
[DEBUG] 2020-02-23 11:43:43.235 [main] MetamodelGraphWalker - Property path deemed to be circular : roles.user
[DEBUG] 2020-02-23 11:43:43.235 [main] MetamodelGraphWalker - Visiting attribute path : updateDateTime
[DEBUG] 2020-02-23 11:43:43.235 [main] MetamodelGraphWalker - Visiting attribute path : userName
[DEBUG] 2020-02-23 11:43:43.235 [main] MetamodelGraphWalker - Visiting attribute path : _com_mattanderson_carbConscious_entity_UserRole_user
[DEBUG] 2020-02-23 11:43:43.235 [main] QuerySpacesImpl - Adding QuerySpace : uid = <gen:3> -> org.hibernate.loader.plan.build.internal.spaces.CompositeQuerySpaceImpl@31723307]
[DEBUG] 2020-02-23 11:43:43.235 [main] MetamodelGraphWalker - Visiting attribute path : _com_mattanderson_carbConscious_entity_UserRole_user.userName
[DEBUG] 2020-02-23 11:43:43.235 [main] FetchStyleLoadPlanBuildingAssociationVisitationStrategy - Building LoadPlan...
[DEBUG] 2020-02-23 11:43:43.236 [main] LoadQueryJoinAndFetchProcessor - processing queryspace <gen:0>
[DEBUG] 2020-02-23 11:43:43.236 [main] LoadPlanTreePrinter - LoadPlan(entity=com.mattanderson.carbConscious.entity.User)
    - Returns
       - EntityReturnImpl(entity=com.mattanderson.carbConscious.entity.User, querySpaceUid=<gen:0>, path=com.mattanderson.carbConscious.entity.User)
          - CollectionAttributeFetchImpl(collection=com.mattanderson.carbConscious.entity.User.roles, querySpaceUid=<gen:1>, path=com.mattanderson.carbConscious.entity.User.roles)
             - (collection element) CollectionFetchableElementEntityGraph(entity=com.mattanderson.carbConscious.entity.UserRole, querySpaceUid=<gen:2>, path=com.mattanderson.carbConscious.entity.User.roles.<elements>)
          - CompositeAttributeFetchImpl(composite=com.mattanderson.carbConscious.entity.User, querySpaceUid=<gen:3>, path=com.mattanderson.carbConscious.entity.User._com_mattanderson_carbConscious_entity_UserRole_user)
    - QuerySpaces
       - EntityQuerySpaceImpl(uid=<gen:0>, entity=com.mattanderson.carbConscious.entity.User)
          - SQL table alias mapping - user0_
          - alias suffix - 0_
          - suffixed key columns - {id1_1_0_}
          - JOIN (JoinDefinedByMetadata(roles)) : <gen:0> -> <gen:1>
             - CollectionQuerySpaceImpl(uid=<gen:1>, collection=com.mattanderson.carbConscious.entity.User.roles)
                - SQL table alias mapping - roles1_
                - alias suffix - 1_
                - suffixed key columns - {user_nam4_0_1_}
                - entity-element alias suffix - 2_
                - 2_entity-element suffixed key columns - id1_0_2_
                - JOIN (JoinDefinedByMetadata(elements)) : <gen:1> -> <gen:2>
                   - EntityQuerySpaceImpl(uid=<gen:2>, entity=com.mattanderson.carbConscious.entity.UserRole)
                      - SQL table alias mapping - roles1_
                      - alias suffix - 2_
                      - suffixed key columns - {id1_0_2_}
          - JOIN (JoinDefinedByMetadata(_com_mattanderson_carbConscious_entity_UserRole_user)) : <gen:0> -> <gen:3>
             - CompositeQuerySpaceImpl(uid=<gen:3>)
                - SQL table alias mapping - user0_

[DEBUG] 2020-02-23 11:43:43.237 [main] EntityLoader - Static select for entity com.mattanderson.carbConscious.entity.User [READ]: select user0_.id as id1_1_0_, user0_.creation_datetime as creation2_1_0_, user0_.email as email3_1_0_, user0_.first_name as first_na4_1_0_, user0_.last_name as last_nam5_1_0_, user0_.password as password6_1_0_, user0_.update_datetime as update_d7_1_0_, user0_.user_name as user_nam8_1_0_, roles1_.user_name as user_nam4_0_1_, roles1_.id as id1_0_1_, roles1_.id as id1_0_2_, roles1_.creation_datetime as creation2_0_2_, roles1_.role_name as role_nam3_0_2_, roles1_.user_name as user_nam4_0_2_ from USERS user0_ left outer join USER_ROLES roles1_ on user0_.user_name=roles1_.user_name where user0_.id=?
[DEBUG] 2020-02-23 11:43:43.238 [main] Loader - Static select for action ACTION_MERGE on entity com.mattanderson.carbConscious.entity.User: select user0_.id as id1_1_1_, user0_.creation_datetime as creation2_1_1_, user0_.email as email3_1_1_, user0_.first_name as first_na4_1_1_, user0_.last_name as last_nam5_1_1_, user0_.password as password6_1_1_, user0_.update_datetime as update_d7_1_1_, user0_.user_name as user_nam8_1_1_, roles1_.user_name as user_nam4_0_3_, roles1_.id as id1_0_3_, roles1_.id as id1_0_0_, roles1_.creation_datetime as creation2_0_0_, roles1_.role_name as role_nam3_0_0_, roles1_.user_name as user_nam4_0_0_ from USERS user0_ left outer join USER_ROLES roles1_ on user0_.user_name=roles1_.user_name where user0_.id=?
[DEBUG] 2020-02-23 11:43:43.239 [main] Loader - Static select for action ACTION_REFRESH on entity com.mattanderson.carbConscious.entity.User: select user0_.id as id1_1_1_, user0_.creation_datetime as creation2_1_1_, user0_.email as email3_1_1_, user0_.first_name as first_na4_1_1_, user0_.last_name as last_nam5_1_1_, user0_.password as password6_1_1_, user0_.update_datetime as update_d7_1_1_, user0_.user_name as user_nam8_1_1_, roles1_.user_name as user_nam4_0_3_, roles1_.id as id1_0_3_, roles1_.id as id1_0_0_, roles1_.creation_datetime as creation2_0_0_, roles1_.role_name as role_nam3_0_0_, roles1_.user_name as user_nam4_0_0_ from USERS user0_ left outer join USER_ROLES roles1_ on user0_.user_name=roles1_.user_name where user0_.id=?
[DEBUG] 2020-02-23 11:43:43.242 [main] Loader - Static select for entity com.mattanderson.carbConscious.entity.User [NONE]: select user0_.id as id1_1_1_, user0_.creation_datetime as creation2_1_1_, user0_.email as email3_1_1_, user0_.first_name as first_na4_1_1_, user0_.last_name as last_nam5_1_1_, user0_.password as password6_1_1_, user0_.update_datetime as update_d7_1_1_, user0_.user_name as user_nam8_1_1_, roles1_.user_name as user_nam4_0_3_, roles1_.id as id1_0_3_, roles1_.id as id1_0_0_, roles1_.creation_datetime as creation2_0_0_, roles1_.role_name as role_nam3_0_0_, roles1_.user_name as user_nam4_0_0_ from USERS user0_ left outer join USER_ROLES roles1_ on user0_.user_name=roles1_.user_name where user0_.user_name=?
[DEBUG] 2020-02-23 11:43:43.247 [main] QuerySpacesImpl - Adding QuerySpace : uid = <gen:0> -> org.hibernate.loader.plan.build.internal.spaces.CollectionQuerySpaceImpl@4e0cc334]
[DEBUG] 2020-02-23 11:43:43.248 [main] QuerySpacesImpl - Adding QuerySpace : uid = <gen:1> -> org.hibernate.loader.plan.build.internal.spaces.EntityQuerySpaceImpl@1e12a5a6]
[DEBUG] 2020-02-23 11:43:43.248 [main] MetamodelGraphWalker - Visiting attribute path : creationDateTime
[DEBUG] 2020-02-23 11:43:43.248 [main] MetamodelGraphWalker - Visiting attribute path : name
[DEBUG] 2020-02-23 11:43:43.248 [main] MetamodelGraphWalker - Visiting attribute path : user
[DEBUG] 2020-02-23 11:43:43.248 [main] MetamodelGraphWalker - Property path deemed to be circular : user
[DEBUG] 2020-02-23 11:43:43.248 [main] FetchStyleLoadPlanBuildingAssociationVisitationStrategy - Building LoadPlan...
[DEBUG] 2020-02-23 11:43:43.250 [main] LoadQueryJoinAndFetchProcessor - processing queryspace <gen:0>
[DEBUG] 2020-02-23 11:43:43.251 [main] LoadPlanTreePrinter - LoadPlan(collection=com.mattanderson.carbConscious.entity.User.roles)
    - Returns
       - CollectionReturnImpl(collection=com.mattanderson.carbConscious.entity.User.roles, querySpaceUid=<gen:0>, path=[com.mattanderson.carbConscious.entity.User.roles])
          - (collection element) CollectionFetchableElementEntityGraph(entity=com.mattanderson.carbConscious.entity.UserRole, querySpaceUid=<gen:1>, path=[com.mattanderson.carbConscious.entity.User.roles].<elements>)
    - QuerySpaces
       - CollectionQuerySpaceImpl(uid=<gen:0>, collection=com.mattanderson.carbConscious.entity.User.roles)
          - SQL table alias mapping - roles0_
          - alias suffix - 0_
          - suffixed key columns - {user_nam4_0_0_}
          - entity-element alias suffix - 1_
          - 1_entity-element suffixed key columns - id1_0_1_
          - JOIN (JoinDefinedByMetadata(elements)) : <gen:0> -> <gen:1>
             - EntityQuerySpaceImpl(uid=<gen:1>, entity=com.mattanderson.carbConscious.entity.UserRole)
                - SQL table alias mapping - roles0_
                - alias suffix - 1_
                - suffixed key columns - {id1_0_1_}

[DEBUG] 2020-02-23 11:43:43.251 [main] CollectionLoader - Static select for collection com.mattanderson.carbConscious.entity.User.roles: select roles0_.user_name as user_nam4_0_0_, roles0_.id as id1_0_0_, roles0_.id as id1_0_1_, roles0_.creation_datetime as creation2_0_1_, roles0_.role_name as role_nam3_0_1_, roles0_.user_name as user_nam4_0_1_ from USER_ROLES roles0_ where roles0_.user_name=?
[DEBUG] 2020-02-23 11:43:43.285 [main] SchemaManagementToolCoordinator - No actions specified; doing nothing
[DEBUG] 2020-02-23 11:43:43.286 [main] JtaPlatformInitiator - No JtaPlatform was specified, checking resolver
[DEBUG] 2020-02-23 11:43:43.286 [main] JtaPlatformResolverInitiator - No JtaPlatformResolver was specified, using default [org.hibernate.engine.transaction.jta.platform.internal.StandardJtaPlatformResolver]
[DEBUG] 2020-02-23 11:43:43.292 [main] StandardJtaPlatformResolver - Could not resolve JtaPlatform, using default [org.hibernate.engine.transaction.jta.platform.internal.NoJtaPlatform]
[INFO ] 2020-02-23 11:43:43.292 [main] JtaPlatformInitiator - HHH000490: Using JtaPlatform implementation: [org.hibernate.engine.transaction.jta.platform.internal.NoJtaPlatform]
[DEBUG] 2020-02-23 11:43:43.293 [main] NamedQueryRepository - Checking 0 named HQL queries
[DEBUG] 2020-02-23 11:43:43.293 [main] NamedQueryRepository - Checking 0 named SQL queries
[DEBUG] 2020-02-23 11:43:43.296 [main] SessionFactoryRegistry - Initializing SessionFactoryRegistry : org.hibernate.internal.SessionFactoryRegistry@25953be6
[DEBUG] 2020-02-23 11:43:43.298 [main] SessionFactoryRegistry - Registering SessionFactory: dc6d92cf-01b8-489a-bef7-c1b03053fadd (<unnamed>)
[DEBUG] 2020-02-23 11:43:43.298 [main] SessionFactoryRegistry - Not binding SessionFactory to JNDI, no JNDI name configured
[DEBUG] 2020-02-23 11:43:43.481 [main] StatisticsInitiator - Statistics initialized [enabled=false]
[DEBUG] 2020-02-23 11:43:43.496 [main] SQL - select user0_.id as id1_1_0_, user0_.creation_datetime as creation2_1_0_, user0_.email as email3_1_0_, user0_.first_name as first_na4_1_0_, user0_.last_name as last_nam5_1_0_, user0_.password as password6_1_0_, user0_.update_datetime as update_d7_1_0_, user0_.user_name as user_nam8_1_0_, roles1_.user_name as user_nam4_0_1_, roles1_.id as id1_0_1_, roles1_.id as id1_0_2_, roles1_.creation_datetime as creation2_0_2_, roles1_.role_name as role_nam3_0_2_, roles1_.user_name as user_nam4_0_2_ from USERS user0_ left outer join USER_ROLES roles1_ on user0_.user_name=roles1_.user_name where user0_.id=?
[DEBUG] 2020-02-23 11:43:43.535 [main] ResultSetProcessorImpl - Starting ResultSet row #0
[DEBUG] 2020-02-23 11:43:43.546 [main] EntityReferenceInitializerImpl - On call to EntityIdentifierReaderImpl#resolve, EntityKey was already known; should only happen on root returns with an optional identifier specified
[DEBUG] 2020-02-23 11:43:43.606 [main] CollectionReferenceInitializerImpl - Found row of collection: [com.mattanderson.carbConscious.entity.User.roles#User{id=0, firstName='null', lastName='null', userName='mattanderson', email='null', password='null', creationDateTime=null, updateDateTime=null}]
[DEBUG] 2020-02-23 11:43:43.615 [main] TwoPhaseLoad - Resolving attributes for [com.mattanderson.carbConscious.entity.User#1]
[DEBUG] 2020-02-23 11:43:43.616 [main] TwoPhaseLoad - Processing attribute `creationDateTime` : value = 2020-01-01T00:00
[DEBUG] 2020-02-23 11:43:43.616 [main] TwoPhaseLoad - Attribute (`creationDateTime`)  - enhanced for lazy-loading? - false
[DEBUG] 2020-02-23 11:43:43.616 [main] TwoPhaseLoad - Processing attribute `email` : value = matt@gmail.com
[DEBUG] 2020-02-23 11:43:43.616 [main] TwoPhaseLoad - Attribute (`email`)  - enhanced for lazy-loading? - false
[DEBUG] 2020-02-23 11:43:43.616 [main] TwoPhaseLoad - Processing attribute `firstName` : value = Matt
[DEBUG] 2020-02-23 11:43:43.616 [main] TwoPhaseLoad - Attribute (`firstName`)  - enhanced for lazy-loading? - false
[DEBUG] 2020-02-23 11:43:43.616 [main] TwoPhaseLoad - Processing attribute `lastName` : value = Anderson
[DEBUG] 2020-02-23 11:43:43.616 [main] TwoPhaseLoad - Attribute (`lastName`)  - enhanced for lazy-loading? - false
[DEBUG] 2020-02-23 11:43:43.616 [main] TwoPhaseLoad - Processing attribute `password` : value = testing
[DEBUG] 2020-02-23 11:43:43.616 [main] TwoPhaseLoad - Attribute (`password`)  - enhanced for lazy-loading? - false
[DEBUG] 2020-02-23 11:43:43.616 [main] TwoPhaseLoad - Processing attribute `roles` : value = NOT NULL COLLECTION
[DEBUG] 2020-02-23 11:43:43.616 [main] TwoPhaseLoad - Attribute (`roles`)  - enhanced for lazy-loading? - false
[DEBUG] 2020-02-23 11:43:43.617 [main] TwoPhaseLoad - Processing attribute `updateDateTime` : value = 2020-01-02T00:00
[DEBUG] 2020-02-23 11:43:43.617 [main] TwoPhaseLoad - Attribute (`updateDateTime`)  - enhanced for lazy-loading? - false
[DEBUG] 2020-02-23 11:43:43.617 [main] TwoPhaseLoad - Processing attribute `userName` : value = mattanderson
[DEBUG] 2020-02-23 11:43:43.617 [main] TwoPhaseLoad - Attribute (`userName`)  - enhanced for lazy-loading? - false
[DEBUG] 2020-02-23 11:43:43.617 [main] TwoPhaseLoad - Processing attribute `_com_mattanderson_carbConscious_entity_UserRole_user` : value = [Ljava.lang.Object;@2a8dd942
[DEBUG] 2020-02-23 11:43:43.617 [main] TwoPhaseLoad - Attribute (`_com_mattanderson_carbConscious_entity_UserRole_user`)  - enhanced for lazy-loading? - false
[DEBUG] 2020-02-23 11:43:43.618 [main] TwoPhaseLoad - Done materializing entity [com.mattanderson.carbConscious.entity.User#1]
[DEBUG] 2020-02-23 11:43:43.618 [main] TwoPhaseLoad - Resolving attributes for [com.mattanderson.carbConscious.entity.UserRole#1]
[DEBUG] 2020-02-23 11:43:43.618 [main] TwoPhaseLoad - Processing attribute `creationDateTime` : value = 2020-01-01T00:00
[DEBUG] 2020-02-23 11:43:43.618 [main] TwoPhaseLoad - Attribute (`creationDateTime`)  - enhanced for lazy-loading? - false
[DEBUG] 2020-02-23 11:43:43.618 [main] TwoPhaseLoad - Processing attribute `name` : value = User
[DEBUG] 2020-02-23 11:43:43.618 [main] TwoPhaseLoad - Attribute (`name`)  - enhanced for lazy-loading? - false
[DEBUG] 2020-02-23 11:43:43.618 [main] TwoPhaseLoad - Processing attribute `user` : value = User{id=0, firstName='null', lastName='null', userName='mattanderson', email='null', password='null', creationDateTime=null, updateDateTime=null}
[DEBUG] 2020-02-23 11:43:43.619 [main] TwoPhaseLoad - Attribute (`user`)  - enhanced for lazy-loading? - false
[DEBUG] 2020-02-23 11:43:43.620 [main] Loader - Loading entity: [com.mattanderson.carbConscious.entity.User#component[userName]{userName=mattanderson}]
[DEBUG] 2020-02-23 11:43:43.620 [main] SQL - select user0_.id as id1_1_1_, user0_.creation_datetime as creation2_1_1_, user0_.email as email3_1_1_, user0_.first_name as first_na4_1_1_, user0_.last_name as last_nam5_1_1_, user0_.password as password6_1_1_, user0_.update_datetime as update_d7_1_1_, user0_.user_name as user_nam8_1_1_, roles1_.user_name as user_nam4_0_3_, roles1_.id as id1_0_3_, roles1_.id as id1_0_0_, roles1_.creation_datetime as creation2_0_0_, roles1_.role_name as role_nam3_0_0_, roles1_.user_name as user_nam4_0_0_ from USERS user0_ left outer join USER_ROLES roles1_ on user0_.user_name=roles1_.user_name where user0_.user_name=?
[DEBUG] 2020-02-23 11:43:43.624 [main] Loader - Result set row: 0
[DEBUG] 2020-02-23 11:43:43.625 [main] Loader - Result row: EntityKey[com.mattanderson.carbConscious.entity.UserRole#1], EntityKey[com.mattanderson.carbConscious.entity.User#1]
[DEBUG] 2020-02-23 11:43:43.625 [main] Loader - Found row of collection: [com.mattanderson.carbConscious.entity.User.roles#User{id=0, firstName='null', lastName='null', userName='mattanderson', email='null', password='null', creationDateTime=null, updateDateTime=null}]
[DEBUG] 2020-02-23 11:43:43.625 [main] CollectionLoadContext - No collections were found in result set for role: com.mattanderson.carbConscious.entity.User.roles
[DEBUG] 2020-02-23 11:43:43.626 [main] Loader - Done entity load
[DEBUG] 2020-02-23 11:43:43.626 [main] TwoPhaseLoad - Done materializing entity [com.mattanderson.carbConscious.entity.UserRole#1]
[DEBUG] 2020-02-23 11:43:43.627 [main] CollectionLoadContext - 1 collections were found in result set for role: com.mattanderson.carbConscious.entity.User.roles
[DEBUG] 2020-02-23 11:43:43.629 [main] CollectionLoadContext - Collection fully initialized: [com.mattanderson.carbConscious.entity.User.roles#1]
[DEBUG] 2020-02-23 11:43:43.629 [main] CollectionLoadContext - 1 collections initialized for role: com.mattanderson.carbConscious.entity.User.roles
[DEBUG] 2020-02-23 11:43:43.629 [main] ResourceRegistryStandardImpl - HHH000387: ResultSet's statement was not registered
[DEBUG] 2020-02-23 11:43:43.630 [main] AbstractLoadPlanBasedEntityLoader - Done entity load : com.mattanderson.carbConscious.entity.User#1
[DEBUG] 2020-02-23 11:43:43.630 [main] LogicalConnectionManagedImpl - Initiating JDBC connection release from afterTransaction
[DEBUG] 2020-02-23 11:43:43.637 [main] TransactionImpl - On TransactionImpl creation, JpaCompliance#isJpaTransactionComplianceEnabled == false
[DEBUG] 2020-02-23 11:43:43.638 [main] TransactionImpl - begin
[DEBUG] 2020-02-23 11:43:43.649 [main] TransactionImpl - committing
[DEBUG] 2020-02-23 11:43:43.650 [main] AbstractFlushingEventListener - Processing flush-time cascades
[DEBUG] 2020-02-23 11:43:43.650 [main] AbstractFlushingEventListener - Dirty checking collections
[DEBUG] 2020-02-23 11:43:43.658 [main] Collections - Collection found: [com.mattanderson.carbConscious.entity.User.roles#1], was: [com.mattanderson.carbConscious.entity.User.roles#1] (initialized)
[DEBUG] 2020-02-23 11:43:43.658 [main] AbstractFlushingEventListener - Flushed: 0 insertions, 2 updates, 0 deletions to 2 objects
[DEBUG] 2020-02-23 11:43:43.658 [main] AbstractFlushingEventListener - Flushed: 0 (re)creations, 0 updates, 1 removals to 1 collections
[DEBUG] 2020-02-23 11:43:43.660 [main] EntityPrinter - Listing entities:
[DEBUG] 2020-02-23 11:43:43.660 [main] EntityPrinter - com.mattanderson.carbConscious.entity.User{firstName=Matt, lastName=Peterson, password=testing, roles=[com.mattanderson.carbConscious.entity.UserRole#1], id=1, updateDateTime=2020-01-02T00:00, userName=mattanderson, email=matt@gmail.com, creationDateTime=2020-01-01T00:00}
[DEBUG] 2020-02-23 11:43:43.660 [main] EntityPrinter - com.mattanderson.carbConscious.entity.UserRole{name=User, id=1, user=com.mattanderson.carbConscious.entity.User#1, creationDateTime=2020-01-01T00:00}
[DEBUG] 2020-02-23 11:43:43.663 [main] SQL - update USERS set creation_datetime=?, email=?, first_name=?, last_name=?, password=?, update_datetime=?, user_name=? where id=?
[DEBUG] 2020-02-23 11:43:43.668 [main] SQL - update USER_ROLES set creation_datetime=?, role_name=?, user_name=? where id=?
[DEBUG] 2020-02-23 11:43:43.675 [main] LogicalConnectionManagedImpl - Initiating JDBC connection release from afterTransaction
[DEBUG] 2020-02-23 11:43:43.678 [main] LogicalConnectionManagedImpl - Initiating JDBC connection release from afterTransaction
[DEBUG] 2020-02-23 11:43:43.679 [main] SQL - select user0_.id as id1_1_0_, user0_.creation_datetime as creation2_1_0_, user0_.email as email3_1_0_, user0_.first_name as first_na4_1_0_, user0_.last_name as last_nam5_1_0_, user0_.password as password6_1_0_, user0_.update_datetime as update_d7_1_0_, user0_.user_name as user_nam8_1_0_, roles1_.user_name as user_nam4_0_1_, roles1_.id as id1_0_1_, roles1_.id as id1_0_2_, roles1_.creation_datetime as creation2_0_2_, roles1_.role_name as role_nam3_0_2_, roles1_.user_name as user_nam4_0_2_ from USERS user0_ left outer join USER_ROLES roles1_ on user0_.user_name=roles1_.user_name where user0_.id=?
[DEBUG] 2020-02-23 11:43:43.682 [main] ResultSetProcessorImpl - Starting ResultSet row #0
[DEBUG] 2020-02-23 11:43:43.682 [main] EntityReferenceInitializerImpl - On call to EntityIdentifierReaderImpl#resolve, EntityKey was already known; should only happen on root returns with an optional identifier specified
[DEBUG] 2020-02-23 11:43:43.683 [main] CollectionReferenceInitializerImpl - Found row of collection: [com.mattanderson.carbConscious.entity.User.roles#User{id=0, firstName='null', lastName='null', userName='mattanderson', email='null', password='null', creationDateTime=null, updateDateTime=null}]
[DEBUG] 2020-02-23 11:43:43.684 [main] TwoPhaseLoad - Resolving attributes for [com.mattanderson.carbConscious.entity.User#1]
[DEBUG] 2020-02-23 11:43:43.684 [main] TwoPhaseLoad - Processing attribute `creationDateTime` : value = 2020-01-01T00:00
[DEBUG] 2020-02-23 11:43:43.684 [main] TwoPhaseLoad - Attribute (`creationDateTime`)  - enhanced for lazy-loading? - false
[DEBUG] 2020-02-23 11:43:43.684 [main] TwoPhaseLoad - Processing attribute `email` : value = matt@gmail.com
[DEBUG] 2020-02-23 11:43:43.684 [main] TwoPhaseLoad - Attribute (`email`)  - enhanced for lazy-loading? - false
[DEBUG] 2020-02-23 11:43:43.684 [main] TwoPhaseLoad - Processing attribute `firstName` : value = Matt
[DEBUG] 2020-02-23 11:43:43.684 [main] TwoPhaseLoad - Attribute (`firstName`)  - enhanced for lazy-loading? - false
[DEBUG] 2020-02-23 11:43:43.684 [main] TwoPhaseLoad - Processing attribute `lastName` : value = Peterson
[DEBUG] 2020-02-23 11:43:43.684 [main] TwoPhaseLoad - Attribute (`lastName`)  - enhanced for lazy-loading? - false
[DEBUG] 2020-02-23 11:43:43.684 [main] TwoPhaseLoad - Processing attribute `password` : value = testing
[DEBUG] 2020-02-23 11:43:43.684 [main] TwoPhaseLoad - Attribute (`password`)  - enhanced for lazy-loading? - false
[DEBUG] 2020-02-23 11:43:43.684 [main] TwoPhaseLoad - Processing attribute `roles` : value = NOT NULL COLLECTION
[DEBUG] 2020-02-23 11:43:43.684 [main] TwoPhaseLoad - Attribute (`roles`)  - enhanced for lazy-loading? - false
[DEBUG] 2020-02-23 11:43:43.684 [main] TwoPhaseLoad - Processing attribute `updateDateTime` : value = 2020-01-02T00:00
[DEBUG] 2020-02-23 11:43:43.684 [main] TwoPhaseLoad - Attribute (`updateDateTime`)  - enhanced for lazy-loading? - false
[DEBUG] 2020-02-23 11:43:43.684 [main] TwoPhaseLoad - Processing attribute `userName` : value = mattanderson
[DEBUG] 2020-02-23 11:43:43.684 [main] TwoPhaseLoad - Attribute (`userName`)  - enhanced for lazy-loading? - false
[DEBUG] 2020-02-23 11:43:43.684 [main] TwoPhaseLoad - Processing attribute `_com_mattanderson_carbConscious_entity_UserRole_user` : value = [Ljava.lang.Object;@6b0f266e
[DEBUG] 2020-02-23 11:43:43.685 [main] TwoPhaseLoad - Attribute (`_com_mattanderson_carbConscious_entity_UserRole_user`)  - enhanced for lazy-loading? - false
[DEBUG] 2020-02-23 11:43:43.685 [main] TwoPhaseLoad - Done materializing entity [com.mattanderson.carbConscious.entity.User#1]
[DEBUG] 2020-02-23 11:43:43.685 [main] TwoPhaseLoad - Resolving attributes for [com.mattanderson.carbConscious.entity.UserRole#1]
[DEBUG] 2020-02-23 11:43:43.685 [main] TwoPhaseLoad - Processing attribute `creationDateTime` : value = 2020-01-01T00:00
[DEBUG] 2020-02-23 11:43:43.685 [main] TwoPhaseLoad - Attribute (`creationDateTime`)  - enhanced for lazy-loading? - false
[DEBUG] 2020-02-23 11:43:43.685 [main] TwoPhaseLoad - Processing attribute `name` : value = User
[DEBUG] 2020-02-23 11:43:43.685 [main] TwoPhaseLoad - Attribute (`name`)  - enhanced for lazy-loading? - false
[DEBUG] 2020-02-23 11:43:43.685 [main] TwoPhaseLoad - Processing attribute `user` : value = User{id=0, firstName='null', lastName='null', userName='mattanderson', email='null', password='null', creationDateTime=null, updateDateTime=null}
[DEBUG] 2020-02-23 11:43:43.685 [main] TwoPhaseLoad - Attribute (`user`)  - enhanced for lazy-loading? - false
[DEBUG] 2020-02-23 11:43:43.685 [main] Loader - Loading entity: [com.mattanderson.carbConscious.entity.User#component[userName]{userName=mattanderson}]
[DEBUG] 2020-02-23 11:43:43.685 [main] SQL - select user0_.id as id1_1_1_, user0_.creation_datetime as creation2_1_1_, user0_.email as email3_1_1_, user0_.first_name as first_na4_1_1_, user0_.last_name as last_nam5_1_1_, user0_.password as password6_1_1_, user0_.update_datetime as update_d7_1_1_, user0_.user_name as user_nam8_1_1_, roles1_.user_name as user_nam4_0_3_, roles1_.id as id1_0_3_, roles1_.id as id1_0_0_, roles1_.creation_datetime as creation2_0_0_, roles1_.role_name as role_nam3_0_0_, roles1_.user_name as user_nam4_0_0_ from USERS user0_ left outer join USER_ROLES roles1_ on user0_.user_name=roles1_.user_name where user0_.user_name=?
[DEBUG] 2020-02-23 11:43:43.688 [main] Loader - Result set row: 0
[DEBUG] 2020-02-23 11:43:43.688 [main] Loader - Result row: EntityKey[com.mattanderson.carbConscious.entity.UserRole#1], EntityKey[com.mattanderson.carbConscious.entity.User#1]
[DEBUG] 2020-02-23 11:43:43.689 [main] Loader - Found row of collection: [com.mattanderson.carbConscious.entity.User.roles#User{id=0, firstName='null', lastName='null', userName='mattanderson', email='null', password='null', creationDateTime=null, updateDateTime=null}]
[DEBUG] 2020-02-23 11:43:43.689 [main] CollectionLoadContext - No collections were found in result set for role: com.mattanderson.carbConscious.entity.User.roles
[DEBUG] 2020-02-23 11:43:43.689 [main] Loader - Done entity load
[DEBUG] 2020-02-23 11:43:43.689 [main] TwoPhaseLoad - Done materializing entity [com.mattanderson.carbConscious.entity.UserRole#1]
[DEBUG] 2020-02-23 11:43:43.689 [main] CollectionLoadContext - 1 collections were found in result set for role: com.mattanderson.carbConscious.entity.User.roles
[DEBUG] 2020-02-23 11:43:43.690 [main] CollectionLoadContext - Collection fully initialized: [com.mattanderson.carbConscious.entity.User.roles#1]
[DEBUG] 2020-02-23 11:43:43.690 [main] CollectionLoadContext - 1 collections initialized for role: com.mattanderson.carbConscious.entity.User.roles
[DEBUG] 2020-02-23 11:43:43.690 [main] ResourceRegistryStandardImpl - HHH000387: ResultSet's statement was not registered
[DEBUG] 2020-02-23 11:43:43.690 [main] AbstractLoadPlanBasedEntityLoader - Done entity load : com.mattanderson.carbConscious.entity.User#1
[DEBUG] 2020-02-23 11:43:43.690 [main] LogicalConnectionManagedImpl - Initiating JDBC connection release from afterTransaction
