[DEBUG] 2020-02-22 13:10:02.835 [main] IntegratorServiceImpl - Adding Integrator [org.hibernate.cfg.beanvalidation.BeanValidationIntegrator].
[DEBUG] 2020-02-22 13:10:02.840 [main] IntegratorServiceImpl - Adding Integrator [org.hibernate.secure.spi.JaccIntegrator].
[DEBUG] 2020-02-22 13:10:02.850 [main] IntegratorServiceImpl - Adding Integrator [org.hibernate.cache.internal.CollectionCacheInvalidator].
[INFO ] 2020-02-22 13:10:03.022 [main] Version - HHH000412: Hibernate Core {5.4.4.Final}
[DEBUG] 2020-02-22 13:10:03.056 [main] Environment - HHH000206: hibernate.properties not found
[DEBUG] 2020-02-22 13:10:03.528 [main] LocalXmlResourceResolver - Interpreting public/system identifier : [-//Hibernate/Hibernate Configuration DTD//EN] - [http://www.hibernate.org/dtd/hibernate-configuration-3.0.dtd]
[DEBUG] 2020-02-22 13:10:03.529 [main] LocalXmlResourceResolver - Recognized hibernate-configuration identifier; attempting to resolve on classpath under org/hibernate/
[DEBUG] 2020-02-22 13:10:03.542 [main] JaxbCfgProcessor - cfg.xml document did not define namespaces; wrapping in custom event reader to introduce namespace information
[DEBUG] 2020-02-22 13:10:04.576 [main] ServiceBinding - Overriding existing service binding [org.hibernate.secure.spi.JaccService]
[DEBUG] 2020-02-22 13:10:04.612 [main] RegionFactoryInitiator - Cannot default RegionFactory based on registered strategies as `[]` RegionFactory strategies were registered
[DEBUG] 2020-02-22 13:10:04.614 [main] RegionFactoryInitiator - Cache region factory : org.hibernate.cache.internal.NoCachingRegionFactory
[INFO ] 2020-02-22 13:10:04.651 [main] Version - HCANN000001: Hibernate Commons Annotations {5.1.0.Final}
[DEBUG] 2020-02-22 13:10:04.733 [main] BasicTypeRegistry - Adding type registration boolean -> org.hibernate.type.BooleanType@d0ec63
[DEBUG] 2020-02-22 13:10:04.733 [main] BasicTypeRegistry - Adding type registration boolean -> org.hibernate.type.BooleanType@d0ec63
[DEBUG] 2020-02-22 13:10:04.733 [main] BasicTypeRegistry - Adding type registration java.lang.Boolean -> org.hibernate.type.BooleanType@d0ec63
[DEBUG] 2020-02-22 13:10:04.734 [main] BasicTypeRegistry - Adding type registration numeric_boolean -> org.hibernate.type.NumericBooleanType@5e76a2bb
[DEBUG] 2020-02-22 13:10:04.736 [main] BasicTypeRegistry - Adding type registration true_false -> org.hibernate.type.TrueFalseType@7ff2b8d2
[DEBUG] 2020-02-22 13:10:04.737 [main] BasicTypeRegistry - Adding type registration yes_no -> org.hibernate.type.YesNoType@456be73c
[DEBUG] 2020-02-22 13:10:04.738 [main] BasicTypeRegistry - Adding type registration byte -> org.hibernate.type.ByteType@19f040ba
[DEBUG] 2020-02-22 13:10:04.739 [main] BasicTypeRegistry - Adding type registration byte -> org.hibernate.type.ByteType@19f040ba
[DEBUG] 2020-02-22 13:10:04.739 [main] BasicTypeRegistry - Adding type registration java.lang.Byte -> org.hibernate.type.ByteType@19f040ba
[DEBUG] 2020-02-22 13:10:04.741 [main] BasicTypeRegistry - Adding type registration character -> org.hibernate.type.CharacterType@6d6cb754
[DEBUG] 2020-02-22 13:10:04.741 [main] BasicTypeRegistry - Adding type registration char -> org.hibernate.type.CharacterType@6d6cb754
[DEBUG] 2020-02-22 13:10:04.741 [main] BasicTypeRegistry - Adding type registration java.lang.Character -> org.hibernate.type.CharacterType@6d6cb754
[DEBUG] 2020-02-22 13:10:04.743 [main] BasicTypeRegistry - Adding type registration short -> org.hibernate.type.ShortType@213deac2
[DEBUG] 2020-02-22 13:10:04.743 [main] BasicTypeRegistry - Adding type registration short -> org.hibernate.type.ShortType@213deac2
[DEBUG] 2020-02-22 13:10:04.744 [main] BasicTypeRegistry - Adding type registration java.lang.Short -> org.hibernate.type.ShortType@213deac2
[DEBUG] 2020-02-22 13:10:04.745 [main] BasicTypeRegistry - Adding type registration integer -> org.hibernate.type.IntegerType@5b5caf08
[DEBUG] 2020-02-22 13:10:04.746 [main] BasicTypeRegistry - Adding type registration int -> org.hibernate.type.IntegerType@5b5caf08
[DEBUG] 2020-02-22 13:10:04.746 [main] BasicTypeRegistry - Adding type registration java.lang.Integer -> org.hibernate.type.IntegerType@5b5caf08
[DEBUG] 2020-02-22 13:10:04.748 [main] BasicTypeRegistry - Adding type registration long -> org.hibernate.type.LongType@3e6f3bae
[DEBUG] 2020-02-22 13:10:04.748 [main] BasicTypeRegistry - Adding type registration long -> org.hibernate.type.LongType@3e6f3bae
[DEBUG] 2020-02-22 13:10:04.748 [main] BasicTypeRegistry - Adding type registration java.lang.Long -> org.hibernate.type.LongType@3e6f3bae
[DEBUG] 2020-02-22 13:10:04.750 [main] BasicTypeRegistry - Adding type registration float -> org.hibernate.type.FloatType@d400943
[DEBUG] 2020-02-22 13:10:04.750 [main] BasicTypeRegistry - Adding type registration float -> org.hibernate.type.FloatType@d400943
[DEBUG] 2020-02-22 13:10:04.750 [main] BasicTypeRegistry - Adding type registration java.lang.Float -> org.hibernate.type.FloatType@d400943
[DEBUG] 2020-02-22 13:10:04.752 [main] BasicTypeRegistry - Adding type registration double -> org.hibernate.type.DoubleType@aed0151
[DEBUG] 2020-02-22 13:10:04.752 [main] BasicTypeRegistry - Adding type registration double -> org.hibernate.type.DoubleType@aed0151
[DEBUG] 2020-02-22 13:10:04.752 [main] BasicTypeRegistry - Adding type registration java.lang.Double -> org.hibernate.type.DoubleType@aed0151
[DEBUG] 2020-02-22 13:10:04.754 [main] BasicTypeRegistry - Adding type registration big_decimal -> org.hibernate.type.BigDecimalType@3a60c416
[DEBUG] 2020-02-22 13:10:04.755 [main] BasicTypeRegistry - Adding type registration java.math.BigDecimal -> org.hibernate.type.BigDecimalType@3a60c416
[DEBUG] 2020-02-22 13:10:04.757 [main] BasicTypeRegistry - Adding type registration big_integer -> org.hibernate.type.BigIntegerType@6d64b553
[DEBUG] 2020-02-22 13:10:04.757 [main] BasicTypeRegistry - Adding type registration java.math.BigInteger -> org.hibernate.type.BigIntegerType@6d64b553
[DEBUG] 2020-02-22 13:10:04.759 [main] BasicTypeRegistry - Adding type registration string -> org.hibernate.type.StringType@3bc735b3
[DEBUG] 2020-02-22 13:10:04.760 [main] BasicTypeRegistry - Adding type registration java.lang.String -> org.hibernate.type.StringType@3bc735b3
[DEBUG] 2020-02-22 13:10:04.761 [main] BasicTypeRegistry - Adding type registration nstring -> org.hibernate.type.StringNVarcharType@779de014
[DEBUG] 2020-02-22 13:10:04.761 [main] BasicTypeRegistry - Adding type registration ncharacter -> org.hibernate.type.CharacterNCharType@4642b71d
[DEBUG] 2020-02-22 13:10:04.763 [main] BasicTypeRegistry - Adding type registration url -> org.hibernate.type.UrlType@3eb631b8
[DEBUG] 2020-02-22 13:10:04.763 [main] BasicTypeRegistry - Adding type registration java.net.URL -> org.hibernate.type.UrlType@3eb631b8
[DEBUG] 2020-02-22 13:10:04.764 [main] BasicTypeRegistry - Adding type registration Duration -> org.hibernate.type.DurationType@6ef7623
[DEBUG] 2020-02-22 13:10:04.764 [main] BasicTypeRegistry - Adding type registration java.time.Duration -> org.hibernate.type.DurationType@6ef7623
[DEBUG] 2020-02-22 13:10:04.777 [main] BasicTypeRegistry - Adding type registration Instant -> org.hibernate.type.InstantType@29a23c3d
[DEBUG] 2020-02-22 13:10:04.777 [main] BasicTypeRegistry - Adding type registration java.time.Instant -> org.hibernate.type.InstantType@29a23c3d
[DEBUG] 2020-02-22 13:10:04.780 [main] BasicTypeRegistry - Adding type registration LocalDateTime -> org.hibernate.type.LocalDateTimeType@17ca8b92
[DEBUG] 2020-02-22 13:10:04.781 [main] BasicTypeRegistry - Adding type registration java.time.LocalDateTime -> org.hibernate.type.LocalDateTimeType@17ca8b92
[DEBUG] 2020-02-22 13:10:04.782 [main] BasicTypeRegistry - Adding type registration LocalDate -> org.hibernate.type.LocalDateType@5bb3131b
[DEBUG] 2020-02-22 13:10:04.782 [main] BasicTypeRegistry - Adding type registration java.time.LocalDate -> org.hibernate.type.LocalDateType@5bb3131b
[DEBUG] 2020-02-22 13:10:04.785 [main] BasicTypeRegistry - Adding type registration LocalTime -> org.hibernate.type.LocalTimeType@6a933be2
[DEBUG] 2020-02-22 13:10:04.785 [main] BasicTypeRegistry - Adding type registration java.time.LocalTime -> org.hibernate.type.LocalTimeType@6a933be2
[DEBUG] 2020-02-22 13:10:04.787 [main] BasicTypeRegistry - Adding type registration OffsetDateTime -> org.hibernate.type.OffsetDateTimeType@67207d8a
[DEBUG] 2020-02-22 13:10:04.788 [main] BasicTypeRegistry - Adding type registration java.time.OffsetDateTime -> org.hibernate.type.OffsetDateTimeType@67207d8a
[DEBUG] 2020-02-22 13:10:04.789 [main] BasicTypeRegistry - Adding type registration OffsetTime -> org.hibernate.type.OffsetTimeType@28cb9120
[DEBUG] 2020-02-22 13:10:04.790 [main] BasicTypeRegistry - Adding type registration java.time.OffsetTime -> org.hibernate.type.OffsetTimeType@28cb9120
[DEBUG] 2020-02-22 13:10:04.793 [main] BasicTypeRegistry - Adding type registration ZonedDateTime -> org.hibernate.type.ZonedDateTimeType@69b2f8e5
[DEBUG] 2020-02-22 13:10:04.793 [main] BasicTypeRegistry - Adding type registration java.time.ZonedDateTime -> org.hibernate.type.ZonedDateTimeType@69b2f8e5
[DEBUG] 2020-02-22 13:10:04.795 [main] BasicTypeRegistry - Adding type registration date -> org.hibernate.type.DateType@3605c4d3
[DEBUG] 2020-02-22 13:10:04.796 [main] BasicTypeRegistry - Adding type registration java.sql.Date -> org.hibernate.type.DateType@3605c4d3
[DEBUG] 2020-02-22 13:10:04.798 [main] BasicTypeRegistry - Adding type registration time -> org.hibernate.type.TimeType@7c8326a4
[DEBUG] 2020-02-22 13:10:04.798 [main] BasicTypeRegistry - Adding type registration java.sql.Time -> org.hibernate.type.TimeType@7c8326a4
[DEBUG] 2020-02-22 13:10:04.800 [main] BasicTypeRegistry - Adding type registration timestamp -> org.hibernate.type.TimestampType@60baef24
[DEBUG] 2020-02-22 13:10:04.800 [main] BasicTypeRegistry - Adding type registration java.sql.Timestamp -> org.hibernate.type.TimestampType@60baef24
[DEBUG] 2020-02-22 13:10:04.801 [main] BasicTypeRegistry - Adding type registration java.util.Date -> org.hibernate.type.TimestampType@60baef24
[DEBUG] 2020-02-22 13:10:04.804 [main] BasicTypeRegistry - Adding type registration dbtimestamp -> org.hibernate.type.DbTimestampType@45f24169
[DEBUG] 2020-02-22 13:10:04.806 [main] BasicTypeRegistry - Adding type registration calendar -> org.hibernate.type.CalendarType@6f6962ba
[DEBUG] 2020-02-22 13:10:04.806 [main] BasicTypeRegistry - Adding type registration java.util.Calendar -> org.hibernate.type.CalendarType@6f6962ba
[DEBUG] 2020-02-22 13:10:04.806 [main] BasicTypeRegistry - Adding type registration java.util.GregorianCalendar -> org.hibernate.type.CalendarType@6f6962ba
[DEBUG] 2020-02-22 13:10:04.807 [main] BasicTypeRegistry - Adding type registration calendar_date -> org.hibernate.type.CalendarDateType@599f571f
[DEBUG] 2020-02-22 13:10:04.809 [main] BasicTypeRegistry - Adding type registration locale -> org.hibernate.type.LocaleType@65327f5
[DEBUG] 2020-02-22 13:10:04.809 [main] BasicTypeRegistry - Adding type registration java.util.Locale -> org.hibernate.type.LocaleType@65327f5
[DEBUG] 2020-02-22 13:10:04.811 [main] BasicTypeRegistry - Adding type registration currency -> org.hibernate.type.CurrencyType@349d0836
[DEBUG] 2020-02-22 13:10:04.812 [main] BasicTypeRegistry - Adding type registration java.util.Currency -> org.hibernate.type.CurrencyType@349d0836
[DEBUG] 2020-02-22 13:10:04.813 [main] BasicTypeRegistry - Adding type registration timezone -> org.hibernate.type.TimeZoneType@4917d36b
[DEBUG] 2020-02-22 13:10:04.814 [main] BasicTypeRegistry - Adding type registration java.util.TimeZone -> org.hibernate.type.TimeZoneType@4917d36b
[DEBUG] 2020-02-22 13:10:04.815 [main] BasicTypeRegistry - Adding type registration class -> org.hibernate.type.ClassType@4905c46b
[DEBUG] 2020-02-22 13:10:04.816 [main] BasicTypeRegistry - Adding type registration java.lang.Class -> org.hibernate.type.ClassType@4905c46b
[DEBUG] 2020-02-22 13:10:04.817 [main] BasicTypeRegistry - Adding type registration uuid-binary -> org.hibernate.type.UUIDBinaryType@693e4d19
[DEBUG] 2020-02-22 13:10:04.817 [main] BasicTypeRegistry - Adding type registration java.util.UUID -> org.hibernate.type.UUIDBinaryType@693e4d19
[DEBUG] 2020-02-22 13:10:04.818 [main] BasicTypeRegistry - Adding type registration uuid-char -> org.hibernate.type.UUIDCharType@1c12f3ee
[DEBUG] 2020-02-22 13:10:04.820 [main] BasicTypeRegistry - Adding type registration binary -> org.hibernate.type.BinaryType@511d5d04
[DEBUG] 2020-02-22 13:10:04.820 [main] BasicTypeRegistry - Adding type registration byte[] -> org.hibernate.type.BinaryType@511d5d04
[DEBUG] 2020-02-22 13:10:04.820 [main] BasicTypeRegistry - Adding type registration [B -> org.hibernate.type.BinaryType@511d5d04
[DEBUG] 2020-02-22 13:10:04.822 [main] BasicTypeRegistry - Adding type registration wrapper-binary -> org.hibernate.type.WrapperBinaryType@11653e3b
[DEBUG] 2020-02-22 13:10:04.822 [main] BasicTypeRegistry - Adding type registration Byte[] -> org.hibernate.type.WrapperBinaryType@11653e3b
[DEBUG] 2020-02-22 13:10:04.822 [main] BasicTypeRegistry - Adding type registration [Ljava.lang.Byte; -> org.hibernate.type.WrapperBinaryType@11653e3b
[DEBUG] 2020-02-22 13:10:04.824 [main] BasicTypeRegistry - Adding type registration row_version -> org.hibernate.type.RowVersionType@7c974942
[DEBUG] 2020-02-22 13:10:04.825 [main] BasicTypeRegistry - Adding type registration image -> org.hibernate.type.ImageType@4d4960c8
[DEBUG] 2020-02-22 13:10:04.826 [main] BasicTypeRegistry - Adding type registration characters -> org.hibernate.type.CharArrayType@6ce90bc5
[DEBUG] 2020-02-22 13:10:04.827 [main] BasicTypeRegistry - Adding type registration char[] -> org.hibernate.type.CharArrayType@6ce90bc5
[DEBUG] 2020-02-22 13:10:04.827 [main] BasicTypeRegistry - Adding type registration [C -> org.hibernate.type.CharArrayType@6ce90bc5
[DEBUG] 2020-02-22 13:10:04.828 [main] BasicTypeRegistry - Adding type registration wrapper-characters -> org.hibernate.type.CharacterArrayType@27f1bbe0
[DEBUG] 2020-02-22 13:10:04.828 [main] BasicTypeRegistry - Adding type registration [Ljava.lang.Character; -> org.hibernate.type.CharacterArrayType@27f1bbe0
[DEBUG] 2020-02-22 13:10:04.829 [main] BasicTypeRegistry - Adding type registration Character[] -> org.hibernate.type.CharacterArrayType@27f1bbe0
[DEBUG] 2020-02-22 13:10:04.830 [main] BasicTypeRegistry - Adding type registration text -> org.hibernate.type.TextType@2d84cb86
[DEBUG] 2020-02-22 13:10:04.830 [main] BasicTypeRegistry - Adding type registration ntext -> org.hibernate.type.NTextType@baf1bb3
[DEBUG] 2020-02-22 13:10:04.833 [main] BasicTypeRegistry - Adding type registration blob -> org.hibernate.type.BlobType@4b1abd11
[DEBUG] 2020-02-22 13:10:04.834 [main] BasicTypeRegistry - Adding type registration java.sql.Blob -> org.hibernate.type.BlobType@4b1abd11
[DEBUG] 2020-02-22 13:10:04.835 [main] BasicTypeRegistry - Adding type registration materialized_blob -> org.hibernate.type.MaterializedBlobType@40021799
[DEBUG] 2020-02-22 13:10:04.838 [main] BasicTypeRegistry - Adding type registration clob -> org.hibernate.type.ClobType@19593091
[DEBUG] 2020-02-22 13:10:04.838 [main] BasicTypeRegistry - Adding type registration java.sql.Clob -> org.hibernate.type.ClobType@19593091
[DEBUG] 2020-02-22 13:10:04.844 [main] BasicTypeRegistry - Adding type registration nclob -> org.hibernate.type.NClobType@67a056f1
[DEBUG] 2020-02-22 13:10:04.845 [main] BasicTypeRegistry - Adding type registration java.sql.NClob -> org.hibernate.type.NClobType@67a056f1
[DEBUG] 2020-02-22 13:10:04.846 [main] BasicTypeRegistry - Adding type registration materialized_clob -> org.hibernate.type.MaterializedClobType@afb5821
[DEBUG] 2020-02-22 13:10:04.847 [main] BasicTypeRegistry - Adding type registration materialized_nclob -> org.hibernate.type.MaterializedNClobType@2f879bab
[DEBUG] 2020-02-22 13:10:04.849 [main] BasicTypeRegistry - Adding type registration serializable -> org.hibernate.type.SerializableType@59712875
[DEBUG] 2020-02-22 13:10:04.855 [main] BasicTypeRegistry - Adding type registration object -> org.hibernate.type.ObjectType@54da32dc
[DEBUG] 2020-02-22 13:10:04.855 [main] BasicTypeRegistry - Adding type registration java.lang.Object -> org.hibernate.type.ObjectType@54da32dc
[DEBUG] 2020-02-22 13:10:04.856 [main] BasicTypeRegistry - Adding type registration imm_date -> org.hibernate.type.AdaptedImmutableType@22fba58c
[DEBUG] 2020-02-22 13:10:04.856 [main] BasicTypeRegistry - Adding type registration imm_time -> org.hibernate.type.AdaptedImmutableType@7e8a46b7
[DEBUG] 2020-02-22 13:10:04.856 [main] BasicTypeRegistry - Adding type registration imm_timestamp -> org.hibernate.type.AdaptedImmutableType@2fe88a09
[DEBUG] 2020-02-22 13:10:04.856 [main] BasicTypeRegistry - Adding type registration imm_dbtimestamp -> org.hibernate.type.AdaptedImmutableType@1917d90f
[DEBUG] 2020-02-22 13:10:04.857 [main] BasicTypeRegistry - Adding type registration imm_calendar -> org.hibernate.type.AdaptedImmutableType@66bfd864
[DEBUG] 2020-02-22 13:10:04.857 [main] BasicTypeRegistry - Adding type registration imm_calendar_date -> org.hibernate.type.AdaptedImmutableType@4aac85fa
[DEBUG] 2020-02-22 13:10:04.857 [main] BasicTypeRegistry - Adding type registration imm_binary -> org.hibernate.type.AdaptedImmutableType@21fff664
[DEBUG] 2020-02-22 13:10:04.857 [main] BasicTypeRegistry - Adding type registration imm_serializable -> org.hibernate.type.AdaptedImmutableType@6079cf5
[DEBUG] 2020-02-22 13:10:04.933 [main] DefaultIdentifierGeneratorFactory - Registering IdentifierGenerator strategy [uuid2] -> [org.hibernate.id.UUIDGenerator]
[DEBUG] 2020-02-22 13:10:04.935 [main] DefaultIdentifierGeneratorFactory - Registering IdentifierGenerator strategy [guid] -> [org.hibernate.id.GUIDGenerator]
[DEBUG] 2020-02-22 13:10:04.936 [main] DefaultIdentifierGeneratorFactory - Registering IdentifierGenerator strategy [uuid] -> [org.hibernate.id.UUIDHexGenerator]
[DEBUG] 2020-02-22 13:10:04.937 [main] DefaultIdentifierGeneratorFactory - Registering IdentifierGenerator strategy [uuid.hex] -> [org.hibernate.id.UUIDHexGenerator]
[DEBUG] 2020-02-22 13:10:04.938 [main] DefaultIdentifierGeneratorFactory - Registering IdentifierGenerator strategy [assigned] -> [org.hibernate.id.Assigned]
[DEBUG] 2020-02-22 13:10:04.940 [main] DefaultIdentifierGeneratorFactory - Registering IdentifierGenerator strategy [identity] -> [org.hibernate.id.IdentityGenerator]
[DEBUG] 2020-02-22 13:10:04.941 [main] DefaultIdentifierGeneratorFactory - Registering IdentifierGenerator strategy [select] -> [org.hibernate.id.SelectGenerator]
[DEBUG] 2020-02-22 13:10:04.945 [main] DefaultIdentifierGeneratorFactory - Registering IdentifierGenerator strategy [sequence] -> [org.hibernate.id.enhanced.SequenceStyleGenerator]
[DEBUG] 2020-02-22 13:10:04.946 [main] DefaultIdentifierGeneratorFactory - Registering IdentifierGenerator strategy [seqhilo] -> [org.hibernate.id.SequenceHiLoGenerator]
[DEBUG] 2020-02-22 13:10:04.948 [main] DefaultIdentifierGeneratorFactory - Registering IdentifierGenerator strategy [increment] -> [org.hibernate.id.IncrementGenerator]
[DEBUG] 2020-02-22 13:10:04.954 [main] DefaultIdentifierGeneratorFactory - Registering IdentifierGenerator strategy [foreign] -> [org.hibernate.id.ForeignGenerator]
[DEBUG] 2020-02-22 13:10:04.955 [main] DefaultIdentifierGeneratorFactory - Registering IdentifierGenerator strategy [sequence-identity] -> [org.hibernate.id.SequenceIdentityGenerator]
[DEBUG] 2020-02-22 13:10:04.956 [main] DefaultIdentifierGeneratorFactory - Registering IdentifierGenerator strategy [enhanced-sequence] -> [org.hibernate.id.enhanced.SequenceStyleGenerator]
[DEBUG] 2020-02-22 13:10:04.958 [main] DefaultIdentifierGeneratorFactory - Registering IdentifierGenerator strategy [enhanced-table] -> [org.hibernate.id.enhanced.TableGenerator]
[INFO ] 2020-02-22 13:10:04.970 [main] C3P0ConnectionProvider - HHH010002: C3P0 using driver: com.mysql.cj.jdbc.Driver at URL: jdbc:mysql://localhost:3306/test_carb_conscious
[INFO ] 2020-02-22 13:10:04.971 [main] C3P0ConnectionProvider - HHH10001001: Connection properties: {password=****, user=root}
[INFO ] 2020-02-22 13:10:04.971 [main] C3P0ConnectionProvider - HHH10001003: Autocommit mode: false
[INFO ] 2020-02-22 13:10:05.325 [main] C3P0ConnectionProvider - HHH10001007: JDBC isolation level: <unknown>
[DEBUG] 2020-02-22 13:10:07.147 [main] JdbcEnvironmentInitiator - Database ->
       name : MySQL
    version : 8.0.16
      major : 8
      minor : 0
[DEBUG] 2020-02-22 13:10:07.148 [main] JdbcEnvironmentInitiator - Driver ->
       name : MySQL Connector/J
    version : mysql-connector-java-8.0.16 (Revision: 34cbc6bc61f72836e26327537a432d6db7c77de6)
      major : 8
      minor : 0
[DEBUG] 2020-02-22 13:10:07.149 [main] JdbcEnvironmentInitiator - JDBC version : 4.2
[INFO ] 2020-02-22 13:10:07.244 [main] Dialect - HHH000400: Using dialect: org.hibernate.dialect.MySQL8Dialect
[DEBUG] 2020-02-22 13:10:07.281 [main] IdentifierHelperBuilder - JDBC driver metadata reported database stores quoted identifiers in more than one case
[DEBUG] 2020-02-22 13:10:07.340 [main] IdentifierHelperBuilder - IdentifierCaseStrategy for both quoted and unquoted identifiers was set to the same strategy [MIXED]; that will likely lead to problems in schema update and validation if using quoted identifiers
[DEBUG] 2020-02-22 13:10:07.474 [main] Namespace - Created database namespace [logicalName=Name{catalog=null, schema=null}, physicalName=Name{catalog=null, schema=null}]
[DEBUG] 2020-02-22 13:10:07.491 [main] TypeConfiguration$Scope - Scoping TypeConfiguration [org.hibernate.type.spi.TypeConfiguration@50d951e7] to MetadataBuildingContext [org.hibernate.boot.internal.MetadataBuildingContextRootImpl@39ad12b6]
[DEBUG] 2020-02-22 13:10:07.638 [main] AnnotationBinder - Binding entity from annotated class: com.mattanderson.carbConscious.entity.User
[DEBUG] 2020-02-22 13:10:07.701 [main] Ejb3Column - Binding column: Ejb3DiscriminatorColumn{logicalColumnName'DTYPE', discriminatorTypeName='string'}
[DEBUG] 2020-02-22 13:10:07.718 [main] EntityBinder - Import with entity name User
[DEBUG] 2020-02-22 13:10:07.724 [main] EntityBinder - Bind entity com.mattanderson.carbConscious.entity.User on table USERS
[DEBUG] 2020-02-22 13:10:07.787 [main] Ejb3Column - Binding column: Ejb3Column{table=org.hibernate.mapping.Table(USERS), mappingColumn=id, insertable=true, updatable=true, unique=false}
[DEBUG] 2020-02-22 13:10:07.792 [main] PropertyBinder - MetadataSourceProcessor property id with lazy=false
[DEBUG] 2020-02-22 13:10:07.795 [main] AbstractPropertyHolder - Attempting to locate auto-apply AttributeConverter for property [com.mattanderson.carbConscious.entity.User:id]
[DEBUG] 2020-02-22 13:10:07.799 [main] SimpleValueBinder - building SimpleValue for id
[DEBUG] 2020-02-22 13:10:07.804 [main] PropertyBinder - Building property id
[DEBUG] 2020-02-22 13:10:07.810 [main] BinderHelper - #makeIdGenerator(org.hibernate.mapping.SimpleValue([org.hibernate.mapping.Column(id)]), id, org.hibernate.id.enhanced.SequenceStyleGenerator, native, ...)
[DEBUG] 2020-02-22 13:10:07.813 [main] Ejb3Column - Binding column: Ejb3Column{table=org.hibernate.mapping.Table(USERS), mappingColumn=creation_datetime, insertable=true, updatable=true, unique=false}
[DEBUG] 2020-02-22 13:10:07.813 [main] PropertyBinder - MetadataSourceProcessor property creationDateTime with lazy=false
[DEBUG] 2020-02-22 13:10:07.814 [main] AbstractPropertyHolder - Attempting to locate auto-apply AttributeConverter for property [com.mattanderson.carbConscious.entity.User:creationDateTime]
[DEBUG] 2020-02-22 13:10:07.814 [main] SimpleValueBinder - building SimpleValue for creationDateTime
[DEBUG] 2020-02-22 13:10:07.814 [main] PropertyBinder - Building property creationDateTime
[DEBUG] 2020-02-22 13:10:07.815 [main] Ejb3Column - Binding column: Ejb3Column{table=org.hibernate.mapping.Table(USERS), mappingColumn=email, insertable=true, updatable=true, unique=false}
[DEBUG] 2020-02-22 13:10:07.816 [main] PropertyBinder - MetadataSourceProcessor property email with lazy=false
[DEBUG] 2020-02-22 13:10:07.816 [main] AbstractPropertyHolder - Attempting to locate auto-apply AttributeConverter for property [com.mattanderson.carbConscious.entity.User:email]
[DEBUG] 2020-02-22 13:10:07.816 [main] SimpleValueBinder - building SimpleValue for email
[DEBUG] 2020-02-22 13:10:07.816 [main] PropertyBinder - Building property email
[DEBUG] 2020-02-22 13:10:07.817 [main] Ejb3Column - Binding column: Ejb3Column{table=org.hibernate.mapping.Table(USERS), mappingColumn=first_name, insertable=true, updatable=true, unique=false}
[DEBUG] 2020-02-22 13:10:07.817 [main] PropertyBinder - MetadataSourceProcessor property firstName with lazy=false
[DEBUG] 2020-02-22 13:10:07.818 [main] AbstractPropertyHolder - Attempting to locate auto-apply AttributeConverter for property [com.mattanderson.carbConscious.entity.User:firstName]
[DEBUG] 2020-02-22 13:10:07.818 [main] SimpleValueBinder - building SimpleValue for firstName
[DEBUG] 2020-02-22 13:10:07.818 [main] PropertyBinder - Building property firstName
[DEBUG] 2020-02-22 13:10:07.819 [main] Ejb3Column - Binding column: Ejb3Column{table=org.hibernate.mapping.Table(USERS), mappingColumn=last_name, insertable=true, updatable=true, unique=false}
[DEBUG] 2020-02-22 13:10:07.819 [main] PropertyBinder - MetadataSourceProcessor property lastName with lazy=false
[DEBUG] 2020-02-22 13:10:07.819 [main] AbstractPropertyHolder - Attempting to locate auto-apply AttributeConverter for property [com.mattanderson.carbConscious.entity.User:lastName]
[DEBUG] 2020-02-22 13:10:07.819 [main] SimpleValueBinder - building SimpleValue for lastName
[DEBUG] 2020-02-22 13:10:07.820 [main] PropertyBinder - Building property lastName
[DEBUG] 2020-02-22 13:10:07.820 [main] Ejb3Column - Binding column: Ejb3Column{table=org.hibernate.mapping.Table(USERS), mappingColumn=password, insertable=true, updatable=true, unique=false}
[DEBUG] 2020-02-22 13:10:07.820 [main] PropertyBinder - MetadataSourceProcessor property password with lazy=false
[DEBUG] 2020-02-22 13:10:07.821 [main] AbstractPropertyHolder - Attempting to locate auto-apply AttributeConverter for property [com.mattanderson.carbConscious.entity.User:password]
[DEBUG] 2020-02-22 13:10:07.821 [main] SimpleValueBinder - building SimpleValue for password
[DEBUG] 2020-02-22 13:10:07.821 [main] PropertyBinder - Building property password
[DEBUG] 2020-02-22 13:10:07.826 [main] Ejb3Column - Binding column: Ejb3JoinColumn{logicalColumnName='null', referencedColumn='null', mappedBy='user'}
[DEBUG] 2020-02-22 13:10:07.827 [main] Ejb3Column - Binding column: Ejb3Column{table=org.hibernate.mapping.Table(USERS), mappingColumn=roles, insertable=true, updatable=true, unique=false}
[DEBUG] 2020-02-22 13:10:07.830 [main] Ejb3Column - Binding column: Ejb3Column{table=org.hibernate.mapping.Table(USERS), mappingColumn=null, insertable=true, updatable=true, unique=false}
[DEBUG] 2020-02-22 13:10:07.845 [main] Ejb3Column - Binding column: Ejb3Column{table=org.hibernate.mapping.Table(USERS), mappingColumn=element, insertable=true, updatable=true, unique=false}
[DEBUG] 2020-02-22 13:10:07.846 [main] Ejb3Column - Binding column: Ejb3Column{table=org.hibernate.mapping.Table(USERS), mappingColumn=roles_KEY, insertable=true, updatable=true, unique=false}
[DEBUG] 2020-02-22 13:10:07.847 [main] Ejb3Column - Binding column: Ejb3JoinColumn{logicalColumnName='roles_KEY', referencedColumn='null', mappedBy='null'}
[DEBUG] 2020-02-22 13:10:07.850 [main] Ejb3Column - Binding column: Ejb3JoinColumn{logicalColumnName='null', referencedColumn='null', mappedBy='user'}
[DEBUG] 2020-02-22 13:10:07.850 [main] Ejb3Column - Binding column: Ejb3JoinColumn{logicalColumnName='null', referencedColumn='null', mappedBy='user'}
[DEBUG] 2020-02-22 13:10:07.851 [main] CollectionBinder - Collection role: com.mattanderson.carbConscious.entity.User.roles
[DEBUG] 2020-02-22 13:10:07.856 [main] PropertyBinder - Building property roles
[DEBUG] 2020-02-22 13:10:07.857 [main] Ejb3Column - Binding column: Ejb3Column{table=org.hibernate.mapping.Table(USERS), mappingColumn=update_datetime, insertable=true, updatable=true, unique=false}
[DEBUG] 2020-02-22 13:10:07.857 [main] PropertyBinder - MetadataSourceProcessor property updateDateTime with lazy=false
[DEBUG] 2020-02-22 13:10:07.857 [main] AbstractPropertyHolder - Attempting to locate auto-apply AttributeConverter for property [com.mattanderson.carbConscious.entity.User:updateDateTime]
[DEBUG] 2020-02-22 13:10:07.858 [main] SimpleValueBinder - building SimpleValue for updateDateTime
[DEBUG] 2020-02-22 13:10:07.858 [main] PropertyBinder - Building property updateDateTime
[DEBUG] 2020-02-22 13:10:07.859 [main] Ejb3Column - Binding column: Ejb3Column{table=org.hibernate.mapping.Table(USERS), mappingColumn=userName, insertable=true, updatable=true, unique=false}
[DEBUG] 2020-02-22 13:10:07.859 [main] PropertyBinder - MetadataSourceProcessor property userName with lazy=false
[DEBUG] 2020-02-22 13:10:07.859 [main] AbstractPropertyHolder - Attempting to locate auto-apply AttributeConverter for property [com.mattanderson.carbConscious.entity.User:userName]
[DEBUG] 2020-02-22 13:10:07.859 [main] SimpleValueBinder - building SimpleValue for userName
[DEBUG] 2020-02-22 13:10:07.860 [main] PropertyBinder - Building property userName
[DEBUG] 2020-02-22 13:10:07.862 [main] AnnotationBinder - Binding entity from annotated class: com.mattanderson.carbConscious.entity.UserRole
[DEBUG] 2020-02-22 13:10:07.863 [main] Ejb3Column - Binding column: Ejb3DiscriminatorColumn{logicalColumnName'DTYPE', discriminatorTypeName='string'}
[DEBUG] 2020-02-22 13:10:07.863 [main] EntityBinder - Import with entity name UserRole
[DEBUG] 2020-02-22 13:10:07.863 [main] EntityBinder - Bind entity com.mattanderson.carbConscious.entity.UserRole on table USER_ROLES
[DEBUG] 2020-02-22 13:10:07.869 [main] Ejb3Column - Binding column: Ejb3Column{table=org.hibernate.mapping.Table(USER_ROLES), mappingColumn=id, insertable=true, updatable=true, unique=false}
[DEBUG] 2020-02-22 13:10:07.869 [main] PropertyBinder - MetadataSourceProcessor property id with lazy=false
[DEBUG] 2020-02-22 13:10:07.869 [main] AbstractPropertyHolder - Attempting to locate auto-apply AttributeConverter for property [com.mattanderson.carbConscious.entity.UserRole:id]
[DEBUG] 2020-02-22 13:10:07.869 [main] SimpleValueBinder - building SimpleValue for id
[DEBUG] 2020-02-22 13:10:07.870 [main] PropertyBinder - Building property id
[DEBUG] 2020-02-22 13:10:07.870 [main] BinderHelper - #makeIdGenerator(org.hibernate.mapping.SimpleValue([org.hibernate.mapping.Column(id)]), id, org.hibernate.id.enhanced.SequenceStyleGenerator, native, ...)
[DEBUG] 2020-02-22 13:10:07.871 [main] Ejb3Column - Binding column: Ejb3Column{table=org.hibernate.mapping.Table(USER_ROLES), mappingColumn=creation_datetime, insertable=true, updatable=true, unique=false}
[DEBUG] 2020-02-22 13:10:07.871 [main] PropertyBinder - MetadataSourceProcessor property creationDateTime with lazy=false
[DEBUG] 2020-02-22 13:10:07.871 [main] AbstractPropertyHolder - Attempting to locate auto-apply AttributeConverter for property [com.mattanderson.carbConscious.entity.UserRole:creationDateTime]
[DEBUG] 2020-02-22 13:10:07.871 [main] SimpleValueBinder - building SimpleValue for creationDateTime
[DEBUG] 2020-02-22 13:10:07.872 [main] PropertyBinder - Building property creationDateTime
[DEBUG] 2020-02-22 13:10:07.872 [main] Ejb3Column - Binding column: Ejb3Column{table=org.hibernate.mapping.Table(USER_ROLES), mappingColumn=role_name, insertable=true, updatable=true, unique=false}
[DEBUG] 2020-02-22 13:10:07.872 [main] PropertyBinder - MetadataSourceProcessor property name with lazy=false
[DEBUG] 2020-02-22 13:10:07.872 [main] AbstractPropertyHolder - Attempting to locate auto-apply AttributeConverter for property [com.mattanderson.carbConscious.entity.UserRole:name]
[DEBUG] 2020-02-22 13:10:07.873 [main] SimpleValueBinder - building SimpleValue for name
[DEBUG] 2020-02-22 13:10:07.873 [main] PropertyBinder - Building property name
[DEBUG] 2020-02-22 13:10:07.873 [main] Ejb3Column - Binding column: Ejb3JoinColumn{logicalColumnName='null', referencedColumn='null', mappedBy='null'}
[DEBUG] 2020-02-22 13:10:07.874 [main] Ejb3Column - Binding column: Ejb3Column{table=org.hibernate.mapping.Table(USER_ROLES), mappingColumn=user, insertable=true, updatable=true, unique=false}
[DEBUG] 2020-02-22 13:10:07.877 [main] PropertyBinder - Building property user
[DEBUG] 2020-02-22 13:10:07.878 [main] Ejb3Column - Binding column: Ejb3Column{table=org.hibernate.mapping.Table(USER_ROLES), mappingColumn=user_name, insertable=true, updatable=true, unique=false}
[DEBUG] 2020-02-22 13:10:07.878 [main] PropertyBinder - MetadataSourceProcessor property userName with lazy=false
[DEBUG] 2020-02-22 13:10:07.878 [main] AbstractPropertyHolder - Attempting to locate auto-apply AttributeConverter for property [com.mattanderson.carbConscious.entity.UserRole:userName]
[DEBUG] 2020-02-22 13:10:07.878 [main] SimpleValueBinder - building SimpleValue for userName
[DEBUG] 2020-02-22 13:10:07.879 [main] PropertyBinder - Building property userName
[DEBUG] 2020-02-22 13:10:07.881 [main] SimpleValueBinder - Starting fillSimpleValue for id
[DEBUG] 2020-02-22 13:10:07.882 [main] SimpleValueBinder - Starting fillSimpleValue for creationDateTime
[DEBUG] 2020-02-22 13:10:07.882 [main] SimpleValueBinder - Starting fillSimpleValue for email
[DEBUG] 2020-02-22 13:10:07.882 [main] SimpleValueBinder - Starting fillSimpleValue for firstName
[DEBUG] 2020-02-22 13:10:07.882 [main] SimpleValueBinder - Starting fillSimpleValue for lastName
[DEBUG] 2020-02-22 13:10:07.882 [main] SimpleValueBinder - Starting fillSimpleValue for password
[DEBUG] 2020-02-22 13:10:07.882 [main] SimpleValueBinder - Starting fillSimpleValue for updateDateTime
[DEBUG] 2020-02-22 13:10:07.883 [main] SimpleValueBinder - Starting fillSimpleValue for userName
[DEBUG] 2020-02-22 13:10:07.883 [main] SimpleValueBinder - Starting fillSimpleValue for id
[DEBUG] 2020-02-22 13:10:07.883 [main] SimpleValueBinder - Starting fillSimpleValue for creationDateTime
[DEBUG] 2020-02-22 13:10:07.883 [main] SimpleValueBinder - Starting fillSimpleValue for name
[DEBUG] 2020-02-22 13:10:07.883 [main] SimpleValueBinder - Starting fillSimpleValue for userName
[DEBUG] 2020-02-22 13:10:07.893 [main] PrimaryKey - Forcing column [id] to be non-null as it is part of the primary key for table [users]
[DEBUG] 2020-02-22 13:10:07.894 [main] PrimaryKey - Forcing column [id] to be non-null as it is part of the primary key for table [user_roles]
[DEBUG] 2020-02-22 13:10:07.894 [main] CollectionSecondPass - Second pass for collection: com.mattanderson.carbConscious.entity.User.roles
[DEBUG] 2020-02-22 13:10:07.895 [main] CollectionBinder - Binding a OneToMany: com.mattanderson.carbConscious.entity.User.roles through a foreign key
[DEBUG] 2020-02-22 13:10:07.897 [main] CollectionBinder - Mapping collection: com.mattanderson.carbConscious.entity.User.roles -> USER_ROLES
[DEBUG] 2020-02-22 13:10:07.898 [main] TableBinder - Retrieving property com.mattanderson.carbConscious.entity.UserRole.user
[DEBUG] 2020-02-22 13:10:07.899 [main] CollectionSecondPass - Mapped collection key: user_id, one-to-many: com.mattanderson.carbConscious.entity.UserRole
[DEBUG] 2020-02-22 13:10:07.899 [main] InFlightMetadataCollectorImpl - Resolving reference to class: com.mattanderson.carbConscious.entity.User
[DEBUG] 2020-02-22 13:10:07.905 [main] InFlightMetadataCollectorImpl - Resolving reference to class: com.mattanderson.carbConscious.entity.User
[DEBUG] 2020-02-22 13:10:07.977 [main] SessionFactoryImpl - Building session factory
[DEBUG] 2020-02-22 13:10:07.979 [main] Settings - SessionFactory name : null
[DEBUG] 2020-02-22 13:10:07.979 [main] Settings - Automatic flush during beforeCompletion(): enabled
[DEBUG] 2020-02-22 13:10:07.980 [main] Settings - Automatic session close at end of transaction: disabled
[DEBUG] 2020-02-22 13:10:07.980 [main] Settings - Statistics: disabled
[DEBUG] 2020-02-22 13:10:07.980 [main] Settings - Deleted entity synthetic identifier rollback: disabled
[DEBUG] 2020-02-22 13:10:07.980 [main] Settings - Default entity-mode: pojo
[DEBUG] 2020-02-22 13:10:07.981 [main] Settings - Check Nullability in Core (should be disabled when Bean Validation is on): enabled
[DEBUG] 2020-02-22 13:10:07.981 [main] Settings - Allow initialization of lazy state outside session : disabled
[DEBUG] 2020-02-22 13:10:07.981 [main] Settings - Using BatchFetchStyle : LEGACY
[DEBUG] 2020-02-22 13:10:07.981 [main] Settings - Default batch fetch size: -1
[DEBUG] 2020-02-22 13:10:07.981 [main] Settings - Maximum outer join fetch depth: 2
[DEBUG] 2020-02-22 13:10:07.981 [main] Settings - Default null ordering: NONE
[DEBUG] 2020-02-22 13:10:07.981 [main] Settings - Order SQL updates by primary key: disabled
[DEBUG] 2020-02-22 13:10:07.982 [main] Settings - Order SQL inserts for batching: disabled
[DEBUG] 2020-02-22 13:10:07.982 [main] Settings - multi-tenancy strategy : NONE
[DEBUG] 2020-02-22 13:10:07.982 [main] Settings - JTA Track by Thread: enabled
[DEBUG] 2020-02-22 13:10:07.982 [main] Settings - Query language substitutions: {}
[DEBUG] 2020-02-22 13:10:07.982 [main] Settings - Named query checking : enabled
[DEBUG] 2020-02-22 13:10:07.982 [main] Settings - Second-level cache: disabled
[DEBUG] 2020-02-22 13:10:07.983 [main] Settings - Second-level query cache: disabled
[DEBUG] 2020-02-22 13:10:07.983 [main] Settings - Second-level query cache factory: null
[DEBUG] 2020-02-22 13:10:07.983 [main] Settings - Second-level cache region prefix: null
[DEBUG] 2020-02-22 13:10:07.983 [main] Settings - Optimize second-level cache for minimal puts: disabled
[DEBUG] 2020-02-22 13:10:07.983 [main] Settings - Structured second-level cache entries: disabled
[DEBUG] 2020-02-22 13:10:07.984 [main] Settings - Second-level cache direct-reference entries: disabled
[DEBUG] 2020-02-22 13:10:07.984 [main] Settings - Automatic eviction of collection cache: disabled
[DEBUG] 2020-02-22 13:10:07.984 [main] Settings - JDBC batch size: 15
[DEBUG] 2020-02-22 13:10:07.984 [main] Settings - JDBC batch updates for versioned data: enabled
[DEBUG] 2020-02-22 13:10:07.984 [main] Settings - Scrollable result sets: enabled
[DEBUG] 2020-02-22 13:10:07.984 [main] Settings - Wrap result sets: disabled
[DEBUG] 2020-02-22 13:10:07.984 [main] Settings - JDBC3 getGeneratedKeys(): enabled
[DEBUG] 2020-02-22 13:10:07.984 [main] Settings - JDBC result set fetch size: null
[DEBUG] 2020-02-22 13:10:07.984 [main] Settings - Connection release mode: AFTER_TRANSACTION
[DEBUG] 2020-02-22 13:10:07.984 [main] Settings - Generate SQL with comments: disabled
[DEBUG] 2020-02-22 13:10:07.985 [main] Settings - JPA compliance - query : 
[DEBUG] 2020-02-22 13:10:07.985 [main] Settings - JPA compliance - closed-handling : 
[DEBUG] 2020-02-22 13:10:07.985 [main] Settings - JPA compliance - lists : 
[DEBUG] 2020-02-22 13:10:07.985 [main] Settings - JPA compliance - transactions : 
[INFO ] 2020-02-22 13:10:08.103 [main] beans - HHH10005002: No explicit CDI BeanManager reference was passed to Hibernate, but CDI is available on the Hibernate ClassLoader.
[DEBUG] 2020-02-22 13:10:08.140 [main] SessionFactoryImpl - Session factory constructed with filter configurations : {}
[DEBUG] 2020-02-22 13:10:08.141 [main] SessionFactoryImpl - Instantiating session factory with properties: {sun.desktop=gnome, awt.toolkit=sun.awt.X11.XToolkit, java.specification.version=11, sun.cpu.isalist=, hibernate.c3p0.idle_test_period=3000, sun.jnu.encoding=UTF-8, hibernate.c3p0.min_size=5, java.class.path=/home/student/intellij/lib/idea_rt.jar:/home/student/intellij/plugins/junit/lib/junit5-rt.jar:/home/student/intellij/plugins/junit/lib/junit-rt.jar:/home/student/IdeaProjects/carbConscious/target/test-classes:/home/student/IdeaProjects/carbConscious/target/classes:/home/student/.m2/repository/org/junit/platform/junit-platform-runner/1.0.0/junit-platform-runner-1.0.0.jar:/home/student/.m2/repository/org/apiguardian/apiguardian-api/1.0.0/apiguardian-api-1.0.0.jar:/home/student/.m2/repository/org/junit/platform/junit-platform-launcher/1.0.0/junit-platform-launcher-1.0.0.jar:/home/student/.m2/repository/org/junit/platform/junit-platform-suite-api/1.0.0/junit-platform-suite-api-1.0.0.jar:/home/student/.m2/repository/org/junit/platform/junit-platform-commons/1.0.0/junit-platform-commons-1.0.0.jar:/home/student/.m2/repository/org/junit/vintage/junit-vintage-engine/4.12.0/junit-vintage-engine-4.12.0.jar:/home/student/.m2/repository/org/junit/platform/junit-platform-engine/1.0.0/junit-platform-engine-1.0.0.jar:/home/student/.m2/repository/org/opentest4j/opentest4j/1.0.0/opentest4j-1.0.0.jar:/home/student/.m2/repository/org/junit/jupiter/junit-jupiter-engine/5.0.0/junit-jupiter-engine-5.0.0.jar:/home/student/.m2/repository/org/junit/jupiter/junit-jupiter-api/5.0.0/junit-jupiter-api-5.0.0.jar:/home/student/.m2/repository/junit/junit/4.12/junit-4.12.jar:/home/student/.m2/repository/org/hamcrest/hamcrest-core/1.3/hamcrest-core-1.3.jar:/home/student/.m2/repository/javax/javaee-web-api/7.0/javaee-web-api-7.0.jar:/home/student/.m2/repository/mysql/mysql-connector-java/8.0.16/mysql-connector-java-8.0.16.jar:/home/student/.m2/repository/com/google/protobuf/protobuf-java/3.6.1/protobuf-java-3.6.1.jar:/home/student/.m2/repository/jstl/jstl/1.2/jstl-1.2.jar:/home/student/.m2/repository/org/apache/logging/log4j/log4j-api/2.10.0/log4j-api-2.10.0.jar:/home/student/.m2/repository/org/apache/logging/log4j/log4j-core/2.10.0/log4j-core-2.10.0.jar:/home/student/.m2/repository/org/hibernate/hibernate-core/5.4.4.Final/hibernate-core-5.4.4.Final.jar:/home/student/.m2/repository/org/jboss/logging/jboss-logging/3.3.2.Final/jboss-logging-3.3.2.Final.jar:/home/student/.m2/repository/javax/persistence/javax.persistence-api/2.2/javax.persistence-api-2.2.jar:/home/student/.m2/repository/org/javassist/javassist/3.24.0-GA/javassist-3.24.0-GA.jar:/home/student/.m2/repository/net/bytebuddy/byte-buddy/1.9.11/byte-buddy-1.9.11.jar:/home/student/.m2/repository/antlr/antlr/2.7.7/antlr-2.7.7.jar:/home/student/.m2/repository/org/jboss/spec/javax/transaction/jboss-transaction-api_1.2_spec/1.1.1.Final/jboss-transaction-api_1.2_spec-1.1.1.Final.jar:/home/student/.m2/repository/org/jboss/jandex/2.0.5.Final/jandex-2.0.5.Final.jar:/home/student/.m2/repository/com/fasterxml/classmate/1.3.4/classmate-1.3.4.jar:/home/student/.m2/repository/javax/activation/javax.activation-api/1.2.0/javax.activation-api-1.2.0.jar:/home/student/.m2/repository/org/dom4j/dom4j/2.1.1/dom4j-2.1.1.jar:/home/student/.m2/repository/org/hibernate/common/hibernate-commons-annotations/5.1.0.Final/hibernate-commons-annotations-5.1.0.Final.jar:/home/student/.m2/repository/javax/xml/bind/jaxb-api/2.3.1/jaxb-api-2.3.1.jar:/home/student/.m2/repository/org/glassfish/jaxb/jaxb-runtime/2.3.1/jaxb-runtime-2.3.1.jar:/home/student/.m2/repository/org/glassfish/jaxb/txw2/2.3.1/txw2-2.3.1.jar:/home/student/.m2/repository/com/sun/istack/istack-commons-runtime/3.0.7/istack-commons-runtime-3.0.7.jar:/home/student/.m2/repository/org/jvnet/staxex/stax-ex/1.8/stax-ex-1.8.jar:/home/student/.m2/repository/com/sun/xml/fastinfoset/FastInfoset/1.2.15/FastInfoset-1.2.15.jar:/home/student/.m2/repository/org/hibernate/hibernate-c3p0/5.4.4.Final/hibernate-c3p0-5.4.4.Final.jar:/home/student/.m2/repository/com/mchange/c3p0/0.9.5.3/c3p0-0.9.5.3.jar:/home/student/.m2/repository/com/mchange/mchange-commons-java/0.2.15/mchange-commons-java-0.2.15.jar:/home/student/.m2/repository/org/hibernate/hibernate-validator/5.4.1.Final/hibernate-validator-5.4.1.Final.jar:/home/student/.m2/repository/javax/validation/validation-api/1.1.0.Final/validation-api-1.1.0.Final.jar:/home/student/.m2/repository/org/hibernate/validator/hibernate-validator-annotation-processor/6.1.2.Final/hibernate-validator-annotation-processor-6.1.2.Final.jar, java.vm.vendor=Ubuntu, sun.arch.data.model=64, idea.test.cyclic.buffer.size=1048576, java.vendor.url=https://ubuntu.com/, user.timezone=America/Chicago, os.name=Linux, java.vm.specification.version=11, sun.java.launcher=SUN_STANDARD, user.country=US, sun.boot.library.path=/usr/lib/jvm/java-11-openjdk-amd64/lib, sun.java.command=com.intellij.rt.junit.JUnitStarter -ideVersion5 -junit5 com.mattanderson.carbConscious.persistence.UserDaoTest,getByIdSuccess, jdk.debug=release, sun.cpu.endian=little, user.home=/home/student, hibernate.c3p0.max_statements=50, user.language=en, java.specification.vendor=Oracle Corporation, java.version.date=2020-01-14, java.home=/usr/lib/jvm/java-11-openjdk-amd64, file.separator=/, java.vm.compressedOopsMode=32-bit, line.separator=
, hibernate.c3p0.timeout=300, java.specification.name=Java Platform API Specification, java.vm.specification.vendor=Oracle Corporation, java.awt.graphicsenv=sun.awt.X11GraphicsEnvironment, connection.password=student, sun.management.compiler=HotSpot 64-Bit Tiered Compilers, hibernate.c3p0.max_size=20, java.runtime.version=11.0.6+10-post-Ubuntu-1ubuntu118.04.1, user.name=student, path.separator=:, hibernate.connection.username=****, os.version=5.3.0-40-generic, java.runtime.name=OpenJDK Runtime Environment, hibernate.connection.url=jdbc:mysql://localhost:3306/test_carb_conscious, file.encoding=UTF-8, java.vm.name=OpenJDK 64-Bit Server VM, hibernate.connection.driver_class=com.mysql.cj.jdbc.Driver, java.vendor.url.bug=https://bugs.launchpad.net/ubuntu/+source/openjdk-lts, java.io.tmpdir=/tmp, java.version=11.0.6, user.dir=/home/student/IdeaProjects/carbConscious, os.arch=amd64, connection.username=root, java.vm.specification.name=Java Virtual Machine Specification, java.awt.printerjob=sun.print.PSPrinterJob, hibernate.connection.password=****, sun.os.patch.level=unknown, connection.driver_class=com.mysql.cj.jdbc.Driver, hibernate.boot.CfgXmlAccessService.key=org.hibernate.boot.cfgxml.spi.LoadedConfig@5434e40c, java.library.path=/usr/java/packages/lib:/usr/lib/x86_64-linux-gnu/jni:/lib/x86_64-linux-gnu:/usr/lib/x86_64-linux-gnu:/usr/lib/jni:/lib:/usr/lib, java.vendor=Ubuntu, java.vm.info=mixed mode, sharing, java.vm.version=11.0.6+10-post-Ubuntu-1ubuntu118.04.1, hibernate.bytecode.use_reflection_optimizer=false, sun.io.unicode.encoding=UnicodeLittle, connection.url=jdbc:mysql://localhost:3306/test_carb_conscious, java.class.version=55.0}
[INFO ] 2020-02-22 13:10:08.223 [main] Version - HV000001: Hibernate Validator 5.4.1.Final
[DEBUG] 2020-02-22 13:10:08.262 [main] DefaultTraversableResolver - Found javax.persistence.Persistence on classpath containing 'getPersistenceUtil'. Assuming JPA 2 environment. Trying to instantiate JPA aware TraversableResolver
[DEBUG] 2020-02-22 13:10:08.265 [main] DefaultTraversableResolver - Instantiated JPA aware TraversableResolver of type org.hibernate.validator.internal.engine.resolver.JPATraversableResolver.
[DEBUG] 2020-02-22 13:10:08.270 [main] ValidationXmlParser - Trying to load META-INF/validation.xml for XML based Validator configuration.
[DEBUG] 2020-02-22 13:10:08.273 [main] ResourceLoaderHelper - Trying to load META-INF/validation.xml via TCCL
[DEBUG] 2020-02-22 13:10:08.274 [main] ResourceLoaderHelper - Trying to load META-INF/validation.xml via Hibernate Validator's class loader
[DEBUG] 2020-02-22 13:10:08.274 [main] ValidationXmlParser - No META-INF/validation.xml found. Using annotation based configuration only.
[DEBUG] 2020-02-22 13:10:08.300 [main] TypeSafeActivator - Unable to acquire Bean Validation ValidatorFactory, skipping activation
[DEBUG] 2020-02-22 13:10:08.301 [main] JaccIntegrator - Skipping JACC integration as it was not enabled
[DEBUG] 2020-02-22 13:10:08.302 [main] SessionFactoryImpl - Instantiated session factory
[DEBUG] 2020-02-22 13:10:08.302 [main] TypeConfiguration$Scope - Scoping TypeConfiguration [org.hibernate.type.spi.TypeConfiguration@50d951e7] to SessionFactoryImpl [org.hibernate.internal.SessionFactoryImpl@244418a]
[DEBUG] 2020-02-22 13:10:08.438 [main] ClassLoaderAccessImpl - Not known whether passed class name [com.mattanderson.carbConscious.entity.UserRole] is safe
[DEBUG] 2020-02-22 13:10:08.439 [main] ClassLoaderAccessImpl - No temp ClassLoader provided; using live ClassLoader for loading potentially unsafe class : com.mattanderson.carbConscious.entity.UserRole
[DEBUG] 2020-02-22 13:10:08.484 [main] ClassLoaderAccessImpl - Not known whether passed class name [com.mattanderson.carbConscious.entity.UserRole] is safe
[DEBUG] 2020-02-22 13:10:08.485 [main] ClassLoaderAccessImpl - No temp ClassLoader provided; using live ClassLoader for loading potentially unsafe class : com.mattanderson.carbConscious.entity.UserRole
[DEBUG] 2020-02-22 13:10:08.968 [main] ClassLoaderAccessImpl - Not known whether passed class name [com.mattanderson.carbConscious.entity.User] is safe
[DEBUG] 2020-02-22 13:10:08.969 [main] ClassLoaderAccessImpl - No temp ClassLoader provided; using live ClassLoader for loading potentially unsafe class : com.mattanderson.carbConscious.entity.User
[DEBUG] 2020-02-22 13:10:08.970 [main] ClassLoaderAccessImpl - Not known whether passed class name [com.mattanderson.carbConscious.entity.User] is safe
[DEBUG] 2020-02-22 13:10:08.971 [main] ClassLoaderAccessImpl - No temp ClassLoader provided; using live ClassLoader for loading potentially unsafe class : com.mattanderson.carbConscious.entity.User
[DEBUG] 2020-02-22 13:10:09.043 [main] AbstractCollectionPersister - Static SQL for collection: com.mattanderson.carbConscious.entity.User.roles
[DEBUG] 2020-02-22 13:10:09.043 [main] AbstractCollectionPersister -  Row insert: update USER_ROLES set user_id=? where id=?
[DEBUG] 2020-02-22 13:10:09.043 [main] AbstractCollectionPersister -  Row update: update USER_ROLES set  where id=?
[DEBUG] 2020-02-22 13:10:09.044 [main] AbstractCollectionPersister -  Row delete: update USER_ROLES set user_id=null where user_id=? and id=?
[DEBUG] 2020-02-22 13:10:09.044 [main] AbstractCollectionPersister -  One-shot delete: update USER_ROLES set user_id=null where user_id=?
[DEBUG] 2020-02-22 13:10:09.050 [main] AbstractEntityPersister - Static SQL for entity: com.mattanderson.carbConscious.entity.UserRole
[DEBUG] 2020-02-22 13:10:09.051 [main] AbstractEntityPersister -  Version select: select id from USER_ROLES where id =?
[DEBUG] 2020-02-22 13:10:09.051 [main] AbstractEntityPersister -  Snapshot select: select userrole_.id, userrole_.creation_datetime as creation2_0_, userrole_.role_name as role_nam3_0_, userrole_.user_id as user_id5_0_, userrole_.user_name as user_nam4_0_ from USER_ROLES userrole_ where userrole_.id=?
[DEBUG] 2020-02-22 13:10:09.051 [main] AbstractEntityPersister -  Insert 0: insert into USER_ROLES (creation_datetime, role_name, user_id, user_name, id) values (?, ?, ?, ?, ?)
[DEBUG] 2020-02-22 13:10:09.051 [main] AbstractEntityPersister -  Update 0: update USER_ROLES set creation_datetime=?, role_name=?, user_id=?, user_name=? where id=?
[DEBUG] 2020-02-22 13:10:09.051 [main] AbstractEntityPersister -  Delete 0: delete from USER_ROLES where id=?
[DEBUG] 2020-02-22 13:10:09.051 [main] AbstractEntityPersister -  Identity insert: insert into USER_ROLES (creation_datetime, role_name, user_id, user_name) values (?, ?, ?, ?)
[DEBUG] 2020-02-22 13:10:09.093 [main] QuerySpacesImpl - Adding QuerySpace : uid = <gen:0> -> org.hibernate.loader.plan.build.internal.spaces.EntityQuerySpaceImpl@fd413fb]
[DEBUG] 2020-02-22 13:10:09.095 [main] MetamodelGraphWalker - Visiting attribute path : creationDateTime
[DEBUG] 2020-02-22 13:10:09.096 [main] MetamodelGraphWalker - Visiting attribute path : name
[DEBUG] 2020-02-22 13:10:09.096 [main] MetamodelGraphWalker - Visiting attribute path : user
[DEBUG] 2020-02-22 13:10:09.103 [main] QuerySpacesImpl - Adding QuerySpace : uid = <gen:1> -> org.hibernate.loader.plan.build.internal.spaces.EntityQuerySpaceImpl@1bedc703]
[DEBUG] 2020-02-22 13:10:09.105 [main] MetamodelGraphWalker - Visiting attribute path : user.creationDateTime
[DEBUG] 2020-02-22 13:10:09.105 [main] MetamodelGraphWalker - Visiting attribute path : user.email
[DEBUG] 2020-02-22 13:10:09.105 [main] MetamodelGraphWalker - Visiting attribute path : user.firstName
[DEBUG] 2020-02-22 13:10:09.105 [main] MetamodelGraphWalker - Visiting attribute path : user.lastName
[DEBUG] 2020-02-22 13:10:09.105 [main] MetamodelGraphWalker - Visiting attribute path : user.password
[DEBUG] 2020-02-22 13:10:09.105 [main] MetamodelGraphWalker - Visiting attribute path : user.roles
[DEBUG] 2020-02-22 13:10:09.106 [main] MetamodelGraphWalker - Property path deemed to be circular : user.roles
[DEBUG] 2020-02-22 13:10:09.106 [main] MetamodelGraphWalker - Visiting attribute path : user.updateDateTime
[DEBUG] 2020-02-22 13:10:09.106 [main] MetamodelGraphWalker - Visiting attribute path : user.userName
[DEBUG] 2020-02-22 13:10:09.106 [main] MetamodelGraphWalker - Visiting attribute path : userName
[DEBUG] 2020-02-22 13:10:09.107 [main] FetchStyleLoadPlanBuildingAssociationVisitationStrategy - Building LoadPlan...
[DEBUG] 2020-02-22 13:10:09.125 [main] LoadQueryJoinAndFetchProcessor - processing queryspace <gen:0>
[DEBUG] 2020-02-22 13:10:09.132 [main] LoadPlanTreePrinter - LoadPlan(entity=com.mattanderson.carbConscious.entity.UserRole)
    - Returns
       - EntityReturnImpl(entity=com.mattanderson.carbConscious.entity.UserRole, querySpaceUid=<gen:0>, path=com.mattanderson.carbConscious.entity.UserRole)
          - EntityAttributeFetchImpl(entity=com.mattanderson.carbConscious.entity.User, querySpaceUid=<gen:1>, path=com.mattanderson.carbConscious.entity.UserRole.user)
    - QuerySpaces
       - EntityQuerySpaceImpl(uid=<gen:0>, entity=com.mattanderson.carbConscious.entity.UserRole)
          - SQL table alias mapping - userrole0_
          - alias suffix - 0_
          - suffixed key columns - {id1_0_0_}
          - JOIN (JoinDefinedByMetadata(user)) : <gen:0> -> <gen:1>
             - EntityQuerySpaceImpl(uid=<gen:1>, entity=com.mattanderson.carbConscious.entity.User)
                - SQL table alias mapping - user1_
                - alias suffix - 1_
                - suffixed key columns - {id1_1_1_}

[DEBUG] 2020-02-22 13:10:09.136 [main] EntityLoader - Static select for entity com.mattanderson.carbConscious.entity.UserRole [NONE]: select userrole0_.id as id1_0_0_, userrole0_.creation_datetime as creation2_0_0_, userrole0_.role_name as role_nam3_0_0_, userrole0_.user_id as user_id5_0_0_, userrole0_.user_name as user_nam4_0_0_, user1_.id as id1_1_1_, user1_.creation_datetime as creation2_1_1_, user1_.email as email3_1_1_, user1_.first_name as first_na4_1_1_, user1_.last_name as last_nam5_1_1_, user1_.password as password6_1_1_, user1_.update_datetime as update_d7_1_1_, user1_.userName as userName8_1_1_ from USER_ROLES userrole0_ left outer join USERS user1_ on userrole0_.user_id=user1_.id where userrole0_.id=?
[DEBUG] 2020-02-22 13:10:09.137 [main] QuerySpacesImpl - Adding QuerySpace : uid = <gen:0> -> org.hibernate.loader.plan.build.internal.spaces.EntityQuerySpaceImpl@5382184b]
[DEBUG] 2020-02-22 13:10:09.137 [main] MetamodelGraphWalker - Visiting attribute path : creationDateTime
[DEBUG] 2020-02-22 13:10:09.137 [main] MetamodelGraphWalker - Visiting attribute path : name
[DEBUG] 2020-02-22 13:10:09.137 [main] MetamodelGraphWalker - Visiting attribute path : user
[DEBUG] 2020-02-22 13:10:09.137 [main] QuerySpacesImpl - Adding QuerySpace : uid = <gen:1> -> org.hibernate.loader.plan.build.internal.spaces.EntityQuerySpaceImpl@2213639b]
[DEBUG] 2020-02-22 13:10:09.138 [main] MetamodelGraphWalker - Visiting attribute path : user.creationDateTime
[DEBUG] 2020-02-22 13:10:09.138 [main] MetamodelGraphWalker - Visiting attribute path : user.email
[DEBUG] 2020-02-22 13:10:09.138 [main] MetamodelGraphWalker - Visiting attribute path : user.firstName
[DEBUG] 2020-02-22 13:10:09.138 [main] MetamodelGraphWalker - Visiting attribute path : user.lastName
[DEBUG] 2020-02-22 13:10:09.138 [main] MetamodelGraphWalker - Visiting attribute path : user.password
[DEBUG] 2020-02-22 13:10:09.138 [main] MetamodelGraphWalker - Visiting attribute path : user.roles
[DEBUG] 2020-02-22 13:10:09.139 [main] MetamodelGraphWalker - Property path deemed to be circular : user.roles
[DEBUG] 2020-02-22 13:10:09.139 [main] MetamodelGraphWalker - Visiting attribute path : user.updateDateTime
[DEBUG] 2020-02-22 13:10:09.139 [main] MetamodelGraphWalker - Visiting attribute path : user.userName
[DEBUG] 2020-02-22 13:10:09.139 [main] MetamodelGraphWalker - Visiting attribute path : userName
[DEBUG] 2020-02-22 13:10:09.139 [main] FetchStyleLoadPlanBuildingAssociationVisitationStrategy - Building LoadPlan...
[DEBUG] 2020-02-22 13:10:09.140 [main] LoadQueryJoinAndFetchProcessor - processing queryspace <gen:0>
[DEBUG] 2020-02-22 13:10:09.141 [main] LoadPlanTreePrinter - LoadPlan(entity=com.mattanderson.carbConscious.entity.UserRole)
    - Returns
       - EntityReturnImpl(entity=com.mattanderson.carbConscious.entity.UserRole, querySpaceUid=<gen:0>, path=com.mattanderson.carbConscious.entity.UserRole)
          - EntityAttributeFetchImpl(entity=com.mattanderson.carbConscious.entity.User, querySpaceUid=<gen:1>, path=com.mattanderson.carbConscious.entity.UserRole.user)
    - QuerySpaces
       - EntityQuerySpaceImpl(uid=<gen:0>, entity=com.mattanderson.carbConscious.entity.UserRole)
          - SQL table alias mapping - userrole0_
          - alias suffix - 0_
          - suffixed key columns - {id1_0_0_}
          - JOIN (JoinDefinedByMetadata(user)) : <gen:0> -> <gen:1>
             - EntityQuerySpaceImpl(uid=<gen:1>, entity=com.mattanderson.carbConscious.entity.User)
                - SQL table alias mapping - user1_
                - alias suffix - 1_
                - suffixed key columns - {id1_1_1_}

[DEBUG] 2020-02-22 13:10:09.141 [main] EntityLoader - Static select for entity com.mattanderson.carbConscious.entity.UserRole [READ]: select userrole0_.id as id1_0_0_, userrole0_.creation_datetime as creation2_0_0_, userrole0_.role_name as role_nam3_0_0_, userrole0_.user_id as user_id5_0_0_, userrole0_.user_name as user_nam4_0_0_, user1_.id as id1_1_1_, user1_.creation_datetime as creation2_1_1_, user1_.email as email3_1_1_, user1_.first_name as first_na4_1_1_, user1_.last_name as last_nam5_1_1_, user1_.password as password6_1_1_, user1_.update_datetime as update_d7_1_1_, user1_.userName as userName8_1_1_ from USER_ROLES userrole0_ left outer join USERS user1_ on userrole0_.user_id=user1_.id where userrole0_.id=?
[DEBUG] 2020-02-22 13:10:09.165 [main] Loader - Static select for action ACTION_MERGE on entity com.mattanderson.carbConscious.entity.UserRole: select userrole0_.id as id1_0_0_, userrole0_.creation_datetime as creation2_0_0_, userrole0_.role_name as role_nam3_0_0_, userrole0_.user_id as user_id5_0_0_, userrole0_.user_name as user_nam4_0_0_ from USER_ROLES userrole0_ where userrole0_.id=?
[DEBUG] 2020-02-22 13:10:09.166 [main] Loader - Static select for action ACTION_REFRESH on entity com.mattanderson.carbConscious.entity.UserRole: select userrole0_.id as id1_0_0_, userrole0_.creation_datetime as creation2_0_0_, userrole0_.role_name as role_nam3_0_0_, userrole0_.user_id as user_id5_0_0_, userrole0_.user_name as user_nam4_0_0_ from USER_ROLES userrole0_ where userrole0_.id=?
[DEBUG] 2020-02-22 13:10:09.166 [main] AbstractEntityPersister - Static SQL for entity: com.mattanderson.carbConscious.entity.User
[DEBUG] 2020-02-22 13:10:09.167 [main] AbstractEntityPersister -  Version select: select id from USERS where id =?
[DEBUG] 2020-02-22 13:10:09.167 [main] AbstractEntityPersister -  Snapshot select: select user_.id, user_.creation_datetime as creation2_1_, user_.email as email3_1_, user_.first_name as first_na4_1_, user_.last_name as last_nam5_1_, user_.password as password6_1_, user_.update_datetime as update_d7_1_, user_.userName as userName8_1_ from USERS user_ where user_.id=?
[DEBUG] 2020-02-22 13:10:09.167 [main] AbstractEntityPersister -  Insert 0: insert into USERS (creation_datetime, email, first_name, last_name, password, update_datetime, userName, id) values (?, ?, ?, ?, ?, ?, ?, ?)
[DEBUG] 2020-02-22 13:10:09.167 [main] AbstractEntityPersister -  Update 0: update USERS set creation_datetime=?, email=?, first_name=?, last_name=?, password=?, update_datetime=?, userName=? where id=?
[DEBUG] 2020-02-22 13:10:09.167 [main] AbstractEntityPersister -  Delete 0: delete from USERS where id=?
[DEBUG] 2020-02-22 13:10:09.167 [main] AbstractEntityPersister -  Identity insert: insert into USERS (creation_datetime, email, first_name, last_name, password, update_datetime, userName) values (?, ?, ?, ?, ?, ?, ?)
[DEBUG] 2020-02-22 13:10:09.168 [main] QuerySpacesImpl - Adding QuerySpace : uid = <gen:0> -> org.hibernate.loader.plan.build.internal.spaces.EntityQuerySpaceImpl@202d9236]
[DEBUG] 2020-02-22 13:10:09.168 [main] MetamodelGraphWalker - Visiting attribute path : creationDateTime
[DEBUG] 2020-02-22 13:10:09.168 [main] MetamodelGraphWalker - Visiting attribute path : email
[DEBUG] 2020-02-22 13:10:09.168 [main] MetamodelGraphWalker - Visiting attribute path : firstName
[DEBUG] 2020-02-22 13:10:09.168 [main] MetamodelGraphWalker - Visiting attribute path : lastName
[DEBUG] 2020-02-22 13:10:09.169 [main] MetamodelGraphWalker - Visiting attribute path : password
[DEBUG] 2020-02-22 13:10:09.169 [main] MetamodelGraphWalker - Visiting attribute path : roles
[DEBUG] 2020-02-22 13:10:09.170 [main] QuerySpacesImpl - Adding QuerySpace : uid = <gen:1> -> org.hibernate.loader.plan.build.internal.spaces.CollectionQuerySpaceImpl@7ecda95b]
[DEBUG] 2020-02-22 13:10:09.174 [main] QuerySpacesImpl - Adding QuerySpace : uid = <gen:2> -> org.hibernate.loader.plan.build.internal.spaces.EntityQuerySpaceImpl@68b11545]
[DEBUG] 2020-02-22 13:10:09.176 [main] MetamodelGraphWalker - Visiting attribute path : roles.creationDateTime
[DEBUG] 2020-02-22 13:10:09.176 [main] MetamodelGraphWalker - Visiting attribute path : roles.name
[DEBUG] 2020-02-22 13:10:09.177 [main] MetamodelGraphWalker - Visiting attribute path : roles.user
[DEBUG] 2020-02-22 13:10:09.177 [main] MetamodelGraphWalker - Property path deemed to be circular : roles.user
[DEBUG] 2020-02-22 13:10:09.178 [main] MetamodelGraphWalker - Visiting attribute path : roles.userName
[DEBUG] 2020-02-22 13:10:09.179 [main] MetamodelGraphWalker - Visiting attribute path : updateDateTime
[DEBUG] 2020-02-22 13:10:09.179 [main] MetamodelGraphWalker - Visiting attribute path : userName
[DEBUG] 2020-02-22 13:10:09.179 [main] FetchStyleLoadPlanBuildingAssociationVisitationStrategy - Building LoadPlan...
[DEBUG] 2020-02-22 13:10:09.180 [main] LoadQueryJoinAndFetchProcessor - processing queryspace <gen:0>
[DEBUG] 2020-02-22 13:10:09.187 [main] LoadPlanTreePrinter - LoadPlan(entity=com.mattanderson.carbConscious.entity.User)
    - Returns
       - EntityReturnImpl(entity=com.mattanderson.carbConscious.entity.User, querySpaceUid=<gen:0>, path=com.mattanderson.carbConscious.entity.User)
          - CollectionAttributeFetchImpl(collection=com.mattanderson.carbConscious.entity.User.roles, querySpaceUid=<gen:1>, path=com.mattanderson.carbConscious.entity.User.roles)
             - (collection element) CollectionFetchableElementEntityGraph(entity=com.mattanderson.carbConscious.entity.UserRole, querySpaceUid=<gen:2>, path=com.mattanderson.carbConscious.entity.User.roles.<elements>)
    - QuerySpaces
       - EntityQuerySpaceImpl(uid=<gen:0>, entity=com.mattanderson.carbConscious.entity.User)
          - SQL table alias mapping - user0_
          - alias suffix - 0_
          - suffixed key columns - {id1_1_0_}
          - JOIN (JoinDefinedByMetadata(roles)) : <gen:0> -> <gen:1>
             - CollectionQuerySpaceImpl(uid=<gen:1>, collection=com.mattanderson.carbConscious.entity.User.roles)
                - SQL table alias mapping - roles1_
                - alias suffix - 1_
                - suffixed key columns - {user_id5_0_1_}
                - entity-element alias suffix - 2_
                - 2_entity-element suffixed key columns - id1_0_2_
                - JOIN (JoinDefinedByMetadata(elements)) : <gen:1> -> <gen:2>
                   - EntityQuerySpaceImpl(uid=<gen:2>, entity=com.mattanderson.carbConscious.entity.UserRole)
                      - SQL table alias mapping - roles1_
                      - alias suffix - 2_
                      - suffixed key columns - {id1_0_2_}

[DEBUG] 2020-02-22 13:10:09.188 [main] EntityLoader - Static select for entity com.mattanderson.carbConscious.entity.User [NONE]: select user0_.id as id1_1_0_, user0_.creation_datetime as creation2_1_0_, user0_.email as email3_1_0_, user0_.first_name as first_na4_1_0_, user0_.last_name as last_nam5_1_0_, user0_.password as password6_1_0_, user0_.update_datetime as update_d7_1_0_, user0_.userName as userName8_1_0_, roles1_.user_id as user_id5_0_1_, roles1_.id as id1_0_1_, roles1_.id as id1_0_2_, roles1_.creation_datetime as creation2_0_2_, roles1_.role_name as role_nam3_0_2_, roles1_.user_id as user_id5_0_2_, roles1_.user_name as user_nam4_0_2_ from USERS user0_ left outer join USER_ROLES roles1_ on user0_.id=roles1_.user_id where user0_.id=?
[DEBUG] 2020-02-22 13:10:09.188 [main] QuerySpacesImpl - Adding QuerySpace : uid = <gen:0> -> org.hibernate.loader.plan.build.internal.spaces.EntityQuerySpaceImpl@5d05f453]
[DEBUG] 2020-02-22 13:10:09.189 [main] MetamodelGraphWalker - Visiting attribute path : creationDateTime
[DEBUG] 2020-02-22 13:10:09.189 [main] MetamodelGraphWalker - Visiting attribute path : email
[DEBUG] 2020-02-22 13:10:09.189 [main] MetamodelGraphWalker - Visiting attribute path : firstName
[DEBUG] 2020-02-22 13:10:09.189 [main] MetamodelGraphWalker - Visiting attribute path : lastName
[DEBUG] 2020-02-22 13:10:09.189 [main] MetamodelGraphWalker - Visiting attribute path : password
[DEBUG] 2020-02-22 13:10:09.189 [main] MetamodelGraphWalker - Visiting attribute path : roles
[DEBUG] 2020-02-22 13:10:09.189 [main] QuerySpacesImpl - Adding QuerySpace : uid = <gen:1> -> org.hibernate.loader.plan.build.internal.spaces.CollectionQuerySpaceImpl@160b4809]
[DEBUG] 2020-02-22 13:10:09.190 [main] QuerySpacesImpl - Adding QuerySpace : uid = <gen:2> -> org.hibernate.loader.plan.build.internal.spaces.EntityQuerySpaceImpl@149b4d20]
[DEBUG] 2020-02-22 13:10:09.190 [main] MetamodelGraphWalker - Visiting attribute path : roles.creationDateTime
[DEBUG] 2020-02-22 13:10:09.190 [main] MetamodelGraphWalker - Visiting attribute path : roles.name
[DEBUG] 2020-02-22 13:10:09.190 [main] MetamodelGraphWalker - Visiting attribute path : roles.user
[DEBUG] 2020-02-22 13:10:09.190 [main] MetamodelGraphWalker - Property path deemed to be circular : roles.user
[DEBUG] 2020-02-22 13:10:09.190 [main] MetamodelGraphWalker - Visiting attribute path : roles.userName
[DEBUG] 2020-02-22 13:10:09.191 [main] MetamodelGraphWalker - Visiting attribute path : updateDateTime
[DEBUG] 2020-02-22 13:10:09.191 [main] MetamodelGraphWalker - Visiting attribute path : userName
[DEBUG] 2020-02-22 13:10:09.191 [main] FetchStyleLoadPlanBuildingAssociationVisitationStrategy - Building LoadPlan...
[DEBUG] 2020-02-22 13:10:09.191 [main] LoadQueryJoinAndFetchProcessor - processing queryspace <gen:0>
[DEBUG] 2020-02-22 13:10:09.193 [main] LoadPlanTreePrinter - LoadPlan(entity=com.mattanderson.carbConscious.entity.User)
    - Returns
       - EntityReturnImpl(entity=com.mattanderson.carbConscious.entity.User, querySpaceUid=<gen:0>, path=com.mattanderson.carbConscious.entity.User)
          - CollectionAttributeFetchImpl(collection=com.mattanderson.carbConscious.entity.User.roles, querySpaceUid=<gen:1>, path=com.mattanderson.carbConscious.entity.User.roles)
             - (collection element) CollectionFetchableElementEntityGraph(entity=com.mattanderson.carbConscious.entity.UserRole, querySpaceUid=<gen:2>, path=com.mattanderson.carbConscious.entity.User.roles.<elements>)
    - QuerySpaces
       - EntityQuerySpaceImpl(uid=<gen:0>, entity=com.mattanderson.carbConscious.entity.User)
          - SQL table alias mapping - user0_
          - alias suffix - 0_
          - suffixed key columns - {id1_1_0_}
          - JOIN (JoinDefinedByMetadata(roles)) : <gen:0> -> <gen:1>
             - CollectionQuerySpaceImpl(uid=<gen:1>, collection=com.mattanderson.carbConscious.entity.User.roles)
                - SQL table alias mapping - roles1_
                - alias suffix - 1_
                - suffixed key columns - {user_id5_0_1_}
                - entity-element alias suffix - 2_
                - 2_entity-element suffixed key columns - id1_0_2_
                - JOIN (JoinDefinedByMetadata(elements)) : <gen:1> -> <gen:2>
                   - EntityQuerySpaceImpl(uid=<gen:2>, entity=com.mattanderson.carbConscious.entity.UserRole)
                      - SQL table alias mapping - roles1_
                      - alias suffix - 2_
                      - suffixed key columns - {id1_0_2_}

[DEBUG] 2020-02-22 13:10:09.193 [main] EntityLoader - Static select for entity com.mattanderson.carbConscious.entity.User [READ]: select user0_.id as id1_1_0_, user0_.creation_datetime as creation2_1_0_, user0_.email as email3_1_0_, user0_.first_name as first_na4_1_0_, user0_.last_name as last_nam5_1_0_, user0_.password as password6_1_0_, user0_.update_datetime as update_d7_1_0_, user0_.userName as userName8_1_0_, roles1_.user_id as user_id5_0_1_, roles1_.id as id1_0_1_, roles1_.id as id1_0_2_, roles1_.creation_datetime as creation2_0_2_, roles1_.role_name as role_nam3_0_2_, roles1_.user_id as user_id5_0_2_, roles1_.user_name as user_nam4_0_2_ from USERS user0_ left outer join USER_ROLES roles1_ on user0_.id=roles1_.user_id where user0_.id=?
[DEBUG] 2020-02-22 13:10:09.196 [main] Loader - Static select for action ACTION_MERGE on entity com.mattanderson.carbConscious.entity.User: select user0_.id as id1_1_1_, user0_.creation_datetime as creation2_1_1_, user0_.email as email3_1_1_, user0_.first_name as first_na4_1_1_, user0_.last_name as last_nam5_1_1_, user0_.password as password6_1_1_, user0_.update_datetime as update_d7_1_1_, user0_.userName as userName8_1_1_, roles1_.user_id as user_id5_0_3_, roles1_.id as id1_0_3_, roles1_.id as id1_0_0_, roles1_.creation_datetime as creation2_0_0_, roles1_.role_name as role_nam3_0_0_, roles1_.user_id as user_id5_0_0_, roles1_.user_name as user_nam4_0_0_ from USERS user0_ left outer join USER_ROLES roles1_ on user0_.id=roles1_.user_id where user0_.id=?
[DEBUG] 2020-02-22 13:10:09.197 [main] Loader - Static select for action ACTION_REFRESH on entity com.mattanderson.carbConscious.entity.User: select user0_.id as id1_1_1_, user0_.creation_datetime as creation2_1_1_, user0_.email as email3_1_1_, user0_.first_name as first_na4_1_1_, user0_.last_name as last_nam5_1_1_, user0_.password as password6_1_1_, user0_.update_datetime as update_d7_1_1_, user0_.userName as userName8_1_1_, roles1_.user_id as user_id5_0_3_, roles1_.id as id1_0_3_, roles1_.id as id1_0_0_, roles1_.creation_datetime as creation2_0_0_, roles1_.role_name as role_nam3_0_0_, roles1_.user_id as user_id5_0_0_, roles1_.user_name as user_nam4_0_0_ from USERS user0_ left outer join USER_ROLES roles1_ on user0_.id=roles1_.user_id where user0_.id=?
[DEBUG] 2020-02-22 13:10:09.209 [main] QuerySpacesImpl - Adding QuerySpace : uid = <gen:0> -> org.hibernate.loader.plan.build.internal.spaces.CollectionQuerySpaceImpl@58833798]
[DEBUG] 2020-02-22 13:10:09.211 [main] QuerySpacesImpl - Adding QuerySpace : uid = <gen:1> -> org.hibernate.loader.plan.build.internal.spaces.EntityQuerySpaceImpl@7f3ca64a]
[DEBUG] 2020-02-22 13:10:09.213 [main] MetamodelGraphWalker - Visiting attribute path : creationDateTime
[DEBUG] 2020-02-22 13:10:09.214 [main] MetamodelGraphWalker - Visiting attribute path : name
[DEBUG] 2020-02-22 13:10:09.214 [main] MetamodelGraphWalker - Visiting attribute path : user
[DEBUG] 2020-02-22 13:10:09.215 [main] MetamodelGraphWalker - Property path deemed to be circular : user
[DEBUG] 2020-02-22 13:10:09.215 [main] MetamodelGraphWalker - Visiting attribute path : userName
[DEBUG] 2020-02-22 13:10:09.215 [main] FetchStyleLoadPlanBuildingAssociationVisitationStrategy - Building LoadPlan...
[DEBUG] 2020-02-22 13:10:09.219 [main] LoadQueryJoinAndFetchProcessor - processing queryspace <gen:0>
[DEBUG] 2020-02-22 13:10:09.220 [main] LoadPlanTreePrinter - LoadPlan(collection=com.mattanderson.carbConscious.entity.User.roles)
    - Returns
       - CollectionReturnImpl(collection=com.mattanderson.carbConscious.entity.User.roles, querySpaceUid=<gen:0>, path=[com.mattanderson.carbConscious.entity.User.roles])
          - (collection element) CollectionFetchableElementEntityGraph(entity=com.mattanderson.carbConscious.entity.UserRole, querySpaceUid=<gen:1>, path=[com.mattanderson.carbConscious.entity.User.roles].<elements>)
    - QuerySpaces
       - CollectionQuerySpaceImpl(uid=<gen:0>, collection=com.mattanderson.carbConscious.entity.User.roles)
          - SQL table alias mapping - roles0_
          - alias suffix - 0_
          - suffixed key columns - {user_id5_0_0_}
          - entity-element alias suffix - 1_
          - 1_entity-element suffixed key columns - id1_0_1_
          - JOIN (JoinDefinedByMetadata(elements)) : <gen:0> -> <gen:1>
             - EntityQuerySpaceImpl(uid=<gen:1>, entity=com.mattanderson.carbConscious.entity.UserRole)
                - SQL table alias mapping - roles0_
                - alias suffix - 1_
                - suffixed key columns - {id1_0_1_}

[DEBUG] 2020-02-22 13:10:09.222 [main] CollectionLoader - Static select for collection com.mattanderson.carbConscious.entity.User.roles: select roles0_.user_id as user_id5_0_0_, roles0_.id as id1_0_0_, roles0_.id as id1_0_1_, roles0_.creation_datetime as creation2_0_1_, roles0_.role_name as role_nam3_0_1_, roles0_.user_id as user_id5_0_1_, roles0_.user_name as user_nam4_0_1_ from USER_ROLES roles0_ where roles0_.user_id=?
[DEBUG] 2020-02-22 13:10:09.288 [main] SchemaManagementToolCoordinator - No actions specified; doing nothing
[DEBUG] 2020-02-22 13:10:09.288 [main] JtaPlatformInitiator - No JtaPlatform was specified, checking resolver
[DEBUG] 2020-02-22 13:10:09.290 [main] JtaPlatformResolverInitiator - No JtaPlatformResolver was specified, using default [org.hibernate.engine.transaction.jta.platform.internal.StandardJtaPlatformResolver]
[DEBUG] 2020-02-22 13:10:09.297 [main] StandardJtaPlatformResolver - Could not resolve JtaPlatform, using default [org.hibernate.engine.transaction.jta.platform.internal.NoJtaPlatform]
[INFO ] 2020-02-22 13:10:09.297 [main] JtaPlatformInitiator - HHH000490: Using JtaPlatform implementation: [org.hibernate.engine.transaction.jta.platform.internal.NoJtaPlatform]
[DEBUG] 2020-02-22 13:10:09.299 [main] NamedQueryRepository - Checking 0 named HQL queries
[DEBUG] 2020-02-22 13:10:09.299 [main] NamedQueryRepository - Checking 0 named SQL queries
[DEBUG] 2020-02-22 13:10:09.304 [main] SessionFactoryRegistry - Initializing SessionFactoryRegistry : org.hibernate.internal.SessionFactoryRegistry@49edcb30
[DEBUG] 2020-02-22 13:10:09.308 [main] SessionFactoryRegistry - Registering SessionFactory: 87b0ad43-3f7d-4a4d-b362-6c45951f2e50 (<unnamed>)
[DEBUG] 2020-02-22 13:10:09.308 [main] SessionFactoryRegistry - Not binding SessionFactory to JNDI, no JNDI name configured
[DEBUG] 2020-02-22 13:10:10.245 [main] StatisticsInitiator - Statistics initialized [enabled=false]
[DEBUG] 2020-02-22 13:10:10.275 [main] SQL - select user0_.id as id1_1_0_, user0_.creation_datetime as creation2_1_0_, user0_.email as email3_1_0_, user0_.first_name as first_na4_1_0_, user0_.last_name as last_nam5_1_0_, user0_.password as password6_1_0_, user0_.update_datetime as update_d7_1_0_, user0_.userName as userName8_1_0_, roles1_.user_id as user_id5_0_1_, roles1_.id as id1_0_1_, roles1_.id as id1_0_2_, roles1_.creation_datetime as creation2_0_2_, roles1_.role_name as role_nam3_0_2_, roles1_.user_id as user_id5_0_2_, roles1_.user_name as user_nam4_0_2_ from USERS user0_ left outer join USER_ROLES roles1_ on user0_.id=roles1_.user_id where user0_.id=?
[DEBUG] 2020-02-22 13:10:10.371 [main] SqlExceptionHelper - could not extract ResultSet [n/a]
java.sql.SQLSyntaxErrorException: Unknown column 'user0_.userName' in 'field list'
	at com.mysql.cj.jdbc.exceptions.SQLError.createSQLException(SQLError.java:120) ~[mysql-connector-java-8.0.16.jar:8.0.16]
	at com.mysql.cj.jdbc.exceptions.SQLError.createSQLException(SQLError.java:97) ~[mysql-connector-java-8.0.16.jar:8.0.16]
	at com.mysql.cj.jdbc.exceptions.SQLExceptionsMapping.translateException(SQLExceptionsMapping.java:122) ~[mysql-connector-java-8.0.16.jar:8.0.16]
	at com.mysql.cj.jdbc.ClientPreparedStatement.executeInternal(ClientPreparedStatement.java:955) ~[mysql-connector-java-8.0.16.jar:8.0.16]
	at com.mysql.cj.jdbc.ClientPreparedStatement.executeQuery(ClientPreparedStatement.java:1005) ~[mysql-connector-java-8.0.16.jar:8.0.16]
	at com.mchange.v2.c3p0.impl.NewProxyPreparedStatement.executeQuery(NewProxyPreparedStatement.java:379) ~[c3p0-0.9.5.3.jar:0.9.5.3]
	at org.hibernate.engine.jdbc.internal.ResultSetReturnImpl.extract(ResultSetReturnImpl.java:60) [hibernate-core-5.4.4.Final.jar:5.4.4.Final]
	at org.hibernate.loader.plan.exec.internal.AbstractLoadPlanBasedLoader.getResultSet(AbstractLoadPlanBasedLoader.java:418) [hibernate-core-5.4.4.Final.jar:5.4.4.Final]
	at org.hibernate.loader.plan.exec.internal.AbstractLoadPlanBasedLoader.executeQueryStatement(AbstractLoadPlanBasedLoader.java:191) [hibernate-core-5.4.4.Final.jar:5.4.4.Final]
	at org.hibernate.loader.plan.exec.internal.AbstractLoadPlanBasedLoader.executeLoad(AbstractLoadPlanBasedLoader.java:121) [hibernate-core-5.4.4.Final.jar:5.4.4.Final]
	at org.hibernate.loader.plan.exec.internal.AbstractLoadPlanBasedLoader.executeLoad(AbstractLoadPlanBasedLoader.java:86) [hibernate-core-5.4.4.Final.jar:5.4.4.Final]
	at org.hibernate.loader.entity.plan.AbstractLoadPlanBasedEntityLoader.load(AbstractLoadPlanBasedEntityLoader.java:197) [hibernate-core-5.4.4.Final.jar:5.4.4.Final]
	at org.hibernate.persister.entity.AbstractEntityPersister.load(AbstractEntityPersister.java:4312) [hibernate-core-5.4.4.Final.jar:5.4.4.Final]
	at org.hibernate.event.internal.DefaultLoadEventListener.loadFromDatasource(DefaultLoadEventListener.java:570) [hibernate-core-5.4.4.Final.jar:5.4.4.Final]
	at org.hibernate.event.internal.DefaultLoadEventListener.doLoad(DefaultLoadEventListener.java:538) [hibernate-core-5.4.4.Final.jar:5.4.4.Final]
	at org.hibernate.event.internal.DefaultLoadEventListener.load(DefaultLoadEventListener.java:208) [hibernate-core-5.4.4.Final.jar:5.4.4.Final]
	at org.hibernate.event.internal.DefaultLoadEventListener.proxyOrLoad(DefaultLoadEventListener.java:333) [hibernate-core-5.4.4.Final.jar:5.4.4.Final]
	at org.hibernate.event.internal.DefaultLoadEventListener.doOnLoad(DefaultLoadEventListener.java:108) [hibernate-core-5.4.4.Final.jar:5.4.4.Final]
	at org.hibernate.event.internal.DefaultLoadEventListener.onLoad(DefaultLoadEventListener.java:74) [hibernate-core-5.4.4.Final.jar:5.4.4.Final]
	at org.hibernate.internal.SessionImpl.fireLoadNoChecks(SessionImpl.java:1298) [hibernate-core-5.4.4.Final.jar:5.4.4.Final]
	at org.hibernate.internal.SessionImpl.fireLoad(SessionImpl.java:1286) [hibernate-core-5.4.4.Final.jar:5.4.4.Final]
	at org.hibernate.internal.SessionImpl.access$2100(SessionImpl.java:203) [hibernate-core-5.4.4.Final.jar:5.4.4.Final]
	at org.hibernate.internal.SessionImpl$IdentifierLoadAccessImpl.doLoad(SessionImpl.java:2945) [hibernate-core-5.4.4.Final.jar:5.4.4.Final]
	at org.hibernate.internal.SessionImpl$IdentifierLoadAccessImpl.lambda$load$1(SessionImpl.java:2926) [hibernate-core-5.4.4.Final.jar:5.4.4.Final]
	at org.hibernate.internal.SessionImpl$IdentifierLoadAccessImpl.perform(SessionImpl.java:2882) [hibernate-core-5.4.4.Final.jar:5.4.4.Final]
	at org.hibernate.internal.SessionImpl$IdentifierLoadAccessImpl.load(SessionImpl.java:2926) [hibernate-core-5.4.4.Final.jar:5.4.4.Final]
	at org.hibernate.internal.SessionImpl.get(SessionImpl.java:1081) [hibernate-core-5.4.4.Final.jar:5.4.4.Final]
	at com.mattanderson.carbConscious.persistence.GenericDao.getById(GenericDao.java:46) [classes/:?]
	at com.mattanderson.carbConscious.persistence.UserDaoTest.getByIdSuccess(UserDaoTest.java:52) [test-classes/:?]
	at jdk.internal.reflect.NativeMethodAccessorImpl.invoke0(Native Method) ~[?:?]
	at jdk.internal.reflect.NativeMethodAccessorImpl.invoke(NativeMethodAccessorImpl.java:62) ~[?:?]
	at jdk.internal.reflect.DelegatingMethodAccessorImpl.invoke(DelegatingMethodAccessorImpl.java:43) ~[?:?]
	at java.lang.reflect.Method.invoke(Method.java:566) ~[?:?]
	at org.junit.platform.commons.util.ReflectionUtils.invokeMethod(ReflectionUtils.java:389) [junit-platform-commons-1.0.0.jar:1.0.0]
	at org.junit.jupiter.engine.execution.ExecutableInvoker.invoke(ExecutableInvoker.java:115) [junit-jupiter-engine-5.0.0.jar:5.0.0]
	at org.junit.jupiter.engine.descriptor.TestMethodTestDescriptor.lambda$invokeTestMethod$6(TestMethodTestDescriptor.java:167) [junit-jupiter-engine-5.0.0.jar:5.0.0]
	at org.junit.jupiter.engine.execution.ThrowableCollector.execute(ThrowableCollector.java:40) [junit-jupiter-engine-5.0.0.jar:5.0.0]
	at org.junit.jupiter.engine.descriptor.TestMethodTestDescriptor.invokeTestMethod(TestMethodTestDescriptor.java:163) [junit-jupiter-engine-5.0.0.jar:5.0.0]
	at org.junit.jupiter.engine.descriptor.TestMethodTestDescriptor.execute(TestMethodTestDescriptor.java:110) [junit-jupiter-engine-5.0.0.jar:5.0.0]
	at org.junit.jupiter.engine.descriptor.TestMethodTestDescriptor.execute(TestMethodTestDescriptor.java:57) [junit-jupiter-engine-5.0.0.jar:5.0.0]
	at org.junit.platform.engine.support.hierarchical.HierarchicalTestExecutor.lambda$execute$3(HierarchicalTestExecutor.java:83) [junit-platform-engine-1.0.0.jar:1.0.0]
	at org.junit.platform.engine.support.hierarchical.SingleTestExecutor.executeSafely(SingleTestExecutor.java:66) [junit-platform-engine-1.0.0.jar:1.0.0]
	at org.junit.platform.engine.support.hierarchical.HierarchicalTestExecutor.execute(HierarchicalTestExecutor.java:77) [junit-platform-engine-1.0.0.jar:1.0.0]
	at org.junit.platform.engine.support.hierarchical.HierarchicalTestExecutor.lambda$null$2(HierarchicalTestExecutor.java:92) [junit-platform-engine-1.0.0.jar:1.0.0]
	at java.util.stream.ForEachOps$ForEachOp$OfRef.accept(ForEachOps.java:183) [?:?]
	at java.util.stream.ReferencePipeline$2$1.accept(ReferencePipeline.java:177) [?:?]
	at java.util.Iterator.forEachRemaining(Iterator.java:133) [?:?]
	at java.util.Spliterators$IteratorSpliterator.forEachRemaining(Spliterators.java:1801) [?:?]
	at java.util.stream.AbstractPipeline.copyInto(AbstractPipeline.java:484) [?:?]
	at java.util.stream.AbstractPipeline.wrapAndCopyInto(AbstractPipeline.java:474) [?:?]
	at java.util.stream.ForEachOps$ForEachOp.evaluateSequential(ForEachOps.java:150) [?:?]
	at java.util.stream.ForEachOps$ForEachOp$OfRef.evaluateSequential(ForEachOps.java:173) [?:?]
	at java.util.stream.AbstractPipeline.evaluate(AbstractPipeline.java:234) [?:?]
	at java.util.stream.ReferencePipeline.forEach(ReferencePipeline.java:497) [?:?]
	at org.junit.platform.engine.support.hierarchical.HierarchicalTestExecutor.lambda$execute$3(HierarchicalTestExecutor.java:92) [junit-platform-engine-1.0.0.jar:1.0.0]
	at org.junit.platform.engine.support.hierarchical.SingleTestExecutor.executeSafely(SingleTestExecutor.java:66) [junit-platform-engine-1.0.0.jar:1.0.0]
	at org.junit.platform.engine.support.hierarchical.HierarchicalTestExecutor.execute(HierarchicalTestExecutor.java:77) [junit-platform-engine-1.0.0.jar:1.0.0]
	at org.junit.platform.engine.support.hierarchical.HierarchicalTestExecutor.lambda$null$2(HierarchicalTestExecutor.java:92) [junit-platform-engine-1.0.0.jar:1.0.0]
	at java.util.stream.ForEachOps$ForEachOp$OfRef.accept(ForEachOps.java:183) [?:?]
	at java.util.stream.ReferencePipeline$2$1.accept(ReferencePipeline.java:177) [?:?]
	at java.util.Iterator.forEachRemaining(Iterator.java:133) [?:?]
	at java.util.Spliterators$IteratorSpliterator.forEachRemaining(Spliterators.java:1801) [?:?]
	at java.util.stream.AbstractPipeline.copyInto(AbstractPipeline.java:484) [?:?]
	at java.util.stream.AbstractPipeline.wrapAndCopyInto(AbstractPipeline.java:474) [?:?]
	at java.util.stream.ForEachOps$ForEachOp.evaluateSequential(ForEachOps.java:150) [?:?]
	at java.util.stream.ForEachOps$ForEachOp$OfRef.evaluateSequential(ForEachOps.java:173) [?:?]
	at java.util.stream.AbstractPipeline.evaluate(AbstractPipeline.java:234) [?:?]
	at java.util.stream.ReferencePipeline.forEach(ReferencePipeline.java:497) [?:?]
	at org.junit.platform.engine.support.hierarchical.HierarchicalTestExecutor.lambda$execute$3(HierarchicalTestExecutor.java:92) [junit-platform-engine-1.0.0.jar:1.0.0]
	at org.junit.platform.engine.support.hierarchical.SingleTestExecutor.executeSafely(SingleTestExecutor.java:66) [junit-platform-engine-1.0.0.jar:1.0.0]
	at org.junit.platform.engine.support.hierarchical.HierarchicalTestExecutor.execute(HierarchicalTestExecutor.java:77) [junit-platform-engine-1.0.0.jar:1.0.0]
	at org.junit.platform.engine.support.hierarchical.HierarchicalTestExecutor.execute(HierarchicalTestExecutor.java:51) [junit-platform-engine-1.0.0.jar:1.0.0]
	at org.junit.platform.engine.support.hierarchical.HierarchicalTestEngine.execute(HierarchicalTestEngine.java:43) [junit-platform-engine-1.0.0.jar:1.0.0]
	at org.junit.platform.launcher.core.DefaultLauncher.execute(DefaultLauncher.java:170) [junit-platform-launcher-1.0.0.jar:1.0.0]
	at org.junit.platform.launcher.core.DefaultLauncher.execute(DefaultLauncher.java:154) [junit-platform-launcher-1.0.0.jar:1.0.0]
	at org.junit.platform.launcher.core.DefaultLauncher.execute(DefaultLauncher.java:90) [junit-platform-launcher-1.0.0.jar:1.0.0]
	at com.intellij.junit5.JUnit5IdeaTestRunner.startRunnerWithArgs(JUnit5IdeaTestRunner.java:69) [junit5-rt.jar:?]
	at com.intellij.rt.junit.IdeaTestRunner$Repeater.startRunnerWithArgs(IdeaTestRunner.java:33) [junit-rt.jar:?]
	at com.intellij.rt.junit.JUnitStarter.prepareStreamsAndStart(JUnitStarter.java:230) [junit-rt.jar:?]
	at com.intellij.rt.junit.JUnitStarter.main(JUnitStarter.java:58) [junit-rt.jar:?]
[WARN ] 2020-02-22 13:10:10.374 [main] SqlExceptionHelper - SQL Error: 1054, SQLState: 42S22
[ERROR] 2020-02-22 13:10:10.374 [main] SqlExceptionHelper - Unknown column 'user0_.userName' in 'field list'
[INFO ] 2020-02-22 13:10:10.377 [main] DefaultLoadEventListener - HHH000327: Error performing load command : org.hibernate.exception.SQLGrammarException: could not extract ResultSet
[DEBUG] 2020-02-22 13:10:10.377 [main] LogicalConnectionManagedImpl - Initiating JDBC connection release from afterTransaction
