[DEBUG] 2020-02-23 11:44:37.195 [main] IntegratorServiceImpl - Adding Integrator [org.hibernate.cfg.beanvalidation.BeanValidationIntegrator].
[DEBUG] 2020-02-23 11:44:37.202 [main] IntegratorServiceImpl - Adding Integrator [org.hibernate.secure.spi.JaccIntegrator].
[DEBUG] 2020-02-23 11:44:37.216 [main] IntegratorServiceImpl - Adding Integrator [org.hibernate.cache.internal.CollectionCacheInvalidator].
[INFO ] 2020-02-23 11:44:37.525 [main] Version - HHH000412: Hibernate Core {5.4.4.Final}
[DEBUG] 2020-02-23 11:44:37.532 [main] Environment - HHH000206: hibernate.properties not found
[DEBUG] 2020-02-23 11:44:38.488 [main] LocalXmlResourceResolver - Interpreting public/system identifier : [-//Hibernate/Hibernate Configuration DTD//EN] - [http://www.hibernate.org/dtd/hibernate-configuration-3.0.dtd]
[DEBUG] 2020-02-23 11:44:38.508 [main] LocalXmlResourceResolver - Recognized hibernate-configuration identifier; attempting to resolve on classpath under org/hibernate/
[DEBUG] 2020-02-23 11:44:38.518 [main] JaxbCfgProcessor - cfg.xml document did not define namespaces; wrapping in custom event reader to introduce namespace information
[DEBUG] 2020-02-23 11:44:38.949 [main] ServiceBinding - Overriding existing service binding [org.hibernate.secure.spi.JaccService]
[DEBUG] 2020-02-23 11:44:38.982 [main] RegionFactoryInitiator - Cannot default RegionFactory based on registered strategies as `[]` RegionFactory strategies were registered
[DEBUG] 2020-02-23 11:44:38.983 [main] RegionFactoryInitiator - Cache region factory : org.hibernate.cache.internal.NoCachingRegionFactory
[INFO ] 2020-02-23 11:44:39.008 [main] Version - HCANN000001: Hibernate Commons Annotations {5.1.0.Final}
[DEBUG] 2020-02-23 11:44:39.072 [main] BasicTypeRegistry - Adding type registration boolean -> org.hibernate.type.BooleanType@5a5c128
[DEBUG] 2020-02-23 11:44:39.073 [main] BasicTypeRegistry - Adding type registration boolean -> org.hibernate.type.BooleanType@5a5c128
[DEBUG] 2020-02-23 11:44:39.073 [main] BasicTypeRegistry - Adding type registration java.lang.Boolean -> org.hibernate.type.BooleanType@5a5c128
[DEBUG] 2020-02-23 11:44:39.075 [main] BasicTypeRegistry - Adding type registration numeric_boolean -> org.hibernate.type.NumericBooleanType@757194dc
[DEBUG] 2020-02-23 11:44:39.076 [main] BasicTypeRegistry - Adding type registration true_false -> org.hibernate.type.TrueFalseType@6dc1484
[DEBUG] 2020-02-23 11:44:39.078 [main] BasicTypeRegistry - Adding type registration yes_no -> org.hibernate.type.YesNoType@2375b321
[DEBUG] 2020-02-23 11:44:39.080 [main] BasicTypeRegistry - Adding type registration byte -> org.hibernate.type.ByteType@72ab05ed
[DEBUG] 2020-02-23 11:44:39.081 [main] BasicTypeRegistry - Adding type registration byte -> org.hibernate.type.ByteType@72ab05ed
[DEBUG] 2020-02-23 11:44:39.082 [main] BasicTypeRegistry - Adding type registration java.lang.Byte -> org.hibernate.type.ByteType@72ab05ed
[DEBUG] 2020-02-23 11:44:39.085 [main] BasicTypeRegistry - Adding type registration character -> org.hibernate.type.CharacterType@6b7d1df8
[DEBUG] 2020-02-23 11:44:39.086 [main] BasicTypeRegistry - Adding type registration char -> org.hibernate.type.CharacterType@6b7d1df8
[DEBUG] 2020-02-23 11:44:39.086 [main] BasicTypeRegistry - Adding type registration java.lang.Character -> org.hibernate.type.CharacterType@6b7d1df8
[DEBUG] 2020-02-23 11:44:39.089 [main] BasicTypeRegistry - Adding type registration short -> org.hibernate.type.ShortType@23eee4b8
[DEBUG] 2020-02-23 11:44:39.089 [main] BasicTypeRegistry - Adding type registration short -> org.hibernate.type.ShortType@23eee4b8
[DEBUG] 2020-02-23 11:44:39.089 [main] BasicTypeRegistry - Adding type registration java.lang.Short -> org.hibernate.type.ShortType@23eee4b8
[DEBUG] 2020-02-23 11:44:39.100 [main] BasicTypeRegistry - Adding type registration integer -> org.hibernate.type.IntegerType@23cd4ff2
[DEBUG] 2020-02-23 11:44:39.101 [main] BasicTypeRegistry - Adding type registration int -> org.hibernate.type.IntegerType@23cd4ff2
[DEBUG] 2020-02-23 11:44:39.101 [main] BasicTypeRegistry - Adding type registration java.lang.Integer -> org.hibernate.type.IntegerType@23cd4ff2
[DEBUG] 2020-02-23 11:44:39.103 [main] BasicTypeRegistry - Adding type registration long -> org.hibernate.type.LongType@12477988
[DEBUG] 2020-02-23 11:44:39.104 [main] BasicTypeRegistry - Adding type registration long -> org.hibernate.type.LongType@12477988
[DEBUG] 2020-02-23 11:44:39.104 [main] BasicTypeRegistry - Adding type registration java.lang.Long -> org.hibernate.type.LongType@12477988
[DEBUG] 2020-02-23 11:44:39.106 [main] BasicTypeRegistry - Adding type registration float -> org.hibernate.type.FloatType@22101c80
[DEBUG] 2020-02-23 11:44:39.106 [main] BasicTypeRegistry - Adding type registration float -> org.hibernate.type.FloatType@22101c80
[DEBUG] 2020-02-23 11:44:39.106 [main] BasicTypeRegistry - Adding type registration java.lang.Float -> org.hibernate.type.FloatType@22101c80
[DEBUG] 2020-02-23 11:44:39.116 [main] BasicTypeRegistry - Adding type registration double -> org.hibernate.type.DoubleType@267bbe1a
[DEBUG] 2020-02-23 11:44:39.122 [main] BasicTypeRegistry - Adding type registration double -> org.hibernate.type.DoubleType@267bbe1a
[DEBUG] 2020-02-23 11:44:39.123 [main] BasicTypeRegistry - Adding type registration java.lang.Double -> org.hibernate.type.DoubleType@267bbe1a
[DEBUG] 2020-02-23 11:44:39.125 [main] BasicTypeRegistry - Adding type registration big_decimal -> org.hibernate.type.BigDecimalType@60f2e0bd
[DEBUG] 2020-02-23 11:44:39.125 [main] BasicTypeRegistry - Adding type registration java.math.BigDecimal -> org.hibernate.type.BigDecimalType@60f2e0bd
[DEBUG] 2020-02-23 11:44:39.127 [main] BasicTypeRegistry - Adding type registration big_integer -> org.hibernate.type.BigIntegerType@53667cbe
[DEBUG] 2020-02-23 11:44:39.128 [main] BasicTypeRegistry - Adding type registration java.math.BigInteger -> org.hibernate.type.BigIntegerType@53667cbe
[DEBUG] 2020-02-23 11:44:39.130 [main] BasicTypeRegistry - Adding type registration string -> org.hibernate.type.StringType@577f9109
[DEBUG] 2020-02-23 11:44:39.131 [main] BasicTypeRegistry - Adding type registration java.lang.String -> org.hibernate.type.StringType@577f9109
[DEBUG] 2020-02-23 11:44:39.131 [main] BasicTypeRegistry - Adding type registration nstring -> org.hibernate.type.StringNVarcharType@5c41d037
[DEBUG] 2020-02-23 11:44:39.133 [main] BasicTypeRegistry - Adding type registration ncharacter -> org.hibernate.type.CharacterNCharType@1450078a
[DEBUG] 2020-02-23 11:44:39.135 [main] BasicTypeRegistry - Adding type registration url -> org.hibernate.type.UrlType@796d3c9f
[DEBUG] 2020-02-23 11:44:39.135 [main] BasicTypeRegistry - Adding type registration java.net.URL -> org.hibernate.type.UrlType@796d3c9f
[DEBUG] 2020-02-23 11:44:39.137 [main] BasicTypeRegistry - Adding type registration Duration -> org.hibernate.type.DurationType@64e1dd11
[DEBUG] 2020-02-23 11:44:39.137 [main] BasicTypeRegistry - Adding type registration java.time.Duration -> org.hibernate.type.DurationType@64e1dd11
[DEBUG] 2020-02-23 11:44:39.150 [main] BasicTypeRegistry - Adding type registration Instant -> org.hibernate.type.InstantType@4b6ac111
[DEBUG] 2020-02-23 11:44:39.151 [main] BasicTypeRegistry - Adding type registration java.time.Instant -> org.hibernate.type.InstantType@4b6ac111
[DEBUG] 2020-02-23 11:44:39.157 [main] BasicTypeRegistry - Adding type registration LocalDateTime -> org.hibernate.type.LocalDateTimeType@5491f68b
[DEBUG] 2020-02-23 11:44:39.158 [main] BasicTypeRegistry - Adding type registration java.time.LocalDateTime -> org.hibernate.type.LocalDateTimeType@5491f68b
[DEBUG] 2020-02-23 11:44:39.161 [main] BasicTypeRegistry - Adding type registration LocalDate -> org.hibernate.type.LocalDateType@54dcbb9f
[DEBUG] 2020-02-23 11:44:39.162 [main] BasicTypeRegistry - Adding type registration java.time.LocalDate -> org.hibernate.type.LocalDateType@54dcbb9f
[DEBUG] 2020-02-23 11:44:39.164 [main] BasicTypeRegistry - Adding type registration LocalTime -> org.hibernate.type.LocalTimeType@5f78de22
[DEBUG] 2020-02-23 11:44:39.164 [main] BasicTypeRegistry - Adding type registration java.time.LocalTime -> org.hibernate.type.LocalTimeType@5f78de22
[DEBUG] 2020-02-23 11:44:39.167 [main] BasicTypeRegistry - Adding type registration OffsetDateTime -> org.hibernate.type.OffsetDateTimeType@bcb09a6
[DEBUG] 2020-02-23 11:44:39.167 [main] BasicTypeRegistry - Adding type registration java.time.OffsetDateTime -> org.hibernate.type.OffsetDateTimeType@bcb09a6
[DEBUG] 2020-02-23 11:44:39.170 [main] BasicTypeRegistry - Adding type registration OffsetTime -> org.hibernate.type.OffsetTimeType@3b152928
[DEBUG] 2020-02-23 11:44:39.170 [main] BasicTypeRegistry - Adding type registration java.time.OffsetTime -> org.hibernate.type.OffsetTimeType@3b152928
[DEBUG] 2020-02-23 11:44:39.177 [main] BasicTypeRegistry - Adding type registration ZonedDateTime -> org.hibernate.type.ZonedDateTimeType@6331250e
[DEBUG] 2020-02-23 11:44:39.178 [main] BasicTypeRegistry - Adding type registration java.time.ZonedDateTime -> org.hibernate.type.ZonedDateTimeType@6331250e
[DEBUG] 2020-02-23 11:44:39.183 [main] BasicTypeRegistry - Adding type registration date -> org.hibernate.type.DateType@585c13de
[DEBUG] 2020-02-23 11:44:39.184 [main] BasicTypeRegistry - Adding type registration java.sql.Date -> org.hibernate.type.DateType@585c13de
[DEBUG] 2020-02-23 11:44:39.189 [main] BasicTypeRegistry - Adding type registration time -> org.hibernate.type.TimeType@77128dab
[DEBUG] 2020-02-23 11:44:39.190 [main] BasicTypeRegistry - Adding type registration java.sql.Time -> org.hibernate.type.TimeType@77128dab
[DEBUG] 2020-02-23 11:44:39.205 [main] BasicTypeRegistry - Adding type registration timestamp -> org.hibernate.type.TimestampType@61533ae
[DEBUG] 2020-02-23 11:44:39.206 [main] BasicTypeRegistry - Adding type registration java.sql.Timestamp -> org.hibernate.type.TimestampType@61533ae
[DEBUG] 2020-02-23 11:44:39.207 [main] BasicTypeRegistry - Adding type registration java.util.Date -> org.hibernate.type.TimestampType@61533ae
[DEBUG] 2020-02-23 11:44:39.210 [main] BasicTypeRegistry - Adding type registration dbtimestamp -> org.hibernate.type.DbTimestampType@6ad5923a
[DEBUG] 2020-02-23 11:44:39.212 [main] BasicTypeRegistry - Adding type registration calendar -> org.hibernate.type.CalendarType@4565a70a
[DEBUG] 2020-02-23 11:44:39.212 [main] BasicTypeRegistry - Adding type registration java.util.Calendar -> org.hibernate.type.CalendarType@4565a70a
[DEBUG] 2020-02-23 11:44:39.213 [main] BasicTypeRegistry - Adding type registration java.util.GregorianCalendar -> org.hibernate.type.CalendarType@4565a70a
[DEBUG] 2020-02-23 11:44:39.214 [main] BasicTypeRegistry - Adding type registration calendar_date -> org.hibernate.type.CalendarDateType@7b60c3e
[DEBUG] 2020-02-23 11:44:39.215 [main] BasicTypeRegistry - Adding type registration locale -> org.hibernate.type.LocaleType@2adddc06
[DEBUG] 2020-02-23 11:44:39.216 [main] BasicTypeRegistry - Adding type registration java.util.Locale -> org.hibernate.type.LocaleType@2adddc06
[DEBUG] 2020-02-23 11:44:39.221 [main] BasicTypeRegistry - Adding type registration currency -> org.hibernate.type.CurrencyType@6a714237
[DEBUG] 2020-02-23 11:44:39.221 [main] BasicTypeRegistry - Adding type registration java.util.Currency -> org.hibernate.type.CurrencyType@6a714237
[DEBUG] 2020-02-23 11:44:39.223 [main] BasicTypeRegistry - Adding type registration timezone -> org.hibernate.type.TimeZoneType@35c09b94
[DEBUG] 2020-02-23 11:44:39.224 [main] BasicTypeRegistry - Adding type registration java.util.TimeZone -> org.hibernate.type.TimeZoneType@35c09b94
[DEBUG] 2020-02-23 11:44:39.229 [main] BasicTypeRegistry - Adding type registration class -> org.hibernate.type.ClassType@17ae7628
[DEBUG] 2020-02-23 11:44:39.230 [main] BasicTypeRegistry - Adding type registration java.lang.Class -> org.hibernate.type.ClassType@17ae7628
[DEBUG] 2020-02-23 11:44:39.233 [main] BasicTypeRegistry - Adding type registration uuid-binary -> org.hibernate.type.UUIDBinaryType@286b39c2
[DEBUG] 2020-02-23 11:44:39.234 [main] BasicTypeRegistry - Adding type registration java.util.UUID -> org.hibernate.type.UUIDBinaryType@286b39c2
[DEBUG] 2020-02-23 11:44:39.235 [main] BasicTypeRegistry - Adding type registration uuid-char -> org.hibernate.type.UUIDCharType@6d467c87
[DEBUG] 2020-02-23 11:44:39.241 [main] BasicTypeRegistry - Adding type registration binary -> org.hibernate.type.BinaryType@682c1e93
[DEBUG] 2020-02-23 11:44:39.242 [main] BasicTypeRegistry - Adding type registration byte[] -> org.hibernate.type.BinaryType@682c1e93
[DEBUG] 2020-02-23 11:44:39.243 [main] BasicTypeRegistry - Adding type registration [B -> org.hibernate.type.BinaryType@682c1e93
[DEBUG] 2020-02-23 11:44:39.244 [main] BasicTypeRegistry - Adding type registration wrapper-binary -> org.hibernate.type.WrapperBinaryType@715fb77
[DEBUG] 2020-02-23 11:44:39.245 [main] BasicTypeRegistry - Adding type registration Byte[] -> org.hibernate.type.WrapperBinaryType@715fb77
[DEBUG] 2020-02-23 11:44:39.245 [main] BasicTypeRegistry - Adding type registration [Ljava.lang.Byte; -> org.hibernate.type.WrapperBinaryType@715fb77
[DEBUG] 2020-02-23 11:44:39.246 [main] BasicTypeRegistry - Adding type registration row_version -> org.hibernate.type.RowVersionType@1eea9d2d
[DEBUG] 2020-02-23 11:44:39.247 [main] BasicTypeRegistry - Adding type registration image -> org.hibernate.type.ImageType@7808fb9
[DEBUG] 2020-02-23 11:44:39.249 [main] BasicTypeRegistry - Adding type registration characters -> org.hibernate.type.CharArrayType@a567e72
[DEBUG] 2020-02-23 11:44:39.249 [main] BasicTypeRegistry - Adding type registration char[] -> org.hibernate.type.CharArrayType@a567e72
[DEBUG] 2020-02-23 11:44:39.250 [main] BasicTypeRegistry - Adding type registration [C -> org.hibernate.type.CharArrayType@a567e72
[DEBUG] 2020-02-23 11:44:39.254 [main] BasicTypeRegistry - Adding type registration wrapper-characters -> org.hibernate.type.CharacterArrayType@cda0432
[DEBUG] 2020-02-23 11:44:39.255 [main] BasicTypeRegistry - Adding type registration [Ljava.lang.Character; -> org.hibernate.type.CharacterArrayType@cda0432
[DEBUG] 2020-02-23 11:44:39.255 [main] BasicTypeRegistry - Adding type registration Character[] -> org.hibernate.type.CharacterArrayType@cda0432
[DEBUG] 2020-02-23 11:44:39.255 [main] BasicTypeRegistry - Adding type registration text -> org.hibernate.type.TextType@71a3a190
[DEBUG] 2020-02-23 11:44:39.256 [main] BasicTypeRegistry - Adding type registration ntext -> org.hibernate.type.NTextType@67ec8477
[DEBUG] 2020-02-23 11:44:39.258 [main] BasicTypeRegistry - Adding type registration blob -> org.hibernate.type.BlobType@3f36b447
[DEBUG] 2020-02-23 11:44:39.259 [main] BasicTypeRegistry - Adding type registration java.sql.Blob -> org.hibernate.type.BlobType@3f36b447
[DEBUG] 2020-02-23 11:44:39.259 [main] BasicTypeRegistry - Adding type registration materialized_blob -> org.hibernate.type.MaterializedBlobType@4a1c0752
[DEBUG] 2020-02-23 11:44:39.261 [main] BasicTypeRegistry - Adding type registration clob -> org.hibernate.type.ClobType@5d39f2d8
[DEBUG] 2020-02-23 11:44:39.261 [main] BasicTypeRegistry - Adding type registration java.sql.Clob -> org.hibernate.type.ClobType@5d39f2d8
[DEBUG] 2020-02-23 11:44:39.262 [main] BasicTypeRegistry - Adding type registration nclob -> org.hibernate.type.NClobType@1dab9dd6
[DEBUG] 2020-02-23 11:44:39.263 [main] BasicTypeRegistry - Adding type registration java.sql.NClob -> org.hibernate.type.NClobType@1dab9dd6
[DEBUG] 2020-02-23 11:44:39.263 [main] BasicTypeRegistry - Adding type registration materialized_clob -> org.hibernate.type.MaterializedClobType@4bff2185
[DEBUG] 2020-02-23 11:44:39.264 [main] BasicTypeRegistry - Adding type registration materialized_nclob -> org.hibernate.type.MaterializedNClobType@1d4664d7
[DEBUG] 2020-02-23 11:44:39.267 [main] BasicTypeRegistry - Adding type registration serializable -> org.hibernate.type.SerializableType@47b2e9e1
[DEBUG] 2020-02-23 11:44:39.271 [main] BasicTypeRegistry - Adding type registration object -> org.hibernate.type.ObjectType@1d782abe
[DEBUG] 2020-02-23 11:44:39.272 [main] BasicTypeRegistry - Adding type registration java.lang.Object -> org.hibernate.type.ObjectType@1d782abe
[DEBUG] 2020-02-23 11:44:39.273 [main] BasicTypeRegistry - Adding type registration imm_date -> org.hibernate.type.AdaptedImmutableType@7e8a46b7
[DEBUG] 2020-02-23 11:44:39.274 [main] BasicTypeRegistry - Adding type registration imm_time -> org.hibernate.type.AdaptedImmutableType@2fe88a09
[DEBUG] 2020-02-23 11:44:39.274 [main] BasicTypeRegistry - Adding type registration imm_timestamp -> org.hibernate.type.AdaptedImmutableType@1917d90f
[DEBUG] 2020-02-23 11:44:39.274 [main] BasicTypeRegistry - Adding type registration imm_dbtimestamp -> org.hibernate.type.AdaptedImmutableType@66bfd864
[DEBUG] 2020-02-23 11:44:39.274 [main] BasicTypeRegistry - Adding type registration imm_calendar -> org.hibernate.type.AdaptedImmutableType@4aac85fa
[DEBUG] 2020-02-23 11:44:39.275 [main] BasicTypeRegistry - Adding type registration imm_calendar_date -> org.hibernate.type.AdaptedImmutableType@21fff664
[DEBUG] 2020-02-23 11:44:39.275 [main] BasicTypeRegistry - Adding type registration imm_binary -> org.hibernate.type.AdaptedImmutableType@6079cf5
[DEBUG] 2020-02-23 11:44:39.275 [main] BasicTypeRegistry - Adding type registration imm_serializable -> org.hibernate.type.AdaptedImmutableType@1e6308a9
[DEBUG] 2020-02-23 11:44:39.374 [main] DefaultIdentifierGeneratorFactory - Registering IdentifierGenerator strategy [uuid2] -> [org.hibernate.id.UUIDGenerator]
[DEBUG] 2020-02-23 11:44:39.381 [main] DefaultIdentifierGeneratorFactory - Registering IdentifierGenerator strategy [guid] -> [org.hibernate.id.GUIDGenerator]
[DEBUG] 2020-02-23 11:44:39.403 [main] DefaultIdentifierGeneratorFactory - Registering IdentifierGenerator strategy [uuid] -> [org.hibernate.id.UUIDHexGenerator]
[DEBUG] 2020-02-23 11:44:39.404 [main] DefaultIdentifierGeneratorFactory - Registering IdentifierGenerator strategy [uuid.hex] -> [org.hibernate.id.UUIDHexGenerator]
[DEBUG] 2020-02-23 11:44:39.409 [main] DefaultIdentifierGeneratorFactory - Registering IdentifierGenerator strategy [assigned] -> [org.hibernate.id.Assigned]
[DEBUG] 2020-02-23 11:44:39.410 [main] DefaultIdentifierGeneratorFactory - Registering IdentifierGenerator strategy [identity] -> [org.hibernate.id.IdentityGenerator]
[DEBUG] 2020-02-23 11:44:39.411 [main] DefaultIdentifierGeneratorFactory - Registering IdentifierGenerator strategy [select] -> [org.hibernate.id.SelectGenerator]
[DEBUG] 2020-02-23 11:44:39.413 [main] DefaultIdentifierGeneratorFactory - Registering IdentifierGenerator strategy [sequence] -> [org.hibernate.id.enhanced.SequenceStyleGenerator]
[DEBUG] 2020-02-23 11:44:39.414 [main] DefaultIdentifierGeneratorFactory - Registering IdentifierGenerator strategy [seqhilo] -> [org.hibernate.id.SequenceHiLoGenerator]
[DEBUG] 2020-02-23 11:44:39.415 [main] DefaultIdentifierGeneratorFactory - Registering IdentifierGenerator strategy [increment] -> [org.hibernate.id.IncrementGenerator]
[DEBUG] 2020-02-23 11:44:39.426 [main] DefaultIdentifierGeneratorFactory - Registering IdentifierGenerator strategy [foreign] -> [org.hibernate.id.ForeignGenerator]
[DEBUG] 2020-02-23 11:44:39.428 [main] DefaultIdentifierGeneratorFactory - Registering IdentifierGenerator strategy [sequence-identity] -> [org.hibernate.id.SequenceIdentityGenerator]
[DEBUG] 2020-02-23 11:44:39.432 [main] DefaultIdentifierGeneratorFactory - Registering IdentifierGenerator strategy [enhanced-sequence] -> [org.hibernate.id.enhanced.SequenceStyleGenerator]
[DEBUG] 2020-02-23 11:44:39.435 [main] DefaultIdentifierGeneratorFactory - Registering IdentifierGenerator strategy [enhanced-table] -> [org.hibernate.id.enhanced.TableGenerator]
[INFO ] 2020-02-23 11:44:39.522 [main] C3P0ConnectionProvider - HHH010002: C3P0 using driver: com.mysql.cj.jdbc.Driver at URL: jdbc:mysql://localhost:3306/test_carb_conscious
[INFO ] 2020-02-23 11:44:39.522 [main] C3P0ConnectionProvider - HHH10001001: Connection properties: {password=****, user=root}
[INFO ] 2020-02-23 11:44:39.523 [main] C3P0ConnectionProvider - HHH10001003: Autocommit mode: false
[INFO ] 2020-02-23 11:44:40.174 [main] C3P0ConnectionProvider - HHH10001007: JDBC isolation level: <unknown>
[DEBUG] 2020-02-23 11:44:41.488 [main] JdbcEnvironmentInitiator - Database ->
       name : MySQL
    version : 8.0.16
      major : 8
      minor : 0
[DEBUG] 2020-02-23 11:44:41.494 [main] JdbcEnvironmentInitiator - Driver ->
       name : MySQL Connector/J
    version : mysql-connector-java-8.0.16 (Revision: 34cbc6bc61f72836e26327537a432d6db7c77de6)
      major : 8
      minor : 0
[DEBUG] 2020-02-23 11:44:41.494 [main] JdbcEnvironmentInitiator - JDBC version : 4.2
[INFO ] 2020-02-23 11:44:41.518 [main] Dialect - HHH000400: Using dialect: org.hibernate.dialect.MySQL8Dialect
[DEBUG] 2020-02-23 11:44:41.547 [main] IdentifierHelperBuilder - JDBC driver metadata reported database stores quoted identifiers in more than one case
[DEBUG] 2020-02-23 11:44:41.582 [main] IdentifierHelperBuilder - IdentifierCaseStrategy for both quoted and unquoted identifiers was set to the same strategy [MIXED]; that will likely lead to problems in schema update and validation if using quoted identifiers
[DEBUG] 2020-02-23 11:44:41.631 [main] Namespace - Created database namespace [logicalName=Name{catalog=null, schema=null}, physicalName=Name{catalog=null, schema=null}]
[DEBUG] 2020-02-23 11:44:41.635 [main] TypeConfiguration$Scope - Scoping TypeConfiguration [org.hibernate.type.spi.TypeConfiguration@2009f9b0] to MetadataBuildingContext [org.hibernate.boot.internal.MetadataBuildingContextRootImpl@50d951e7]
[DEBUG] 2020-02-23 11:44:41.749 [main] AnnotationBinder - Binding entity from annotated class: com.mattanderson.carbConscious.entity.User
[DEBUG] 2020-02-23 11:44:41.817 [main] Ejb3Column - Binding column: Ejb3DiscriminatorColumn{logicalColumnName'DTYPE', discriminatorTypeName='string'}
[DEBUG] 2020-02-23 11:44:41.844 [main] EntityBinder - Import with entity name User
[DEBUG] 2020-02-23 11:44:41.849 [main] EntityBinder - Bind entity com.mattanderson.carbConscious.entity.User on table USERS
[DEBUG] 2020-02-23 11:44:41.931 [main] Ejb3Column - Binding column: Ejb3Column{table=org.hibernate.mapping.Table(USERS), mappingColumn=id, insertable=true, updatable=true, unique=false}
[DEBUG] 2020-02-23 11:44:41.937 [main] PropertyBinder - MetadataSourceProcessor property id with lazy=false
[DEBUG] 2020-02-23 11:44:41.940 [main] AbstractPropertyHolder - Attempting to locate auto-apply AttributeConverter for property [com.mattanderson.carbConscious.entity.User:id]
[DEBUG] 2020-02-23 11:44:41.950 [main] SimpleValueBinder - building SimpleValue for id
[DEBUG] 2020-02-23 11:44:41.953 [main] PropertyBinder - Building property id
[DEBUG] 2020-02-23 11:44:41.957 [main] BinderHelper - #makeIdGenerator(org.hibernate.mapping.SimpleValue([org.hibernate.mapping.Column(id)]), id, org.hibernate.id.enhanced.SequenceStyleGenerator, native, ...)
[DEBUG] 2020-02-23 11:44:41.959 [main] Ejb3Column - Binding column: Ejb3Column{table=org.hibernate.mapping.Table(USERS), mappingColumn=creation_datetime, insertable=true, updatable=true, unique=false}
[DEBUG] 2020-02-23 11:44:41.960 [main] PropertyBinder - MetadataSourceProcessor property creationDateTime with lazy=false
[DEBUG] 2020-02-23 11:44:41.960 [main] AbstractPropertyHolder - Attempting to locate auto-apply AttributeConverter for property [com.mattanderson.carbConscious.entity.User:creationDateTime]
[DEBUG] 2020-02-23 11:44:41.960 [main] SimpleValueBinder - building SimpleValue for creationDateTime
[DEBUG] 2020-02-23 11:44:41.960 [main] PropertyBinder - Building property creationDateTime
[DEBUG] 2020-02-23 11:44:41.961 [main] Ejb3Column - Binding column: Ejb3Column{table=org.hibernate.mapping.Table(USERS), mappingColumn=email, insertable=true, updatable=true, unique=false}
[DEBUG] 2020-02-23 11:44:41.963 [main] PropertyBinder - MetadataSourceProcessor property email with lazy=false
[DEBUG] 2020-02-23 11:44:41.964 [main] AbstractPropertyHolder - Attempting to locate auto-apply AttributeConverter for property [com.mattanderson.carbConscious.entity.User:email]
[DEBUG] 2020-02-23 11:44:41.965 [main] SimpleValueBinder - building SimpleValue for email
[DEBUG] 2020-02-23 11:44:41.966 [main] PropertyBinder - Building property email
[DEBUG] 2020-02-23 11:44:41.967 [main] Ejb3Column - Binding column: Ejb3Column{table=org.hibernate.mapping.Table(USERS), mappingColumn=first_name, insertable=true, updatable=true, unique=false}
[DEBUG] 2020-02-23 11:44:41.967 [main] PropertyBinder - MetadataSourceProcessor property firstName with lazy=false
[DEBUG] 2020-02-23 11:44:41.967 [main] AbstractPropertyHolder - Attempting to locate auto-apply AttributeConverter for property [com.mattanderson.carbConscious.entity.User:firstName]
[DEBUG] 2020-02-23 11:44:41.968 [main] SimpleValueBinder - building SimpleValue for firstName
[DEBUG] 2020-02-23 11:44:41.968 [main] PropertyBinder - Building property firstName
[DEBUG] 2020-02-23 11:44:41.968 [main] Ejb3Column - Binding column: Ejb3Column{table=org.hibernate.mapping.Table(USERS), mappingColumn=last_name, insertable=true, updatable=true, unique=false}
[DEBUG] 2020-02-23 11:44:41.968 [main] PropertyBinder - MetadataSourceProcessor property lastName with lazy=false
[DEBUG] 2020-02-23 11:44:41.968 [main] AbstractPropertyHolder - Attempting to locate auto-apply AttributeConverter for property [com.mattanderson.carbConscious.entity.User:lastName]
[DEBUG] 2020-02-23 11:44:41.968 [main] SimpleValueBinder - building SimpleValue for lastName
[DEBUG] 2020-02-23 11:44:41.968 [main] PropertyBinder - Building property lastName
[DEBUG] 2020-02-23 11:44:41.969 [main] Ejb3Column - Binding column: Ejb3Column{table=org.hibernate.mapping.Table(USERS), mappingColumn=password, insertable=true, updatable=true, unique=false}
[DEBUG] 2020-02-23 11:44:41.969 [main] PropertyBinder - MetadataSourceProcessor property password with lazy=false
[DEBUG] 2020-02-23 11:44:41.969 [main] AbstractPropertyHolder - Attempting to locate auto-apply AttributeConverter for property [com.mattanderson.carbConscious.entity.User:password]
[DEBUG] 2020-02-23 11:44:41.969 [main] SimpleValueBinder - building SimpleValue for password
[DEBUG] 2020-02-23 11:44:41.969 [main] PropertyBinder - Building property password
[DEBUG] 2020-02-23 11:44:41.972 [main] Ejb3Column - Binding column: Ejb3JoinColumn{logicalColumnName='null', referencedColumn='null', mappedBy='user'}
[DEBUG] 2020-02-23 11:44:41.973 [main] Ejb3Column - Binding column: Ejb3Column{table=org.hibernate.mapping.Table(USERS), mappingColumn=roles, insertable=true, updatable=true, unique=false}
[DEBUG] 2020-02-23 11:44:41.975 [main] Ejb3Column - Binding column: Ejb3Column{table=org.hibernate.mapping.Table(USERS), mappingColumn=null, insertable=true, updatable=true, unique=false}
[DEBUG] 2020-02-23 11:44:41.986 [main] Ejb3Column - Binding column: Ejb3Column{table=org.hibernate.mapping.Table(USERS), mappingColumn=element, insertable=true, updatable=true, unique=false}
[DEBUG] 2020-02-23 11:44:41.986 [main] Ejb3Column - Binding column: Ejb3Column{table=org.hibernate.mapping.Table(USERS), mappingColumn=roles_KEY, insertable=true, updatable=true, unique=false}
[DEBUG] 2020-02-23 11:44:41.987 [main] Ejb3Column - Binding column: Ejb3JoinColumn{logicalColumnName='roles_KEY', referencedColumn='null', mappedBy='null'}
[DEBUG] 2020-02-23 11:44:41.989 [main] Ejb3Column - Binding column: Ejb3JoinColumn{logicalColumnName='null', referencedColumn='null', mappedBy='user'}
[DEBUG] 2020-02-23 11:44:41.990 [main] Ejb3Column - Binding column: Ejb3JoinColumn{logicalColumnName='null', referencedColumn='null', mappedBy='user'}
[DEBUG] 2020-02-23 11:44:41.991 [main] CollectionBinder - Collection role: com.mattanderson.carbConscious.entity.User.roles
[DEBUG] 2020-02-23 11:44:41.993 [main] PropertyBinder - Building property roles
[DEBUG] 2020-02-23 11:44:41.994 [main] Ejb3Column - Binding column: Ejb3Column{table=org.hibernate.mapping.Table(USERS), mappingColumn=update_datetime, insertable=true, updatable=true, unique=false}
[DEBUG] 2020-02-23 11:44:41.994 [main] PropertyBinder - MetadataSourceProcessor property updateDateTime with lazy=false
[DEBUG] 2020-02-23 11:44:41.994 [main] AbstractPropertyHolder - Attempting to locate auto-apply AttributeConverter for property [com.mattanderson.carbConscious.entity.User:updateDateTime]
[DEBUG] 2020-02-23 11:44:41.994 [main] SimpleValueBinder - building SimpleValue for updateDateTime
[DEBUG] 2020-02-23 11:44:41.995 [main] PropertyBinder - Building property updateDateTime
[DEBUG] 2020-02-23 11:44:41.995 [main] Ejb3Column - Binding column: Ejb3Column{table=org.hibernate.mapping.Table(USERS), mappingColumn=user_name, insertable=true, updatable=true, unique=false}
[DEBUG] 2020-02-23 11:44:41.995 [main] PropertyBinder - MetadataSourceProcessor property userName with lazy=false
[DEBUG] 2020-02-23 11:44:41.995 [main] AbstractPropertyHolder - Attempting to locate auto-apply AttributeConverter for property [com.mattanderson.carbConscious.entity.User:userName]
[DEBUG] 2020-02-23 11:44:41.995 [main] SimpleValueBinder - building SimpleValue for userName
[DEBUG] 2020-02-23 11:44:41.995 [main] PropertyBinder - Building property userName
[DEBUG] 2020-02-23 11:44:41.997 [main] AnnotationBinder - Binding entity from annotated class: com.mattanderson.carbConscious.entity.UserRole
[DEBUG] 2020-02-23 11:44:41.997 [main] Ejb3Column - Binding column: Ejb3DiscriminatorColumn{logicalColumnName'DTYPE', discriminatorTypeName='string'}
[DEBUG] 2020-02-23 11:44:41.997 [main] EntityBinder - Import with entity name UserRole
[DEBUG] 2020-02-23 11:44:41.998 [main] EntityBinder - Bind entity com.mattanderson.carbConscious.entity.UserRole on table USER_ROLES
[DEBUG] 2020-02-23 11:44:42.004 [main] Ejb3Column - Binding column: Ejb3Column{table=org.hibernate.mapping.Table(USER_ROLES), mappingColumn=id, insertable=true, updatable=true, unique=false}
[DEBUG] 2020-02-23 11:44:42.005 [main] PropertyBinder - MetadataSourceProcessor property id with lazy=false
[DEBUG] 2020-02-23 11:44:42.005 [main] AbstractPropertyHolder - Attempting to locate auto-apply AttributeConverter for property [com.mattanderson.carbConscious.entity.UserRole:id]
[DEBUG] 2020-02-23 11:44:42.005 [main] SimpleValueBinder - building SimpleValue for id
[DEBUG] 2020-02-23 11:44:42.006 [main] PropertyBinder - Building property id
[DEBUG] 2020-02-23 11:44:42.006 [main] BinderHelper - #makeIdGenerator(org.hibernate.mapping.SimpleValue([org.hibernate.mapping.Column(id)]), id, org.hibernate.id.enhanced.SequenceStyleGenerator, native, ...)
[DEBUG] 2020-02-23 11:44:42.006 [main] Ejb3Column - Binding column: Ejb3Column{table=org.hibernate.mapping.Table(USER_ROLES), mappingColumn=creation_datetime, insertable=true, updatable=true, unique=false}
[DEBUG] 2020-02-23 11:44:42.006 [main] PropertyBinder - MetadataSourceProcessor property creationDateTime with lazy=false
[DEBUG] 2020-02-23 11:44:42.007 [main] AbstractPropertyHolder - Attempting to locate auto-apply AttributeConverter for property [com.mattanderson.carbConscious.entity.UserRole:creationDateTime]
[DEBUG] 2020-02-23 11:44:42.007 [main] SimpleValueBinder - building SimpleValue for creationDateTime
[DEBUG] 2020-02-23 11:44:42.007 [main] PropertyBinder - Building property creationDateTime
[DEBUG] 2020-02-23 11:44:42.007 [main] Ejb3Column - Binding column: Ejb3Column{table=org.hibernate.mapping.Table(USER_ROLES), mappingColumn=role_name, insertable=true, updatable=true, unique=false}
[DEBUG] 2020-02-23 11:44:42.007 [main] PropertyBinder - MetadataSourceProcessor property name with lazy=false
[DEBUG] 2020-02-23 11:44:42.007 [main] AbstractPropertyHolder - Attempting to locate auto-apply AttributeConverter for property [com.mattanderson.carbConscious.entity.UserRole:name]
[DEBUG] 2020-02-23 11:44:42.008 [main] SimpleValueBinder - building SimpleValue for name
[DEBUG] 2020-02-23 11:44:42.008 [main] PropertyBinder - Building property name
[DEBUG] 2020-02-23 11:44:42.008 [main] Ejb3Column - Binding column: Ejb3JoinColumn{logicalColumnName='user_name', referencedColumn='user_name', mappedBy=''}
[DEBUG] 2020-02-23 11:44:42.008 [main] Ejb3Column - Binding column: Ejb3Column{table=org.hibernate.mapping.Table(USER_ROLES), mappingColumn=user, insertable=true, updatable=true, unique=false}
[DEBUG] 2020-02-23 11:44:42.010 [main] PropertyBinder - Building property user
[DEBUG] 2020-02-23 11:44:42.013 [main] SimpleValueBinder - Starting fillSimpleValue for id
[DEBUG] 2020-02-23 11:44:42.013 [main] SimpleValueBinder - Starting fillSimpleValue for creationDateTime
[DEBUG] 2020-02-23 11:44:42.013 [main] SimpleValueBinder - Starting fillSimpleValue for email
[DEBUG] 2020-02-23 11:44:42.014 [main] SimpleValueBinder - Starting fillSimpleValue for firstName
[DEBUG] 2020-02-23 11:44:42.014 [main] SimpleValueBinder - Starting fillSimpleValue for lastName
[DEBUG] 2020-02-23 11:44:42.014 [main] SimpleValueBinder - Starting fillSimpleValue for password
[DEBUG] 2020-02-23 11:44:42.014 [main] SimpleValueBinder - Starting fillSimpleValue for updateDateTime
[DEBUG] 2020-02-23 11:44:42.014 [main] SimpleValueBinder - Starting fillSimpleValue for userName
[DEBUG] 2020-02-23 11:44:42.014 [main] SimpleValueBinder - Starting fillSimpleValue for id
[DEBUG] 2020-02-23 11:44:42.014 [main] SimpleValueBinder - Starting fillSimpleValue for creationDateTime
[DEBUG] 2020-02-23 11:44:42.014 [main] SimpleValueBinder - Starting fillSimpleValue for name
[DEBUG] 2020-02-23 11:44:42.024 [main] PrimaryKey - Forcing column [id] to be non-null as it is part of the primary key for table [users]
[DEBUG] 2020-02-23 11:44:42.024 [main] PrimaryKey - Forcing column [id] to be non-null as it is part of the primary key for table [user_roles]
[DEBUG] 2020-02-23 11:44:42.024 [main] CollectionSecondPass - Second pass for collection: com.mattanderson.carbConscious.entity.User.roles
[DEBUG] 2020-02-23 11:44:42.024 [main] CollectionBinder - Binding a OneToMany: com.mattanderson.carbConscious.entity.User.roles through a foreign key
[DEBUG] 2020-02-23 11:44:42.025 [main] CollectionBinder - Mapping collection: com.mattanderson.carbConscious.entity.User.roles -> USER_ROLES
[DEBUG] 2020-02-23 11:44:42.027 [main] TableBinder - Retrieving property com.mattanderson.carbConscious.entity.UserRole.user
[DEBUG] 2020-02-23 11:44:42.027 [main] CollectionSecondPass - Mapped collection key: user_name, one-to-many: com.mattanderson.carbConscious.entity.UserRole
[DEBUG] 2020-02-23 11:44:42.027 [main] InFlightMetadataCollectorImpl - Processing association property references
[DEBUG] 2020-02-23 11:44:42.027 [main] InFlightMetadataCollectorImpl - Resolving reference to class: com.mattanderson.carbConscious.entity.User
[DEBUG] 2020-02-23 11:44:42.030 [main] InFlightMetadataCollectorImpl - Processing association property references
[DEBUG] 2020-02-23 11:44:42.030 [main] InFlightMetadataCollectorImpl - Resolving reference to class: com.mattanderson.carbConscious.entity.User
[DEBUG] 2020-02-23 11:44:42.329 [main] SessionFactoryImpl - Building session factory
[DEBUG] 2020-02-23 11:44:42.345 [main] Settings - SessionFactory name : null
[DEBUG] 2020-02-23 11:44:42.347 [main] Settings - Automatic flush during beforeCompletion(): enabled
[DEBUG] 2020-02-23 11:44:42.347 [main] Settings - Automatic session close at end of transaction: disabled
[DEBUG] 2020-02-23 11:44:42.348 [main] Settings - Statistics: disabled
[DEBUG] 2020-02-23 11:44:42.348 [main] Settings - Deleted entity synthetic identifier rollback: disabled
[DEBUG] 2020-02-23 11:44:42.348 [main] Settings - Default entity-mode: pojo
[DEBUG] 2020-02-23 11:44:42.348 [main] Settings - Check Nullability in Core (should be disabled when Bean Validation is on): enabled
[DEBUG] 2020-02-23 11:44:42.348 [main] Settings - Allow initialization of lazy state outside session : disabled
[DEBUG] 2020-02-23 11:44:42.349 [main] Settings - Using BatchFetchStyle : LEGACY
[DEBUG] 2020-02-23 11:44:42.349 [main] Settings - Default batch fetch size: -1
[DEBUG] 2020-02-23 11:44:42.350 [main] Settings - Maximum outer join fetch depth: 2
[DEBUG] 2020-02-23 11:44:42.350 [main] Settings - Default null ordering: NONE
[DEBUG] 2020-02-23 11:44:42.350 [main] Settings - Order SQL updates by primary key: disabled
[DEBUG] 2020-02-23 11:44:42.350 [main] Settings - Order SQL inserts for batching: disabled
[DEBUG] 2020-02-23 11:44:42.350 [main] Settings - multi-tenancy strategy : NONE
[DEBUG] 2020-02-23 11:44:42.350 [main] Settings - JTA Track by Thread: enabled
[DEBUG] 2020-02-23 11:44:42.350 [main] Settings - Query language substitutions: {}
[DEBUG] 2020-02-23 11:44:42.350 [main] Settings - Named query checking : enabled
[DEBUG] 2020-02-23 11:44:42.350 [main] Settings - Second-level cache: disabled
[DEBUG] 2020-02-23 11:44:42.351 [main] Settings - Second-level query cache: disabled
[DEBUG] 2020-02-23 11:44:42.351 [main] Settings - Second-level query cache factory: null
[DEBUG] 2020-02-23 11:44:42.351 [main] Settings - Second-level cache region prefix: null
[DEBUG] 2020-02-23 11:44:42.351 [main] Settings - Optimize second-level cache for minimal puts: disabled
[DEBUG] 2020-02-23 11:44:42.351 [main] Settings - Structured second-level cache entries: disabled
[DEBUG] 2020-02-23 11:44:42.351 [main] Settings - Second-level cache direct-reference entries: disabled
[DEBUG] 2020-02-23 11:44:42.353 [main] Settings - Automatic eviction of collection cache: disabled
[DEBUG] 2020-02-23 11:44:42.353 [main] Settings - JDBC batch size: 15
[DEBUG] 2020-02-23 11:44:42.353 [main] Settings - JDBC batch updates for versioned data: enabled
[DEBUG] 2020-02-23 11:44:42.353 [main] Settings - Scrollable result sets: enabled
[DEBUG] 2020-02-23 11:44:42.354 [main] Settings - Wrap result sets: disabled
[DEBUG] 2020-02-23 11:44:42.354 [main] Settings - JDBC3 getGeneratedKeys(): enabled
[DEBUG] 2020-02-23 11:44:42.355 [main] Settings - JDBC result set fetch size: null
[DEBUG] 2020-02-23 11:44:42.356 [main] Settings - Connection release mode: AFTER_TRANSACTION
[DEBUG] 2020-02-23 11:44:42.356 [main] Settings - Generate SQL with comments: disabled
[DEBUG] 2020-02-23 11:44:42.356 [main] Settings - JPA compliance - query : 
[DEBUG] 2020-02-23 11:44:42.356 [main] Settings - JPA compliance - closed-handling : 
[DEBUG] 2020-02-23 11:44:42.356 [main] Settings - JPA compliance - lists : 
[DEBUG] 2020-02-23 11:44:42.356 [main] Settings - JPA compliance - transactions : 
[INFO ] 2020-02-23 11:44:42.536 [main] beans - HHH10005002: No explicit CDI BeanManager reference was passed to Hibernate, but CDI is available on the Hibernate ClassLoader.
[DEBUG] 2020-02-23 11:44:42.587 [main] SessionFactoryImpl - Session factory constructed with filter configurations : {}
[DEBUG] 2020-02-23 11:44:42.587 [main] SessionFactoryImpl - Instantiating session factory with properties: {sun.desktop=gnome, awt.toolkit=sun.awt.X11.XToolkit, java.specification.version=11, sun.cpu.isalist=, hibernate.c3p0.idle_test_period=3000, sun.jnu.encoding=UTF-8, hibernate.c3p0.min_size=5, java.class.path=/home/student/intellij/lib/idea_rt.jar:/home/student/intellij/plugins/junit/lib/junit5-rt.jar:/home/student/intellij/plugins/junit/lib/junit-rt.jar:/home/student/IdeaProjects/carbConscious/target/test-classes:/home/student/IdeaProjects/carbConscious/target/classes:/home/student/.m2/repository/org/junit/platform/junit-platform-runner/1.0.0/junit-platform-runner-1.0.0.jar:/home/student/.m2/repository/org/apiguardian/apiguardian-api/1.0.0/apiguardian-api-1.0.0.jar:/home/student/.m2/repository/org/junit/platform/junit-platform-launcher/1.0.0/junit-platform-launcher-1.0.0.jar:/home/student/.m2/repository/org/junit/platform/junit-platform-suite-api/1.0.0/junit-platform-suite-api-1.0.0.jar:/home/student/.m2/repository/org/junit/platform/junit-platform-commons/1.0.0/junit-platform-commons-1.0.0.jar:/home/student/.m2/repository/org/junit/vintage/junit-vintage-engine/4.12.0/junit-vintage-engine-4.12.0.jar:/home/student/.m2/repository/org/junit/platform/junit-platform-engine/1.0.0/junit-platform-engine-1.0.0.jar:/home/student/.m2/repository/org/opentest4j/opentest4j/1.0.0/opentest4j-1.0.0.jar:/home/student/.m2/repository/org/junit/jupiter/junit-jupiter-engine/5.0.0/junit-jupiter-engine-5.0.0.jar:/home/student/.m2/repository/org/junit/jupiter/junit-jupiter-api/5.0.0/junit-jupiter-api-5.0.0.jar:/home/student/.m2/repository/junit/junit/4.12/junit-4.12.jar:/home/student/.m2/repository/org/hamcrest/hamcrest-core/1.3/hamcrest-core-1.3.jar:/home/student/.m2/repository/javax/javaee-web-api/7.0/javaee-web-api-7.0.jar:/home/student/.m2/repository/mysql/mysql-connector-java/8.0.16/mysql-connector-java-8.0.16.jar:/home/student/.m2/repository/com/google/protobuf/protobuf-java/3.6.1/protobuf-java-3.6.1.jar:/home/student/.m2/repository/jstl/jstl/1.2/jstl-1.2.jar:/home/student/.m2/repository/org/apache/logging/log4j/log4j-api/2.10.0/log4j-api-2.10.0.jar:/home/student/.m2/repository/org/apache/logging/log4j/log4j-core/2.10.0/log4j-core-2.10.0.jar:/home/student/.m2/repository/org/hibernate/hibernate-core/5.4.4.Final/hibernate-core-5.4.4.Final.jar:/home/student/.m2/repository/org/jboss/logging/jboss-logging/3.3.2.Final/jboss-logging-3.3.2.Final.jar:/home/student/.m2/repository/javax/persistence/javax.persistence-api/2.2/javax.persistence-api-2.2.jar:/home/student/.m2/repository/org/javassist/javassist/3.24.0-GA/javassist-3.24.0-GA.jar:/home/student/.m2/repository/net/bytebuddy/byte-buddy/1.9.11/byte-buddy-1.9.11.jar:/home/student/.m2/repository/antlr/antlr/2.7.7/antlr-2.7.7.jar:/home/student/.m2/repository/org/jboss/spec/javax/transaction/jboss-transaction-api_1.2_spec/1.1.1.Final/jboss-transaction-api_1.2_spec-1.1.1.Final.jar:/home/student/.m2/repository/org/jboss/jandex/2.0.5.Final/jandex-2.0.5.Final.jar:/home/student/.m2/repository/com/fasterxml/classmate/1.3.4/classmate-1.3.4.jar:/home/student/.m2/repository/javax/activation/javax.activation-api/1.2.0/javax.activation-api-1.2.0.jar:/home/student/.m2/repository/org/dom4j/dom4j/2.1.1/dom4j-2.1.1.jar:/home/student/.m2/repository/org/hibernate/common/hibernate-commons-annotations/5.1.0.Final/hibernate-commons-annotations-5.1.0.Final.jar:/home/student/.m2/repository/javax/xml/bind/jaxb-api/2.3.1/jaxb-api-2.3.1.jar:/home/student/.m2/repository/org/glassfish/jaxb/jaxb-runtime/2.3.1/jaxb-runtime-2.3.1.jar:/home/student/.m2/repository/org/glassfish/jaxb/txw2/2.3.1/txw2-2.3.1.jar:/home/student/.m2/repository/com/sun/istack/istack-commons-runtime/3.0.7/istack-commons-runtime-3.0.7.jar:/home/student/.m2/repository/org/jvnet/staxex/stax-ex/1.8/stax-ex-1.8.jar:/home/student/.m2/repository/com/sun/xml/fastinfoset/FastInfoset/1.2.15/FastInfoset-1.2.15.jar:/home/student/.m2/repository/org/hibernate/hibernate-c3p0/5.4.4.Final/hibernate-c3p0-5.4.4.Final.jar:/home/student/.m2/repository/com/mchange/c3p0/0.9.5.3/c3p0-0.9.5.3.jar:/home/student/.m2/repository/com/mchange/mchange-commons-java/0.2.15/mchange-commons-java-0.2.15.jar:/home/student/.m2/repository/org/hibernate/hibernate-validator/5.4.1.Final/hibernate-validator-5.4.1.Final.jar:/home/student/.m2/repository/javax/validation/validation-api/1.1.0.Final/validation-api-1.1.0.Final.jar:/home/student/.m2/repository/org/hibernate/validator/hibernate-validator-annotation-processor/6.1.2.Final/hibernate-validator-annotation-processor-6.1.2.Final.jar, java.vm.vendor=Ubuntu, sun.arch.data.model=64, idea.test.cyclic.buffer.size=1048576, java.vendor.url=https://ubuntu.com/, user.timezone=America/Chicago, os.name=Linux, java.vm.specification.version=11, sun.java.launcher=SUN_STANDARD, user.country=US, sun.boot.library.path=/usr/lib/jvm/java-11-openjdk-amd64/lib, sun.java.command=com.intellij.rt.junit.JUnitStarter -ideVersion5 -junit5 com.mattanderson.carbConscious.persistence.UserDaoTest,deleteSuccess, jdk.debug=release, sun.cpu.endian=little, user.home=/home/student, hibernate.c3p0.max_statements=50, user.language=en, java.specification.vendor=Oracle Corporation, java.version.date=2020-01-14, java.home=/usr/lib/jvm/java-11-openjdk-amd64, file.separator=/, java.vm.compressedOopsMode=32-bit, line.separator=
, hibernate.c3p0.timeout=300, java.specification.name=Java Platform API Specification, java.vm.specification.vendor=Oracle Corporation, java.awt.graphicsenv=sun.awt.X11GraphicsEnvironment, connection.password=student, sun.management.compiler=HotSpot 64-Bit Tiered Compilers, hibernate.c3p0.max_size=20, java.runtime.version=11.0.6+10-post-Ubuntu-1ubuntu118.04.1, user.name=student, path.separator=:, hibernate.connection.username=****, os.version=5.3.0-40-generic, java.runtime.name=OpenJDK Runtime Environment, hibernate.connection.url=jdbc:mysql://localhost:3306/test_carb_conscious, file.encoding=UTF-8, java.vm.name=OpenJDK 64-Bit Server VM, hibernate.connection.driver_class=com.mysql.cj.jdbc.Driver, java.vendor.url.bug=https://bugs.launchpad.net/ubuntu/+source/openjdk-lts, java.io.tmpdir=/tmp, java.version=11.0.6, user.dir=/home/student/IdeaProjects/carbConscious, os.arch=amd64, connection.username=root, java.vm.specification.name=Java Virtual Machine Specification, java.awt.printerjob=sun.print.PSPrinterJob, hibernate.connection.password=****, sun.os.patch.level=unknown, connection.driver_class=com.mysql.cj.jdbc.Driver, hibernate.boot.CfgXmlAccessService.key=org.hibernate.boot.cfgxml.spi.LoadedConfig@6f9c5048, java.library.path=/usr/java/packages/lib:/usr/lib/x86_64-linux-gnu/jni:/lib/x86_64-linux-gnu:/usr/lib/x86_64-linux-gnu:/usr/lib/jni:/lib:/usr/lib, java.vendor=Ubuntu, java.vm.info=mixed mode, sharing, java.vm.version=11.0.6+10-post-Ubuntu-1ubuntu118.04.1, hibernate.bytecode.use_reflection_optimizer=false, sun.io.unicode.encoding=UnicodeLittle, connection.url=jdbc:mysql://localhost:3306/test_carb_conscious, java.class.version=55.0}
[INFO ] 2020-02-23 11:44:42.665 [main] Version - HV000001: Hibernate Validator 5.4.1.Final
[DEBUG] 2020-02-23 11:44:42.694 [main] DefaultTraversableResolver - Found javax.persistence.Persistence on classpath containing 'getPersistenceUtil'. Assuming JPA 2 environment. Trying to instantiate JPA aware TraversableResolver
[DEBUG] 2020-02-23 11:44:42.697 [main] DefaultTraversableResolver - Instantiated JPA aware TraversableResolver of type org.hibernate.validator.internal.engine.resolver.JPATraversableResolver.
[DEBUG] 2020-02-23 11:44:42.702 [main] ValidationXmlParser - Trying to load META-INF/validation.xml for XML based Validator configuration.
[DEBUG] 2020-02-23 11:44:42.705 [main] ResourceLoaderHelper - Trying to load META-INF/validation.xml via TCCL
[DEBUG] 2020-02-23 11:44:42.707 [main] ResourceLoaderHelper - Trying to load META-INF/validation.xml via Hibernate Validator's class loader
[DEBUG] 2020-02-23 11:44:42.707 [main] ValidationXmlParser - No META-INF/validation.xml found. Using annotation based configuration only.
[DEBUG] 2020-02-23 11:44:42.740 [main] TypeSafeActivator - Unable to acquire Bean Validation ValidatorFactory, skipping activation
[DEBUG] 2020-02-23 11:44:42.741 [main] JaccIntegrator - Skipping JACC integration as it was not enabled
[DEBUG] 2020-02-23 11:44:42.746 [main] SessionFactoryImpl - Instantiated session factory
[DEBUG] 2020-02-23 11:44:42.747 [main] TypeConfiguration$Scope - Scoping TypeConfiguration [org.hibernate.type.spi.TypeConfiguration@2009f9b0] to SessionFactoryImpl [org.hibernate.internal.SessionFactoryImpl@73ae0257]
[DEBUG] 2020-02-23 11:44:42.860 [main] ClassLoaderAccessImpl - Not known whether passed class name [com.mattanderson.carbConscious.entity.UserRole] is safe
[DEBUG] 2020-02-23 11:44:42.860 [main] ClassLoaderAccessImpl - No temp ClassLoader provided; using live ClassLoader for loading potentially unsafe class : com.mattanderson.carbConscious.entity.UserRole
[DEBUG] 2020-02-23 11:44:42.881 [main] ClassLoaderAccessImpl - Not known whether passed class name [com.mattanderson.carbConscious.entity.UserRole] is safe
[DEBUG] 2020-02-23 11:44:42.882 [main] ClassLoaderAccessImpl - No temp ClassLoader provided; using live ClassLoader for loading potentially unsafe class : com.mattanderson.carbConscious.entity.UserRole
[DEBUG] 2020-02-23 11:44:43.178 [main] ClassLoaderAccessImpl - Not known whether passed class name [com.mattanderson.carbConscious.entity.User] is safe
[DEBUG] 2020-02-23 11:44:43.179 [main] ClassLoaderAccessImpl - No temp ClassLoader provided; using live ClassLoader for loading potentially unsafe class : com.mattanderson.carbConscious.entity.User
[DEBUG] 2020-02-23 11:44:43.182 [main] ClassLoaderAccessImpl - Not known whether passed class name [com.mattanderson.carbConscious.entity.User] is safe
[DEBUG] 2020-02-23 11:44:43.182 [main] ClassLoaderAccessImpl - No temp ClassLoader provided; using live ClassLoader for loading potentially unsafe class : com.mattanderson.carbConscious.entity.User
[DEBUG] 2020-02-23 11:44:43.245 [main] AbstractCollectionPersister - Static SQL for collection: com.mattanderson.carbConscious.entity.User.roles
[DEBUG] 2020-02-23 11:44:43.245 [main] AbstractCollectionPersister -  Row insert: update USER_ROLES set user_name=? where id=?
[DEBUG] 2020-02-23 11:44:43.245 [main] AbstractCollectionPersister -  Row update: update USER_ROLES set  where id=?
[DEBUG] 2020-02-23 11:44:43.245 [main] AbstractCollectionPersister -  Row delete: update USER_ROLES set user_name=null where user_name=? and id=?
[DEBUG] 2020-02-23 11:44:43.245 [main] AbstractCollectionPersister -  One-shot delete: update USER_ROLES set user_name=null where user_name=?
[DEBUG] 2020-02-23 11:44:43.250 [main] AbstractEntityPersister - Static SQL for entity: com.mattanderson.carbConscious.entity.UserRole
[DEBUG] 2020-02-23 11:44:43.251 [main] AbstractEntityPersister -  Version select: select id from USER_ROLES where id =?
[DEBUG] 2020-02-23 11:44:43.251 [main] AbstractEntityPersister -  Snapshot select: select userrole_.id, userrole_.creation_datetime as creation2_0_, userrole_.role_name as role_nam3_0_, userrole_.user_name as user_nam4_0_ from USER_ROLES userrole_ where userrole_.id=?
[DEBUG] 2020-02-23 11:44:43.251 [main] AbstractEntityPersister -  Insert 0: insert into USER_ROLES (creation_datetime, role_name, user_name, id) values (?, ?, ?, ?)
[DEBUG] 2020-02-23 11:44:43.251 [main] AbstractEntityPersister -  Update 0: update USER_ROLES set creation_datetime=?, role_name=?, user_name=? where id=?
[DEBUG] 2020-02-23 11:44:43.251 [main] AbstractEntityPersister -  Delete 0: delete from USER_ROLES where id=?
[DEBUG] 2020-02-23 11:44:43.251 [main] AbstractEntityPersister -  Identity insert: insert into USER_ROLES (creation_datetime, role_name, user_name) values (?, ?, ?)
[DEBUG] 2020-02-23 11:44:43.282 [main] QuerySpacesImpl - Adding QuerySpace : uid = <gen:0> -> org.hibernate.loader.plan.build.internal.spaces.EntityQuerySpaceImpl@28279a49]
[DEBUG] 2020-02-23 11:44:43.284 [main] MetamodelGraphWalker - Visiting attribute path : creationDateTime
[DEBUG] 2020-02-23 11:44:43.284 [main] MetamodelGraphWalker - Visiting attribute path : name
[DEBUG] 2020-02-23 11:44:43.284 [main] MetamodelGraphWalker - Visiting attribute path : user
[DEBUG] 2020-02-23 11:44:43.287 [main] QuerySpacesImpl - Adding QuerySpace : uid = <gen:1> -> org.hibernate.loader.plan.build.internal.spaces.EntityQuerySpaceImpl@11381415]
[DEBUG] 2020-02-23 11:44:43.289 [main] MetamodelGraphWalker - Visiting attribute path : user.creationDateTime
[DEBUG] 2020-02-23 11:44:43.289 [main] MetamodelGraphWalker - Visiting attribute path : user.email
[DEBUG] 2020-02-23 11:44:43.289 [main] MetamodelGraphWalker - Visiting attribute path : user.firstName
[DEBUG] 2020-02-23 11:44:43.289 [main] MetamodelGraphWalker - Visiting attribute path : user.lastName
[DEBUG] 2020-02-23 11:44:43.289 [main] MetamodelGraphWalker - Visiting attribute path : user.password
[DEBUG] 2020-02-23 11:44:43.289 [main] MetamodelGraphWalker - Visiting attribute path : user.roles
[DEBUG] 2020-02-23 11:44:43.289 [main] MetamodelGraphWalker - Property path deemed to be circular : user.roles
[DEBUG] 2020-02-23 11:44:43.289 [main] MetamodelGraphWalker - Visiting attribute path : user.updateDateTime
[DEBUG] 2020-02-23 11:44:43.289 [main] MetamodelGraphWalker - Visiting attribute path : user.userName
[DEBUG] 2020-02-23 11:44:43.290 [main] MetamodelGraphWalker - Visiting attribute path : user._com_mattanderson_carbConscious_entity_UserRole_user
[DEBUG] 2020-02-23 11:44:43.290 [main] QuerySpacesImpl - Adding QuerySpace : uid = <gen:2> -> org.hibernate.loader.plan.build.internal.spaces.CompositeQuerySpaceImpl@4872669f]
[DEBUG] 2020-02-23 11:44:43.293 [main] MetamodelGraphWalker - Visiting attribute path : user._com_mattanderson_carbConscious_entity_UserRole_user.userName
[DEBUG] 2020-02-23 11:44:43.294 [main] FetchStyleLoadPlanBuildingAssociationVisitationStrategy - Building LoadPlan...
[DEBUG] 2020-02-23 11:44:43.305 [main] LoadQueryJoinAndFetchProcessor - processing queryspace <gen:0>
[DEBUG] 2020-02-23 11:44:43.309 [main] LoadPlanTreePrinter - LoadPlan(entity=com.mattanderson.carbConscious.entity.UserRole)
    - Returns
       - EntityReturnImpl(entity=com.mattanderson.carbConscious.entity.UserRole, querySpaceUid=<gen:0>, path=com.mattanderson.carbConscious.entity.UserRole)
          - EntityAttributeFetchImpl(entity=com.mattanderson.carbConscious.entity.User, querySpaceUid=<gen:1>, path=com.mattanderson.carbConscious.entity.UserRole.user)
             - CompositeAttributeFetchImpl(composite=com.mattanderson.carbConscious.entity.User, querySpaceUid=<gen:2>, path=com.mattanderson.carbConscious.entity.UserRole.user._com_mattanderson_carbConscious_entity_UserRole_user)
    - QuerySpaces
       - EntityQuerySpaceImpl(uid=<gen:0>, entity=com.mattanderson.carbConscious.entity.UserRole)
          - SQL table alias mapping - userrole0_
          - alias suffix - 0_
          - suffixed key columns - {id1_0_0_}
          - JOIN (JoinDefinedByMetadata(user)) : <gen:0> -> <gen:1>
             - EntityQuerySpaceImpl(uid=<gen:1>, entity=com.mattanderson.carbConscious.entity.User)
                - SQL table alias mapping - user1_
                - alias suffix - 1_
                - suffixed key columns - {id1_1_1_}
                - JOIN (JoinDefinedByMetadata(_com_mattanderson_carbConscious_entity_UserRole_user)) : <gen:1> -> <gen:2>
                   - CompositeQuerySpaceImpl(uid=<gen:2>)
                      - SQL table alias mapping - user1_

[DEBUG] 2020-02-23 11:44:43.311 [main] EntityLoader - Static select for entity com.mattanderson.carbConscious.entity.UserRole [NONE]: select userrole0_.id as id1_0_0_, userrole0_.creation_datetime as creation2_0_0_, userrole0_.role_name as role_nam3_0_0_, userrole0_.user_name as user_nam4_0_0_, user1_.id as id1_1_1_, user1_.creation_datetime as creation2_1_1_, user1_.email as email3_1_1_, user1_.first_name as first_na4_1_1_, user1_.last_name as last_nam5_1_1_, user1_.password as password6_1_1_, user1_.update_datetime as update_d7_1_1_, user1_.user_name as user_nam8_1_1_ from USER_ROLES userrole0_ left outer join USERS user1_ on userrole0_.user_name=user1_.user_name where userrole0_.id=?
[DEBUG] 2020-02-23 11:44:43.311 [main] QuerySpacesImpl - Adding QuerySpace : uid = <gen:0> -> org.hibernate.loader.plan.build.internal.spaces.EntityQuerySpaceImpl@4a070cf0]
[DEBUG] 2020-02-23 11:44:43.311 [main] MetamodelGraphWalker - Visiting attribute path : creationDateTime
[DEBUG] 2020-02-23 11:44:43.312 [main] MetamodelGraphWalker - Visiting attribute path : name
[DEBUG] 2020-02-23 11:44:43.312 [main] MetamodelGraphWalker - Visiting attribute path : user
[DEBUG] 2020-02-23 11:44:43.312 [main] QuerySpacesImpl - Adding QuerySpace : uid = <gen:1> -> org.hibernate.loader.plan.build.internal.spaces.EntityQuerySpaceImpl@202d9236]
[DEBUG] 2020-02-23 11:44:43.312 [main] MetamodelGraphWalker - Visiting attribute path : user.creationDateTime
[DEBUG] 2020-02-23 11:44:43.312 [main] MetamodelGraphWalker - Visiting attribute path : user.email
[DEBUG] 2020-02-23 11:44:43.312 [main] MetamodelGraphWalker - Visiting attribute path : user.firstName
[DEBUG] 2020-02-23 11:44:43.312 [main] MetamodelGraphWalker - Visiting attribute path : user.lastName
[DEBUG] 2020-02-23 11:44:43.312 [main] MetamodelGraphWalker - Visiting attribute path : user.password
[DEBUG] 2020-02-23 11:44:43.312 [main] MetamodelGraphWalker - Visiting attribute path : user.roles
[DEBUG] 2020-02-23 11:44:43.312 [main] MetamodelGraphWalker - Property path deemed to be circular : user.roles
[DEBUG] 2020-02-23 11:44:43.312 [main] MetamodelGraphWalker - Visiting attribute path : user.updateDateTime
[DEBUG] 2020-02-23 11:44:43.312 [main] MetamodelGraphWalker - Visiting attribute path : user.userName
[DEBUG] 2020-02-23 11:44:43.312 [main] MetamodelGraphWalker - Visiting attribute path : user._com_mattanderson_carbConscious_entity_UserRole_user
[DEBUG] 2020-02-23 11:44:43.312 [main] QuerySpacesImpl - Adding QuerySpace : uid = <gen:2> -> org.hibernate.loader.plan.build.internal.spaces.CompositeQuerySpaceImpl@6d6ac396]
[DEBUG] 2020-02-23 11:44:43.312 [main] MetamodelGraphWalker - Visiting attribute path : user._com_mattanderson_carbConscious_entity_UserRole_user.userName
[DEBUG] 2020-02-23 11:44:43.312 [main] FetchStyleLoadPlanBuildingAssociationVisitationStrategy - Building LoadPlan...
[DEBUG] 2020-02-23 11:44:43.313 [main] LoadQueryJoinAndFetchProcessor - processing queryspace <gen:0>
[DEBUG] 2020-02-23 11:44:43.313 [main] LoadPlanTreePrinter - LoadPlan(entity=com.mattanderson.carbConscious.entity.UserRole)
    - Returns
       - EntityReturnImpl(entity=com.mattanderson.carbConscious.entity.UserRole, querySpaceUid=<gen:0>, path=com.mattanderson.carbConscious.entity.UserRole)
          - EntityAttributeFetchImpl(entity=com.mattanderson.carbConscious.entity.User, querySpaceUid=<gen:1>, path=com.mattanderson.carbConscious.entity.UserRole.user)
             - CompositeAttributeFetchImpl(composite=com.mattanderson.carbConscious.entity.User, querySpaceUid=<gen:2>, path=com.mattanderson.carbConscious.entity.UserRole.user._com_mattanderson_carbConscious_entity_UserRole_user)
    - QuerySpaces
       - EntityQuerySpaceImpl(uid=<gen:0>, entity=com.mattanderson.carbConscious.entity.UserRole)
          - SQL table alias mapping - userrole0_
          - alias suffix - 0_
          - suffixed key columns - {id1_0_0_}
          - JOIN (JoinDefinedByMetadata(user)) : <gen:0> -> <gen:1>
             - EntityQuerySpaceImpl(uid=<gen:1>, entity=com.mattanderson.carbConscious.entity.User)
                - SQL table alias mapping - user1_
                - alias suffix - 1_
                - suffixed key columns - {id1_1_1_}
                - JOIN (JoinDefinedByMetadata(_com_mattanderson_carbConscious_entity_UserRole_user)) : <gen:1> -> <gen:2>
                   - CompositeQuerySpaceImpl(uid=<gen:2>)
                      - SQL table alias mapping - user1_

[DEBUG] 2020-02-23 11:44:43.313 [main] EntityLoader - Static select for entity com.mattanderson.carbConscious.entity.UserRole [READ]: select userrole0_.id as id1_0_0_, userrole0_.creation_datetime as creation2_0_0_, userrole0_.role_name as role_nam3_0_0_, userrole0_.user_name as user_nam4_0_0_, user1_.id as id1_1_1_, user1_.creation_datetime as creation2_1_1_, user1_.email as email3_1_1_, user1_.first_name as first_na4_1_1_, user1_.last_name as last_nam5_1_1_, user1_.password as password6_1_1_, user1_.update_datetime as update_d7_1_1_, user1_.user_name as user_nam8_1_1_ from USER_ROLES userrole0_ left outer join USERS user1_ on userrole0_.user_name=user1_.user_name where userrole0_.id=?
[DEBUG] 2020-02-23 11:44:43.326 [main] Loader - Static select for action ACTION_MERGE on entity com.mattanderson.carbConscious.entity.UserRole: select userrole0_.id as id1_0_0_, userrole0_.creation_datetime as creation2_0_0_, userrole0_.role_name as role_nam3_0_0_, userrole0_.user_name as user_nam4_0_0_ from USER_ROLES userrole0_ where userrole0_.id=?
[DEBUG] 2020-02-23 11:44:43.327 [main] Loader - Static select for action ACTION_REFRESH on entity com.mattanderson.carbConscious.entity.UserRole: select userrole0_.id as id1_0_0_, userrole0_.creation_datetime as creation2_0_0_, userrole0_.role_name as role_nam3_0_0_, userrole0_.user_name as user_nam4_0_0_ from USER_ROLES userrole0_ where userrole0_.id=?
[DEBUG] 2020-02-23 11:44:43.328 [main] AbstractEntityPersister - Static SQL for entity: com.mattanderson.carbConscious.entity.User
[DEBUG] 2020-02-23 11:44:43.328 [main] AbstractEntityPersister -  Version select: select id from USERS where id =?
[DEBUG] 2020-02-23 11:44:43.328 [main] AbstractEntityPersister -  Snapshot select: select user_.id, user_.creation_datetime as creation2_1_, user_.email as email3_1_, user_.first_name as first_na4_1_, user_.last_name as last_nam5_1_, user_.password as password6_1_, user_.update_datetime as update_d7_1_, user_.user_name as user_nam8_1_ from USERS user_ where user_.id=?
[DEBUG] 2020-02-23 11:44:43.328 [main] AbstractEntityPersister -  Insert 0: insert into USERS (creation_datetime, email, first_name, last_name, password, update_datetime, user_name, id) values (?, ?, ?, ?, ?, ?, ?, ?)
[DEBUG] 2020-02-23 11:44:43.328 [main] AbstractEntityPersister -  Update 0: update USERS set creation_datetime=?, email=?, first_name=?, last_name=?, password=?, update_datetime=?, user_name=? where id=?
[DEBUG] 2020-02-23 11:44:43.329 [main] AbstractEntityPersister -  Delete 0: delete from USERS where id=?
[DEBUG] 2020-02-23 11:44:43.329 [main] AbstractEntityPersister -  Identity insert: insert into USERS (creation_datetime, email, first_name, last_name, password, update_datetime, user_name) values (?, ?, ?, ?, ?, ?, ?)
[DEBUG] 2020-02-23 11:44:43.329 [main] QuerySpacesImpl - Adding QuerySpace : uid = <gen:0> -> org.hibernate.loader.plan.build.internal.spaces.EntityQuerySpaceImpl@4f93bf0a]
[DEBUG] 2020-02-23 11:44:43.329 [main] MetamodelGraphWalker - Visiting attribute path : creationDateTime
[DEBUG] 2020-02-23 11:44:43.329 [main] MetamodelGraphWalker - Visiting attribute path : email
[DEBUG] 2020-02-23 11:44:43.329 [main] MetamodelGraphWalker - Visiting attribute path : firstName
[DEBUG] 2020-02-23 11:44:43.329 [main] MetamodelGraphWalker - Visiting attribute path : lastName
[DEBUG] 2020-02-23 11:44:43.329 [main] MetamodelGraphWalker - Visiting attribute path : password
[DEBUG] 2020-02-23 11:44:43.329 [main] MetamodelGraphWalker - Visiting attribute path : roles
[DEBUG] 2020-02-23 11:44:43.330 [main] QuerySpacesImpl - Adding QuerySpace : uid = <gen:1> -> org.hibernate.loader.plan.build.internal.spaces.CollectionQuerySpaceImpl@58833798]
[DEBUG] 2020-02-23 11:44:43.332 [main] QuerySpacesImpl - Adding QuerySpace : uid = <gen:2> -> org.hibernate.loader.plan.build.internal.spaces.EntityQuerySpaceImpl@16d07cf3]
[DEBUG] 2020-02-23 11:44:43.333 [main] MetamodelGraphWalker - Visiting attribute path : roles.creationDateTime
[DEBUG] 2020-02-23 11:44:43.333 [main] MetamodelGraphWalker - Visiting attribute path : roles.name
[DEBUG] 2020-02-23 11:44:43.333 [main] MetamodelGraphWalker - Visiting attribute path : roles.user
[DEBUG] 2020-02-23 11:44:43.333 [main] MetamodelGraphWalker - Property path deemed to be circular : roles.user
[DEBUG] 2020-02-23 11:44:43.334 [main] MetamodelGraphWalker - Visiting attribute path : updateDateTime
[DEBUG] 2020-02-23 11:44:43.334 [main] MetamodelGraphWalker - Visiting attribute path : userName
[DEBUG] 2020-02-23 11:44:43.334 [main] MetamodelGraphWalker - Visiting attribute path : _com_mattanderson_carbConscious_entity_UserRole_user
[DEBUG] 2020-02-23 11:44:43.334 [main] QuerySpacesImpl - Adding QuerySpace : uid = <gen:3> -> org.hibernate.loader.plan.build.internal.spaces.CompositeQuerySpaceImpl@392781e]
[DEBUG] 2020-02-23 11:44:43.334 [main] MetamodelGraphWalker - Visiting attribute path : _com_mattanderson_carbConscious_entity_UserRole_user.userName
[DEBUG] 2020-02-23 11:44:43.334 [main] FetchStyleLoadPlanBuildingAssociationVisitationStrategy - Building LoadPlan...
[DEBUG] 2020-02-23 11:44:43.334 [main] LoadQueryJoinAndFetchProcessor - processing queryspace <gen:0>
[DEBUG] 2020-02-23 11:44:43.338 [main] LoadPlanTreePrinter - LoadPlan(entity=com.mattanderson.carbConscious.entity.User)
    - Returns
       - EntityReturnImpl(entity=com.mattanderson.carbConscious.entity.User, querySpaceUid=<gen:0>, path=com.mattanderson.carbConscious.entity.User)
          - CollectionAttributeFetchImpl(collection=com.mattanderson.carbConscious.entity.User.roles, querySpaceUid=<gen:1>, path=com.mattanderson.carbConscious.entity.User.roles)
             - (collection element) CollectionFetchableElementEntityGraph(entity=com.mattanderson.carbConscious.entity.UserRole, querySpaceUid=<gen:2>, path=com.mattanderson.carbConscious.entity.User.roles.<elements>)
          - CompositeAttributeFetchImpl(composite=com.mattanderson.carbConscious.entity.User, querySpaceUid=<gen:3>, path=com.mattanderson.carbConscious.entity.User._com_mattanderson_carbConscious_entity_UserRole_user)
    - QuerySpaces
       - EntityQuerySpaceImpl(uid=<gen:0>, entity=com.mattanderson.carbConscious.entity.User)
          - SQL table alias mapping - user0_
          - alias suffix - 0_
          - suffixed key columns - {id1_1_0_}
          - JOIN (JoinDefinedByMetadata(roles)) : <gen:0> -> <gen:1>
             - CollectionQuerySpaceImpl(uid=<gen:1>, collection=com.mattanderson.carbConscious.entity.User.roles)
                - SQL table alias mapping - roles1_
                - alias suffix - 1_
                - suffixed key columns - {user_nam4_0_1_}
                - entity-element alias suffix - 2_
                - 2_entity-element suffixed key columns - id1_0_2_
                - JOIN (JoinDefinedByMetadata(elements)) : <gen:1> -> <gen:2>
                   - EntityQuerySpaceImpl(uid=<gen:2>, entity=com.mattanderson.carbConscious.entity.UserRole)
                      - SQL table alias mapping - roles1_
                      - alias suffix - 2_
                      - suffixed key columns - {id1_0_2_}
          - JOIN (JoinDefinedByMetadata(_com_mattanderson_carbConscious_entity_UserRole_user)) : <gen:0> -> <gen:3>
             - CompositeQuerySpaceImpl(uid=<gen:3>)
                - SQL table alias mapping - user0_

[DEBUG] 2020-02-23 11:44:43.338 [main] EntityLoader - Static select for entity com.mattanderson.carbConscious.entity.User [NONE]: select user0_.id as id1_1_0_, user0_.creation_datetime as creation2_1_0_, user0_.email as email3_1_0_, user0_.first_name as first_na4_1_0_, user0_.last_name as last_nam5_1_0_, user0_.password as password6_1_0_, user0_.update_datetime as update_d7_1_0_, user0_.user_name as user_nam8_1_0_, roles1_.user_name as user_nam4_0_1_, roles1_.id as id1_0_1_, roles1_.id as id1_0_2_, roles1_.creation_datetime as creation2_0_2_, roles1_.role_name as role_nam3_0_2_, roles1_.user_name as user_nam4_0_2_ from USERS user0_ left outer join USER_ROLES roles1_ on user0_.user_name=roles1_.user_name where user0_.id=?
[DEBUG] 2020-02-23 11:44:43.338 [main] QuerySpacesImpl - Adding QuerySpace : uid = <gen:0> -> org.hibernate.loader.plan.build.internal.spaces.EntityQuerySpaceImpl@3f9b7fe1]
[DEBUG] 2020-02-23 11:44:43.338 [main] MetamodelGraphWalker - Visiting attribute path : creationDateTime
[DEBUG] 2020-02-23 11:44:43.338 [main] MetamodelGraphWalker - Visiting attribute path : email
[DEBUG] 2020-02-23 11:44:43.338 [main] MetamodelGraphWalker - Visiting attribute path : firstName
[DEBUG] 2020-02-23 11:44:43.338 [main] MetamodelGraphWalker - Visiting attribute path : lastName
[DEBUG] 2020-02-23 11:44:43.338 [main] MetamodelGraphWalker - Visiting attribute path : password
[DEBUG] 2020-02-23 11:44:43.338 [main] MetamodelGraphWalker - Visiting attribute path : roles
[DEBUG] 2020-02-23 11:44:43.339 [main] QuerySpacesImpl - Adding QuerySpace : uid = <gen:1> -> org.hibernate.loader.plan.build.internal.spaces.CollectionQuerySpaceImpl@5fdfe8cf]
[DEBUG] 2020-02-23 11:44:43.339 [main] QuerySpacesImpl - Adding QuerySpace : uid = <gen:2> -> org.hibernate.loader.plan.build.internal.spaces.EntityQuerySpaceImpl@2a8b33ba]
[DEBUG] 2020-02-23 11:44:43.339 [main] MetamodelGraphWalker - Visiting attribute path : roles.creationDateTime
[DEBUG] 2020-02-23 11:44:43.339 [main] MetamodelGraphWalker - Visiting attribute path : roles.name
[DEBUG] 2020-02-23 11:44:43.339 [main] MetamodelGraphWalker - Visiting attribute path : roles.user
[DEBUG] 2020-02-23 11:44:43.339 [main] MetamodelGraphWalker - Property path deemed to be circular : roles.user
[DEBUG] 2020-02-23 11:44:43.339 [main] MetamodelGraphWalker - Visiting attribute path : updateDateTime
[DEBUG] 2020-02-23 11:44:43.339 [main] MetamodelGraphWalker - Visiting attribute path : userName
[DEBUG] 2020-02-23 11:44:43.339 [main] MetamodelGraphWalker - Visiting attribute path : _com_mattanderson_carbConscious_entity_UserRole_user
[DEBUG] 2020-02-23 11:44:43.339 [main] QuerySpacesImpl - Adding QuerySpace : uid = <gen:3> -> org.hibernate.loader.plan.build.internal.spaces.CompositeQuerySpaceImpl@ea7a4c3]
[DEBUG] 2020-02-23 11:44:43.339 [main] MetamodelGraphWalker - Visiting attribute path : _com_mattanderson_carbConscious_entity_UserRole_user.userName
[DEBUG] 2020-02-23 11:44:43.339 [main] FetchStyleLoadPlanBuildingAssociationVisitationStrategy - Building LoadPlan...
[DEBUG] 2020-02-23 11:44:43.340 [main] LoadQueryJoinAndFetchProcessor - processing queryspace <gen:0>
[DEBUG] 2020-02-23 11:44:43.340 [main] LoadPlanTreePrinter - LoadPlan(entity=com.mattanderson.carbConscious.entity.User)
    - Returns
       - EntityReturnImpl(entity=com.mattanderson.carbConscious.entity.User, querySpaceUid=<gen:0>, path=com.mattanderson.carbConscious.entity.User)
          - CollectionAttributeFetchImpl(collection=com.mattanderson.carbConscious.entity.User.roles, querySpaceUid=<gen:1>, path=com.mattanderson.carbConscious.entity.User.roles)
             - (collection element) CollectionFetchableElementEntityGraph(entity=com.mattanderson.carbConscious.entity.UserRole, querySpaceUid=<gen:2>, path=com.mattanderson.carbConscious.entity.User.roles.<elements>)
          - CompositeAttributeFetchImpl(composite=com.mattanderson.carbConscious.entity.User, querySpaceUid=<gen:3>, path=com.mattanderson.carbConscious.entity.User._com_mattanderson_carbConscious_entity_UserRole_user)
    - QuerySpaces
       - EntityQuerySpaceImpl(uid=<gen:0>, entity=com.mattanderson.carbConscious.entity.User)
          - SQL table alias mapping - user0_
          - alias suffix - 0_
          - suffixed key columns - {id1_1_0_}
          - JOIN (JoinDefinedByMetadata(roles)) : <gen:0> -> <gen:1>
             - CollectionQuerySpaceImpl(uid=<gen:1>, collection=com.mattanderson.carbConscious.entity.User.roles)
                - SQL table alias mapping - roles1_
                - alias suffix - 1_
                - suffixed key columns - {user_nam4_0_1_}
                - entity-element alias suffix - 2_
                - 2_entity-element suffixed key columns - id1_0_2_
                - JOIN (JoinDefinedByMetadata(elements)) : <gen:1> -> <gen:2>
                   - EntityQuerySpaceImpl(uid=<gen:2>, entity=com.mattanderson.carbConscious.entity.UserRole)
                      - SQL table alias mapping - roles1_
                      - alias suffix - 2_
                      - suffixed key columns - {id1_0_2_}
          - JOIN (JoinDefinedByMetadata(_com_mattanderson_carbConscious_entity_UserRole_user)) : <gen:0> -> <gen:3>
             - CompositeQuerySpaceImpl(uid=<gen:3>)
                - SQL table alias mapping - user0_

[DEBUG] 2020-02-23 11:44:43.340 [main] EntityLoader - Static select for entity com.mattanderson.carbConscious.entity.User [READ]: select user0_.id as id1_1_0_, user0_.creation_datetime as creation2_1_0_, user0_.email as email3_1_0_, user0_.first_name as first_na4_1_0_, user0_.last_name as last_nam5_1_0_, user0_.password as password6_1_0_, user0_.update_datetime as update_d7_1_0_, user0_.user_name as user_nam8_1_0_, roles1_.user_name as user_nam4_0_1_, roles1_.id as id1_0_1_, roles1_.id as id1_0_2_, roles1_.creation_datetime as creation2_0_2_, roles1_.role_name as role_nam3_0_2_, roles1_.user_name as user_nam4_0_2_ from USERS user0_ left outer join USER_ROLES roles1_ on user0_.user_name=roles1_.user_name where user0_.id=?
[DEBUG] 2020-02-23 11:44:43.342 [main] Loader - Static select for action ACTION_MERGE on entity com.mattanderson.carbConscious.entity.User: select user0_.id as id1_1_1_, user0_.creation_datetime as creation2_1_1_, user0_.email as email3_1_1_, user0_.first_name as first_na4_1_1_, user0_.last_name as last_nam5_1_1_, user0_.password as password6_1_1_, user0_.update_datetime as update_d7_1_1_, user0_.user_name as user_nam8_1_1_, roles1_.user_name as user_nam4_0_3_, roles1_.id as id1_0_3_, roles1_.id as id1_0_0_, roles1_.creation_datetime as creation2_0_0_, roles1_.role_name as role_nam3_0_0_, roles1_.user_name as user_nam4_0_0_ from USERS user0_ left outer join USER_ROLES roles1_ on user0_.user_name=roles1_.user_name where user0_.id=?
[DEBUG] 2020-02-23 11:44:43.342 [main] Loader - Static select for action ACTION_REFRESH on entity com.mattanderson.carbConscious.entity.User: select user0_.id as id1_1_1_, user0_.creation_datetime as creation2_1_1_, user0_.email as email3_1_1_, user0_.first_name as first_na4_1_1_, user0_.last_name as last_nam5_1_1_, user0_.password as password6_1_1_, user0_.update_datetime as update_d7_1_1_, user0_.user_name as user_nam8_1_1_, roles1_.user_name as user_nam4_0_3_, roles1_.id as id1_0_3_, roles1_.id as id1_0_0_, roles1_.creation_datetime as creation2_0_0_, roles1_.role_name as role_nam3_0_0_, roles1_.user_name as user_nam4_0_0_ from USERS user0_ left outer join USER_ROLES roles1_ on user0_.user_name=roles1_.user_name where user0_.id=?
[DEBUG] 2020-02-23 11:44:43.345 [main] Loader - Static select for entity com.mattanderson.carbConscious.entity.User [NONE]: select user0_.id as id1_1_1_, user0_.creation_datetime as creation2_1_1_, user0_.email as email3_1_1_, user0_.first_name as first_na4_1_1_, user0_.last_name as last_nam5_1_1_, user0_.password as password6_1_1_, user0_.update_datetime as update_d7_1_1_, user0_.user_name as user_nam8_1_1_, roles1_.user_name as user_nam4_0_3_, roles1_.id as id1_0_3_, roles1_.id as id1_0_0_, roles1_.creation_datetime as creation2_0_0_, roles1_.role_name as role_nam3_0_0_, roles1_.user_name as user_nam4_0_0_ from USERS user0_ left outer join USER_ROLES roles1_ on user0_.user_name=roles1_.user_name where user0_.user_name=?
[DEBUG] 2020-02-23 11:44:43.352 [main] QuerySpacesImpl - Adding QuerySpace : uid = <gen:0> -> org.hibernate.loader.plan.build.internal.spaces.CollectionQuerySpaceImpl@594131f2]
[DEBUG] 2020-02-23 11:44:43.352 [main] QuerySpacesImpl - Adding QuerySpace : uid = <gen:1> -> org.hibernate.loader.plan.build.internal.spaces.EntityQuerySpaceImpl@51d0ec6f]
[DEBUG] 2020-02-23 11:44:43.353 [main] MetamodelGraphWalker - Visiting attribute path : creationDateTime
[DEBUG] 2020-02-23 11:44:43.353 [main] MetamodelGraphWalker - Visiting attribute path : name
[DEBUG] 2020-02-23 11:44:43.353 [main] MetamodelGraphWalker - Visiting attribute path : user
[DEBUG] 2020-02-23 11:44:43.353 [main] MetamodelGraphWalker - Property path deemed to be circular : user
[DEBUG] 2020-02-23 11:44:43.353 [main] FetchStyleLoadPlanBuildingAssociationVisitationStrategy - Building LoadPlan...
[DEBUG] 2020-02-23 11:44:43.355 [main] LoadQueryJoinAndFetchProcessor - processing queryspace <gen:0>
[DEBUG] 2020-02-23 11:44:43.356 [main] LoadPlanTreePrinter - LoadPlan(collection=com.mattanderson.carbConscious.entity.User.roles)
    - Returns
       - CollectionReturnImpl(collection=com.mattanderson.carbConscious.entity.User.roles, querySpaceUid=<gen:0>, path=[com.mattanderson.carbConscious.entity.User.roles])
          - (collection element) CollectionFetchableElementEntityGraph(entity=com.mattanderson.carbConscious.entity.UserRole, querySpaceUid=<gen:1>, path=[com.mattanderson.carbConscious.entity.User.roles].<elements>)
    - QuerySpaces
       - CollectionQuerySpaceImpl(uid=<gen:0>, collection=com.mattanderson.carbConscious.entity.User.roles)
          - SQL table alias mapping - roles0_
          - alias suffix - 0_
          - suffixed key columns - {user_nam4_0_0_}
          - entity-element alias suffix - 1_
          - 1_entity-element suffixed key columns - id1_0_1_
          - JOIN (JoinDefinedByMetadata(elements)) : <gen:0> -> <gen:1>
             - EntityQuerySpaceImpl(uid=<gen:1>, entity=com.mattanderson.carbConscious.entity.UserRole)
                - SQL table alias mapping - roles0_
                - alias suffix - 1_
                - suffixed key columns - {id1_0_1_}

[DEBUG] 2020-02-23 11:44:43.357 [main] CollectionLoader - Static select for collection com.mattanderson.carbConscious.entity.User.roles: select roles0_.user_name as user_nam4_0_0_, roles0_.id as id1_0_0_, roles0_.id as id1_0_1_, roles0_.creation_datetime as creation2_0_1_, roles0_.role_name as role_nam3_0_1_, roles0_.user_name as user_nam4_0_1_ from USER_ROLES roles0_ where roles0_.user_name=?
[DEBUG] 2020-02-23 11:44:43.399 [main] SchemaManagementToolCoordinator - No actions specified; doing nothing
[DEBUG] 2020-02-23 11:44:43.400 [main] JtaPlatformInitiator - No JtaPlatform was specified, checking resolver
[DEBUG] 2020-02-23 11:44:43.403 [main] JtaPlatformResolverInitiator - No JtaPlatformResolver was specified, using default [org.hibernate.engine.transaction.jta.platform.internal.StandardJtaPlatformResolver]
[DEBUG] 2020-02-23 11:44:43.413 [main] StandardJtaPlatformResolver - Could not resolve JtaPlatform, using default [org.hibernate.engine.transaction.jta.platform.internal.NoJtaPlatform]
[INFO ] 2020-02-23 11:44:43.413 [main] JtaPlatformInitiator - HHH000490: Using JtaPlatform implementation: [org.hibernate.engine.transaction.jta.platform.internal.NoJtaPlatform]
[DEBUG] 2020-02-23 11:44:43.416 [main] NamedQueryRepository - Checking 0 named HQL queries
[DEBUG] 2020-02-23 11:44:43.417 [main] NamedQueryRepository - Checking 0 named SQL queries
[DEBUG] 2020-02-23 11:44:43.431 [main] SessionFactoryRegistry - Initializing SessionFactoryRegistry : org.hibernate.internal.SessionFactoryRegistry@5e0c4f21
[DEBUG] 2020-02-23 11:44:43.438 [main] SessionFactoryRegistry - Registering SessionFactory: 43229f7e-ce0a-4086-b7b6-479004d34037 (<unnamed>)
[DEBUG] 2020-02-23 11:44:43.439 [main] SessionFactoryRegistry - Not binding SessionFactory to JNDI, no JNDI name configured
[DEBUG] 2020-02-23 11:44:44.090 [main] StatisticsInitiator - Statistics initialized [enabled=false]
[DEBUG] 2020-02-23 11:44:44.156 [main] SQL - select user0_.id as id1_1_0_, user0_.creation_datetime as creation2_1_0_, user0_.email as email3_1_0_, user0_.first_name as first_na4_1_0_, user0_.last_name as last_nam5_1_0_, user0_.password as password6_1_0_, user0_.update_datetime as update_d7_1_0_, user0_.user_name as user_nam8_1_0_, roles1_.user_name as user_nam4_0_1_, roles1_.id as id1_0_1_, roles1_.id as id1_0_2_, roles1_.creation_datetime as creation2_0_2_, roles1_.role_name as role_nam3_0_2_, roles1_.user_name as user_nam4_0_2_ from USERS user0_ left outer join USER_ROLES roles1_ on user0_.user_name=roles1_.user_name where user0_.id=?
[DEBUG] 2020-02-23 11:44:44.221 [main] ResultSetProcessorImpl - Starting ResultSet row #0
[DEBUG] 2020-02-23 11:44:44.225 [main] EntityReferenceInitializerImpl - On call to EntityIdentifierReaderImpl#resolve, EntityKey was already known; should only happen on root returns with an optional identifier specified
[DEBUG] 2020-02-23 11:44:44.294 [main] CollectionReferenceInitializerImpl - Found row of collection: [com.mattanderson.carbConscious.entity.User.roles#User{id=0, firstName='null', lastName='null', userName='mattanderson', email='null', password='null', creationDateTime=null, updateDateTime=null}]
[DEBUG] 2020-02-23 11:44:44.315 [main] TwoPhaseLoad - Resolving attributes for [com.mattanderson.carbConscious.entity.User#1]
[DEBUG] 2020-02-23 11:44:44.316 [main] TwoPhaseLoad - Processing attribute `creationDateTime` : value = 2020-01-01T00:00
[DEBUG] 2020-02-23 11:44:44.316 [main] TwoPhaseLoad - Attribute (`creationDateTime`)  - enhanced for lazy-loading? - false
[DEBUG] 2020-02-23 11:44:44.317 [main] TwoPhaseLoad - Processing attribute `email` : value = matt@gmail.com
[DEBUG] 2020-02-23 11:44:44.317 [main] TwoPhaseLoad - Attribute (`email`)  - enhanced for lazy-loading? - false
[DEBUG] 2020-02-23 11:44:44.317 [main] TwoPhaseLoad - Processing attribute `firstName` : value = Matt
[DEBUG] 2020-02-23 11:44:44.317 [main] TwoPhaseLoad - Attribute (`firstName`)  - enhanced for lazy-loading? - false
[DEBUG] 2020-02-23 11:44:44.317 [main] TwoPhaseLoad - Processing attribute `lastName` : value = Anderson
[DEBUG] 2020-02-23 11:44:44.317 [main] TwoPhaseLoad - Attribute (`lastName`)  - enhanced for lazy-loading? - false
[DEBUG] 2020-02-23 11:44:44.317 [main] TwoPhaseLoad - Processing attribute `password` : value = testing
[DEBUG] 2020-02-23 11:44:44.317 [main] TwoPhaseLoad - Attribute (`password`)  - enhanced for lazy-loading? - false
[DEBUG] 2020-02-23 11:44:44.317 [main] TwoPhaseLoad - Processing attribute `roles` : value = NOT NULL COLLECTION
[DEBUG] 2020-02-23 11:44:44.317 [main] TwoPhaseLoad - Attribute (`roles`)  - enhanced for lazy-loading? - false
[DEBUG] 2020-02-23 11:44:44.318 [main] TwoPhaseLoad - Processing attribute `updateDateTime` : value = 2020-01-02T00:00
[DEBUG] 2020-02-23 11:44:44.318 [main] TwoPhaseLoad - Attribute (`updateDateTime`)  - enhanced for lazy-loading? - false
[DEBUG] 2020-02-23 11:44:44.318 [main] TwoPhaseLoad - Processing attribute `userName` : value = mattanderson
[DEBUG] 2020-02-23 11:44:44.318 [main] TwoPhaseLoad - Attribute (`userName`)  - enhanced for lazy-loading? - false
[DEBUG] 2020-02-23 11:44:44.318 [main] TwoPhaseLoad - Processing attribute `_com_mattanderson_carbConscious_entity_UserRole_user` : value = [Ljava.lang.Object;@611d0763
[DEBUG] 2020-02-23 11:44:44.318 [main] TwoPhaseLoad - Attribute (`_com_mattanderson_carbConscious_entity_UserRole_user`)  - enhanced for lazy-loading? - false
[DEBUG] 2020-02-23 11:44:44.320 [main] TwoPhaseLoad - Done materializing entity [com.mattanderson.carbConscious.entity.User#1]
[DEBUG] 2020-02-23 11:44:44.320 [main] TwoPhaseLoad - Resolving attributes for [com.mattanderson.carbConscious.entity.UserRole#1]
[DEBUG] 2020-02-23 11:44:44.320 [main] TwoPhaseLoad - Processing attribute `creationDateTime` : value = 2020-01-01T00:00
[DEBUG] 2020-02-23 11:44:44.320 [main] TwoPhaseLoad - Attribute (`creationDateTime`)  - enhanced for lazy-loading? - false
[DEBUG] 2020-02-23 11:44:44.320 [main] TwoPhaseLoad - Processing attribute `name` : value = User
[DEBUG] 2020-02-23 11:44:44.320 [main] TwoPhaseLoad - Attribute (`name`)  - enhanced for lazy-loading? - false
[DEBUG] 2020-02-23 11:44:44.320 [main] TwoPhaseLoad - Processing attribute `user` : value = User{id=0, firstName='null', lastName='null', userName='mattanderson', email='null', password='null', creationDateTime=null, updateDateTime=null}
[DEBUG] 2020-02-23 11:44:44.320 [main] TwoPhaseLoad - Attribute (`user`)  - enhanced for lazy-loading? - false
[DEBUG] 2020-02-23 11:44:44.322 [main] Loader - Loading entity: [com.mattanderson.carbConscious.entity.User#component[userName]{userName=mattanderson}]
[DEBUG] 2020-02-23 11:44:44.322 [main] SQL - select user0_.id as id1_1_1_, user0_.creation_datetime as creation2_1_1_, user0_.email as email3_1_1_, user0_.first_name as first_na4_1_1_, user0_.last_name as last_nam5_1_1_, user0_.password as password6_1_1_, user0_.update_datetime as update_d7_1_1_, user0_.user_name as user_nam8_1_1_, roles1_.user_name as user_nam4_0_3_, roles1_.id as id1_0_3_, roles1_.id as id1_0_0_, roles1_.creation_datetime as creation2_0_0_, roles1_.role_name as role_nam3_0_0_, roles1_.user_name as user_nam4_0_0_ from USERS user0_ left outer join USER_ROLES roles1_ on user0_.user_name=roles1_.user_name where user0_.user_name=?
[DEBUG] 2020-02-23 11:44:44.332 [main] Loader - Result set row: 0
[DEBUG] 2020-02-23 11:44:44.333 [main] Loader - Result row: EntityKey[com.mattanderson.carbConscious.entity.UserRole#1], EntityKey[com.mattanderson.carbConscious.entity.User#1]
[DEBUG] 2020-02-23 11:44:44.333 [main] Loader - Found row of collection: [com.mattanderson.carbConscious.entity.User.roles#User{id=0, firstName='null', lastName='null', userName='mattanderson', email='null', password='null', creationDateTime=null, updateDateTime=null}]
[DEBUG] 2020-02-23 11:44:44.334 [main] CollectionLoadContext - No collections were found in result set for role: com.mattanderson.carbConscious.entity.User.roles
[DEBUG] 2020-02-23 11:44:44.335 [main] Loader - Done entity load
[DEBUG] 2020-02-23 11:44:44.335 [main] TwoPhaseLoad - Done materializing entity [com.mattanderson.carbConscious.entity.UserRole#1]
[DEBUG] 2020-02-23 11:44:44.336 [main] CollectionLoadContext - 1 collections were found in result set for role: com.mattanderson.carbConscious.entity.User.roles
[DEBUG] 2020-02-23 11:44:44.339 [main] CollectionLoadContext - Collection fully initialized: [com.mattanderson.carbConscious.entity.User.roles#1]
[DEBUG] 2020-02-23 11:44:44.339 [main] CollectionLoadContext - 1 collections initialized for role: com.mattanderson.carbConscious.entity.User.roles
[DEBUG] 2020-02-23 11:44:44.340 [main] ResourceRegistryStandardImpl - HHH000387: ResultSet's statement was not registered
[DEBUG] 2020-02-23 11:44:44.341 [main] AbstractLoadPlanBasedEntityLoader - Done entity load : com.mattanderson.carbConscious.entity.User#1
[DEBUG] 2020-02-23 11:44:44.341 [main] LogicalConnectionManagedImpl - Initiating JDBC connection release from afterTransaction
[DEBUG] 2020-02-23 11:44:44.349 [main] TransactionImpl - On TransactionImpl creation, JpaCompliance#isJpaTransactionComplianceEnabled == false
[DEBUG] 2020-02-23 11:44:44.350 [main] TransactionImpl - begin
[DEBUG] 2020-02-23 11:44:44.373 [main] TransactionImpl - committing
[DEBUG] 2020-02-23 11:44:44.374 [main] AbstractFlushingEventListener - Processing flush-time cascades
[DEBUG] 2020-02-23 11:44:44.374 [main] AbstractFlushingEventListener - Dirty checking collections
[DEBUG] 2020-02-23 11:44:44.387 [main] Collections - Collection dereferenced: [com.mattanderson.carbConscious.entity.User.roles#1]
[DEBUG] 2020-02-23 11:44:44.388 [main] AbstractFlushingEventListener - Flushed: 0 insertions, 0 updates, 2 deletions to 2 objects
[DEBUG] 2020-02-23 11:44:44.388 [main] AbstractFlushingEventListener - Flushed: 0 (re)creations, 0 updates, 2 removals to 1 collections
[DEBUG] 2020-02-23 11:44:44.390 [main] EntityPrinter - Listing entities:
[DEBUG] 2020-02-23 11:44:44.392 [main] EntityPrinter - com.mattanderson.carbConscious.entity.User{firstName=Matt, lastName=Anderson, password=testing, roles=[com.mattanderson.carbConscious.entity.UserRole#1], id=1, updateDateTime=2020-01-02T00:00, userName=mattanderson, email=matt@gmail.com, creationDateTime=2020-01-01T00:00}
[DEBUG] 2020-02-23 11:44:44.393 [main] EntityPrinter - com.mattanderson.carbConscious.entity.UserRole{name=User, id=1, user=com.mattanderson.carbConscious.entity.User#1, creationDateTime=2020-01-01T00:00}
[DEBUG] 2020-02-23 11:44:44.408 [main] SQL - delete from USER_ROLES where id=?
[DEBUG] 2020-02-23 11:44:44.414 [main] SQL - delete from USERS where id=?
[DEBUG] 2020-02-23 11:44:44.424 [main] LogicalConnectionManagedImpl - Initiating JDBC connection release from afterTransaction
[DEBUG] 2020-02-23 11:44:44.431 [main] LogicalConnectionManagedImpl - Initiating JDBC connection release from afterTransaction
[DEBUG] 2020-02-23 11:44:44.432 [main] JdbcCoordinatorImpl - HHH000420: Closing un-released batch
[DEBUG] 2020-02-23 11:44:44.433 [main] SQL - select user0_.id as id1_1_0_, user0_.creation_datetime as creation2_1_0_, user0_.email as email3_1_0_, user0_.first_name as first_na4_1_0_, user0_.last_name as last_nam5_1_0_, user0_.password as password6_1_0_, user0_.update_datetime as update_d7_1_0_, user0_.user_name as user_nam8_1_0_, roles1_.user_name as user_nam4_0_1_, roles1_.id as id1_0_1_, roles1_.id as id1_0_2_, roles1_.creation_datetime as creation2_0_2_, roles1_.role_name as role_nam3_0_2_, roles1_.user_name as user_nam4_0_2_ from USERS user0_ left outer join USER_ROLES roles1_ on user0_.user_name=roles1_.user_name where user0_.id=?
[DEBUG] 2020-02-23 11:44:44.437 [main] CollectionLoadContext - No collections were found in result set for role: com.mattanderson.carbConscious.entity.User.roles
[DEBUG] 2020-02-23 11:44:44.437 [main] ResourceRegistryStandardImpl - HHH000387: ResultSet's statement was not registered
[DEBUG] 2020-02-23 11:44:44.438 [main] AbstractLoadPlanBasedEntityLoader - Done entity load : com.mattanderson.carbConscious.entity.User#1
[DEBUG] 2020-02-23 11:44:44.438 [main] LogicalConnectionManagedImpl - Initiating JDBC connection release from afterTransaction
